TpTrace Verbose: 0 : 15216, 1, 2024/01/10, 17:05:49.944, 21428421588416, vstest.console.dll, Version: 17.8.0-release-23523-03 Current process architecture: X64
TpTrace Verbose: 0 : 15216, 1, 2024/01/10, 17:05:49.946, 21428421610104, vstest.console.dll, Runtime location: C:\Program Files\dotnet\shared\Microsoft.NETCore.App\8.0.0
TpTrace Verbose: 0 : 15216, 1, 2024/01/10, 17:05:49.948, 21428421630103, vstest.console.dll, ArtifactProcessingPostProcessModeProcessorExecutor.Initialize: ArtifactProcessingMode.Collect
TpTrace Verbose: 0 : 15216, 1, 2024/01/10, 17:05:49.948, 21428421631447, vstest.console.dll, TestSessionCorrelationIdProcessorModeProcessorExecutor.Initialize: TestSessionCorrelationId '23504_ca89f619-2759-4b3e-8042-42471dd670d1'
TpTrace Information: 0 : 15216, 1, 2024/01/10, 17:05:49.955, 21428421696687, vstest.console.dll, FilePatternParser: The given file C:\Users\Dragos\Desktop\dotnet\Real-Estate-Property-Listing-Project\Real_estate.Domain.Tests\bin\Debug\net8.0\fine-code-coverage\build-output\Real_estate.Domain.Tests.dll is a full path.
TpTrace Verbose: 0 : 15216, 1, 2024/01/10, 17:05:49.959, 21428421736057, vstest.console.dll, TestPluginCache.DiscoverTestExtensions: finding test extensions in assemblies ends with: RuntimeProvider.dll TPluginInfo: Microsoft.VisualStudio.TestPlatform.Common.ExtensionFramework.Utilities.TestRuntimePluginInformation TExtension: Microsoft.VisualStudio.TestPlatform.ObjectModel.Host.ITestRuntimeProvider
TpTrace Verbose: 0 : 15216, 1, 2024/01/10, 17:05:49.959, 21428421739797, vstest.console.dll, TestPluginCache.GetExtensionPaths: Filtered extension paths: 
TpTrace Verbose: 0 : 15216, 1, 2024/01/10, 17:05:49.959, 21428421740411, vstest.console.dll, TestPluginCache.GetExtensionPaths: Added default extension paths: C:\Program Files\dotnet\sdk\8.0.100\Extensions\Microsoft.Diagnostics.NETCore.Client.dll
C:\Program Files\dotnet\sdk\8.0.100\Extensions\Microsoft.TestPlatform.Extensions.BlameDataCollector.dll
C:\Program Files\dotnet\sdk\8.0.100\Extensions\Microsoft.TestPlatform.Extensions.EventLogCollector.dll
C:\Program Files\dotnet\sdk\8.0.100\Extensions\Microsoft.TestPlatform.TestHostRuntimeProvider.dll
C:\Program Files\dotnet\sdk\8.0.100\Extensions\Microsoft.VisualStudio.TestPlatform.Extensions.Html.TestLogger.dll
C:\Program Files\dotnet\sdk\8.0.100\Extensions\Microsoft.VisualStudio.TestPlatform.Extensions.Trx.TestLogger.dll
TpTrace Verbose: 0 : 15216, 1, 2024/01/10, 17:05:49.959, 21428421740674, vstest.console.dll, TestPluginCache.GetExtensionPaths: Added unfilterableExtensionPaths: 
TpTrace Information: 0 : 15216, 1, 2024/01/10, 17:05:49.960, 21428421745683, vstest.console.dll, AssemblyResolver.ctor: Creating AssemblyResolver with searchDirectories C:\Program Files\dotnet\sdk\8.0.100\Extensions,C:\Program Files\dotnet\sdk\8.0.100
TpTrace Verbose: 0 : 15216, 1, 2024/01/10, 17:05:49.961, 21428421756117, vstest.console.dll, TestPluginCache.DiscoverTestExtensions: Discovering the extensions using extension path.
TpTrace Verbose: 0 : 15216, 1, 2024/01/10, 17:05:49.961, 21428421756944, vstest.console.dll, TestPluginCache.GetExtensionPaths: Filtered extension paths: 
TpTrace Verbose: 0 : 15216, 1, 2024/01/10, 17:05:49.961, 21428421757187, vstest.console.dll, TestPluginCache.GetExtensionPaths: Added default extension paths: C:\Program Files\dotnet\sdk\8.0.100\Extensions\Microsoft.Diagnostics.NETCore.Client.dll
C:\Program Files\dotnet\sdk\8.0.100\Extensions\Microsoft.TestPlatform.Extensions.BlameDataCollector.dll
C:\Program Files\dotnet\sdk\8.0.100\Extensions\Microsoft.TestPlatform.Extensions.EventLogCollector.dll
C:\Program Files\dotnet\sdk\8.0.100\Extensions\Microsoft.TestPlatform.TestHostRuntimeProvider.dll
C:\Program Files\dotnet\sdk\8.0.100\Extensions\Microsoft.VisualStudio.TestPlatform.Extensions.Html.TestLogger.dll
C:\Program Files\dotnet\sdk\8.0.100\Extensions\Microsoft.VisualStudio.TestPlatform.Extensions.Trx.TestLogger.dll
TpTrace Verbose: 0 : 15216, 1, 2024/01/10, 17:05:49.961, 21428421757410, vstest.console.dll, TestPluginCache.GetExtensionPaths: Added unfilterableExtensionPaths: 
TpTrace Verbose: 0 : 15216, 1, 2024/01/10, 17:05:49.961, 21428421758296, vstest.console.dll, TestPluginCache.DiscoverTestExtensions: Discovering the extensions using allExtensionPaths: C:\Program Files\dotnet\sdk\8.0.100\Extensions\Microsoft.Diagnostics.NETCore.Client.dll
C:\Program Files\dotnet\sdk\8.0.100\Extensions\Microsoft.TestPlatform.Extensions.BlameDataCollector.dll
C:\Program Files\dotnet\sdk\8.0.100\Extensions\Microsoft.TestPlatform.Extensions.EventLogCollector.dll
C:\Program Files\dotnet\sdk\8.0.100\Extensions\Microsoft.TestPlatform.TestHostRuntimeProvider.dll
C:\Program Files\dotnet\sdk\8.0.100\Extensions\Microsoft.VisualStudio.TestPlatform.Extensions.Html.TestLogger.dll
C:\Program Files\dotnet\sdk\8.0.100\Extensions\Microsoft.VisualStudio.TestPlatform.Extensions.Trx.TestLogger.dll
TpTrace Information: 0 : 15216, 1, 2024/01/10, 17:05:49.961, 21428421759048, vstest.console.dll, AssemblyResolver.AddSearchDirectories: Adding more searchDirectories C:\Program Files\dotnet\sdk\8.0.100\Extensions,C:\Program Files\dotnet\sdk\8.0.100
TpTrace Information: 0 : 15216, 1, 2024/01/10, 17:05:49.961, 21428421759388, vstest.console.dll, AssemblyResolver.AddSearchDirectories: Adding more searchDirectories C:\Program Files\dotnet\sdk\8.0.100\Extensions,C:\Program Files\dotnet\sdk\8.0.100
TpTrace Information: 0 : 15216, 1, 2024/01/10, 17:05:49.961, 21428421759580, vstest.console.dll, AssemblyResolver.AddSearchDirectories: Adding more searchDirectories C:\Program Files\dotnet\sdk\8.0.100\Extensions,C:\Program Files\dotnet\sdk\8.0.100
TpTrace Information: 0 : 15216, 1, 2024/01/10, 17:05:49.961, 21428421759785, vstest.console.dll, AssemblyResolver.AddSearchDirectories: Adding more searchDirectories C:\Program Files\dotnet\sdk\8.0.100\Extensions,C:\Program Files\dotnet\sdk\8.0.100
TpTrace Information: 0 : 15216, 1, 2024/01/10, 17:05:49.961, 21428421759951, vstest.console.dll, AssemblyResolver.AddSearchDirectories: Adding more searchDirectories C:\Program Files\dotnet\sdk\8.0.100\Extensions,C:\Program Files\dotnet\sdk\8.0.100
TpTrace Information: 0 : 15216, 1, 2024/01/10, 17:05:49.961, 21428421760103, vstest.console.dll, AssemblyResolver.AddSearchDirectories: Adding more searchDirectories C:\Program Files\dotnet\sdk\8.0.100\Extensions,C:\Program Files\dotnet\sdk\8.0.100
TpTrace Information: 0 : 15216, 1, 2024/01/10, 17:05:49.962, 21428421763519, vstest.console.dll, AssemblyResolver.OnResolve: Microsoft.Diagnostics.NETCore.Client: Resolving assembly.
TpTrace Information: 0 : 15216, 1, 2024/01/10, 17:05:49.962, 21428421764225, vstest.console.dll, AssemblyResolver.OnResolve: Microsoft.Diagnostics.NETCore.Client: Searching in: 'C:\Program Files\dotnet\sdk\8.0.100\Extensions'.
TpTrace Information: 0 : 15216, 1, 2024/01/10, 17:05:49.966, 21428421812178, vstest.console.dll, AssemblyResolver.OnResolve: Microsoft.Diagnostics.NETCore.Client: Loading assembly 'C:\Program Files\dotnet\sdk\8.0.100\Extensions\Microsoft.Diagnostics.NETCore.Client.dll'.
TpTrace Information: 0 : 15216, 1, 2024/01/10, 17:05:49.967, 21428421817542, vstest.console.dll, AssemblyResolver.OnResolve: Resolved assembly: Microsoft.Diagnostics.NETCore.Client, from path: C:\Program Files\dotnet\sdk\8.0.100\Extensions\Microsoft.Diagnostics.NETCore.Client.dll
TpTrace Verbose: 0 : 15216, 1, 2024/01/10, 17:05:49.970, 21428421850987, vstest.console.dll, MetadataReaderExtensionsHelper: Discovering extensions inside assembly 'Microsoft.Diagnostics.NETCore.Client, Version=0.2.8.21101, Culture=neutral, PublicKeyToken=31bf3856ad364e35' file path 'C:\Program Files\dotnet\sdk\8.0.100\Extensions\Microsoft.Diagnostics.NETCore.Client.dll'
TpTrace Information: 0 : 15216, 1, 2024/01/10, 17:05:49.973, 21428421880158, vstest.console.dll, AssemblyResolver.OnResolve: Microsoft.Bcl.AsyncInterfaces: Resolving assembly.
TpTrace Information: 0 : 15216, 1, 2024/01/10, 17:05:49.973, 21428421880972, vstest.console.dll, AssemblyResolver.OnResolve: Microsoft.Bcl.AsyncInterfaces: Searching in: 'C:\Program Files\dotnet\sdk\8.0.100\Extensions'.
TpTrace Information: 0 : 15216, 1, 2024/01/10, 17:05:49.973, 21428421881627, vstest.console.dll, AssemblyResolver.OnResolve: Microsoft.Bcl.AsyncInterfaces: Assembly path does not exist: 'C:\Program Files\dotnet\sdk\8.0.100\Extensions\Microsoft.Bcl.AsyncInterfaces.dll', returning.
TpTrace Information: 0 : 15216, 1, 2024/01/10, 17:05:49.973, 21428421882468, vstest.console.dll, AssemblyResolver.OnResolve: Microsoft.Bcl.AsyncInterfaces: Assembly path does not exist: 'C:\Program Files\dotnet\sdk\8.0.100\Extensions\Microsoft.Bcl.AsyncInterfaces.exe', returning.
TpTrace Information: 0 : 15216, 1, 2024/01/10, 17:05:49.973, 21428421882722, vstest.console.dll, AssemblyResolver.OnResolve: Microsoft.Bcl.AsyncInterfaces: Searching in: 'C:\Program Files\dotnet\sdk\8.0.100'.
TpTrace Information: 0 : 15216, 1, 2024/01/10, 17:05:49.974, 21428421883165, vstest.console.dll, AssemblyResolver.OnResolve: Microsoft.Bcl.AsyncInterfaces: Assembly path does not exist: 'C:\Program Files\dotnet\sdk\8.0.100\Microsoft.Bcl.AsyncInterfaces.dll', returning.
TpTrace Information: 0 : 15216, 1, 2024/01/10, 17:05:49.974, 21428421883611, vstest.console.dll, AssemblyResolver.OnResolve: Microsoft.Bcl.AsyncInterfaces: Assembly path does not exist: 'C:\Program Files\dotnet\sdk\8.0.100\Microsoft.Bcl.AsyncInterfaces.exe', returning.
TpTrace Information: 0 : 15216, 1, 2024/01/10, 17:05:49.974, 21428421883803, vstest.console.dll, AssemblyResolver.OnResolve: Microsoft.Bcl.AsyncInterfaces: Failed to load assembly.
TpTrace Verbose: 0 : 15216, 1, 2024/01/10, 17:05:49.974, 21428421884017, vstest.console.dll, CurrentDomainAssemblyResolve: Resolving assembly 'Microsoft.Bcl.AsyncInterfaces'.
TpTrace Information: 0 : 15216, 1, 2024/01/10, 17:05:49.974, 21428421884388, vstest.console.dll, AssemblyResolver.OnResolve: Microsoft.Bcl.AsyncInterfaces: Resolving assembly.
TpTrace Information: 0 : 15216, 1, 2024/01/10, 17:05:49.974, 21428421884683, vstest.console.dll, AssemblyResolver.OnResolve: Microsoft.Bcl.AsyncInterfaces: Resolved from cache.
TpTrace Verbose: 0 : 15216, 1, 2024/01/10, 17:05:49.974, 21428421884841, vstest.console.dll, CurrentDomainAssemblyResolve: Resolving assembly 'Microsoft.Bcl.AsyncInterfaces'.
TpTrace Verbose: 0 : 15216, 1, 2024/01/10, 17:05:49.974, 21428421885087, vstest.console.dll, CurrentDomainAssemblyResolve: Failed to resolve assembly 'Microsoft.Bcl.AsyncInterfaces'.
TpTrace Verbose: 0 : 15216, 1, 2024/01/10, 17:05:49.974, 21428421889495, vstest.console.dll, CurrentDomainAssemblyResolve: Failed to resolve assembly 'Microsoft.Bcl.AsyncInterfaces'.
TpTrace Warning: 0 : 15216, 1, 2024/01/10, 17:05:49.980, 21428421950827, vstest.console.dll, TestPluginDiscoverer: Failed to get types from assembly 'Microsoft.Diagnostics.NETCore.Client, Version=0.2.8.21101, Culture=neutral, PublicKeyToken=31bf3856ad364e35'. Error: System.Reflection.ReflectionTypeLoadException: Unable to load one or more of the requested types.
Could not load file or assembly 'Microsoft.Bcl.AsyncInterfaces, Version=1.0.0.0, Culture=neutral, PublicKeyToken=cc7b13ffcd2ddd51'. The system cannot find the file specified.
   at System.Reflection.RuntimeModule.GetTypes(RuntimeModule module)
   at System.Reflection.RuntimeModule.GetTypes()
   at Microsoft.VisualStudio.TestPlatform.Common.ExtensionFramework.TestPluginDiscoverer.GetTestExtensionsFromAssembly[TPluginInfo,TExtension](Assembly assembly, Dictionary`2 pluginInfos, String filePath) in /_/src/Microsoft.TestPlatform.Common/ExtensionFramework/TestPluginDiscoverer.cs:line 158
System.IO.FileNotFoundException: Could not load file or assembly 'Microsoft.Bcl.AsyncInterfaces, Version=1.0.0.0, Culture=neutral, PublicKeyToken=cc7b13ffcd2ddd51'. The system cannot find the file specified.
File name: 'Microsoft.Bcl.AsyncInterfaces, Version=1.0.0.0, Culture=neutral, PublicKeyToken=cc7b13ffcd2ddd51'
 ---> System.IO.FileNotFoundException: Could not load file or assembly 'Microsoft.Bcl.AsyncInterfaces, Culture=neutral, PublicKeyToken=null'. The system cannot find the file specified.
File name: 'Microsoft.Bcl.AsyncInterfaces, Culture=neutral, PublicKeyToken=null'
   at System.Reflection.RuntimeAssembly.InternalLoad(AssemblyName assemblyName, StackCrawlMark& stackMark, AssemblyLoadContext assemblyLoadContext, RuntimeAssembly requestingAssembly, Boolean throwOnFileNotFound)
   at System.Reflection.Assembly.Load(AssemblyName assemblyRef)
   at Microsoft.VisualStudio.TestPlatform.Common.ExtensionFramework.TestPluginCache.CurrentDomainAssemblyResolve(Object sender, AssemblyResolveEventArgs args) in /_/src/Microsoft.TestPlatform.Common/ExtensionFramework/TestPluginCache.cs:line 513
   at System.Runtime.Loader.AssemblyLoadContext.GetFirstResolvedAssemblyFromResolvingEvent(AssemblyName assemblyName)
   at System.Runtime.Loader.AssemblyLoadContext.ResolveUsingEvent(AssemblyName assemblyName)
   at System.Runtime.Loader.AssemblyLoadContext.ResolveUsingResolvingEvent(IntPtr gchManagedAssemblyLoadContext, AssemblyName assemblyName)
TpTrace Warning: 0 : 15216, 1, 2024/01/10, 17:05:49.981, 21428421953671, vstest.console.dll, LoaderExceptions: System.IO.FileNotFoundException: Could not load file or assembly 'Microsoft.Bcl.AsyncInterfaces, Version=1.0.0.0, Culture=neutral, PublicKeyToken=cc7b13ffcd2ddd51'. The system cannot find the file specified.
File name: 'Microsoft.Bcl.AsyncInterfaces, Version=1.0.0.0, Culture=neutral, PublicKeyToken=cc7b13ffcd2ddd51'
 ---> System.IO.FileNotFoundException: Could not load file or assembly 'Microsoft.Bcl.AsyncInterfaces, Culture=neutral, PublicKeyToken=null'. The system cannot find the file specified.
File name: 'Microsoft.Bcl.AsyncInterfaces, Culture=neutral, PublicKeyToken=null'
   at System.Reflection.RuntimeAssembly.InternalLoad(AssemblyName assemblyName, StackCrawlMark& stackMark, AssemblyLoadContext assemblyLoadContext, RuntimeAssembly requestingAssembly, Boolean throwOnFileNotFound)
   at System.Reflection.Assembly.Load(AssemblyName assemblyRef)
   at Microsoft.VisualStudio.TestPlatform.Common.ExtensionFramework.TestPluginCache.CurrentDomainAssemblyResolve(Object sender, AssemblyResolveEventArgs args) in /_/src/Microsoft.TestPlatform.Common/ExtensionFramework/TestPluginCache.cs:line 513
   at System.Runtime.Loader.AssemblyLoadContext.GetFirstResolvedAssemblyFromResolvingEvent(AssemblyName assemblyName)
   at System.Runtime.Loader.AssemblyLoadContext.ResolveUsingEvent(AssemblyName assemblyName)
   at System.Runtime.Loader.AssemblyLoadContext.ResolveUsingResolvingEvent(IntPtr gchManagedAssemblyLoadContext, AssemblyName assemblyName)
TpTrace Information: 0 : 15216, 1, 2024/01/10, 17:05:49.981, 21428421954875, vstest.console.dll, AssemblyResolver.OnResolve: Microsoft.TestPlatform.Extensions.BlameDataCollector: Resolving assembly.
TpTrace Information: 0 : 15216, 1, 2024/01/10, 17:05:49.981, 21428421955502, vstest.console.dll, AssemblyResolver.OnResolve: Microsoft.TestPlatform.Extensions.BlameDataCollector: Searching in: 'C:\Program Files\dotnet\sdk\8.0.100\Extensions'.
TpTrace Information: 0 : 15216, 1, 2024/01/10, 17:05:49.981, 21428421959975, vstest.console.dll, AssemblyResolver.OnResolve: Microsoft.TestPlatform.Extensions.BlameDataCollector: Loading assembly 'C:\Program Files\dotnet\sdk\8.0.100\Extensions\Microsoft.TestPlatform.Extensions.BlameDataCollector.dll'.
TpTrace Information: 0 : 15216, 1, 2024/01/10, 17:05:49.982, 21428421963754, vstest.console.dll, AssemblyResolver.OnResolve: Resolved assembly: Microsoft.TestPlatform.Extensions.BlameDataCollector, from path: C:\Program Files\dotnet\sdk\8.0.100\Extensions\Microsoft.TestPlatform.Extensions.BlameDataCollector.dll
TpTrace Verbose: 0 : 15216, 1, 2024/01/10, 17:05:49.982, 21428421964324, vstest.console.dll, MetadataReaderExtensionsHelper: Discovering extensions inside assembly 'Microsoft.TestPlatform.Extensions.BlameDataCollector, Version=15.0.0.0, Culture=neutral, PublicKeyToken=b03f5f7f11d50a3a' file path 'C:\Program Files\dotnet\sdk\8.0.100\Extensions\Microsoft.TestPlatform.Extensions.BlameDataCollector.dll'
TpTrace Information: 0 : 15216, 1, 2024/01/10, 17:05:49.983, 21428421974554, vstest.console.dll, AssemblyResolver.OnResolve: Microsoft.TestPlatform.Extensions.EventLogCollector: Resolving assembly.
TpTrace Information: 0 : 15216, 1, 2024/01/10, 17:05:49.983, 21428421975461, vstest.console.dll, AssemblyResolver.OnResolve: Microsoft.TestPlatform.Extensions.EventLogCollector: Searching in: 'C:\Program Files\dotnet\sdk\8.0.100\Extensions'.
TpTrace Information: 0 : 15216, 1, 2024/01/10, 17:05:49.983, 21428421978501, vstest.console.dll, AssemblyResolver.OnResolve: Microsoft.TestPlatform.Extensions.EventLogCollector: Loading assembly 'C:\Program Files\dotnet\sdk\8.0.100\Extensions\Microsoft.TestPlatform.Extensions.EventLogCollector.dll'.
TpTrace Information: 0 : 15216, 1, 2024/01/10, 17:05:49.983, 21428421981702, vstest.console.dll, AssemblyResolver.OnResolve: Resolved assembly: Microsoft.TestPlatform.Extensions.EventLogCollector, from path: C:\Program Files\dotnet\sdk\8.0.100\Extensions\Microsoft.TestPlatform.Extensions.EventLogCollector.dll
TpTrace Verbose: 0 : 15216, 1, 2024/01/10, 17:05:49.983, 21428421982177, vstest.console.dll, MetadataReaderExtensionsHelper: Discovering extensions inside assembly 'Microsoft.TestPlatform.Extensions.EventLogCollector, Version=15.0.0.0, Culture=neutral, PublicKeyToken=b03f5f7f11d50a3a' file path 'C:\Program Files\dotnet\sdk\8.0.100\Extensions\Microsoft.TestPlatform.Extensions.EventLogCollector.dll'
TpTrace Information: 0 : 15216, 1, 2024/01/10, 17:05:49.985, 21428421994610, vstest.console.dll, AssemblyResolver.OnResolve: Microsoft.TestPlatform.TestHostRuntimeProvider: Resolving assembly.
TpTrace Information: 0 : 15216, 1, 2024/01/10, 17:05:49.985, 21428421995157, vstest.console.dll, AssemblyResolver.OnResolve: Microsoft.TestPlatform.TestHostRuntimeProvider: Searching in: 'C:\Program Files\dotnet\sdk\8.0.100\Extensions'.
TpTrace Information: 0 : 15216, 1, 2024/01/10, 17:05:49.985, 21428421998213, vstest.console.dll, AssemblyResolver.OnResolve: Microsoft.TestPlatform.TestHostRuntimeProvider: Loading assembly 'C:\Program Files\dotnet\sdk\8.0.100\Extensions\Microsoft.TestPlatform.TestHostRuntimeProvider.dll'.
TpTrace Information: 0 : 15216, 1, 2024/01/10, 17:05:49.985, 21428422001448, vstest.console.dll, AssemblyResolver.OnResolve: Resolved assembly: Microsoft.TestPlatform.TestHostRuntimeProvider, from path: C:\Program Files\dotnet\sdk\8.0.100\Extensions\Microsoft.TestPlatform.TestHostRuntimeProvider.dll
TpTrace Verbose: 0 : 15216, 1, 2024/01/10, 17:05:49.985, 21428422001924, vstest.console.dll, MetadataReaderExtensionsHelper: Discovering extensions inside assembly 'Microsoft.TestPlatform.TestHostRuntimeProvider, Version=15.0.0.0, Culture=neutral, PublicKeyToken=b03f5f7f11d50a3a' file path 'C:\Program Files\dotnet\sdk\8.0.100\Extensions\Microsoft.TestPlatform.TestHostRuntimeProvider.dll'
TpTrace Information: 0 : 15216, 1, 2024/01/10, 17:05:49.987, 21428422012832, vstest.console.dll, GetTestExtensionFromType: Register extension with identifier data 'HostProvider://DefaultTestHost' and type 'Microsoft.VisualStudio.TestPlatform.CrossPlatEngine.Hosting.DefaultTestHostManager, Microsoft.TestPlatform.TestHostRuntimeProvider, Version=15.0.0.0, Culture=neutral, PublicKeyToken=b03f5f7f11d50a3a' inside file 'C:\Program Files\dotnet\sdk\8.0.100\Extensions\Microsoft.TestPlatform.TestHostRuntimeProvider.dll'
TpTrace Information: 0 : 15216, 1, 2024/01/10, 17:05:49.987, 21428422014621, vstest.console.dll, GetTestExtensionFromType: Register extension with identifier data 'HostProvider://DotnetTestHost' and type 'Microsoft.VisualStudio.TestPlatform.CrossPlatEngine.Hosting.DotnetTestHostManager, Microsoft.TestPlatform.TestHostRuntimeProvider, Version=15.0.0.0, Culture=neutral, PublicKeyToken=b03f5f7f11d50a3a' inside file 'C:\Program Files\dotnet\sdk\8.0.100\Extensions\Microsoft.TestPlatform.TestHostRuntimeProvider.dll'
TpTrace Information: 0 : 15216, 1, 2024/01/10, 17:05:49.987, 21428422015146, vstest.console.dll, AssemblyResolver.OnResolve: Microsoft.VisualStudio.TestPlatform.Extensions.Html.TestLogger: Resolving assembly.
TpTrace Information: 0 : 15216, 1, 2024/01/10, 17:05:49.987, 21428422015500, vstest.console.dll, AssemblyResolver.OnResolve: Microsoft.VisualStudio.TestPlatform.Extensions.Html.TestLogger: Searching in: 'C:\Program Files\dotnet\sdk\8.0.100\Extensions'.
TpTrace Information: 0 : 15216, 1, 2024/01/10, 17:05:49.987, 21428422018215, vstest.console.dll, AssemblyResolver.OnResolve: Microsoft.VisualStudio.TestPlatform.Extensions.Html.TestLogger: Loading assembly 'C:\Program Files\dotnet\sdk\8.0.100\Extensions\Microsoft.VisualStudio.TestPlatform.Extensions.Html.TestLogger.dll'.
TpTrace Information: 0 : 15216, 1, 2024/01/10, 17:05:49.987, 21428422022005, vstest.console.dll, AssemblyResolver.OnResolve: Resolved assembly: Microsoft.VisualStudio.TestPlatform.Extensions.Html.TestLogger, from path: C:\Program Files\dotnet\sdk\8.0.100\Extensions\Microsoft.VisualStudio.TestPlatform.Extensions.Html.TestLogger.dll
TpTrace Verbose: 0 : 15216, 1, 2024/01/10, 17:05:49.987, 21428422022517, vstest.console.dll, MetadataReaderExtensionsHelper: Discovering extensions inside assembly 'Microsoft.VisualStudio.TestPlatform.Extensions.Html.TestLogger, Version=15.0.0.0, Culture=neutral, PublicKeyToken=b03f5f7f11d50a3a' file path 'C:\Program Files\dotnet\sdk\8.0.100\Extensions\Microsoft.VisualStudio.TestPlatform.Extensions.Html.TestLogger.dll'
TpTrace Information: 0 : 15216, 1, 2024/01/10, 17:05:49.988, 21428422028393, vstest.console.dll, AssemblyResolver.OnResolve: Microsoft.VisualStudio.TestPlatform.Extensions.Trx.TestLogger: Resolving assembly.
TpTrace Information: 0 : 15216, 1, 2024/01/10, 17:05:49.988, 21428422028882, vstest.console.dll, AssemblyResolver.OnResolve: Microsoft.VisualStudio.TestPlatform.Extensions.Trx.TestLogger: Searching in: 'C:\Program Files\dotnet\sdk\8.0.100\Extensions'.
TpTrace Information: 0 : 15216, 1, 2024/01/10, 17:05:49.988, 21428422031729, vstest.console.dll, AssemblyResolver.OnResolve: Microsoft.VisualStudio.TestPlatform.Extensions.Trx.TestLogger: Loading assembly 'C:\Program Files\dotnet\sdk\8.0.100\Extensions\Microsoft.VisualStudio.TestPlatform.Extensions.Trx.TestLogger.dll'.
TpTrace Information: 0 : 15216, 1, 2024/01/10, 17:05:49.989, 21428422035474, vstest.console.dll, AssemblyResolver.OnResolve: Resolved assembly: Microsoft.VisualStudio.TestPlatform.Extensions.Trx.TestLogger, from path: C:\Program Files\dotnet\sdk\8.0.100\Extensions\Microsoft.VisualStudio.TestPlatform.Extensions.Trx.TestLogger.dll
TpTrace Verbose: 0 : 15216, 1, 2024/01/10, 17:05:49.989, 21428422035973, vstest.console.dll, MetadataReaderExtensionsHelper: Discovering extensions inside assembly 'Microsoft.VisualStudio.TestPlatform.Extensions.Trx.TestLogger, Version=15.0.0.0, Culture=neutral, PublicKeyToken=b03f5f7f11d50a3a' file path 'C:\Program Files\dotnet\sdk\8.0.100\Extensions\Microsoft.VisualStudio.TestPlatform.Extensions.Trx.TestLogger.dll'
TpTrace Verbose: 0 : 15216, 1, 2024/01/10, 17:05:49.990, 21428422044296, vstest.console.dll, TestPluginCache: Discovered the extensions using extension path ''.
TpTrace Verbose: 0 : 15216, 1, 2024/01/10, 17:05:49.990, 21428422044892, vstest.console.dll, TestPluginCache: Discoverers are ''.
TpTrace Verbose: 0 : 15216, 1, 2024/01/10, 17:05:49.990, 21428422045066, vstest.console.dll, TestPluginCache: Executors are ''.
TpTrace Verbose: 0 : 15216, 1, 2024/01/10, 17:05:49.990, 21428422045200, vstest.console.dll, TestPluginCache: Executors2 are ''.
TpTrace Verbose: 0 : 15216, 1, 2024/01/10, 17:05:49.990, 21428422045323, vstest.console.dll, TestPluginCache: Setting providers are ''.
TpTrace Verbose: 0 : 15216, 1, 2024/01/10, 17:05:49.990, 21428422045522, vstest.console.dll, TestPluginCache: Loggers are ''.
TpTrace Verbose: 0 : 15216, 1, 2024/01/10, 17:05:49.990, 21428422046782, vstest.console.dll, TestPluginCache: TestHosts are 'HostProvider://DefaultTestHost,HostProvider://DotnetTestHost'.
TpTrace Verbose: 0 : 15216, 1, 2024/01/10, 17:05:49.990, 21428422047051, vstest.console.dll, TestPluginCache: DataCollectors are ''.
TpTrace Information: 0 : 15216, 1, 2024/01/10, 17:05:49.999, 21428422138033, vstest.console.dll, RunTestsArgumentProcessor:Execute: Test run is starting.
TpTrace Verbose: 0 : 15216, 1, 2024/01/10, 17:05:49.999, 21428422138848, vstest.console.dll, RunTestsArgumentProcessor:Execute: Queuing Test run.
TpTrace Information: 0 : 15216, 1, 2024/01/10, 17:05:49.999, 21428422140613, vstest.console.dll, TestRequestManager.RunTests: run tests started.
TpTrace Information: 0 : 15216, 1, 2024/01/10, 17:05:50.000, 21428422149352, vstest.console.dll, AssemblyMetadataProvider.GetFrameworkName: Determined framework:'.NETCoreApp,Version=v8.0' for source: 'C:\Users\Dragos\Desktop\dotnet\Real-Estate-Property-Listing-Project\Real_estate.Domain.Tests\bin\Debug\net8.0\fine-code-coverage\build-output\Real_estate.Domain.Tests.dll'
TpTrace Information: 0 : 15216, 1, 2024/01/10, 17:05:50.000, 21428422150270, vstest.console.dll, Determined framework for all sources: .NETCoreApp,Version=v8.0
TpTrace Verbose: 0 : 15216, 1, 2024/01/10, 17:05:50.000, 21428422152624, vstest.console.dll, TestRequestManager.UpdateRunSettingsIfRequired: Default architecture: X64 IsDefaultTargetArchitecture: True, Current process architecture: X64 OperatingSystem: Windows.
TpTrace Information: 0 : 15216, 1, 2024/01/10, 17:05:50.002, 21428422163302, vstest.console.dll, AssemblyMetadataProvider.GetArchitecture: Determined architecture:AnyCPU info for assembly: C:\Users\Dragos\Desktop\dotnet\Real-Estate-Property-Listing-Project\Real_estate.Domain.Tests\bin\Debug\net8.0\fine-code-coverage\build-output\Real_estate.Domain.Tests.dll
TpTrace Information: 0 : 15216, 1, 2024/01/10, 17:05:50.002, 21428422163677, vstest.console.dll, Determined platform for source 'C:\Users\Dragos\Desktop\dotnet\Real-Estate-Property-Listing-Project\Real_estate.Domain.Tests\bin\Debug\net8.0\fine-code-coverage\build-output\Real_estate.Domain.Tests.dll' was AnyCPU and it will use the default plaform X64.
TpTrace Information: 0 : 15216, 1, 2024/01/10, 17:05:50.002, 21428422163848, vstest.console.dll, None of the sources provided any runnable platform, using the default platform: X64
TpTrace Information: 0 : 15216, 1, 2024/01/10, 17:05:50.002, 21428422164469, vstest.console.dll, Platform was updated to 'X64'.
TpTrace Information: 0 : 15216, 1, 2024/01/10, 17:05:50.004, 21428422185652, vstest.console.dll, InferRunSettingsHelper.IsTestSettingsEnabled: Unable to navigate to RunSettings/MSTest. Current node: RunSettings
TpTrace Information: 0 : 15216, 1, 2024/01/10, 17:05:50.004, 21428422189559, vstest.console.dll, AssemblyResolver.OnResolve: Microsoft.VisualStudio.TestPlatform.Fakes: Resolving assembly.
TpTrace Information: 0 : 15216, 1, 2024/01/10, 17:05:50.004, 21428422190094, vstest.console.dll, AssemblyResolver.OnResolve: Microsoft.VisualStudio.TestPlatform.Fakes: Searching in: 'C:\Program Files\dotnet\sdk\8.0.100\Extensions'.
TpTrace Information: 0 : 15216, 1, 2024/01/10, 17:05:50.004, 21428422190804, vstest.console.dll, AssemblyResolver.OnResolve: Microsoft.VisualStudio.TestPlatform.Fakes: Assembly path does not exist: 'C:\Program Files\dotnet\sdk\8.0.100\Extensions\Microsoft.VisualStudio.TestPlatform.Fakes.dll', returning.
TpTrace Information: 0 : 15216, 1, 2024/01/10, 17:05:50.004, 21428422191322, vstest.console.dll, AssemblyResolver.OnResolve: Microsoft.VisualStudio.TestPlatform.Fakes: Assembly path does not exist: 'C:\Program Files\dotnet\sdk\8.0.100\Extensions\Microsoft.VisualStudio.TestPlatform.Fakes.exe', returning.
TpTrace Information: 0 : 15216, 1, 2024/01/10, 17:05:50.004, 21428422191515, vstest.console.dll, AssemblyResolver.OnResolve: Microsoft.VisualStudio.TestPlatform.Fakes: Searching in: 'C:\Program Files\dotnet\sdk\8.0.100'.
TpTrace Information: 0 : 15216, 1, 2024/01/10, 17:05:50.004, 21428422191992, vstest.console.dll, AssemblyResolver.OnResolve: Microsoft.VisualStudio.TestPlatform.Fakes: Assembly path does not exist: 'C:\Program Files\dotnet\sdk\8.0.100\Microsoft.VisualStudio.TestPlatform.Fakes.dll', returning.
TpTrace Information: 0 : 15216, 1, 2024/01/10, 17:05:50.004, 21428422192460, vstest.console.dll, AssemblyResolver.OnResolve: Microsoft.VisualStudio.TestPlatform.Fakes: Assembly path does not exist: 'C:\Program Files\dotnet\sdk\8.0.100\Microsoft.VisualStudio.TestPlatform.Fakes.exe', returning.
TpTrace Information: 0 : 15216, 1, 2024/01/10, 17:05:50.004, 21428422192672, vstest.console.dll, AssemblyResolver.OnResolve: Microsoft.VisualStudio.TestPlatform.Fakes: Failed to load assembly.
TpTrace Information: 0 : 15216, 1, 2024/01/10, 17:05:50.005, 21428422194789, vstest.console.dll, Failed to load assembly Microsoft.VisualStudio.TestPlatform.Fakes, Version=17.0.0.0, Culture=neutral. Reason:System.IO.FileNotFoundException: Could not load file or assembly 'Microsoft.VisualStudio.TestPlatform.Fakes, Version=17.0.0.0, Culture=neutral, PublicKeyToken=null'. The system cannot find the file specified.
File name: 'Microsoft.VisualStudio.TestPlatform.Fakes, Version=17.0.0.0, Culture=neutral, PublicKeyToken=null'
   at System.Reflection.RuntimeAssembly.InternalLoad(AssemblyName assemblyName, StackCrawlMark& stackMark, AssemblyLoadContext assemblyLoadContext, RuntimeAssembly requestingAssembly, Boolean throwOnFileNotFound)
   at System.Reflection.Assembly.Load(AssemblyName assemblyRef)
   at Microsoft.VisualStudio.TestPlatform.Common.Utilities.FakesUtilities.LoadTestPlatformAssembly() in /_/src/Microsoft.TestPlatform.Common/Utilities/FakesUtilities.cs:line 272
TpTrace Verbose: 0 : 15216, 1, 2024/01/10, 17:05:50.007, 21428422216106, vstest.console.dll, TestPluginCache.DiscoverTestExtensions: finding test extensions in assemblies ends with: TestLogger.dll TPluginInfo: Microsoft.VisualStudio.TestPlatform.Common.ExtensionFramework.Utilities.TestLoggerPluginInformation TExtension: Microsoft.VisualStudio.TestPlatform.ObjectModel.Client.ITestLogger
TpTrace Verbose: 0 : 15216, 1, 2024/01/10, 17:05:50.007, 21428422216749, vstest.console.dll, TestPluginCache.GetExtensionPaths: Filtered extension paths: 
TpTrace Verbose: 0 : 15216, 1, 2024/01/10, 17:05:50.007, 21428422217050, vstest.console.dll, TestPluginCache.GetExtensionPaths: Added default extension paths: C:\Program Files\dotnet\sdk\8.0.100\Extensions\Microsoft.Diagnostics.NETCore.Client.dll
C:\Program Files\dotnet\sdk\8.0.100\Extensions\Microsoft.TestPlatform.Extensions.BlameDataCollector.dll
C:\Program Files\dotnet\sdk\8.0.100\Extensions\Microsoft.TestPlatform.Extensions.EventLogCollector.dll
C:\Program Files\dotnet\sdk\8.0.100\Extensions\Microsoft.TestPlatform.TestHostRuntimeProvider.dll
C:\Program Files\dotnet\sdk\8.0.100\Extensions\Microsoft.VisualStudio.TestPlatform.Extensions.Html.TestLogger.dll
C:\Program Files\dotnet\sdk\8.0.100\Extensions\Microsoft.VisualStudio.TestPlatform.Extensions.Trx.TestLogger.dll
TpTrace Verbose: 0 : 15216, 1, 2024/01/10, 17:05:50.007, 21428422217254, vstest.console.dll, TestPluginCache.GetExtensionPaths: Added unfilterableExtensionPaths: 
TpTrace Information: 0 : 15216, 1, 2024/01/10, 17:05:50.007, 21428422218325, vstest.console.dll, AssemblyResolver.AddSearchDirectories: Adding more searchDirectories C:\Program Files\dotnet\sdk\8.0.100\Extensions,C:\Program Files\dotnet\sdk\8.0.100
TpTrace Verbose: 0 : 15216, 1, 2024/01/10, 17:05:50.007, 21428422218693, vstest.console.dll, TestPluginCache.DiscoverTestExtensions: Discovering the extensions using extension path.
TpTrace Verbose: 0 : 15216, 1, 2024/01/10, 17:05:50.007, 21428422218932, vstest.console.dll, TestPluginCache.GetExtensionPaths: Filtered extension paths: 
TpTrace Verbose: 0 : 15216, 1, 2024/01/10, 17:05:50.007, 21428422219159, vstest.console.dll, TestPluginCache.GetExtensionPaths: Added default extension paths: C:\Program Files\dotnet\sdk\8.0.100\Extensions\Microsoft.Diagnostics.NETCore.Client.dll
C:\Program Files\dotnet\sdk\8.0.100\Extensions\Microsoft.TestPlatform.Extensions.BlameDataCollector.dll
C:\Program Files\dotnet\sdk\8.0.100\Extensions\Microsoft.TestPlatform.Extensions.EventLogCollector.dll
C:\Program Files\dotnet\sdk\8.0.100\Extensions\Microsoft.TestPlatform.TestHostRuntimeProvider.dll
C:\Program Files\dotnet\sdk\8.0.100\Extensions\Microsoft.VisualStudio.TestPlatform.Extensions.Html.TestLogger.dll
C:\Program Files\dotnet\sdk\8.0.100\Extensions\Microsoft.VisualStudio.TestPlatform.Extensions.Trx.TestLogger.dll
TpTrace Verbose: 0 : 15216, 1, 2024/01/10, 17:05:50.007, 21428422219353, vstest.console.dll, TestPluginCache.GetExtensionPaths: Added unfilterableExtensionPaths: 
TpTrace Verbose: 0 : 15216, 1, 2024/01/10, 17:05:50.007, 21428422220070, vstest.console.dll, TestPluginCache.DiscoverTestExtensions: Discovering the extensions using allExtensionPaths: C:\Program Files\dotnet\sdk\8.0.100\Extensions\Microsoft.Diagnostics.NETCore.Client.dll
C:\Program Files\dotnet\sdk\8.0.100\Extensions\Microsoft.TestPlatform.Extensions.BlameDataCollector.dll
C:\Program Files\dotnet\sdk\8.0.100\Extensions\Microsoft.TestPlatform.Extensions.EventLogCollector.dll
C:\Program Files\dotnet\sdk\8.0.100\Extensions\Microsoft.TestPlatform.TestHostRuntimeProvider.dll
C:\Program Files\dotnet\sdk\8.0.100\Extensions\Microsoft.VisualStudio.TestPlatform.Extensions.Html.TestLogger.dll
C:\Program Files\dotnet\sdk\8.0.100\Extensions\Microsoft.VisualStudio.TestPlatform.Extensions.Trx.TestLogger.dll
TpTrace Information: 0 : 15216, 1, 2024/01/10, 17:05:50.007, 21428422220475, vstest.console.dll, AssemblyResolver.AddSearchDirectories: Adding more searchDirectories C:\Program Files\dotnet\sdk\8.0.100\Extensions,C:\Program Files\dotnet\sdk\8.0.100
TpTrace Information: 0 : 15216, 1, 2024/01/10, 17:05:50.007, 21428422220719, vstest.console.dll, AssemblyResolver.AddSearchDirectories: Adding more searchDirectories C:\Program Files\dotnet\sdk\8.0.100\Extensions,C:\Program Files\dotnet\sdk\8.0.100
TpTrace Information: 0 : 15216, 1, 2024/01/10, 17:05:50.007, 21428422220967, vstest.console.dll, AssemblyResolver.AddSearchDirectories: Adding more searchDirectories C:\Program Files\dotnet\sdk\8.0.100\Extensions,C:\Program Files\dotnet\sdk\8.0.100
TpTrace Information: 0 : 15216, 1, 2024/01/10, 17:05:50.007, 21428422221161, vstest.console.dll, AssemblyResolver.AddSearchDirectories: Adding more searchDirectories C:\Program Files\dotnet\sdk\8.0.100\Extensions,C:\Program Files\dotnet\sdk\8.0.100
TpTrace Information: 0 : 15216, 1, 2024/01/10, 17:05:50.007, 21428422221345, vstest.console.dll, AssemblyResolver.AddSearchDirectories: Adding more searchDirectories C:\Program Files\dotnet\sdk\8.0.100\Extensions,C:\Program Files\dotnet\sdk\8.0.100
TpTrace Information: 0 : 15216, 1, 2024/01/10, 17:05:50.007, 21428422221565, vstest.console.dll, AssemblyResolver.AddSearchDirectories: Adding more searchDirectories C:\Program Files\dotnet\sdk\8.0.100\Extensions,C:\Program Files\dotnet\sdk\8.0.100
TpTrace Verbose: 0 : 15216, 1, 2024/01/10, 17:05:50.007, 21428422222316, vstest.console.dll, MetadataReaderExtensionsHelper: Discovering extensions inside assembly 'Microsoft.Diagnostics.NETCore.Client, Version=0.2.8.21101, Culture=neutral, PublicKeyToken=31bf3856ad364e35' file path 'C:\Program Files\dotnet\sdk\8.0.100\Extensions\Microsoft.Diagnostics.NETCore.Client.dll'
TpTrace Information: 0 : 15216, 1, 2024/01/10, 17:05:50.008, 21428422229763, vstest.console.dll, AssemblyResolver.OnResolve: Microsoft.Bcl.AsyncInterfaces: Resolving assembly.
TpTrace Information: 0 : 15216, 1, 2024/01/10, 17:05:50.008, 21428422230162, vstest.console.dll, AssemblyResolver.OnResolve: Microsoft.Bcl.AsyncInterfaces: Resolved from cache.
TpTrace Verbose: 0 : 15216, 1, 2024/01/10, 17:05:50.008, 21428422230342, vstest.console.dll, CurrentDomainAssemblyResolve: Resolving assembly 'Microsoft.Bcl.AsyncInterfaces'.
TpTrace Information: 0 : 15216, 1, 2024/01/10, 17:05:50.008, 21428422230642, vstest.console.dll, AssemblyResolver.OnResolve: Microsoft.Bcl.AsyncInterfaces: Resolving assembly.
TpTrace Information: 0 : 15216, 1, 2024/01/10, 17:05:50.008, 21428422230819, vstest.console.dll, AssemblyResolver.OnResolve: Microsoft.Bcl.AsyncInterfaces: Resolved from cache.
TpTrace Verbose: 0 : 15216, 1, 2024/01/10, 17:05:50.008, 21428422230960, vstest.console.dll, CurrentDomainAssemblyResolve: Resolving assembly 'Microsoft.Bcl.AsyncInterfaces'.
TpTrace Verbose: 0 : 15216, 1, 2024/01/10, 17:05:50.008, 21428422231095, vstest.console.dll, CurrentDomainAssemblyResolve: Failed to resolve assembly 'Microsoft.Bcl.AsyncInterfaces'.
TpTrace Verbose: 0 : 15216, 1, 2024/01/10, 17:05:50.008, 21428422232051, vstest.console.dll, CurrentDomainAssemblyResolve: Failed to resolve assembly 'Microsoft.Bcl.AsyncInterfaces'.
TpTrace Warning: 0 : 15216, 1, 2024/01/10, 17:05:50.009, 21428422235939, vstest.console.dll, TestPluginDiscoverer: Failed to get types from assembly 'Microsoft.Diagnostics.NETCore.Client, Version=0.2.8.21101, Culture=neutral, PublicKeyToken=31bf3856ad364e35'. Error: System.Reflection.ReflectionTypeLoadException: Unable to load one or more of the requested types.
Could not load file or assembly 'Microsoft.Bcl.AsyncInterfaces, Version=1.0.0.0, Culture=neutral, PublicKeyToken=cc7b13ffcd2ddd51'. The system cannot find the file specified.
   at System.Reflection.RuntimeModule.GetTypes(RuntimeModule module)
   at System.Reflection.RuntimeModule.GetTypes()
   at Microsoft.VisualStudio.TestPlatform.Common.ExtensionFramework.TestPluginDiscoverer.GetTestExtensionsFromAssembly[TPluginInfo,TExtension](Assembly assembly, Dictionary`2 pluginInfos, String filePath) in /_/src/Microsoft.TestPlatform.Common/ExtensionFramework/TestPluginDiscoverer.cs:line 158
System.IO.FileNotFoundException: Could not load file or assembly 'Microsoft.Bcl.AsyncInterfaces, Version=1.0.0.0, Culture=neutral, PublicKeyToken=cc7b13ffcd2ddd51'. The system cannot find the file specified.
File name: 'Microsoft.Bcl.AsyncInterfaces, Version=1.0.0.0, Culture=neutral, PublicKeyToken=cc7b13ffcd2ddd51'
 ---> System.IO.FileNotFoundException: Could not load file or assembly 'Microsoft.Bcl.AsyncInterfaces, Culture=neutral, PublicKeyToken=null'. The system cannot find the file specified.
File name: 'Microsoft.Bcl.AsyncInterfaces, Culture=neutral, PublicKeyToken=null'
   at System.Reflection.RuntimeAssembly.InternalLoad(AssemblyName assemblyName, StackCrawlMark& stackMark, AssemblyLoadContext assemblyLoadContext, RuntimeAssembly requestingAssembly, Boolean throwOnFileNotFound)
   at System.Reflection.Assembly.Load(AssemblyName assemblyRef)
   at Microsoft.VisualStudio.TestPlatform.Common.ExtensionFramework.TestPluginCache.CurrentDomainAssemblyResolve(Object sender, AssemblyResolveEventArgs args) in /_/src/Microsoft.TestPlatform.Common/ExtensionFramework/TestPluginCache.cs:line 513
   at System.Runtime.Loader.AssemblyLoadContext.GetFirstResolvedAssemblyFromResolvingEvent(AssemblyName assemblyName)
   at System.Runtime.Loader.AssemblyLoadContext.ResolveUsingEvent(AssemblyName assemblyName)
   at System.Runtime.Loader.AssemblyLoadContext.ResolveUsingResolvingEvent(IntPtr gchManagedAssemblyLoadContext, AssemblyName assemblyName)
TpTrace Warning: 0 : 15216, 1, 2024/01/10, 17:05:50.009, 21428422237148, vstest.console.dll, LoaderExceptions: System.IO.FileNotFoundException: Could not load file or assembly 'Microsoft.Bcl.AsyncInterfaces, Version=1.0.0.0, Culture=neutral, PublicKeyToken=cc7b13ffcd2ddd51'. The system cannot find the file specified.
File name: 'Microsoft.Bcl.AsyncInterfaces, Version=1.0.0.0, Culture=neutral, PublicKeyToken=cc7b13ffcd2ddd51'
 ---> System.IO.FileNotFoundException: Could not load file or assembly 'Microsoft.Bcl.AsyncInterfaces, Culture=neutral, PublicKeyToken=null'. The system cannot find the file specified.
File name: 'Microsoft.Bcl.AsyncInterfaces, Culture=neutral, PublicKeyToken=null'
   at System.Reflection.RuntimeAssembly.InternalLoad(AssemblyName assemblyName, StackCrawlMark& stackMark, AssemblyLoadContext assemblyLoadContext, RuntimeAssembly requestingAssembly, Boolean throwOnFileNotFound)
   at System.Reflection.Assembly.Load(AssemblyName assemblyRef)
   at Microsoft.VisualStudio.TestPlatform.Common.ExtensionFramework.TestPluginCache.CurrentDomainAssemblyResolve(Object sender, AssemblyResolveEventArgs args) in /_/src/Microsoft.TestPlatform.Common/ExtensionFramework/TestPluginCache.cs:line 513
   at System.Runtime.Loader.AssemblyLoadContext.GetFirstResolvedAssemblyFromResolvingEvent(AssemblyName assemblyName)
   at System.Runtime.Loader.AssemblyLoadContext.ResolveUsingEvent(AssemblyName assemblyName)
   at System.Runtime.Loader.AssemblyLoadContext.ResolveUsingResolvingEvent(IntPtr gchManagedAssemblyLoadContext, AssemblyName assemblyName)
TpTrace Verbose: 0 : 15216, 1, 2024/01/10, 17:05:50.009, 21428422237718, vstest.console.dll, MetadataReaderExtensionsHelper: Discovering extensions inside assembly 'Microsoft.TestPlatform.Extensions.BlameDataCollector, Version=15.0.0.0, Culture=neutral, PublicKeyToken=b03f5f7f11d50a3a' file path 'C:\Program Files\dotnet\sdk\8.0.100\Extensions\Microsoft.TestPlatform.Extensions.BlameDataCollector.dll'
TpTrace Information: 0 : 15216, 1, 2024/01/10, 17:05:50.009, 21428422242649, vstest.console.dll, GetTestExtensionFromType: Register extension with identifier data 'logger://Microsoft/TestPlatform/Extensions/Blame/v1' and type 'Microsoft.TestPlatform.Extensions.BlameDataCollector.BlameLogger, Microsoft.TestPlatform.Extensions.BlameDataCollector, Version=15.0.0.0, Culture=neutral, PublicKeyToken=b03f5f7f11d50a3a' inside file 'C:\Program Files\dotnet\sdk\8.0.100\Extensions\Microsoft.TestPlatform.Extensions.BlameDataCollector.dll'
TpTrace Verbose: 0 : 15216, 1, 2024/01/10, 17:05:50.010, 21428422243111, vstest.console.dll, MetadataReaderExtensionsHelper: Discovering extensions inside assembly 'Microsoft.TestPlatform.Extensions.EventLogCollector, Version=15.0.0.0, Culture=neutral, PublicKeyToken=b03f5f7f11d50a3a' file path 'C:\Program Files\dotnet\sdk\8.0.100\Extensions\Microsoft.TestPlatform.Extensions.EventLogCollector.dll'
TpTrace Verbose: 0 : 15216, 1, 2024/01/10, 17:05:50.010, 21428422246083, vstest.console.dll, MetadataReaderExtensionsHelper: Discovering extensions inside assembly 'Microsoft.TestPlatform.TestHostRuntimeProvider, Version=15.0.0.0, Culture=neutral, PublicKeyToken=b03f5f7f11d50a3a' file path 'C:\Program Files\dotnet\sdk\8.0.100\Extensions\Microsoft.TestPlatform.TestHostRuntimeProvider.dll'
TpTrace Verbose: 0 : 15216, 1, 2024/01/10, 17:05:50.010, 21428422249231, vstest.console.dll, MetadataReaderExtensionsHelper: Discovering extensions inside assembly 'Microsoft.VisualStudio.TestPlatform.Extensions.Html.TestLogger, Version=15.0.0.0, Culture=neutral, PublicKeyToken=b03f5f7f11d50a3a' file path 'C:\Program Files\dotnet\sdk\8.0.100\Extensions\Microsoft.VisualStudio.TestPlatform.Extensions.Html.TestLogger.dll'
TpTrace Information: 0 : 15216, 1, 2024/01/10, 17:05:50.011, 21428422253622, vstest.console.dll, GetTestExtensionFromType: Register extension with identifier data 'logger://Microsoft/TestPlatform/HtmlLogger/v1' and type 'Microsoft.VisualStudio.TestPlatform.Extensions.HtmlLogger.HtmlLogger, Microsoft.VisualStudio.TestPlatform.Extensions.Html.TestLogger, Version=15.0.0.0, Culture=neutral, PublicKeyToken=b03f5f7f11d50a3a' inside file 'C:\Program Files\dotnet\sdk\8.0.100\Extensions\Microsoft.VisualStudio.TestPlatform.Extensions.Html.TestLogger.dll'
TpTrace Verbose: 0 : 15216, 1, 2024/01/10, 17:05:50.011, 21428422254096, vstest.console.dll, MetadataReaderExtensionsHelper: Discovering extensions inside assembly 'Microsoft.VisualStudio.TestPlatform.Extensions.Trx.TestLogger, Version=15.0.0.0, Culture=neutral, PublicKeyToken=b03f5f7f11d50a3a' file path 'C:\Program Files\dotnet\sdk\8.0.100\Extensions\Microsoft.VisualStudio.TestPlatform.Extensions.Trx.TestLogger.dll'
TpTrace Information: 0 : 15216, 1, 2024/01/10, 17:05:50.011, 21428422258178, vstest.console.dll, GetTestExtensionFromType: Register extension with identifier data 'logger://Microsoft/TestPlatform/TrxLogger/v1' and type 'Microsoft.VisualStudio.TestPlatform.Extensions.TrxLogger.TrxLogger, Microsoft.VisualStudio.TestPlatform.Extensions.Trx.TestLogger, Version=15.0.0.0, Culture=neutral, PublicKeyToken=b03f5f7f11d50a3a' inside file 'C:\Program Files\dotnet\sdk\8.0.100\Extensions\Microsoft.VisualStudio.TestPlatform.Extensions.Trx.TestLogger.dll'
TpTrace Verbose: 0 : 15216, 1, 2024/01/10, 17:05:50.011, 21428422259156, vstest.console.dll, TestPluginCache: Discovered the extensions using extension path ''.
TpTrace Verbose: 0 : 15216, 1, 2024/01/10, 17:05:50.011, 21428422259401, vstest.console.dll, TestPluginCache: Discoverers are ''.
TpTrace Verbose: 0 : 15216, 1, 2024/01/10, 17:05:50.011, 21428422259547, vstest.console.dll, TestPluginCache: Executors are ''.
TpTrace Verbose: 0 : 15216, 1, 2024/01/10, 17:05:50.011, 21428422259699, vstest.console.dll, TestPluginCache: Executors2 are ''.
TpTrace Verbose: 0 : 15216, 1, 2024/01/10, 17:05:50.011, 21428422259842, vstest.console.dll, TestPluginCache: Setting providers are ''.
TpTrace Verbose: 0 : 15216, 1, 2024/01/10, 17:05:50.011, 21428422260284, vstest.console.dll, TestPluginCache: Loggers are 'logger://Microsoft/TestPlatform/Extensions/Blame/v1,logger://Microsoft/TestPlatform/HtmlLogger/v1,logger://Microsoft/TestPlatform/TrxLogger/v1'.
TpTrace Verbose: 0 : 15216, 1, 2024/01/10, 17:05:50.011, 21428422260609, vstest.console.dll, TestPluginCache: TestHosts are 'HostProvider://DefaultTestHost,HostProvider://DotnetTestHost'.
TpTrace Verbose: 0 : 15216, 1, 2024/01/10, 17:05:50.011, 21428422260763, vstest.console.dll, TestPluginCache: DataCollectors are ''.
TpTrace Information: 0 : 15216, 1, 2024/01/10, 17:05:50.012, 21428422266577, vstest.console.dll, TestPluginManager.CreateTestExtension: Attempting to load test extension: Microsoft.TestPlatform.Extensions.BlameDataCollector.BlameLogger
TpTrace Verbose: 0 : 15216, 1, 2024/01/10, 17:05:50.017, 21428422317029, vstest.console.dll, TestEngine: Initializing Parallel Execution as MaxCpuCount is set to: 1
TpTrace Information: 0 : 15216, 1, 2024/01/10, 17:05:50.018, 21428422327256, vstest.console.dll, TestPluginManager.CreateTestExtension: Attempting to load test extension: Microsoft.VisualStudio.TestPlatform.CrossPlatEngine.Hosting.DefaultTestHostManager
TpTrace Information: 0 : 15216, 1, 2024/01/10, 17:05:50.018, 21428422331359, vstest.console.dll, TestPluginManager.CreateTestExtension: Attempting to load test extension: Microsoft.VisualStudio.TestPlatform.CrossPlatEngine.Hosting.DotnetTestHostManager
TpTrace Information: 0 : 15216, 1, 2024/01/10, 17:05:50.019, 21428422335391, vstest.console.dll, InferRunSettingsHelper.IsTestSettingsEnabled: Unable to navigate to RunSettings/MSTest. Current node: RunSettings
TpTrace Verbose: 0 : 15216, 1, 2024/01/10, 17:05:50.019, 21428422339085, vstest.console.dll, ParallelOperationManager.ClearSlots: Clearing all slots. Slots should accept more work: True
TpTrace Verbose: 0 : 15216, 1, 2024/01/10, 17:05:50.020, 21428422343426, vstest.console.dll, ParallelOperationManager.SetOccupiedSlotCount: Setting slot counts AvailableSlotCount = 1, OccupiedSlotCount = 0.
TpTrace Verbose: 0 : 15216, 1, 2024/01/10, 17:05:50.020, 21428422345891, vstest.console.dll, Occupied slots:

TpTrace Verbose: 0 : 15216, 1, 2024/01/10, 17:05:50.022, 21428422368006, vstest.console.dll, TestEngine.GetExecutionManager: Chosen execution manager 'Microsoft.VisualStudio.TestPlatform.CrossPlatEngine.Client.Parallel.ParallelProxyExecutionManager, Microsoft.TestPlatform.CrossPlatEngine, Version=15.0.0.0, Culture=neutral, PublicKeyToken=b03f5f7f11d50a3a' ParallelLevel '1'.
TpTrace Verbose: 0 : 15216, 1, 2024/01/10, 17:05:50.022, 21428422368988, vstest.console.dll, TestRunRequest.ExecuteAsync: Creating test run request.
TpTrace Verbose: 0 : 15216, 1, 2024/01/10, 17:05:50.022, 21428422370632, vstest.console.dll, TestRunRequest.ExecuteAsync: Starting.
TpTrace Information: 0 : 15216, 1, 2024/01/10, 17:05:50.023, 21428422378588, vstest.console.dll, TestRunRequest.ExecuteAsync: Starting run with settings:TestRunCriteria:
   KeepAlive=False,FrequencyOfRunStatsChangeEvent=10,RunStatsChangeEventTimeout=00:00:01.5000000,TestCaseFilter=,TestExecutorLauncher=
   Settingsxml=<RunSettings>
  <RunConfiguration>
    <ResultsDirectory>C:\Users\Dragos\Desktop\dotnet\Real-Estate-Property-Listing-Project\Real_estate.Domain.Tests\bin\Debug\net8.0\fine-code-coverage\coverage-tool-output</ResultsDirectory>
    <TargetPlatform>X64</TargetPlatform>
    <TargetFrameworkVersion>.NETCoreApp,Version=v8.0</TargetFrameworkVersion>
    <DesignMode>False</DesignMode>
    <CollectSourceInformation>False</CollectSourceInformation>
  </RunConfiguration>
  <LoggerRunSettings>
    <Loggers>
      <Logger friendlyName="blame" enabled="True" />
      <Logger friendlyName="Console" uri="logger://microsoft/TestPlatform/ConsoleLogger/v1" assemblyQualifiedName="Microsoft.VisualStudio.TestPlatform.CommandLine.Internal.ConsoleLogger, vstest.console, Version=15.0.0.0, Culture=neutral, PublicKeyToken=b03f5f7f11d50a3a" codeBase="C:\Program Files\dotnet\sdk\8.0.100\vstest.console.dll" enabled="True" />
    </Loggers>
  </LoggerRunSettings>
  <DataCollectionRunSettings>
    <DataCollectors>
      <DataCollector friendlyName="blame" enabled="True">
        <Configuration>
          <ResultsDirectory>C:\Users\Dragos\Desktop\dotnet\Real-Estate-Property-Listing-Project\Real_estate.Domain.Tests\bin\Debug\net8.0\fine-code-coverage\coverage-tool-output</ResultsDirectory>
        </Configuration>
      </DataCollector>
    </DataCollectors>
  </DataCollectionRunSettings>
</RunSettings>

TpTrace Verbose: 0 : 15216, 1, 2024/01/10, 17:05:50.023, 21428422379031, vstest.console.dll, TestRunRequest.ExecuteAsync: Wait for the first run request is over.
TpTrace Verbose: 0 : 15216, 1, 2024/01/10, 17:05:50.023, 21428422381315, vstest.console.dll, MulticastDelegateUtilities.SafeInvoke: TestRun.TestRunStart: Invoking callbacks was skipped because there are no subscribers.
TpTrace Verbose: 0 : 15216, 4, 2024/01/10, 17:05:50.023, 21428422382591, vstest.console.dll, MulticastDelegateUtilities.SafeInvoke: InternalTestLoggerEvents.SendTestRunStart: Invoking callback 1/1 for Microsoft.VisualStudio.TestPlatform.CommandLine.Internal.ConsoleLogger., took 0 ms.
TpTrace Verbose: 0 : 15216, 1, 2024/01/10, 17:05:50.024, 21428422388385, vstest.console.dll, ParallelProxyExecutionManager: Start execution. Total sources: 1
TpTrace Verbose: 0 : 15216, 1, 2024/01/10, 17:05:50.024, 21428422391144, vstest.console.dll, ParallelOperationManager.StartWork: Starting adding 1 workloads.
TpTrace Verbose: 0 : 15216, 1, 2024/01/10, 17:05:50.024, 21428422391626, vstest.console.dll, ParallelOperationManager.ClearSlots: Clearing all slots. Slots should accept more work: True
TpTrace Verbose: 0 : 15216, 1, 2024/01/10, 17:05:50.024, 21428422392079, vstest.console.dll, ParallelOperationManager.SetOccupiedSlotCount: Setting slot counts AvailableSlotCount = 1, OccupiedSlotCount = 0.
TpTrace Verbose: 0 : 15216, 1, 2024/01/10, 17:05:50.024, 21428422392317, vstest.console.dll, Occupied slots:

TpTrace Verbose: 0 : 15216, 1, 2024/01/10, 17:05:50.025, 21428422401598, vstest.console.dll, TestRequestSender is acting as server.
TpTrace Verbose: 0 : 15216, 1, 2024/01/10, 17:05:50.026, 21428422409781, vstest.console.dll, ParallelOperationManager.RunWorkInParallel: Adding 1 workload to slot, remaining workloads 0.
TpTrace Verbose: 0 : 15216, 1, 2024/01/10, 17:05:50.026, 21428422410209, vstest.console.dll, ParallelOperationManager.SetOccupiedSlotCount: Setting slot counts AvailableSlotCount = 0, OccupiedSlotCount = 1.
TpTrace Verbose: 0 : 15216, 1, 2024/01/10, 17:05:50.026, 21428422410952, vstest.console.dll, Occupied slots:
0: C:\Users\Dragos\Desktop\dotnet\Real-Estate-Property-Listing-Project\Real_estate.Domain.Tests\bin\Debug\net8.0\fine-code-coverage\build-output\Real_estate.Domain.Tests.dll
TpTrace Verbose: 0 : 15216, 1, 2024/01/10, 17:05:50.027, 21428422419892, vstest.console.dll, ParallelOperationManager.RunWorkInParallel: Started host in slot number 0 for work (source): C:\Users\Dragos\Desktop\dotnet\Real-Estate-Property-Listing-Project\Real_estate.Domain.Tests\bin\Debug\net8.0\fine-code-coverage\build-output\Real_estate.Domain.Tests.dll.
TpTrace Verbose: 0 : 15216, 1, 2024/01/10, 17:05:50.028, 21428422427889, vstest.console.dll, ParallelOperationManager.RunWorkInParallel: We started 1 work items, which is the max parallel level. Won't start more work.
TpTrace Verbose: 0 : 15216, 1, 2024/01/10, 17:05:50.028, 21428422428440, vstest.console.dll, ParallelOperationManager.RunWorkInParallel: We started 1 work items in here, returning True.
TpTrace Information: 0 : 15216, 1, 2024/01/10, 17:05:50.028, 21428422428702, vstest.console.dll, TestRunRequest.ExecuteAsync: Started.
TpTrace Verbose: 0 : 15216, 5, 2024/01/10, 17:05:50.028, 21428422429717, vstest.console.dll, ParallelProxyExecutionManager.StartTestRunOnConcurrentManager: Initializing uninitialized client. Started clients: 0
TpTrace Verbose: 0 : 15216, 5, 2024/01/10, 17:05:50.028, 21428422431062, vstest.console.dll, DataCollectionRequestSender.InitializeCommunication : Initialize communication. 
TpTrace Verbose: 0 : 15216, 1, 2024/01/10, 17:05:50.029, 21428422432901, vstest.console.dll, TestRunRequest.WaitForCompletion: Waiting with timeout -1.
TpTrace Information: 0 : 15216, 5, 2024/01/10, 17:05:50.033, 21428422479390, vstest.console.dll, Listening on Endpoint : 127.0.0.1:58777
TpTrace Verbose: 0 : 15216, 5, 2024/01/10, 17:05:50.038, 21428422524292, vstest.console.dll, DotnetDataCollectionLauncher: Adding  --runtimeconfig "C:\Program Files\dotnet\sdk\8.0.100\datacollector.runtimeconfig.json" in args
TpTrace Verbose: 0 : 15216, 5, 2024/01/10, 17:05:50.038, 21428422526169, vstest.console.dll, DotnetDataCollectionLauncher: Adding  --depsfile "C:\Program Files\dotnet\sdk\8.0.100\datacollector.deps.json" in args
TpTrace Verbose: 0 : 15216, 5, 2024/01/10, 17:05:50.038, 21428422527707, vstest.console.dll, DotnetDataCollectionLauncher: Full path of dotnet.exe is C:\Program Files\dotnet\dotnet.exe
TpTrace Information: 0 : 15216, 5, 2024/01/10, 17:05:50.044, 21428422587286, vstest.console.dll, ProxyDataCollectionManager.Initialize: Launched datacollector processId: 14492 port: 58777
TpTrace Information: 0 : 15216, 5, 2024/01/10, 17:05:50.044, 21428422588826, vstest.console.dll, ProxyDataCollectionManager.Initialize: waiting for connection with timeout: 90 seconds
TpTrace Verbose: 0 : 15216, 5, 2024/01/10, 17:05:50.044, 21428422589165, vstest.console.dll, DataCollectionRequestSender.WaitForRequestHandlerConnection : Waiting for connection with timeout: 90000
TpTrace Verbose: 0 : 15216, 5, 2024/01/10, 17:05:50.147, 21428423613394, vstest.console.dll, SocketCommunicationManager.WaitForClientConnection took: 102 ms, with 90000 ms timeout, and finished with True.
TpTrace Information: 0 : 15216, 7, 2024/01/10, 17:05:50.147, 21428423613371, vstest.console.dll, Using the buffer size of 16384 bytes
TpTrace Verbose: 0 : 15216, 5, 2024/01/10, 17:05:50.147, 21428423615195, vstest.console.dll, ProxyDataCollectionManager.InvokeDataCollectionServiceAction: Starting.
TpTrace Information: 0 : 15216, 7, 2024/01/10, 17:05:50.147, 21428423617415, vstest.console.dll, Accepted Client request and set the flag
TpTrace Information: 0 : 15216, 5, 2024/01/10, 17:05:50.147, 21428423618177, vstest.console.dll, ProxyDataCollectionManager.BeforeTestRunStart: Get environment variable and port for datacollector processId: 14492 port: 58777
TpTrace Verbose: 0 : 15216, 5, 2024/01/10, 17:05:50.147, 21428423619075, vstest.console.dll, DataCollectionRequestSender.SendBeforeTestRunStartAndGetResult: Send BeforeTestRunStart message with settingsXml <RunSettings><RunConfiguration><ResultsDirectory>C:\Users\Dragos\Desktop\dotnet\Real-Estate-Property-Listing-Project\Real_estate.Domain.Tests\bin\Debug\net8.0\fine-code-coverage\coverage-tool-output</ResultsDirectory><TargetPlatform>X64</TargetPlatform><TargetFrameworkVersion>.NETCoreApp,Version=v8.0</TargetFrameworkVersion><DesignMode>False</DesignMode><CollectSourceInformation>False</CollectSourceInformation><TestAdaptersPaths>C:\Program Files\dotnet\sdk\8.0.100\Extensions</TestAdaptersPaths></RunConfiguration><LoggerRunSettings><Loggers><Logger friendlyName="blame" enabled="True" /><Logger friendlyName="Console" uri="logger://microsoft/TestPlatform/ConsoleLogger/v1" assemblyQualifiedName="Microsoft.VisualStudio.TestPlatform.CommandLine.Internal.ConsoleLogger, vstest.console, Version=15.0.0.0, Culture=neutral, PublicKeyToken=b03f5f7f11d50a3a" codeBase="C:\Program Files\dotnet\sdk\8.0.100\vstest.console.dll" enabled="True" /></Loggers></LoggerRunSettings><DataCollectionRunSettings><DataCollectors><DataCollector friendlyName="blame" enabled="True"><Configuration><ResultsDirectory>C:\Users\Dragos\Desktop\dotnet\Real-Estate-Property-Listing-Project\Real_estate.Domain.Tests\bin\Debug\net8.0\fine-code-coverage\coverage-tool-output</ResultsDirectory></Configuration></DataCollector></DataCollectors></DataCollectionRunSettings></RunSettings> and sources System.Collections.Generic.List`1[System.String]: 
TpTrace Verbose: 0 : 15216, 5, 2024/01/10, 17:05:50.184, 21428423986963, vstest.console.dll, DataCollectionRequestSender.SendBeforeTestRunStartAndGetResult: Received message: (DataCollection.SendMessage) -> {"MessageType":"DataCollection.SendMessage","Payload":{"FriendlyName":null,"Uri":null,"TestCaseId":"00000000-0000-0000-0000-000000000000","Message":"Logging DataCollector Diagnostics in file: C:\\Users\\Dragos\\Desktop\\dotnet\\Real-Estate-Property-Listing-Project\\Real_estate.Domain.Tests\\bin\\Debug\\net8.0\\fine-code-coverage\\coverage-tool-output\\diagnostics.datacollector.24-01-10_17-05-50_03784_5.log","Level":0}}
TpTrace Verbose: 0 : 15216, 5, 2024/01/10, 17:05:50.269, 21428424835428, vstest.console.dll, DataCollectionRequestSender.SendBeforeTestRunStartAndGetResult: Received message: (DataCollection.BeforeTestRunStartResult) -> {"MessageType":"DataCollection.BeforeTestRunStartResult","Payload":{"EnvironmentVariables":{},"DataCollectionEventsPort":58779}}
TpTrace Information: 0 : 15216, 5, 2024/01/10, 17:05:50.272, 21428424869383, vstest.console.dll, ProxyDataCollectionManager.BeforeTestRunStart: SendBeforeTestRunStartAndGetResult successful, env variable from datacollector:   and testhost port: 58779
TpTrace Information: 0 : 15216, 5, 2024/01/10, 17:05:50.272, 21428424870216, vstest.console.dll, ProxyDataCollectionManager.InvokeDataCollectionServiceAction: Completed.
TpTrace Verbose: 0 : 15216, 5, 2024/01/10, 17:05:50.272, 21428424870464, vstest.console.dll, ParallelProxyExecutionManager.StartTestRunOnConcurrentManager: Initializing test run. Started clients: 0
TpTrace Verbose: 0 : 15216, 5, 2024/01/10, 17:05:50.272, 21428424871083, vstest.console.dll, ProxyExecutionManager: Test host is always Lazy initialize.
TpTrace Verbose: 0 : 15216, 5, 2024/01/10, 17:05:50.272, 21428424872643, vstest.console.dll, TestRequestSender.InitializeCommunication: initialize communication. 
TpTrace Information: 0 : 15216, 5, 2024/01/10, 17:05:50.273, 21428424877140, vstest.console.dll, SocketServer.Start: Listening on endpoint : 127.0.0.1:58780
TpTrace Verbose: 0 : 15216, 5, 2024/01/10, 17:05:50.274, 21428424883544, vstest.console.dll, DotnetTestHostmanager.GetTestHostProcessStartInfo: Platform environment 'X64' target architecture 'X64' framework '.NETCoreApp,Version=v8.0' OS 'Windows'
TpTrace Verbose: 0 : 15216, 5, 2024/01/10, 17:05:50.274, 21428424885911, vstest.console.dll, DotnetTestHostmanager: Adding  --runtimeconfig "C:\Users\Dragos\Desktop\dotnet\Real-Estate-Property-Listing-Project\Real_estate.Domain.Tests\bin\Debug\net8.0\fine-code-coverage\build-output\Real_estate.Domain.Tests.runtimeconfig.json" in args
TpTrace Verbose: 0 : 15216, 5, 2024/01/10, 17:05:50.274, 21428424886706, vstest.console.dll, DotnetTestHostmanager: Adding  --depsfile "C:\Users\Dragos\Desktop\dotnet\Real-Estate-Property-Listing-Project\Real_estate.Domain.Tests\bin\Debug\net8.0\fine-code-coverage\build-output\Real_estate.Domain.Tests.deps.json" in args
TpTrace Verbose: 0 : 15216, 5, 2024/01/10, 17:05:50.274, 21428424888182, vstest.console.dll, DotnetTestHostmanager.IsWinOnArm: Current PROCESSOR_ARCHITECTURE from environment variable 'AMD64'
TpTrace Verbose: 0 : 15216, 5, 2024/01/10, 17:05:50.274, 21428424888619, vstest.console.dll, DotnetTestHostmanager.IsWinOnArm: Is Windows on ARM 'False'
TpTrace Verbose: 0 : 15216, 5, 2024/01/10, 17:05:50.274, 21428424889260, vstest.console.dll, DotnetTestHostManager: testhost.exe found at path: C:\Users\Dragos\Desktop\dotnet\Real-Estate-Property-Listing-Project\Real_estate.Domain.Tests\bin\Debug\net8.0\fine-code-coverage\build-output\testhost.exe
TpTrace Verbose: 0 : 15216, 5, 2024/01/10, 17:05:50.274, 21428424889549, vstest.console.dll, DotnetTestHostmanager: Full path of host exe is C:\Users\Dragos\Desktop\dotnet\Real-Estate-Property-Listing-Project\Real_estate.Domain.Tests\bin\Debug\net8.0\fine-code-coverage\build-output\testhost.exe
TpTrace Verbose: 0 : 15216, 5, 2024/01/10, 17:05:50.274, 21428424890646, vstest.console.dll, DotnetTestHostmanager.LaunchTestHostAsync: Found 'VSTEST_WINAPPHOST_DOTNET_ROOT' in env variables, value 'C:\Program Files\dotnet', forwarding to 'DOTNET_ROOT'
TpTrace Verbose: 0 : 15216, 5, 2024/01/10, 17:05:50.274, 21428424891855, vstest.console.dll, DotnetTestHostManager: Starting process 'C:\Users\Dragos\Desktop\dotnet\Real-Estate-Property-Listing-Project\Real_estate.Domain.Tests\bin\Debug\net8.0\fine-code-coverage\build-output\testhost.exe' with command line ' --runtimeconfig "C:\Users\Dragos\Desktop\dotnet\Real-Estate-Property-Listing-Project\Real_estate.Domain.Tests\bin\Debug\net8.0\fine-code-coverage\build-output\Real_estate.Domain.Tests.runtimeconfig.json" --depsfile "C:\Users\Dragos\Desktop\dotnet\Real-Estate-Property-Listing-Project\Real_estate.Domain.Tests\bin\Debug\net8.0\fine-code-coverage\build-output\Real_estate.Domain.Tests.deps.json" --port 58780 --endpoint 127.0.0.1:058780 --role client --parentprocessid 15216 --diag "C:\Users\Dragos\Desktop\dotnet\Real-Estate-Property-Listing-Project\Real_estate.Domain.Tests\bin\Debug\net8.0\fine-code-coverage\coverage-tool-output\diagnostics.host.24-01-10_17-05-50_27373_5.log" --tracelevel 4 --datacollectionport 58779 --telemetryoptedin false'
TpTrace Verbose: 0 : 15216, 5, 2024/01/10, 17:05:50.280, 21428424942946, vstest.console.dll, MulticastDelegateUtilities.SafeInvoke: HostProviderEvents.OnHostLaunched: Invoking callback 1/2 for Microsoft.VisualStudio.TestPlatform.CrossPlatEngine.Client.ProxyExecutionManagerWithDataCollection., took 1 ms.
TpTrace Verbose: 0 : 15216, 5, 2024/01/10, 17:05:50.280, 21428424950013, vstest.console.dll, Test Runtime launched
TpTrace Verbose: 0 : 15216, 5, 2024/01/10, 17:05:50.280, 21428424950847, vstest.console.dll, MulticastDelegateUtilities.SafeInvoke: HostProviderEvents.OnHostLaunched: Invoking callback 2/2 for Microsoft.VisualStudio.TestPlatform.CrossPlatEngine.Client.ProxyOperationManager., took 0 ms.
TpTrace Verbose: 0 : 15216, 5, 2024/01/10, 17:05:50.280, 21428424952706, vstest.console.dll, TestRequestSender.WaitForRequestHandlerConnection: waiting for connection with timeout: 90000.
TpTrace Verbose: 0 : 15216, 5, 2024/01/10, 17:05:50.410, 21428426243171, vstest.console.dll, TestRequestSender.WaitForRequestHandlerConnection: waiting took 129 ms, with timeout 90000 ms, and result 0, which is success.
TpTrace Verbose: 0 : 15216, 7, 2024/01/10, 17:05:50.410, 21428426243171, vstest.console.dll, MulticastDelegateUtilities.SafeInvoke: SocketServer: ClientConnected: Invoking callback 1/1 for Microsoft.VisualStudio.TestPlatform.CommunicationUtilities.TestRequestSender., took 0 ms.
TpTrace Verbose: 0 : 15216, 7, 2024/01/10, 17:05:50.410, 21428426245000, vstest.console.dll, SocketServer.OnClientConnected: Client connected for endPoint: 127.0.0.1:58780, starting MessageLoopAsync:
TpTrace Verbose: 0 : 15216, 15, 2024/01/10, 17:05:50.410, 21428426248375, vstest.console.dll, TcpClientExtensions.MessageLoopAsync: Polling on remoteEndPoint: 127.0.0.1:58781 localEndPoint: 127.0.0.1:58780
TpTrace Verbose: 0 : 15216, 5, 2024/01/10, 17:05:50.410, 21428426250897, vstest.console.dll, TestRequestSender.CheckVersionWithTestHost: Sending check version message: {"MessageType":"ProtocolVersion","Payload":7}
TpTrace Verbose: 0 : 15216, 15, 2024/01/10, 17:05:50.491, 21428427055538, vstest.console.dll, TcpClientExtensions.MessageLoopAsync: NotifyDataAvailable remoteEndPoint: 127.0.0.1:58781 localEndPoint: 127.0.0.1:58780
TpTrace Verbose: 0 : 15216, 15, 2024/01/10, 17:05:50.491, 21428427057741, vstest.console.dll, TestRequestSender.CheckVersionWithTestHost: onMessageReceived received message: (ProtocolVersion) -> {"MessageType":"ProtocolVersion","Payload":7}
TpTrace Verbose: 0 : 15216, 15, 2024/01/10, 17:05:50.491, 21428427062574, vstest.console.dll, MulticastDelegateUtilities.SafeInvoke: LengthPrefixCommunicationChannel: MessageReceived: Invoking callback 1/1 for Microsoft.VisualStudio.TestPlatform.CommunicationUtilities.TestRequestSender+<>c__DisplayClass29_0., took 0 ms.
TpTrace Verbose: 0 : 15216, 15, 2024/01/10, 17:05:50.492, 21428427063302, vstest.console.dll, TcpClientExtensions.MessageLoopAsync: Polling on remoteEndPoint: 127.0.0.1:58781 localEndPoint: 127.0.0.1:58780
TpTrace Verbose: 0 : 15216, 5, 2024/01/10, 17:05:50.492, 21428427063274, vstest.console.dll, TestPluginCache.GetExtensionPaths: Filtered extension paths: 
TpTrace Verbose: 0 : 15216, 5, 2024/01/10, 17:05:50.492, 21428427064199, vstest.console.dll, TestPluginCache.GetExtensionPaths: Added default extension paths: C:\Program Files\dotnet\sdk\8.0.100\Extensions\Microsoft.Diagnostics.NETCore.Client.dll
C:\Program Files\dotnet\sdk\8.0.100\Extensions\Microsoft.TestPlatform.Extensions.BlameDataCollector.dll
C:\Program Files\dotnet\sdk\8.0.100\Extensions\Microsoft.TestPlatform.Extensions.EventLogCollector.dll
C:\Program Files\dotnet\sdk\8.0.100\Extensions\Microsoft.TestPlatform.TestHostRuntimeProvider.dll
C:\Program Files\dotnet\sdk\8.0.100\Extensions\Microsoft.VisualStudio.TestPlatform.Extensions.Html.TestLogger.dll
C:\Program Files\dotnet\sdk\8.0.100\Extensions\Microsoft.VisualStudio.TestPlatform.Extensions.Trx.TestLogger.dll
TpTrace Verbose: 0 : 15216, 5, 2024/01/10, 17:05:50.492, 21428427064554, vstest.console.dll, TestPluginCache.GetExtensionPaths: Added unfilterableExtensionPaths: 
TpTrace Verbose: 0 : 15216, 5, 2024/01/10, 17:05:50.494, 21428427085952, vstest.console.dll, TestRequestSender.InitializeExecution: Sending initialize execution with message: {"Version":7,"MessageType":"TestExecution.Initialize","Payload":["C:\\Users\\Dragos\\Desktop\\dotnet\\Real-Estate-Property-Listing-Project\\Real_estate.Domain.Tests\\bin\\Debug\\net8.0\\fine-code-coverage\\build-output\\xunit.runner.visualstudio.dotnetcore.testadapter.dll"]}
TpTrace Verbose: 0 : 15216, 5, 2024/01/10, 17:05:50.494, 21428427087751, vstest.console.dll, ParallelProxyExecutionManager.StartTestRunOnConcurrentManager: Execution starting. Started clients: 1
TpTrace Verbose: 0 : 15216, 5, 2024/01/10, 17:05:50.494, 21428427089658, vstest.console.dll, TestRunRequest:SendTestRunMessage: Starting.
TpTrace Verbose: 0 : 15216, 5, 2024/01/10, 17:05:50.494, 21428427090879, vstest.console.dll, MulticastDelegateUtilities.SafeInvoke: TestRun.LogMessages: Invoking callback 1/1 for Microsoft.VisualStudio.TestPlatform.CommandLine.TestRunResultAggregator., took 0 ms.
TpTrace Information: 0 : 15216, 5, 2024/01/10, 17:05:50.494, 21428427091171, vstest.console.dll, TestRunRequest:SendTestRunMessage: Completed.
TpTrace Verbose: 0 : 15216, 4, 2024/01/10, 17:05:50.494, 21428427092122, vstest.console.dll, MulticastDelegateUtilities.SafeInvoke: InternalTestLoggerEvents.SendTestRunMessage: Invoking callback 1/1 for Microsoft.VisualStudio.TestPlatform.CommandLine.Internal.ConsoleLogger., took 0 ms.
TpTrace Warning: 0 : 15216, 5, 2024/01/10, 17:05:50.495, 21428427093849, vstest.console.dll, InferRunSettingsHelper.MakeRunsettingsCompatible: Removing the following settings: TargetPlatform from RunSettings file. To use those settings please move to latest version of Microsoft.NET.Test.Sdk
TpTrace Verbose: 0 : 15216, 15, 2024/01/10, 17:05:50.495, 21428427095520, vstest.console.dll, TcpClientExtensions.MessageLoopAsync: NotifyDataAvailable remoteEndPoint: 127.0.0.1:58781 localEndPoint: 127.0.0.1:58780
TpTrace Verbose: 0 : 15216, 15, 2024/01/10, 17:05:50.495, 21428427096122, vstest.console.dll, LengthPrefixCommunicationChannel.NotifyDataAvailable: New data are waiting to be received, but there is no subscriber to be notified. Not reading them from the stream.
TpTrace Verbose: 0 : 15216, 15, 2024/01/10, 17:05:50.495, 21428427096385, vstest.console.dll, TcpClientExtensions.MessageLoopAsync: Polling on remoteEndPoint: 127.0.0.1:58781 localEndPoint: 127.0.0.1:58780
TpTrace Verbose: 0 : 15216, 15, 2024/01/10, 17:05:50.495, 21428427096654, vstest.console.dll, TcpClientExtensions.MessageLoopAsync: NotifyDataAvailable remoteEndPoint: 127.0.0.1:58781 localEndPoint: 127.0.0.1:58780
TpTrace Verbose: 0 : 15216, 15, 2024/01/10, 17:05:50.495, 21428427096846, vstest.console.dll, LengthPrefixCommunicationChannel.NotifyDataAvailable: New data are waiting to be received, but there is no subscriber to be notified. Not reading them from the stream.
TpTrace Verbose: 0 : 15216, 15, 2024/01/10, 17:05:50.495, 21428427097069, vstest.console.dll, TcpClientExtensions.MessageLoopAsync: Polling on remoteEndPoint: 127.0.0.1:58781 localEndPoint: 127.0.0.1:58780
TpTrace Verbose: 0 : 15216, 15, 2024/01/10, 17:05:50.495, 21428427097370, vstest.console.dll, TcpClientExtensions.MessageLoopAsync: NotifyDataAvailable remoteEndPoint: 127.0.0.1:58781 localEndPoint: 127.0.0.1:58780
TpTrace Verbose: 0 : 15216, 15, 2024/01/10, 17:05:50.495, 21428427097574, vstest.console.dll, LengthPrefixCommunicationChannel.NotifyDataAvailable: New data are waiting to be received, but there is no subscriber to be notified. Not reading them from the stream.
TpTrace Verbose: 0 : 15216, 15, 2024/01/10, 17:05:50.495, 21428427097757, vstest.console.dll, TcpClientExtensions.MessageLoopAsync: Polling on remoteEndPoint: 127.0.0.1:58781 localEndPoint: 127.0.0.1:58780
TpTrace Verbose: 0 : 15216, 15, 2024/01/10, 17:05:50.495, 21428427097962, vstest.console.dll, TcpClientExtensions.MessageLoopAsync: NotifyDataAvailable remoteEndPoint: 127.0.0.1:58781 localEndPoint: 127.0.0.1:58780
TpTrace Verbose: 0 : 15216, 15, 2024/01/10, 17:05:50.495, 21428427099945, vstest.console.dll, TestRequestSender.OnExecutionMessageReceived: Received message: {"Version":7,"MessageType":"TestSession.Message","Payload":{"MessageLevel":0,"Message":"Logging TestHost Diagnostics in file: C:\\Users\\Dragos\\Desktop\\dotnet\\Real-Estate-Property-Listing-Project\\Real_estate.Domain.Tests\\bin\\Debug\\net8.0\\fine-code-coverage\\coverage-tool-output\\diagnostics.host.24-01-10_17-05-50_27373_5.log"}}
TpTrace Verbose: 0 : 15216, 15, 2024/01/10, 17:05:50.497, 21428427117902, vstest.console.dll, TestRunRequest:SendTestRunMessage: Starting.
TpTrace Verbose: 0 : 15216, 15, 2024/01/10, 17:05:50.497, 21428427118886, vstest.console.dll, MulticastDelegateUtilities.SafeInvoke: TestRun.LogMessages: Invoking callback 1/1 for Microsoft.VisualStudio.TestPlatform.CommandLine.TestRunResultAggregator., took 0 ms.
TpTrace Information: 0 : 15216, 15, 2024/01/10, 17:05:50.497, 21428427119150, vstest.console.dll, TestRunRequest:SendTestRunMessage: Completed.
TpTrace Verbose: 0 : 15216, 4, 2024/01/10, 17:05:50.497, 21428427119152, vstest.console.dll, MulticastDelegateUtilities.SafeInvoke: InternalTestLoggerEvents.SendTestRunMessage: Invoking callback 1/1 for Microsoft.VisualStudio.TestPlatform.CommandLine.Internal.ConsoleLogger., took 0 ms.
TpTrace Verbose: 0 : 15216, 15, 2024/01/10, 17:05:50.497, 21428427119368, vstest.console.dll, MulticastDelegateUtilities.SafeInvoke: LengthPrefixCommunicationChannel: MessageReceived: Invoking callback 1/1 for Microsoft.VisualStudio.TestPlatform.CommunicationUtilities.TestRequestSender+<>c__DisplayClass34_0., took 2 ms.
TpTrace Verbose: 0 : 15216, 15, 2024/01/10, 17:05:50.497, 21428427120082, vstest.console.dll, TcpClientExtensions.MessageLoopAsync: Polling on remoteEndPoint: 127.0.0.1:58781 localEndPoint: 127.0.0.1:58780
TpTrace Verbose: 0 : 15216, 5, 2024/01/10, 17:05:50.499, 21428427137514, vstest.console.dll, TestRequestSender.StartTestRun: Sending test run with message: {"Version":7,"MessageType":"TestExecution.StartWithSources","Payload":{"AdapterSourceMap":{"_none_":["C:\\Users\\Dragos\\Desktop\\dotnet\\Real-Estate-Property-Listing-Project\\Real_estate.Domain.Tests\\bin\\Debug\\net8.0\\fine-code-coverage\\build-output\\Real_estate.Domain.Tests.dll"]},"RunSettings":"<RunSettings>\r\n  <RunConfiguration>\r\n    <ResultsDirectory>C:\\Users\\Dragos\\Desktop\\dotnet\\Real-Estate-Property-Listing-Project\\Real_estate.Domain.Tests\\bin\\Debug\\net8.0\\fine-code-coverage\\coverage-tool-output</ResultsDirectory>\r\n    <TargetFrameworkVersion>.NETCoreApp,Version=v8.0</TargetFrameworkVersion>\r\n    <DesignMode>False</DesignMode>\r\n    <CollectSourceInformation>False</CollectSourceInformation>\r\n  </RunConfiguration>\r\n  <LoggerRunSettings>\r\n    <Loggers>\r\n      <Logger friendlyName=\"blame\" enabled=\"True\" />\r\n      <Logger friendlyName=\"Console\" uri=\"logger://microsoft/TestPlatform/ConsoleLogger/v1\" assemblyQualifiedName=\"Microsoft.VisualStudio.TestPlatform.CommandLine.Internal.ConsoleLogger, vstest.console, Version=15.0.0.0, Culture=neutral, PublicKeyToken=b03f5f7f11d50a3a\" codeBase=\"C:\\Program Files\\dotnet\\sdk\\8.0.100\\vstest.console.dll\" enabled=\"True\" />\r\n    </Loggers>\r\n  </LoggerRunSettings>\r\n  <DataCollectionRunSettings>\r\n    <DataCollectors>\r\n      <DataCollector friendlyName=\"blame\" enabled=\"True\">\r\n        <Configuration>\r\n          <ResultsDirectory>C:\\Users\\Dragos\\Desktop\\dotnet\\Real-Estate-Property-Listing-Project\\Real_estate.Domain.Tests\\bin\\Debug\\net8.0\\fine-code-coverage\\coverage-tool-output</ResultsDirectory>\r\n        </Configuration>\r\n      </DataCollector>\r\n    </DataCollectors>\r\n  </DataCollectionRunSettings>\r\n</RunSettings>","TestExecutionContext":{"FrequencyOfRunStatsChangeEvent":10,"RunStatsChangeEventTimeout":"00:00:01.5000000","InIsolation":false,"KeepAlive":false,"AreTestCaseLevelEventsRequired":false,"IsDebug":false,"TestCaseFilter":null,"FilterOptions":null},"Package":null}}
TpTrace Verbose: 0 : 15216, 5, 2024/01/10, 17:05:50.499, 21428427138474, vstest.console.dll, ParallelProxyExecutionManager.StartTestRunOnConcurrentManager: Execution started. Started clients: 1
TpTrace Verbose: 0 : 15216, 15, 2024/01/10, 17:05:50.583, 21428427977902, vstest.console.dll, TcpClientExtensions.MessageLoopAsync: NotifyDataAvailable remoteEndPoint: 127.0.0.1:58781 localEndPoint: 127.0.0.1:58780
TpTrace Verbose: 0 : 15216, 15, 2024/01/10, 17:05:50.583, 21428427979360, vstest.console.dll, TestRequestSender.OnExecutionMessageReceived: Received message: {"Version":7,"MessageType":"TestSession.Message","Payload":{"MessageLevel":0,"Message":"[xUnit.net 00:00:00.00] xUnit.net VSTest Adapter v2.4.5+1caef2f33e (64-bit .NET 8.0.0)"}}
TpTrace Verbose: 0 : 15216, 15, 2024/01/10, 17:05:50.583, 21428427981271, vstest.console.dll, TestRunRequest:SendTestRunMessage: Starting.
TpTrace Verbose: 0 : 15216, 15, 2024/01/10, 17:05:50.583, 21428427981913, vstest.console.dll, MulticastDelegateUtilities.SafeInvoke: TestRun.LogMessages: Invoking callback 1/1 for Microsoft.VisualStudio.TestPlatform.CommandLine.TestRunResultAggregator., took 0 ms.
TpTrace Information: 0 : 15216, 15, 2024/01/10, 17:05:50.583, 21428427982166, vstest.console.dll, TestRunRequest:SendTestRunMessage: Completed.
TpTrace Verbose: 0 : 15216, 15, 2024/01/10, 17:05:50.583, 21428427982403, vstest.console.dll, MulticastDelegateUtilities.SafeInvoke: LengthPrefixCommunicationChannel: MessageReceived: Invoking callback 1/1 for Microsoft.VisualStudio.TestPlatform.CommunicationUtilities.TestRequestSender+<>c__DisplayClass34_0., took 0 ms.
TpTrace Verbose: 0 : 15216, 4, 2024/01/10, 17:05:50.583, 21428427982104, vstest.console.dll, MulticastDelegateUtilities.SafeInvoke: InternalTestLoggerEvents.SendTestRunMessage: Invoking callback 1/1 for Microsoft.VisualStudio.TestPlatform.CommandLine.Internal.ConsoleLogger., took 0 ms.
TpTrace Verbose: 0 : 15216, 15, 2024/01/10, 17:05:50.583, 21428427982639, vstest.console.dll, TcpClientExtensions.MessageLoopAsync: Polling on remoteEndPoint: 127.0.0.1:58781 localEndPoint: 127.0.0.1:58780
TpTrace Verbose: 0 : 15216, 15, 2024/01/10, 17:05:51.450, 21428436648222, vstest.console.dll, TcpClientExtensions.MessageLoopAsync: NotifyDataAvailable remoteEndPoint: 127.0.0.1:58781 localEndPoint: 127.0.0.1:58780
TpTrace Verbose: 0 : 15216, 15, 2024/01/10, 17:05:51.450, 21428436650813, vstest.console.dll, TestRequestSender.OnExecutionMessageReceived: Received message: {"Version":7,"MessageType":"TestSession.Message","Payload":{"MessageLevel":0,"Message":"[xUnit.net 00:00:00.86]   Discovering: Real_estate.Domain.Tests"}}
TpTrace Verbose: 0 : 15216, 15, 2024/01/10, 17:05:51.450, 21428436652211, vstest.console.dll, TestRunRequest:SendTestRunMessage: Starting.
TpTrace Verbose: 0 : 15216, 15, 2024/01/10, 17:05:51.450, 21428436652734, vstest.console.dll, MulticastDelegateUtilities.SafeInvoke: TestRun.LogMessages: Invoking callback 1/1 for Microsoft.VisualStudio.TestPlatform.CommandLine.TestRunResultAggregator., took 0 ms.
TpTrace Information: 0 : 15216, 15, 2024/01/10, 17:05:51.451, 21428436653008, vstest.console.dll, TestRunRequest:SendTestRunMessage: Completed.
TpTrace Verbose: 0 : 15216, 4, 2024/01/10, 17:05:51.451, 21428436652950, vstest.console.dll, MulticastDelegateUtilities.SafeInvoke: InternalTestLoggerEvents.SendTestRunMessage: Invoking callback 1/1 for Microsoft.VisualStudio.TestPlatform.CommandLine.Internal.ConsoleLogger., took 0 ms.
TpTrace Verbose: 0 : 15216, 15, 2024/01/10, 17:05:51.451, 21428436653251, vstest.console.dll, MulticastDelegateUtilities.SafeInvoke: LengthPrefixCommunicationChannel: MessageReceived: Invoking callback 1/1 for Microsoft.VisualStudio.TestPlatform.CommunicationUtilities.TestRequestSender+<>c__DisplayClass34_0., took 0 ms.
TpTrace Verbose: 0 : 15216, 15, 2024/01/10, 17:05:51.451, 21428436654078, vstest.console.dll, TcpClientExtensions.MessageLoopAsync: Polling on remoteEndPoint: 127.0.0.1:58781 localEndPoint: 127.0.0.1:58780
TpTrace Verbose: 0 : 15216, 15, 2024/01/10, 17:05:51.470, 21428436842819, vstest.console.dll, TcpClientExtensions.MessageLoopAsync: NotifyDataAvailable remoteEndPoint: 127.0.0.1:58781 localEndPoint: 127.0.0.1:58780
TpTrace Verbose: 0 : 15216, 15, 2024/01/10, 17:05:51.470, 21428436844347, vstest.console.dll, TestRequestSender.OnExecutionMessageReceived: Received message: {"Version":7,"MessageType":"TestSession.Message","Payload":{"MessageLevel":0,"Message":"[xUnit.net 00:00:00.88]   Discovered:  Real_estate.Domain.Tests"}}
TpTrace Verbose: 0 : 15216, 15, 2024/01/10, 17:05:51.470, 21428436845802, vstest.console.dll, TestRunRequest:SendTestRunMessage: Starting.
TpTrace Verbose: 0 : 15216, 15, 2024/01/10, 17:05:51.470, 21428436846368, vstest.console.dll, MulticastDelegateUtilities.SafeInvoke: TestRun.LogMessages: Invoking callback 1/1 for Microsoft.VisualStudio.TestPlatform.CommandLine.TestRunResultAggregator., took 0 ms.
TpTrace Verbose: 0 : 15216, 4, 2024/01/10, 17:05:51.470, 21428436846693, vstest.console.dll, MulticastDelegateUtilities.SafeInvoke: InternalTestLoggerEvents.SendTestRunMessage: Invoking callback 1/1 for Microsoft.VisualStudio.TestPlatform.CommandLine.Internal.ConsoleLogger., took 0 ms.
TpTrace Information: 0 : 15216, 15, 2024/01/10, 17:05:51.470, 21428436846744, vstest.console.dll, TestRunRequest:SendTestRunMessage: Completed.
TpTrace Verbose: 0 : 15216, 15, 2024/01/10, 17:05:51.470, 21428436847601, vstest.console.dll, MulticastDelegateUtilities.SafeInvoke: LengthPrefixCommunicationChannel: MessageReceived: Invoking callback 1/1 for Microsoft.VisualStudio.TestPlatform.CommunicationUtilities.TestRequestSender+<>c__DisplayClass34_0., took 0 ms.
TpTrace Verbose: 0 : 15216, 15, 2024/01/10, 17:05:51.470, 21428436847950, vstest.console.dll, TcpClientExtensions.MessageLoopAsync: Polling on remoteEndPoint: 127.0.0.1:58781 localEndPoint: 127.0.0.1:58780
TpTrace Verbose: 0 : 15216, 15, 2024/01/10, 17:05:51.471, 21428436858914, vstest.console.dll, TcpClientExtensions.MessageLoopAsync: NotifyDataAvailable remoteEndPoint: 127.0.0.1:58781 localEndPoint: 127.0.0.1:58780
TpTrace Verbose: 0 : 15216, 15, 2024/01/10, 17:05:51.471, 21428436859647, vstest.console.dll, TestRequestSender.OnExecutionMessageReceived: Received message: {"Version":7,"MessageType":"TestSession.Message","Payload":{"MessageLevel":0,"Message":"[xUnit.net 00:00:00.89]   Starting:    Real_estate.Domain.Tests"}}
TpTrace Verbose: 0 : 15216, 15, 2024/01/10, 17:05:51.471, 21428436860253, vstest.console.dll, TestRunRequest:SendTestRunMessage: Starting.
TpTrace Verbose: 0 : 15216, 15, 2024/01/10, 17:05:51.471, 21428436860596, vstest.console.dll, MulticastDelegateUtilities.SafeInvoke: TestRun.LogMessages: Invoking callback 1/1 for Microsoft.VisualStudio.TestPlatform.CommandLine.TestRunResultAggregator., took 0 ms.
TpTrace Verbose: 0 : 15216, 4, 2024/01/10, 17:05:51.471, 21428436860724, vstest.console.dll, MulticastDelegateUtilities.SafeInvoke: InternalTestLoggerEvents.SendTestRunMessage: Invoking callback 1/1 for Microsoft.VisualStudio.TestPlatform.CommandLine.Internal.ConsoleLogger., took 0 ms.
TpTrace Information: 0 : 15216, 15, 2024/01/10, 17:05:51.471, 21428436860813, vstest.console.dll, TestRunRequest:SendTestRunMessage: Completed.
TpTrace Verbose: 0 : 15216, 15, 2024/01/10, 17:05:51.471, 21428436861400, vstest.console.dll, MulticastDelegateUtilities.SafeInvoke: LengthPrefixCommunicationChannel: MessageReceived: Invoking callback 1/1 for Microsoft.VisualStudio.TestPlatform.CommunicationUtilities.TestRequestSender+<>c__DisplayClass34_0., took 0 ms.
TpTrace Verbose: 0 : 15216, 15, 2024/01/10, 17:05:51.471, 21428436861624, vstest.console.dll, TcpClientExtensions.MessageLoopAsync: Polling on remoteEndPoint: 127.0.0.1:58781 localEndPoint: 127.0.0.1:58780
TpTrace Verbose: 0 : 15216, 15, 2024/01/10, 17:05:51.598, 21428438124699, vstest.console.dll, TcpClientExtensions.MessageLoopAsync: NotifyDataAvailable remoteEndPoint: 127.0.0.1:58781 localEndPoint: 127.0.0.1:58780
TpTrace Verbose: 0 : 15216, 15, 2024/01/10, 17:05:51.598, 21428438127313, vstest.console.dll, TestRequestSender.OnExecutionMessageReceived: Received message: {"Version":7,"MessageType":"TestExecution.StatsChange","Payload":{"NewTestResults":[{"TestCase":{"Id":"ad616b12-2892-0c7c-ab00-d30dc4aef65c","FullyQualifiedName":"Real_estate.Domain.Tests.PropertyTests.Create_ValidInputWithDescription_ShouldCreatePropertyWithDescription","DisplayName":"Real_estate.Domain.Tests.PropertyTests.Create_ValidInputWithDescription_ShouldCreatePropertyWithDescription","ExecutorUri":"executor://xunit/VsTestRunner2/netcoreapp","Source":"C:\\Users\\Dragos\\Desktop\\dotnet\\Real-Estate-Property-Listing-Project\\Real_estate.Domain.Tests\\bin\\Debug\\net8.0\\fine-code-coverage\\build-output\\Real_estate.Domain.Tests.dll","CodeFilePath":null,"LineNumber":0,"Properties":[]},"Attachments":[],"Outcome":1,"ErrorMessage":null,"ErrorStackTrace":null,"DisplayName":"Real_estate.Domain.Tests.PropertyTests.Create_ValidInputWithDescription_ShouldCreatePropertyWithDescription","Messages":[],"ComputerName":"DESKTOP-0DQ1GM5","Duration":"00:00:00.0069641","StartTime":"2024-01-10T15:05:51.5134388+00:00","EndTime":"2024-01-10T15:05:51.5134517+00:00","Properties":[]},{"TestCase":{"Id":"7a99b05e-855f-ff46-276c-93c837bd45ae","FullyQualifiedName":"Real_estate.Domain.Tests.PropertyTests.Create_ValidInput_ShouldCreateProperty","DisplayName":"Real_estate.Domain.Tests.PropertyTests.Create_ValidInput_ShouldCreateProperty","ExecutorUri":"executor://xunit/VsTestRunner2/netcoreapp","Source":"C:\\Users\\Dragos\\Desktop\\dotnet\\Real-Estate-Property-Listing-Project\\Real_estate.Domain.Tests\\bin\\Debug\\net8.0\\fine-code-coverage\\build-output\\Real_estate.Domain.Tests.dll","CodeFilePath":null,"LineNumber":0,"Properties":[]},"Attachments":[],"Outcome":1,"ErrorMessage":null,"ErrorStackTrace":null,"DisplayName":"Real_estate.Domain.Tests.PropertyTests.Create_ValidInput_ShouldCreateProperty","Messages":[],"ComputerName":"DESKTOP-0DQ1GM5","Duration":"00:00:00.0009751","StartTime":"2024-01-10T15:05:51.5271094+00:00","EndTime":"2024-01-10T15:05:51.5271096+00:00","Properties":[]},{"TestCase":{"Id":"13b8da76-98e1-9c9b-4bc8-84ea3cb89dcb","FullyQualifiedName":"Real_estate.Domain.Tests.PropertyTests.Create_InvalidUsername_ShouldReturnFailure","DisplayName":"Real_estate.Domain.Tests.PropertyTests.Create_InvalidUsername_ShouldReturnFailure","ExecutorUri":"executor://xunit/VsTestRunner2/netcoreapp","Source":"C:\\Users\\Dragos\\Desktop\\dotnet\\Real-Estate-Property-Listing-Project\\Real_estate.Domain.Tests\\bin\\Debug\\net8.0\\fine-code-coverage\\build-output\\Real_estate.Domain.Tests.dll","CodeFilePath":null,"LineNumber":0,"Properties":[]},"Attachments":[],"Outcome":1,"ErrorMessage":null,"ErrorStackTrace":null,"DisplayName":"Real_estate.Domain.Tests.PropertyTests.Create_InvalidUsername_ShouldReturnFailure","Messages":[],"ComputerName":"DESKTOP-0DQ1GM5","Duration":"00:00:00.0002339","StartTime":"2024-01-10T15:05:51.5291253+00:00","EndTime":"2024-01-10T15:05:51.5291254+00:00","Properties":[]},{"TestCase":{"Id":"e56e85f9-1543-72cc-444a-23c250767515","FullyQualifiedName":"Real_estate.Domain.Tests.ListingTests.CreateListing_PropertyNotFound_ShouldReturnValidationError","DisplayName":"Real_estate.Domain.Tests.ListingTests.CreateListing_PropertyNotFound_ShouldReturnValidationError","ExecutorUri":"executor://xunit/VsTestRunner2/netcoreapp","Source":"C:\\Users\\Dragos\\Desktop\\dotnet\\Real-Estate-Property-Listing-Project\\Real_estate.Domain.Tests\\bin\\Debug\\net8.0\\fine-code-coverage\\build-output\\Real_estate.Domain.Tests.dll","CodeFilePath":null,"LineNumber":0,"Properties":[]},"Attachments":[],"Outcome":1,"ErrorMessage":null,"ErrorStackTrace":null,"DisplayName":"Real_estate.Domain.Tests.ListingTests.CreateListing_PropertyNotFound_ShouldReturnValidationError","Messages":[],"ComputerName":"DESKTOP-0DQ1GM5","Duration":"00:00:00.0740241","StartTime":"2024-01-10T15:05:51.5740057+00:00","EndTime":"2024-01-10T15:05:51.5740059+00:00","Properties":[]},{"TestCase":{"Id":"5e74f5e9-a4f2-6f66-004d-004ff5fb5035","FullyQualifiedName":"Real_estate.Domain.Tests.PropertyTests.Handle_UserNotFound_ShouldReturnValidationError","DisplayName":"Real_estate.Domain.Tests.PropertyTests.Handle_UserNotFound_ShouldReturnValidationError","ExecutorUri":"executor://xunit/VsTestRunner2/netcoreapp","Source":"C:\\Users\\Dragos\\Desktop\\dotnet\\Real-Estate-Property-Listing-Project\\Real_estate.Domain.Tests\\bin\\Debug\\net8.0\\fine-code-coverage\\build-output\\Real_estate.Domain.Tests.dll","CodeFilePath":null,"LineNumber":0,"Properties":[]},"Attachments":[],"Outcome":1,"ErrorMessage":null,"ErrorStackTrace":null,"DisplayName":"Real_estate.Domain.Tests.PropertyTests.Handle_UserNotFound_ShouldReturnValidationError","Messages":[],"ComputerName":"DESKTOP-0DQ1GM5","Duration":"00:00:00.0656063","StartTime":"2024-01-10T15:05:51.5759901+00:00","EndTime":"2024-01-10T15:05:51.5759902+00:00","Properties":[]},{"TestCase":{"Id":"0189016b-3986-1e7c-47d3-3716acc1fdea","FullyQualifiedName":"Real_estate.Domain.Tests.PropertyTests.Create_InvalidSize_ShouldReturnFailure","DisplayName":"Real_estate.Domain.Tests.PropertyTests.Create_InvalidSize_ShouldReturnFailure","ExecutorUri":"executor://xunit/VsTestRunner2/netcoreapp","Source":"C:\\Users\\Dragos\\Desktop\\dotnet\\Real-Estate-Property-Listing-Project\\Real_estate.Domain.Tests\\bin\\Debug\\net8.0\\fine-code-coverage\\build-output\\Real_estate.Domain.Tests.dll","CodeFilePath":null,"LineNumber":0,"Properties":[]},"Attachments":[],"Outcome":1,"ErrorMessage":null,"ErrorStackTrace":null,"DisplayName":"Real_estate.Domain.Tests.PropertyTests.Create_InvalidSize_ShouldReturnFailure","Messages":[],"ComputerName":"DESKTOP-0DQ1GM5","Duration":"00:00:00.0003797","StartTime":"2024-01-10T15:05:51.577315+00:00","EndTime":"2024-01-10T15:05:51.577315+00:00","Properties":[]},{"TestCase":{"Id":"4f8a706d-7147-57b0-a287-a0aabe1e8427","FullyQualifiedName":"Real_estate.Domain.Tests.PropertyTests.Create_InvalidPrice_ShouldReturnFailure","DisplayName":"Real_estate.Domain.Tests.PropertyTests.Create_InvalidPrice_ShouldReturnFailure","ExecutorUri":"executor://xunit/VsTestRunner2/netcoreapp","Source":"C:\\Users\\Dragos\\Desktop\\dotnet\\Real-Estate-Property-Listing-Project\\Real_estate.Domain.Tests\\bin\\Debug\\net8.0\\fine-code-coverage\\build-output\\Real_estate.Domain.Tests.dll","CodeFilePath":null,"LineNumber":0,"Properties":[]},"Attachments":[],"Outcome":1,"ErrorMessage":null,"ErrorStackTrace":null,"DisplayName":"Real_estate.Domain.Tests.PropertyTests.Create_InvalidPrice_ShouldReturnFailure","Messages":[],"ComputerName":"DESKTOP-0DQ1GM5","Duration":"00:00:00.0001170","StartTime":"2024-01-10T15:05:51.5786312+00:00","EndTime":"2024-01-10T15:05:51.5786313+00:00","Properties":[]},{"TestCase":{"Id":"e8b4e620-b098-49e6-6ae7-5c781c5ffda7","FullyQualifiedName":"Real_estate.Domain.Tests.ListingTests.CreateListing_InvalidCommand_ShouldReturnValidationErrors","DisplayName":"Real_estate.Domain.Tests.ListingTests.CreateListing_InvalidCommand_ShouldReturnValidationErrors","ExecutorUri":"executor://xunit/VsTestRunner2/netcoreapp","Source":"C:\\Users\\Dragos\\Desktop\\dotnet\\Real-Estate-Property-Listing-Project\\Real_estate.Domain.Tests\\bin\\Debug\\net8.0\\fine-code-coverage\\build-output\\Real_estate.Domain.Tests.dll","CodeFilePath":null,"LineNumber":0,"Properties":[]},"Attachments":[],"Outcome":1,"ErrorMessage":null,"ErrorStackTrace":null,"DisplayName":"Real_estate.Domain.Tests.ListingTests.CreateListing_InvalidCommand_ShouldReturnValidationErrors","Messages":[],"ComputerName":"DESKTOP-0DQ1GM5","Duration":"00:00:00.0019835","StartTime":"2024-01-10T15:05:51.5800434+00:00","EndTime":"2024-01-10T15:05:51.5800435+00:00","Properties":[]}],"TestRunStatistics":{"ExecutedTests":8,"Stats":{"Passed":8}},"ActiveTests":[{"Id":"43260d60-5f04-a9bc-4ec9-606d35854340","FullyQualifiedName":"Real_estate.Domain.Tests.PropertyTests.Handle_InvalidCommand_ShouldReturnValidationErrors","DisplayName":"Real_estate.Domain.Tests.PropertyTests.Handle_InvalidCommand_ShouldReturnValidationErrors","ExecutorUri":"executor://xunit/VsTestRunner2/netcoreapp","Source":"C:\\Users\\Dragos\\Desktop\\dotnet\\Real-Estate-Property-Listing-Project\\Real_estate.Domain.Tests\\bin\\Debug\\net8.0\\fine-code-coverage\\build-output\\Real_estate.Domain.Tests.dll","CodeFilePath":null,"LineNumber":0,"Properties":[]},{"Id":"d1d559f2-af82-65e9-fb64-56e275f016f2","FullyQualifiedName":"Real_estate.Domain.Tests.ListingTests.WhenCreateListingIsCalled_And_UsernameIsInvalid_Then_FailureIsReturned","DisplayName":"Real_estate.Domain.Tests.ListingTests.WhenCreateListingIsCalled_And_UsernameIsInvalid_Then_FailureIsReturned","ExecutorUri":"executor://xunit/VsTestRunner2/netcoreapp","Source":"C:\\Users\\Dragos\\Desktop\\dotnet\\Real-Estate-Property-Listing-Project\\Real_estate.Domain.Tests\\bin\\Debug\\net8.0\\fine-code-coverage\\build-output\\Real_estate.Domain.Tests.dll","CodeFilePath":null,"LineNumber":0,"Properties":[]}]}}
TpTrace Verbose: 0 : 15216, 15, 2024/01/10, 17:05:51.612, 21428438271859, vstest.console.dll, TestRunRequest:SendTestRunStatsChange: Starting.
TpTrace Verbose: 0 : 15216, 15, 2024/01/10, 17:05:51.613, 21428438273050, vstest.console.dll, InProgress is Real_estate.Domain.Tests.PropertyTests.Handle_InvalidCommand_ShouldReturnValidationErrors
TpTrace Verbose: 0 : 15216, 15, 2024/01/10, 17:05:51.613, 21428438273322, vstest.console.dll, InProgress is Real_estate.Domain.Tests.ListingTests.WhenCreateListingIsCalled_And_UsernameIsInvalid_Then_FailureIsReturned
TpTrace Verbose: 0 : 15216, 15, 2024/01/10, 17:05:51.613, 21428438274944, vstest.console.dll, MulticastDelegateUtilities.SafeInvoke: TestRun.RunStatsChanged: Invoking callbacks was skipped because there are no subscribers.
TpTrace Information: 0 : 15216, 15, 2024/01/10, 17:05:51.613, 21428438275423, vstest.console.dll, TestRunRequest:SendTestRunStatsChange: Completed.
TpTrace Verbose: 0 : 15216, 15, 2024/01/10, 17:05:51.613, 21428438275634, vstest.console.dll, MulticastDelegateUtilities.SafeInvoke: LengthPrefixCommunicationChannel: MessageReceived: Invoking callback 1/1 for Microsoft.VisualStudio.TestPlatform.CommunicationUtilities.TestRequestSender+<>c__DisplayClass34_0., took 14 ms.
TpTrace Verbose: 0 : 15216, 15, 2024/01/10, 17:05:51.613, 21428438275858, vstest.console.dll, TcpClientExtensions.MessageLoopAsync: Polling on remoteEndPoint: 127.0.0.1:58781 localEndPoint: 127.0.0.1:58780
TpTrace Verbose: 0 : 15216, 15, 2024/01/10, 17:05:51.613, 21428438276183, vstest.console.dll, TcpClientExtensions.MessageLoopAsync: NotifyDataAvailable remoteEndPoint: 127.0.0.1:58781 localEndPoint: 127.0.0.1:58780
TpTrace Verbose: 0 : 15216, 15, 2024/01/10, 17:05:51.613, 21428438277399, vstest.console.dll, TestRequestSender.OnExecutionMessageReceived: Received message: {"Version":7,"MessageType":"TestExecution.StatsChange","Payload":{"NewTestResults":[{"TestCase":{"Id":"d1d559f2-af82-65e9-fb64-56e275f016f2","FullyQualifiedName":"Real_estate.Domain.Tests.ListingTests.WhenCreateListingIsCalled_And_UsernameIsInvalid_Then_FailureIsReturned","DisplayName":"Real_estate.Domain.Tests.ListingTests.WhenCreateListingIsCalled_And_UsernameIsInvalid_Then_FailureIsReturned","ExecutorUri":"executor://xunit/VsTestRunner2/netcoreapp","Source":"C:\\Users\\Dragos\\Desktop\\dotnet\\Real-Estate-Property-Listing-Project\\Real_estate.Domain.Tests\\bin\\Debug\\net8.0\\fine-code-coverage\\build-output\\Real_estate.Domain.Tests.dll","CodeFilePath":null,"LineNumber":0,"Properties":[]},"Attachments":[],"Outcome":1,"ErrorMessage":null,"ErrorStackTrace":null,"DisplayName":"Real_estate.Domain.Tests.ListingTests.WhenCreateListingIsCalled_And_UsernameIsInvalid_Then_FailureIsReturned","Messages":[],"ComputerName":"DESKTOP-0DQ1GM5","Duration":"00:00:00.0004020","StartTime":"2024-01-10T15:05:51.5993031+00:00","EndTime":"2024-01-10T15:05:51.5993031+00:00","Properties":[]},{"TestCase":{"Id":"1a9f5571-48a0-322c-9367-03d9e94723d5","FullyQualifiedName":"Real_estate.Domain.Tests.ListingTests.WhenCreateListingIsCalled_And_DescrptionIsInvalid_Then_FailureIsReturned","DisplayName":"Real_estate.Domain.Tests.ListingTests.WhenCreateListingIsCalled_And_DescrptionIsInvalid_Then_FailureIsReturned","ExecutorUri":"executor://xunit/VsTestRunner2/netcoreapp","Source":"C:\\Users\\Dragos\\Desktop\\dotnet\\Real-Estate-Property-Listing-Project\\Real_estate.Domain.Tests\\bin\\Debug\\net8.0\\fine-code-coverage\\build-output\\Real_estate.Domain.Tests.dll","CodeFilePath":null,"LineNumber":0,"Properties":[]},"Attachments":[],"Outcome":1,"ErrorMessage":null,"ErrorStackTrace":null,"DisplayName":"Real_estate.Domain.Tests.ListingTests.WhenCreateListingIsCalled_And_DescrptionIsInvalid_Then_FailureIsReturned","Messages":[],"ComputerName":"DESKTOP-0DQ1GM5","Duration":"00:00:00.0001094","StartTime":"2024-01-10T15:05:51.6011111+00:00","EndTime":"2024-01-10T15:05:51.6011112+00:00","Properties":[]},{"TestCase":{"Id":"43260d60-5f04-a9bc-4ec9-606d35854340","FullyQualifiedName":"Real_estate.Domain.Tests.PropertyTests.Handle_InvalidCommand_ShouldReturnValidationErrors","DisplayName":"Real_estate.Domain.Tests.PropertyTests.Handle_InvalidCommand_ShouldReturnValidationErrors","ExecutorUri":"executor://xunit/VsTestRunner2/netcoreapp","Source":"C:\\Users\\Dragos\\Desktop\\dotnet\\Real-Estate-Property-Listing-Project\\Real_estate.Domain.Tests\\bin\\Debug\\net8.0\\fine-code-coverage\\build-output\\Real_estate.Domain.Tests.dll","CodeFilePath":null,"LineNumber":0,"Properties":[]},"Attachments":[],"Outcome":1,"ErrorMessage":null,"ErrorStackTrace":null,"DisplayName":"Real_estate.Domain.Tests.PropertyTests.Handle_InvalidCommand_ShouldReturnValidationErrors","Messages":[],"ComputerName":"DESKTOP-0DQ1GM5","Duration":"00:00:00.0008323","StartTime":"2024-01-10T15:05:51.602494+00:00","EndTime":"2024-01-10T15:05:51.6024941+00:00","Properties":[]},{"TestCase":{"Id":"d6406b56-9218-158f-6c3c-755453b6e3c8","FullyQualifiedName":"Real_estate.Domain.Tests.PropertyTests.Create_InvalidNumberOfBedrooms_ShouldReturnFailure","DisplayName":"Real_estate.Domain.Tests.PropertyTests.Create_InvalidNumberOfBedrooms_ShouldReturnFailure","ExecutorUri":"executor://xunit/VsTestRunner2/netcoreapp","Source":"C:\\Users\\Dragos\\Desktop\\dotnet\\Real-Estate-Property-Listing-Project\\Real_estate.Domain.Tests\\bin\\Debug\\net8.0\\fine-code-coverage\\build-output\\Real_estate.Domain.Tests.dll","CodeFilePath":null,"LineNumber":0,"Properties":[]},"Attachments":[],"Outcome":1,"ErrorMessage":null,"ErrorStackTrace":null,"DisplayName":"Real_estate.Domain.Tests.PropertyTests.Create_InvalidNumberOfBedrooms_ShouldReturnFailure","Messages":[],"ComputerName":"DESKTOP-0DQ1GM5","Duration":"00:00:00.0001249","StartTime":"2024-01-10T15:05:51.6037847+00:00","EndTime":"2024-01-10T15:05:51.6037848+00:00","Properties":[]},{"TestCase":{"Id":"c6897fa5-793f-9eed-eaaf-24da6abc117e","FullyQualifiedName":"Real_estate.Domain.Tests.ListingTests.WhenCreateListingIsCalled_And_AllParametersAreValid_Then_SuccesIsReturned","DisplayName":"Real_estate.Domain.Tests.ListingTests.WhenCreateListingIsCalled_And_AllParametersAreValid_Then_SuccesIsReturned","ExecutorUri":"executor://xunit/VsTestRunner2/netcoreapp","Source":"C:\\Users\\Dragos\\Desktop\\dotnet\\Real-Estate-Property-Listing-Project\\Real_estate.Domain.Tests\\bin\\Debug\\net8.0\\fine-code-coverage\\build-output\\Real_estate.Domain.Tests.dll","CodeFilePath":null,"LineNumber":0,"Properties":[]},"Attachments":[],"Outcome":1,"ErrorMessage":null,"ErrorStackTrace":null,"DisplayName":"Real_estate.Domain.Tests.ListingTests.WhenCreateListingIsCalled_And_AllParametersAreValid_Then_SuccesIsReturned","Messages":[],"ComputerName":"DESKTOP-0DQ1GM5","Duration":"00:00:00.0003897","StartTime":"2024-01-10T15:05:51.6051288+00:00","EndTime":"2024-01-10T15:05:51.6051288+00:00","Properties":[]},{"TestCase":{"Id":"00eb5d96-6969-139f-5079-36755f585531","FullyQualifiedName":"Real_estate.Domain.Tests.PropertyTests.Create_InvalidAddress_ShouldReturnFailure","DisplayName":"Real_estate.Domain.Tests.PropertyTests.Create_InvalidAddress_ShouldReturnFailure","ExecutorUri":"executor://xunit/VsTestRunner2/netcoreapp","Source":"C:\\Users\\Dragos\\Desktop\\dotnet\\Real-Estate-Property-Listing-Project\\Real_estate.Domain.Tests\\bin\\Debug\\net8.0\\fine-code-coverage\\build-output\\Real_estate.Domain.Tests.dll","CodeFilePath":null,"LineNumber":0,"Properties":[]},"Attachments":[],"Outcome":1,"ErrorMessage":null,"ErrorStackTrace":null,"DisplayName":"Real_estate.Domain.Tests.PropertyTests.Create_InvalidAddress_ShouldReturnFailure","Messages":[],"ComputerName":"DESKTOP-0DQ1GM5","Duration":"00:00:00.0000938","StartTime":"2024-01-10T15:05:51.6064192+00:00","EndTime":"2024-01-10T15:05:51.6064193+00:00","Properties":[]},{"TestCase":{"Id":"ab544ee7-06f6-bea1-132c-67dbb72ece6f","FullyQualifiedName":"Real_estate.Domain.Tests.ListingTests.WhenCreateListingIsCalled_And_PriceIsInvalid_Then_FailureIsReturned","DisplayName":"Real_estate.Domain.Tests.ListingTests.WhenCreateListingIsCalled_And_PriceIsInvalid_Then_FailureIsReturned","ExecutorUri":"executor://xunit/VsTestRunner2/netcoreapp","Source":"C:\\Users\\Dragos\\Desktop\\dotnet\\Real-Estate-Property-Listing-Project\\Real_estate.Domain.Tests\\bin\\Debug\\net8.0\\fine-code-coverage\\build-output\\Real_estate.Domain.Tests.dll","CodeFilePath":null,"LineNumber":0,"Properties":[]},"Attachments":[],"Outcome":1,"ErrorMessage":null,"ErrorStackTrace":null,"DisplayName":"Real_estate.Domain.Tests.ListingTests.WhenCreateListingIsCalled_And_PriceIsInvalid_Then_FailureIsReturned","Messages":[],"ComputerName":"DESKTOP-0DQ1GM5","Duration":"00:00:00.0000998","StartTime":"2024-01-10T15:05:51.608068+00:00","EndTime":"2024-01-10T15:05:51.608068+00:00","Properties":[]},{"TestCase":{"Id":"32ddc7ac-ab0a-9837-ffe9-d4d1f3d5b1aa","FullyQualifiedName":"Real_estate.Domain.Tests.ListingTests.WhenCreateListingIsCalled_And_PropertyNameIsInvalid_Then_FailureIsReturned","DisplayName":"Real_estate.Domain.Tests.ListingTests.WhenCreateListingIsCalled_And_PropertyNameIsInvalid_Then_FailureIsReturned","ExecutorUri":"executor://xunit/VsTestRunner2/netcoreapp","Source":"C:\\Users\\Dragos\\Desktop\\dotnet\\Real-Estate-Property-Listing-Project\\Real_estate.Domain.Tests\\bin\\Debug\\net8.0\\fine-code-coverage\\build-output\\Real_estate.Domain.Tests.dll","CodeFilePath":null,"LineNumber":0,"Properties":[]},"Attachments":[],"Outcome":1,"ErrorMessage":null,"ErrorStackTrace":null,"DisplayName":"Real_estate.Domain.Tests.ListingTests.WhenCreateListingIsCalled_And_PropertyNameIsInvalid_Then_FailureIsReturned","Messages":[],"ComputerName":"DESKTOP-0DQ1GM5","Duration":"00:00:00.0000940","StartTime":"2024-01-10T15:05:51.6094668+00:00","EndTime":"2024-01-10T15:05:51.6094669+00:00","Properties":[]}],"TestRunStatistics":{"ExecutedTests":16,"Stats":{"Passed":16}},"ActiveTests":[{"Id":"1b1227a5-f14f-b5dd-6925-7a18e626b78f","FullyQualifiedName":"Real_estate.Domain.Tests.PropertyTests.Handle_ValidCommand_ShouldCreateProperty","DisplayName":"Real_estate.Domain.Tests.PropertyTests.Handle_ValidCommand_ShouldCreateProperty","ExecutorUri":"executor://xunit/VsTestRunner2/netcoreapp","Source":"C:\\Users\\Dragos\\Desktop\\dotnet\\Real-Estate-Property-Listing-Project\\Real_estate.Domain.Tests\\bin\\Debug\\net8.0\\fine-code-coverage\\build-output\\Real_estate.Domain.Tests.dll","CodeFilePath":null,"LineNumber":0,"Properties":[]},{"Id":"1c73aadd-ec14-63a1-c942-5652124aeaac","FullyQualifiedName":"Real_estate.Domain.Tests.ListingTests.WhenUpdateStatusListingIsCalled_And_StatusIsValid_Then_UpdateSatus","DisplayName":"Real_estate.Domain.Tests.ListingTests.WhenUpdateStatusListingIsCalled_And_StatusIsValid_Then_UpdateSatus","ExecutorUri":"executor://xunit/VsTestRunner2/netcoreapp","Source":"C:\\Users\\Dragos\\Desktop\\dotnet\\Real-Estate-Property-Listing-Project\\Real_estate.Domain.Tests\\bin\\Debug\\net8.0\\fine-code-coverage\\build-output\\Real_estate.Domain.Tests.dll","CodeFilePath":null,"LineNumber":0,"Properties":[]}]}}
TpTrace Verbose: 0 : 15216, 15, 2024/01/10, 17:05:51.614, 21428438286422, vstest.console.dll, TestRunRequest:SendTestRunStatsChange: Starting.
TpTrace Verbose: 0 : 15216, 15, 2024/01/10, 17:05:51.614, 21428438286874, vstest.console.dll, InProgress is Real_estate.Domain.Tests.PropertyTests.Handle_ValidCommand_ShouldCreateProperty
TpTrace Verbose: 0 : 15216, 15, 2024/01/10, 17:05:51.614, 21428438287069, vstest.console.dll, InProgress is Real_estate.Domain.Tests.ListingTests.WhenUpdateStatusListingIsCalled_And_StatusIsValid_Then_UpdateSatus
TpTrace Verbose: 0 : 15216, 15, 2024/01/10, 17:05:51.614, 21428438287413, vstest.console.dll, MulticastDelegateUtilities.SafeInvoke: TestRun.RunStatsChanged: Invoking callbacks was skipped because there are no subscribers.
TpTrace Information: 0 : 15216, 15, 2024/01/10, 17:05:51.614, 21428438287649, vstest.console.dll, TestRunRequest:SendTestRunStatsChange: Completed.
TpTrace Verbose: 0 : 15216, 15, 2024/01/10, 17:05:51.614, 21428438287832, vstest.console.dll, MulticastDelegateUtilities.SafeInvoke: LengthPrefixCommunicationChannel: MessageReceived: Invoking callback 1/1 for Microsoft.VisualStudio.TestPlatform.CommunicationUtilities.TestRequestSender+<>c__DisplayClass34_0., took 1 ms.
TpTrace Verbose: 0 : 15216, 15, 2024/01/10, 17:05:51.614, 21428438288018, vstest.console.dll, TcpClientExtensions.MessageLoopAsync: Polling on remoteEndPoint: 127.0.0.1:58781 localEndPoint: 127.0.0.1:58780
TpTrace Verbose: 0 : 15216, 4, 2024/01/10, 17:05:51.615, 21428438295203, vstest.console.dll, MulticastDelegateUtilities.SafeInvoke: InternalTestLoggerEvents.SendTestResult: Invoking callback 1/1 for Microsoft.VisualStudio.TestPlatform.CommandLine.Internal.ConsoleLogger., took 2 ms.
TpTrace Verbose: 0 : 15216, 4, 2024/01/10, 17:05:51.615, 21428438297285, vstest.console.dll, MulticastDelegateUtilities.SafeInvoke: InternalTestLoggerEvents.SendTestResult: Invoking callback 1/1 for Microsoft.VisualStudio.TestPlatform.CommandLine.Internal.ConsoleLogger., took 0 ms.
TpTrace Verbose: 0 : 15216, 4, 2024/01/10, 17:05:51.615, 21428438297759, vstest.console.dll, MulticastDelegateUtilities.SafeInvoke: InternalTestLoggerEvents.SendTestResult: Invoking callback 1/1 for Microsoft.VisualStudio.TestPlatform.CommandLine.Internal.ConsoleLogger., took 0 ms.
TpTrace Verbose: 0 : 15216, 4, 2024/01/10, 17:05:51.615, 21428438298085, vstest.console.dll, MulticastDelegateUtilities.SafeInvoke: InternalTestLoggerEvents.SendTestResult: Invoking callback 1/1 for Microsoft.VisualStudio.TestPlatform.CommandLine.Internal.ConsoleLogger., took 0 ms.
TpTrace Verbose: 0 : 15216, 4, 2024/01/10, 17:05:51.615, 21428438298459, vstest.console.dll, MulticastDelegateUtilities.SafeInvoke: InternalTestLoggerEvents.SendTestResult: Invoking callback 1/1 for Microsoft.VisualStudio.TestPlatform.CommandLine.Internal.ConsoleLogger., took 0 ms.
TpTrace Verbose: 0 : 15216, 4, 2024/01/10, 17:05:51.615, 21428438298762, vstest.console.dll, MulticastDelegateUtilities.SafeInvoke: InternalTestLoggerEvents.SendTestResult: Invoking callback 1/1 for Microsoft.VisualStudio.TestPlatform.CommandLine.Internal.ConsoleLogger., took 0 ms.
TpTrace Verbose: 0 : 15216, 4, 2024/01/10, 17:05:51.615, 21428438299043, vstest.console.dll, MulticastDelegateUtilities.SafeInvoke: InternalTestLoggerEvents.SendTestResult: Invoking callback 1/1 for Microsoft.VisualStudio.TestPlatform.CommandLine.Internal.ConsoleLogger., took 0 ms.
TpTrace Verbose: 0 : 15216, 4, 2024/01/10, 17:05:51.615, 21428438299406, vstest.console.dll, MulticastDelegateUtilities.SafeInvoke: InternalTestLoggerEvents.SendTestResult: Invoking callback 1/1 for Microsoft.VisualStudio.TestPlatform.CommandLine.Internal.ConsoleLogger., took 0 ms.
TpTrace Verbose: 0 : 15216, 4, 2024/01/10, 17:05:51.615, 21428438299745, vstest.console.dll, MulticastDelegateUtilities.SafeInvoke: InternalTestLoggerEvents.SendTestResult: Invoking callback 1/1 for Microsoft.VisualStudio.TestPlatform.CommandLine.Internal.ConsoleLogger., took 0 ms.
TpTrace Verbose: 0 : 15216, 4, 2024/01/10, 17:05:51.615, 21428438300061, vstest.console.dll, MulticastDelegateUtilities.SafeInvoke: InternalTestLoggerEvents.SendTestResult: Invoking callback 1/1 for Microsoft.VisualStudio.TestPlatform.CommandLine.Internal.ConsoleLogger., took 0 ms.
TpTrace Verbose: 0 : 15216, 4, 2024/01/10, 17:05:51.615, 21428438300332, vstest.console.dll, MulticastDelegateUtilities.SafeInvoke: InternalTestLoggerEvents.SendTestResult: Invoking callback 1/1 for Microsoft.VisualStudio.TestPlatform.CommandLine.Internal.ConsoleLogger., took 0 ms.
TpTrace Verbose: 0 : 15216, 4, 2024/01/10, 17:05:51.615, 21428438300844, vstest.console.dll, MulticastDelegateUtilities.SafeInvoke: InternalTestLoggerEvents.SendTestResult: Invoking callback 1/1 for Microsoft.VisualStudio.TestPlatform.CommandLine.Internal.ConsoleLogger., took 0 ms.
TpTrace Verbose: 0 : 15216, 4, 2024/01/10, 17:05:51.616, 21428438307474, vstest.console.dll, MulticastDelegateUtilities.SafeInvoke: InternalTestLoggerEvents.SendTestResult: Invoking callback 1/1 for Microsoft.VisualStudio.TestPlatform.CommandLine.Internal.ConsoleLogger., took 0 ms.
TpTrace Verbose: 0 : 15216, 4, 2024/01/10, 17:05:51.616, 21428438308328, vstest.console.dll, MulticastDelegateUtilities.SafeInvoke: InternalTestLoggerEvents.SendTestResult: Invoking callback 1/1 for Microsoft.VisualStudio.TestPlatform.CommandLine.Internal.ConsoleLogger., took 0 ms.
TpTrace Verbose: 0 : 15216, 4, 2024/01/10, 17:05:51.616, 21428438308743, vstest.console.dll, MulticastDelegateUtilities.SafeInvoke: InternalTestLoggerEvents.SendTestResult: Invoking callback 1/1 for Microsoft.VisualStudio.TestPlatform.CommandLine.Internal.ConsoleLogger., took 0 ms.
TpTrace Verbose: 0 : 15216, 4, 2024/01/10, 17:05:51.616, 21428438309295, vstest.console.dll, MulticastDelegateUtilities.SafeInvoke: InternalTestLoggerEvents.SendTestResult: Invoking callback 1/1 for Microsoft.VisualStudio.TestPlatform.CommandLine.Internal.ConsoleLogger., took 0 ms.
TpTrace Verbose: 0 : 15216, 15, 2024/01/10, 17:05:51.625, 21428438393614, vstest.console.dll, TcpClientExtensions.MessageLoopAsync: NotifyDataAvailable remoteEndPoint: 127.0.0.1:58781 localEndPoint: 127.0.0.1:58780
TpTrace Verbose: 0 : 15216, 15, 2024/01/10, 17:05:51.625, 21428438396058, vstest.console.dll, TestRequestSender.OnExecutionMessageReceived: Received message: {"Version":7,"MessageType":"TestExecution.StatsChange","Payload":{"NewTestResults":[{"TestCase":{"Id":"1c73aadd-ec14-63a1-c942-5652124aeaac","FullyQualifiedName":"Real_estate.Domain.Tests.ListingTests.WhenUpdateStatusListingIsCalled_And_StatusIsValid_Then_UpdateSatus","DisplayName":"Real_estate.Domain.Tests.ListingTests.WhenUpdateStatusListingIsCalled_And_StatusIsValid_Then_UpdateSatus","ExecutorUri":"executor://xunit/VsTestRunner2/netcoreapp","Source":"C:\\Users\\Dragos\\Desktop\\dotnet\\Real-Estate-Property-Listing-Project\\Real_estate.Domain.Tests\\bin\\Debug\\net8.0\\fine-code-coverage\\build-output\\Real_estate.Domain.Tests.dll","CodeFilePath":null,"LineNumber":0,"Properties":[]},"Attachments":[],"Outcome":1,"ErrorMessage":null,"ErrorStackTrace":null,"DisplayName":"Real_estate.Domain.Tests.ListingTests.WhenUpdateStatusListingIsCalled_And_StatusIsValid_Then_UpdateSatus","Messages":[],"ComputerName":"DESKTOP-0DQ1GM5","Duration":"00:00:00.0011452","StartTime":"2024-01-10T15:05:51.6120292+00:00","EndTime":"2024-01-10T15:05:51.6120293+00:00","Properties":[]},{"TestCase":{"Id":"71be656d-f067-6a13-804a-2eafe56c254c","FullyQualifiedName":"Real_estate.Domain.Tests.ListingTests.CreateListing_UserNotFound_ShouldReturnValidationError","DisplayName":"Real_estate.Domain.Tests.ListingTests.CreateListing_UserNotFound_ShouldReturnValidationError","ExecutorUri":"executor://xunit/VsTestRunner2/netcoreapp","Source":"C:\\Users\\Dragos\\Desktop\\dotnet\\Real-Estate-Property-Listing-Project\\Real_estate.Domain.Tests\\bin\\Debug\\net8.0\\fine-code-coverage\\build-output\\Real_estate.Domain.Tests.dll","CodeFilePath":null,"LineNumber":0,"Properties":[]},"Attachments":[],"Outcome":1,"ErrorMessage":null,"ErrorStackTrace":null,"DisplayName":"Real_estate.Domain.Tests.ListingTests.CreateListing_UserNotFound_ShouldReturnValidationError","Messages":[],"ComputerName":"DESKTOP-0DQ1GM5","Duration":"00:00:00.0007563","StartTime":"2024-01-10T15:05:51.6135675+00:00","EndTime":"2024-01-10T15:05:51.6135675+00:00","Properties":[]},{"TestCase":{"Id":"32483ce2-9268-358a-b747-4777a64468c6","FullyQualifiedName":"Real_estate.Domain.Tests.ListingTests.WhenUpdatePriceListingIsCalled_And_PriceIsInvalid_Then_ThrowsArgumentExceptio","DisplayName":"Real_estate.Domain.Tests.ListingTests.WhenUpdatePriceListingIsCalled_And_PriceIsInvalid_Then_ThrowsArgumentExceptio","ExecutorUri":"executor://xunit/VsTestRunner2/netcoreapp","Source":"C:\\Users\\Dragos\\Desktop\\dotnet\\Real-Estate-Property-Listing-Project\\Real_estate.Domain.Tests\\bin\\Debug\\net8.0\\fine-code-coverage\\build-output\\Real_estate.Domain.Tests.dll","CodeFilePath":null,"LineNumber":0,"Properties":[]},"Attachments":[],"Outcome":1,"ErrorMessage":null,"ErrorStackTrace":null,"DisplayName":"Real_estate.Domain.Tests.ListingTests.WhenUpdatePriceListingIsCalled_And_PriceIsInvalid_Then_ThrowsArgumentExceptio","Messages":[],"ComputerName":"DESKTOP-0DQ1GM5","Duration":"00:00:00.0004169","StartTime":"2024-01-10T15:05:51.6151367+00:00","EndTime":"2024-01-10T15:05:51.6151368+00:00","Properties":[]},{"TestCase":{"Id":"3bc2b03d-a583-b13d-e4ec-dd8080dda70e","FullyQualifiedName":"Real_estate.Domain.Tests.ListingTests.WhenUpdatePriceListingIsCalled_And_PriceIsValid_Then_UpdatePrice","DisplayName":"Real_estate.Domain.Tests.ListingTests.WhenUpdatePriceListingIsCalled_And_PriceIsValid_Then_UpdatePrice","ExecutorUri":"executor://xunit/VsTestRunner2/netcoreapp","Source":"C:\\Users\\Dragos\\Desktop\\dotnet\\Real-Estate-Property-Listing-Project\\Real_estate.Domain.Tests\\bin\\Debug\\net8.0\\fine-code-coverage\\build-output\\Real_estate.Domain.Tests.dll","CodeFilePath":null,"LineNumber":0,"Properties":[]},"Attachments":[],"Outcome":1,"ErrorMessage":null,"ErrorStackTrace":null,"DisplayName":"Real_estate.Domain.Tests.ListingTests.WhenUpdatePriceListingIsCalled_And_PriceIsValid_Then_UpdatePrice","Messages":[],"ComputerName":"DESKTOP-0DQ1GM5","Duration":"00:00:00.0011731","StartTime":"2024-01-10T15:05:51.6165574+00:00","EndTime":"2024-01-10T15:05:51.6165574+00:00","Properties":[]},{"TestCase":{"Id":"939e9f69-92c6-908e-e8ca-f01f1ac332f6","FullyQualifiedName":"Real_estate.Domain.Tests.ListingTests.CreateListing_ValidInput_ShouldCreateListing","DisplayName":"Real_estate.Domain.Tests.ListingTests.CreateListing_ValidInput_ShouldCreateListing","ExecutorUri":"executor://xunit/VsTestRunner2/netcoreapp","Source":"C:\\Users\\Dragos\\Desktop\\dotnet\\Real-Estate-Property-Listing-Project\\Real_estate.Domain.Tests\\bin\\Debug\\net8.0\\fine-code-coverage\\build-output\\Real_estate.Domain.Tests.dll","CodeFilePath":null,"LineNumber":0,"Properties":[]},"Attachments":[],"Outcome":1,"ErrorMessage":null,"ErrorStackTrace":null,"DisplayName":"Real_estate.Domain.Tests.ListingTests.CreateListing_ValidInput_ShouldCreateListing","Messages":[],"ComputerName":"DESKTOP-0DQ1GM5","Duration":"00:00:00.0061079","StartTime":"2024-01-10T15:05:51.6180017+00:00","EndTime":"2024-01-10T15:05:51.6180018+00:00","Properties":[]},{"TestCase":{"Id":"bbf67a2e-954a-e588-874b-1671e624839d","FullyQualifiedName":"Real_estate.Domain.Tests.ListingTests.WhenUpdateDescriptionListingIsCalled_And_DescriptionIsInvalid_Then_ThrowsArgumentException","DisplayName":"Real_estate.Domain.Tests.ListingTests.WhenUpdateDescriptionListingIsCalled_And_DescriptionIsInvalid_Then_ThrowsArgumentException","ExecutorUri":"executor://xunit/VsTestRunner2/netcoreapp","Source":"C:\\Users\\Dragos\\Desktop\\dotnet\\Real-Estate-Property-Listing-Project\\Real_estate.Domain.Tests\\bin\\Debug\\net8.0\\fine-code-coverage\\build-output\\Real_estate.Domain.Tests.dll","CodeFilePath":null,"LineNumber":0,"Properties":[]},"Attachments":[],"Outcome":1,"ErrorMessage":null,"ErrorStackTrace":null,"DisplayName":"Real_estate.Domain.Tests.ListingTests.WhenUpdateDescriptionListingIsCalled_And_DescriptionIsInvalid_Then_ThrowsArgumentException","Messages":[],"ComputerName":"DESKTOP-0DQ1GM5","Duration":"00:00:00.0002669","StartTime":"2024-01-10T15:05:51.6195346+00:00","EndTime":"2024-01-10T15:05:51.6195347+00:00","Properties":[]},{"TestCase":{"Id":"4cfa6fb1-b862-c584-56ce-14a4ba504afa","FullyQualifiedName":"Real_estate.Domain.Tests.ListingTests.WhenUpdateDescriptionListingIsCalled_And_DescriptionIsValid_Then_UpdateDescription","DisplayName":"Real_estate.Domain.Tests.ListingTests.WhenUpdateDescriptionListingIsCalled_And_DescriptionIsValid_Then_UpdateDescription","ExecutorUri":"executor://xunit/VsTestRunner2/netcoreapp","Source":"C:\\Users\\Dragos\\Desktop\\dotnet\\Real-Estate-Property-Listing-Project\\Real_estate.Domain.Tests\\bin\\Debug\\net8.0\\fine-code-coverage\\build-output\\Real_estate.Domain.Tests.dll","CodeFilePath":null,"LineNumber":0,"Properties":[]},"Attachments":[],"Outcome":1,"ErrorMessage":null,"ErrorStackTrace":null,"DisplayName":"Real_estate.Domain.Tests.ListingTests.WhenUpdateDescriptionListingIsCalled_And_DescriptionIsValid_Then_UpdateDescription","Messages":[],"ComputerName":"DESKTOP-0DQ1GM5","Duration":"00:00:00.0002938","StartTime":"2024-01-10T15:05:51.6208957+00:00","EndTime":"2024-01-10T15:05:51.6208958+00:00","Properties":[]},{"TestCase":{"Id":"19b1dcdb-a953-4f3f-cb6a-f9b0460aab07","FullyQualifiedName":"Real_estate.Domain.Tests.ListingTests.WhenCreateListingIsCalled_And_TitleIsInvalid_Then_FailureIsReturned","DisplayName":"Real_estate.Domain.Tests.ListingTests.WhenCreateListingIsCalled_And_TitleIsInvalid_Then_FailureIsReturned","ExecutorUri":"executor://xunit/VsTestRunner2/netcoreapp","Source":"C:\\Users\\Dragos\\Desktop\\dotnet\\Real-Estate-Property-Listing-Project\\Real_estate.Domain.Tests\\bin\\Debug\\net8.0\\fine-code-coverage\\build-output\\Real_estate.Domain.Tests.dll","CodeFilePath":null,"LineNumber":0,"Properties":[]},"Attachments":[],"Outcome":1,"ErrorMessage":null,"ErrorStackTrace":null,"DisplayName":"Real_estate.Domain.Tests.ListingTests.WhenCreateListingIsCalled_And_TitleIsInvalid_Then_FailureIsReturned","Messages":[],"ComputerName":"DESKTOP-0DQ1GM5","Duration":"00:00:00.0000889","StartTime":"2024-01-10T15:05:51.6224737+00:00","EndTime":"2024-01-10T15:05:51.6224738+00:00","Properties":[]},{"TestCase":{"Id":"0b211af4-6603-937a-c243-bf94703fce82","FullyQualifiedName":"Real_estate.Domain.Tests.ListingTests.WhenUpdateTitleListingIsCalled_And_TitleIsValid_Then_UpdatesTitle","DisplayName":"Real_estate.Domain.Tests.ListingTests.WhenUpdateTitleListingIsCalled_And_TitleIsValid_Then_UpdatesTitle","ExecutorUri":"executor://xunit/VsTestRunner2/netcoreapp","Source":"C:\\Users\\Dragos\\Desktop\\dotnet\\Real-Estate-Property-Listing-Project\\Real_estate.Domain.Tests\\bin\\Debug\\net8.0\\fine-code-coverage\\build-output\\Real_estate.Domain.Tests.dll","CodeFilePath":null,"LineNumber":0,"Properties":[]},"Attachments":[],"Outcome":1,"ErrorMessage":null,"ErrorStackTrace":null,"DisplayName":"Real_estate.Domain.Tests.ListingTests.WhenUpdateTitleListingIsCalled_And_TitleIsValid_Then_UpdatesTitle","Messages":[],"ComputerName":"DESKTOP-0DQ1GM5","Duration":"00:00:00.0001448","StartTime":"2024-01-10T15:05:51.62388+00:00","EndTime":"2024-01-10T15:05:51.6238801+00:00","Properties":[]}],"TestRunStatistics":{"ExecutedTests":25,"Stats":{"Passed":25}},"ActiveTests":[{"Id":"2801639b-bb2e-dde0-c678-b6139033a4bd","FullyQualifiedName":"Real_estate.Domain.Tests.ListingTests.WhenUpdateTitleListingIsCalled_And_TitleIsInvalid_Then_ThrowsArgumentExceptio","DisplayName":"Real_estate.Domain.Tests.ListingTests.WhenUpdateTitleListingIsCalled_And_TitleIsInvalid_Then_ThrowsArgumentExceptio","ExecutorUri":"executor://xunit/VsTestRunner2/netcoreapp","Source":"C:\\Users\\Dragos\\Desktop\\dotnet\\Real-Estate-Property-Listing-Project\\Real_estate.Domain.Tests\\bin\\Debug\\net8.0\\fine-code-coverage\\build-output\\Real_estate.Domain.Tests.dll","CodeFilePath":null,"LineNumber":0,"Properties":[]}]}}
TpTrace Verbose: 0 : 15216, 15, 2024/01/10, 17:05:51.625, 21428438402716, vstest.console.dll, TestRunRequest:SendTestRunStatsChange: Starting.
TpTrace Verbose: 0 : 15216, 15, 2024/01/10, 17:05:51.626, 21428438403150, vstest.console.dll, InProgress is Real_estate.Domain.Tests.ListingTests.WhenUpdateTitleListingIsCalled_And_TitleIsInvalid_Then_ThrowsArgumentExceptio
TpTrace Verbose: 0 : 15216, 15, 2024/01/10, 17:05:51.626, 21428438404043, vstest.console.dll, MulticastDelegateUtilities.SafeInvoke: TestRun.RunStatsChanged: Invoking callbacks was skipped because there are no subscribers.
TpTrace Information: 0 : 15216, 15, 2024/01/10, 17:05:51.626, 21428438404299, vstest.console.dll, TestRunRequest:SendTestRunStatsChange: Completed.
TpTrace Verbose: 0 : 15216, 4, 2024/01/10, 17:05:51.626, 21428438404574, vstest.console.dll, MulticastDelegateUtilities.SafeInvoke: InternalTestLoggerEvents.SendTestResult: Invoking callback 1/1 for Microsoft.VisualStudio.TestPlatform.CommandLine.Internal.ConsoleLogger., took 0 ms.
TpTrace Verbose: 0 : 15216, 15, 2024/01/10, 17:05:51.626, 21428438404706, vstest.console.dll, MulticastDelegateUtilities.SafeInvoke: LengthPrefixCommunicationChannel: MessageReceived: Invoking callback 1/1 for Microsoft.VisualStudio.TestPlatform.CommunicationUtilities.TestRequestSender+<>c__DisplayClass34_0., took 0 ms.
TpTrace Verbose: 0 : 15216, 15, 2024/01/10, 17:05:51.626, 21428438405625, vstest.console.dll, TcpClientExtensions.MessageLoopAsync: Polling on remoteEndPoint: 127.0.0.1:58781 localEndPoint: 127.0.0.1:58780
TpTrace Verbose: 0 : 15216, 4, 2024/01/10, 17:05:51.626, 21428438405687, vstest.console.dll, MulticastDelegateUtilities.SafeInvoke: InternalTestLoggerEvents.SendTestResult: Invoking callback 1/1 for Microsoft.VisualStudio.TestPlatform.CommandLine.Internal.ConsoleLogger., took 0 ms.
TpTrace Verbose: 0 : 15216, 4, 2024/01/10, 17:05:51.626, 21428438406177, vstest.console.dll, MulticastDelegateUtilities.SafeInvoke: InternalTestLoggerEvents.SendTestResult: Invoking callback 1/1 for Microsoft.VisualStudio.TestPlatform.CommandLine.Internal.ConsoleLogger., took 0 ms.
TpTrace Verbose: 0 : 15216, 4, 2024/01/10, 17:05:51.626, 21428438406529, vstest.console.dll, MulticastDelegateUtilities.SafeInvoke: InternalTestLoggerEvents.SendTestResult: Invoking callback 1/1 for Microsoft.VisualStudio.TestPlatform.CommandLine.Internal.ConsoleLogger., took 0 ms.
TpTrace Verbose: 0 : 15216, 4, 2024/01/10, 17:05:51.626, 21428438406900, vstest.console.dll, MulticastDelegateUtilities.SafeInvoke: InternalTestLoggerEvents.SendTestResult: Invoking callback 1/1 for Microsoft.VisualStudio.TestPlatform.CommandLine.Internal.ConsoleLogger., took 0 ms.
TpTrace Verbose: 0 : 15216, 4, 2024/01/10, 17:05:51.626, 21428438407224, vstest.console.dll, MulticastDelegateUtilities.SafeInvoke: InternalTestLoggerEvents.SendTestResult: Invoking callback 1/1 for Microsoft.VisualStudio.TestPlatform.CommandLine.Internal.ConsoleLogger., took 0 ms.
TpTrace Verbose: 0 : 15216, 4, 2024/01/10, 17:05:51.626, 21428438407523, vstest.console.dll, MulticastDelegateUtilities.SafeInvoke: InternalTestLoggerEvents.SendTestResult: Invoking callback 1/1 for Microsoft.VisualStudio.TestPlatform.CommandLine.Internal.ConsoleLogger., took 0 ms.
TpTrace Verbose: 0 : 15216, 4, 2024/01/10, 17:05:51.626, 21428438407954, vstest.console.dll, MulticastDelegateUtilities.SafeInvoke: InternalTestLoggerEvents.SendTestResult: Invoking callback 1/1 for Microsoft.VisualStudio.TestPlatform.CommandLine.Internal.ConsoleLogger., took 0 ms.
TpTrace Verbose: 0 : 15216, 4, 2024/01/10, 17:05:51.626, 21428438408294, vstest.console.dll, MulticastDelegateUtilities.SafeInvoke: InternalTestLoggerEvents.SendTestResult: Invoking callback 1/1 for Microsoft.VisualStudio.TestPlatform.CommandLine.Internal.ConsoleLogger., took 0 ms.
TpTrace Verbose: 0 : 15216, 15, 2024/01/10, 17:05:51.630, 21428438444617, vstest.console.dll, TcpClientExtensions.MessageLoopAsync: NotifyDataAvailable remoteEndPoint: 127.0.0.1:58781 localEndPoint: 127.0.0.1:58780
TpTrace Verbose: 0 : 15216, 15, 2024/01/10, 17:05:51.630, 21428438445834, vstest.console.dll, TestRequestSender.OnExecutionMessageReceived: Received message: {"Version":7,"MessageType":"TestSession.Message","Payload":{"MessageLevel":2,"Message":"[xUnit.net 00:00:01.04]     Real_estate.Domain.Tests.PropertyTests.Handle_ValidCommand_ShouldCreateProperty [FAIL]"}}
TpTrace Verbose: 0 : 15216, 15, 2024/01/10, 17:05:51.630, 21428438446947, vstest.console.dll, TestRunRequest:SendTestRunMessage: Starting.
TpTrace Verbose: 0 : 15216, 15, 2024/01/10, 17:05:51.630, 21428438447457, vstest.console.dll, MulticastDelegateUtilities.SafeInvoke: TestRun.LogMessages: Invoking callback 1/1 for Microsoft.VisualStudio.TestPlatform.CommandLine.TestRunResultAggregator., took 0 ms.
TpTrace Information: 0 : 15216, 15, 2024/01/10, 17:05:51.630, 21428438447690, vstest.console.dll, TestRunRequest:SendTestRunMessage: Completed.
TpTrace Verbose: 0 : 15216, 15, 2024/01/10, 17:05:51.630, 21428438447952, vstest.console.dll, MulticastDelegateUtilities.SafeInvoke: LengthPrefixCommunicationChannel: MessageReceived: Invoking callback 1/1 for Microsoft.VisualStudio.TestPlatform.CommunicationUtilities.TestRequestSender+<>c__DisplayClass34_0., took 0 ms.
TpTrace Verbose: 0 : 15216, 15, 2024/01/10, 17:05:51.630, 21428438448176, vstest.console.dll, TcpClientExtensions.MessageLoopAsync: Polling on remoteEndPoint: 127.0.0.1:58781 localEndPoint: 127.0.0.1:58780
TpTrace Verbose: 0 : 15216, 15, 2024/01/10, 17:05:51.630, 21428438448459, vstest.console.dll, TcpClientExtensions.MessageLoopAsync: NotifyDataAvailable remoteEndPoint: 127.0.0.1:58781 localEndPoint: 127.0.0.1:58780
TpTrace Verbose: 0 : 15216, 4, 2024/01/10, 17:05:51.630, 21428438448696, vstest.console.dll, MulticastDelegateUtilities.SafeInvoke: InternalTestLoggerEvents.SendTestRunMessage: Invoking callback 1/1 for Microsoft.VisualStudio.TestPlatform.CommandLine.Internal.ConsoleLogger., took 0 ms.
TpTrace Verbose: 0 : 15216, 15, 2024/01/10, 17:05:51.630, 21428438449162, vstest.console.dll, TestRequestSender.OnExecutionMessageReceived: Received message: {"Version":7,"MessageType":"TestSession.Message","Payload":{"MessageLevel":0,"Message":"[xUnit.net 00:00:01.04]       Microsoft.VisualStudio.TestTools.UnitTesting.AssertFailedException : Expected result.Property not to be <null> because a property should be created."}}
TpTrace Verbose: 0 : 15216, 15, 2024/01/10, 17:05:51.630, 21428438450015, vstest.console.dll, TestRunRequest:SendTestRunMessage: Starting.
TpTrace Verbose: 0 : 15216, 15, 2024/01/10, 17:05:51.630, 21428438450458, vstest.console.dll, MulticastDelegateUtilities.SafeInvoke: TestRun.LogMessages: Invoking callback 1/1 for Microsoft.VisualStudio.TestPlatform.CommandLine.TestRunResultAggregator., took 0 ms.
TpTrace Verbose: 0 : 15216, 4, 2024/01/10, 17:05:51.630, 21428438450582, vstest.console.dll, MulticastDelegateUtilities.SafeInvoke: InternalTestLoggerEvents.SendTestRunMessage: Invoking callback 1/1 for Microsoft.VisualStudio.TestPlatform.CommandLine.Internal.ConsoleLogger., took 0 ms.
TpTrace Information: 0 : 15216, 15, 2024/01/10, 17:05:51.630, 21428438451044, vstest.console.dll, TestRunRequest:SendTestRunMessage: Completed.
TpTrace Verbose: 0 : 15216, 15, 2024/01/10, 17:05:51.630, 21428438451382, vstest.console.dll, MulticastDelegateUtilities.SafeInvoke: LengthPrefixCommunicationChannel: MessageReceived: Invoking callback 1/1 for Microsoft.VisualStudio.TestPlatform.CommunicationUtilities.TestRequestSender+<>c__DisplayClass34_0., took 0 ms.
TpTrace Verbose: 0 : 15216, 15, 2024/01/10, 17:05:51.630, 21428438451599, vstest.console.dll, TcpClientExtensions.MessageLoopAsync: Polling on remoteEndPoint: 127.0.0.1:58781 localEndPoint: 127.0.0.1:58780
TpTrace Verbose: 0 : 15216, 15, 2024/01/10, 17:05:51.630, 21428438452762, vstest.console.dll, TcpClientExtensions.MessageLoopAsync: NotifyDataAvailable remoteEndPoint: 127.0.0.1:58781 localEndPoint: 127.0.0.1:58780
TpTrace Verbose: 0 : 15216, 15, 2024/01/10, 17:05:51.631, 21428438453286, vstest.console.dll, TestRequestSender.OnExecutionMessageReceived: Received message: {"Version":7,"MessageType":"TestSession.Message","Payload":{"MessageLevel":0,"Message":"[xUnit.net 00:00:01.05]       Stack Trace:"}}
TpTrace Verbose: 0 : 15216, 15, 2024/01/10, 17:05:51.631, 21428438453892, vstest.console.dll, TestRunRequest:SendTestRunMessage: Starting.
TpTrace Verbose: 0 : 15216, 15, 2024/01/10, 17:05:51.631, 21428438454329, vstest.console.dll, MulticastDelegateUtilities.SafeInvoke: TestRun.LogMessages: Invoking callback 1/1 for Microsoft.VisualStudio.TestPlatform.CommandLine.TestRunResultAggregator., took 0 ms.
TpTrace Verbose: 0 : 15216, 4, 2024/01/10, 17:05:51.631, 21428438454435, vstest.console.dll, MulticastDelegateUtilities.SafeInvoke: InternalTestLoggerEvents.SendTestRunMessage: Invoking callback 1/1 for Microsoft.VisualStudio.TestPlatform.CommandLine.Internal.ConsoleLogger., took 0 ms.
TpTrace Information: 0 : 15216, 15, 2024/01/10, 17:05:51.631, 21428438454550, vstest.console.dll, TestRunRequest:SendTestRunMessage: Completed.
TpTrace Verbose: 0 : 15216, 15, 2024/01/10, 17:05:51.631, 21428438455097, vstest.console.dll, MulticastDelegateUtilities.SafeInvoke: LengthPrefixCommunicationChannel: MessageReceived: Invoking callback 1/1 for Microsoft.VisualStudio.TestPlatform.CommunicationUtilities.TestRequestSender+<>c__DisplayClass34_0., took 0 ms.
TpTrace Verbose: 0 : 15216, 15, 2024/01/10, 17:05:51.631, 21428438455337, vstest.console.dll, TcpClientExtensions.MessageLoopAsync: Polling on remoteEndPoint: 127.0.0.1:58781 localEndPoint: 127.0.0.1:58780
TpTrace Verbose: 0 : 15216, 15, 2024/01/10, 17:05:51.631, 21428438457038, vstest.console.dll, TcpClientExtensions.MessageLoopAsync: NotifyDataAvailable remoteEndPoint: 127.0.0.1:58781 localEndPoint: 127.0.0.1:58780
TpTrace Verbose: 0 : 15216, 15, 2024/01/10, 17:05:51.631, 21428438457653, vstest.console.dll, TestRequestSender.OnExecutionMessageReceived: Received message: {"Version":7,"MessageType":"TestSession.Message","Payload":{"MessageLevel":0,"Message":"[xUnit.net 00:00:01.05]            at FluentAssertions.Execution.LateBoundTestFramework.Throw(String message)"}}
TpTrace Verbose: 0 : 15216, 15, 2024/01/10, 17:05:51.631, 21428438458183, vstest.console.dll, TestRunRequest:SendTestRunMessage: Starting.
TpTrace Verbose: 0 : 15216, 15, 2024/01/10, 17:05:51.631, 21428438458509, vstest.console.dll, MulticastDelegateUtilities.SafeInvoke: TestRun.LogMessages: Invoking callback 1/1 for Microsoft.VisualStudio.TestPlatform.CommandLine.TestRunResultAggregator., took 0 ms.
TpTrace Information: 0 : 15216, 15, 2024/01/10, 17:05:51.631, 21428438458685, vstest.console.dll, TestRunRequest:SendTestRunMessage: Completed.
TpTrace Verbose: 0 : 15216, 15, 2024/01/10, 17:05:51.631, 21428438458931, vstest.console.dll, MulticastDelegateUtilities.SafeInvoke: LengthPrefixCommunicationChannel: MessageReceived: Invoking callback 1/1 for Microsoft.VisualStudio.TestPlatform.CommunicationUtilities.TestRequestSender+<>c__DisplayClass34_0., took 0 ms.
TpTrace Verbose: 0 : 15216, 4, 2024/01/10, 17:05:51.631, 21428438458670, vstest.console.dll, MulticastDelegateUtilities.SafeInvoke: InternalTestLoggerEvents.SendTestRunMessage: Invoking callback 1/1 for Microsoft.VisualStudio.TestPlatform.CommandLine.Internal.ConsoleLogger., took 0 ms.
TpTrace Verbose: 0 : 15216, 15, 2024/01/10, 17:05:51.631, 21428438459131, vstest.console.dll, TcpClientExtensions.MessageLoopAsync: Polling on remoteEndPoint: 127.0.0.1:58781 localEndPoint: 127.0.0.1:58780
TpTrace Verbose: 0 : 15216, 15, 2024/01/10, 17:05:51.631, 21428438459753, vstest.console.dll, TcpClientExtensions.MessageLoopAsync: NotifyDataAvailable remoteEndPoint: 127.0.0.1:58781 localEndPoint: 127.0.0.1:58780
TpTrace Verbose: 0 : 15216, 15, 2024/01/10, 17:05:51.631, 21428438460100, vstest.console.dll, TestRequestSender.OnExecutionMessageReceived: Received message: {"Version":7,"MessageType":"TestSession.Message","Payload":{"MessageLevel":0,"Message":"[xUnit.net 00:00:01.05]            at FluentAssertions.Execution.TestFrameworkProvider.Throw(String message)"}}
TpTrace Verbose: 0 : 15216, 15, 2024/01/10, 17:05:51.631, 21428438461151, vstest.console.dll, TestRunRequest:SendTestRunMessage: Starting.
TpTrace Verbose: 0 : 15216, 15, 2024/01/10, 17:05:51.631, 21428438461536, vstest.console.dll, MulticastDelegateUtilities.SafeInvoke: TestRun.LogMessages: Invoking callback 1/1 for Microsoft.VisualStudio.TestPlatform.CommandLine.TestRunResultAggregator., took 0 ms.
TpTrace Verbose: 0 : 15216, 4, 2024/01/10, 17:05:51.631, 21428438461672, vstest.console.dll, MulticastDelegateUtilities.SafeInvoke: InternalTestLoggerEvents.SendTestRunMessage: Invoking callback 1/1 for Microsoft.VisualStudio.TestPlatform.CommandLine.Internal.ConsoleLogger., took 0 ms.
TpTrace Information: 0 : 15216, 15, 2024/01/10, 17:05:51.631, 21428438461723, vstest.console.dll, TestRunRequest:SendTestRunMessage: Completed.
TpTrace Verbose: 0 : 15216, 15, 2024/01/10, 17:05:51.631, 21428438462358, vstest.console.dll, MulticastDelegateUtilities.SafeInvoke: LengthPrefixCommunicationChannel: MessageReceived: Invoking callback 1/1 for Microsoft.VisualStudio.TestPlatform.CommunicationUtilities.TestRequestSender+<>c__DisplayClass34_0., took 0 ms.
TpTrace Verbose: 0 : 15216, 15, 2024/01/10, 17:05:51.631, 21428438462570, vstest.console.dll, TcpClientExtensions.MessageLoopAsync: Polling on remoteEndPoint: 127.0.0.1:58781 localEndPoint: 127.0.0.1:58780
TpTrace Verbose: 0 : 15216, 15, 2024/01/10, 17:05:51.632, 21428438462958, vstest.console.dll, TcpClientExtensions.MessageLoopAsync: NotifyDataAvailable remoteEndPoint: 127.0.0.1:58781 localEndPoint: 127.0.0.1:58780
TpTrace Verbose: 0 : 15216, 15, 2024/01/10, 17:05:51.632, 21428438463328, vstest.console.dll, TestRequestSender.OnExecutionMessageReceived: Received message: {"Version":7,"MessageType":"TestSession.Message","Payload":{"MessageLevel":0,"Message":"[xUnit.net 00:00:01.05]            at FluentAssertions.Execution.DefaultAssertionStrategy.HandleFailure(String message)"}}
TpTrace Verbose: 0 : 15216, 15, 2024/01/10, 17:05:51.632, 21428438463838, vstest.console.dll, TestRunRequest:SendTestRunMessage: Starting.
TpTrace Verbose: 0 : 15216, 15, 2024/01/10, 17:05:51.632, 21428438464200, vstest.console.dll, MulticastDelegateUtilities.SafeInvoke: TestRun.LogMessages: Invoking callback 1/1 for Microsoft.VisualStudio.TestPlatform.CommandLine.TestRunResultAggregator., took 0 ms.
TpTrace Verbose: 0 : 15216, 4, 2024/01/10, 17:05:51.632, 21428438464319, vstest.console.dll, MulticastDelegateUtilities.SafeInvoke: InternalTestLoggerEvents.SendTestRunMessage: Invoking callback 1/1 for Microsoft.VisualStudio.TestPlatform.CommandLine.Internal.ConsoleLogger., took 0 ms.
TpTrace Information: 0 : 15216, 15, 2024/01/10, 17:05:51.632, 21428438464379, vstest.console.dll, TestRunRequest:SendTestRunMessage: Completed.
TpTrace Verbose: 0 : 15216, 15, 2024/01/10, 17:05:51.632, 21428438464911, vstest.console.dll, MulticastDelegateUtilities.SafeInvoke: LengthPrefixCommunicationChannel: MessageReceived: Invoking callback 1/1 for Microsoft.VisualStudio.TestPlatform.CommunicationUtilities.TestRequestSender+<>c__DisplayClass34_0., took 0 ms.
TpTrace Verbose: 0 : 15216, 15, 2024/01/10, 17:05:51.632, 21428438465114, vstest.console.dll, TcpClientExtensions.MessageLoopAsync: Polling on remoteEndPoint: 127.0.0.1:58781 localEndPoint: 127.0.0.1:58780
TpTrace Verbose: 0 : 15216, 15, 2024/01/10, 17:05:51.632, 21428438465317, vstest.console.dll, TcpClientExtensions.MessageLoopAsync: NotifyDataAvailable remoteEndPoint: 127.0.0.1:58781 localEndPoint: 127.0.0.1:58780
TpTrace Verbose: 0 : 15216, 15, 2024/01/10, 17:05:51.632, 21428438465637, vstest.console.dll, TestRequestSender.OnExecutionMessageReceived: Received message: {"Version":7,"MessageType":"TestSession.Message","Payload":{"MessageLevel":0,"Message":"[xUnit.net 00:00:01.05]            at FluentAssertions.Execution.AssertionScope.FailWith(Func`1 failReasonFunc)"}}
TpTrace Verbose: 0 : 15216, 15, 2024/01/10, 17:05:51.632, 21428438466124, vstest.console.dll, TestRunRequest:SendTestRunMessage: Starting.
TpTrace Verbose: 0 : 15216, 15, 2024/01/10, 17:05:51.632, 21428438466725, vstest.console.dll, MulticastDelegateUtilities.SafeInvoke: TestRun.LogMessages: Invoking callback 1/1 for Microsoft.VisualStudio.TestPlatform.CommandLine.TestRunResultAggregator., took 0 ms.
TpTrace Information: 0 : 15216, 15, 2024/01/10, 17:05:51.632, 21428438466977, vstest.console.dll, TestRunRequest:SendTestRunMessage: Completed.
TpTrace Verbose: 0 : 15216, 4, 2024/01/10, 17:05:51.632, 21428438466805, vstest.console.dll, MulticastDelegateUtilities.SafeInvoke: InternalTestLoggerEvents.SendTestRunMessage: Invoking callback 1/1 for Microsoft.VisualStudio.TestPlatform.CommandLine.Internal.ConsoleLogger., took 0 ms.
TpTrace Verbose: 0 : 15216, 15, 2024/01/10, 17:05:51.632, 21428438467211, vstest.console.dll, MulticastDelegateUtilities.SafeInvoke: LengthPrefixCommunicationChannel: MessageReceived: Invoking callback 1/1 for Microsoft.VisualStudio.TestPlatform.CommunicationUtilities.TestRequestSender+<>c__DisplayClass34_0., took 0 ms.
TpTrace Verbose: 0 : 15216, 15, 2024/01/10, 17:05:51.632, 21428438467677, vstest.console.dll, TcpClientExtensions.MessageLoopAsync: Polling on remoteEndPoint: 127.0.0.1:58781 localEndPoint: 127.0.0.1:58780
TpTrace Verbose: 0 : 15216, 15, 2024/01/10, 17:05:51.632, 21428438467913, vstest.console.dll, TcpClientExtensions.MessageLoopAsync: NotifyDataAvailable remoteEndPoint: 127.0.0.1:58781 localEndPoint: 127.0.0.1:58780
TpTrace Verbose: 0 : 15216, 15, 2024/01/10, 17:05:51.632, 21428438468218, vstest.console.dll, TestRequestSender.OnExecutionMessageReceived: Received message: {"Version":7,"MessageType":"TestSession.Message","Payload":{"MessageLevel":0,"Message":"[xUnit.net 00:00:01.05]            at FluentAssertions.Execution.AssertionScope.FailWith(Func`1 failReasonFunc)"}}
TpTrace Verbose: 0 : 15216, 15, 2024/01/10, 17:05:51.632, 21428438468679, vstest.console.dll, TestRunRequest:SendTestRunMessage: Starting.
TpTrace Verbose: 0 : 15216, 15, 2024/01/10, 17:05:51.632, 21428438468997, vstest.console.dll, MulticastDelegateUtilities.SafeInvoke: TestRun.LogMessages: Invoking callback 1/1 for Microsoft.VisualStudio.TestPlatform.CommandLine.TestRunResultAggregator., took 0 ms.
TpTrace Verbose: 0 : 15216, 4, 2024/01/10, 17:05:51.632, 21428438469095, vstest.console.dll, MulticastDelegateUtilities.SafeInvoke: InternalTestLoggerEvents.SendTestRunMessage: Invoking callback 1/1 for Microsoft.VisualStudio.TestPlatform.CommandLine.Internal.ConsoleLogger., took 0 ms.
TpTrace Information: 0 : 15216, 15, 2024/01/10, 17:05:51.632, 21428438469176, vstest.console.dll, TestRunRequest:SendTestRunMessage: Completed.
TpTrace Verbose: 0 : 15216, 15, 2024/01/10, 17:05:51.632, 21428438469747, vstest.console.dll, MulticastDelegateUtilities.SafeInvoke: LengthPrefixCommunicationChannel: MessageReceived: Invoking callback 1/1 for Microsoft.VisualStudio.TestPlatform.CommunicationUtilities.TestRequestSender+<>c__DisplayClass34_0., took 0 ms.
TpTrace Verbose: 0 : 15216, 15, 2024/01/10, 17:05:51.632, 21428438469959, vstest.console.dll, TcpClientExtensions.MessageLoopAsync: Polling on remoteEndPoint: 127.0.0.1:58781 localEndPoint: 127.0.0.1:58780
TpTrace Verbose: 0 : 15216, 15, 2024/01/10, 17:05:51.632, 21428438470167, vstest.console.dll, TcpClientExtensions.MessageLoopAsync: NotifyDataAvailable remoteEndPoint: 127.0.0.1:58781 localEndPoint: 127.0.0.1:58780
TpTrace Verbose: 0 : 15216, 15, 2024/01/10, 17:05:51.632, 21428438470463, vstest.console.dll, TestRequestSender.OnExecutionMessageReceived: Received message: {"Version":7,"MessageType":"TestSession.Message","Payload":{"MessageLevel":0,"Message":"[xUnit.net 00:00:01.05]            at FluentAssertions.Execution.AssertionScope.FailWith(String message)"}}
TpTrace Verbose: 0 : 15216, 15, 2024/01/10, 17:05:51.632, 21428438470934, vstest.console.dll, TestRunRequest:SendTestRunMessage: Starting.
TpTrace Verbose: 0 : 15216, 15, 2024/01/10, 17:05:51.632, 21428438471278, vstest.console.dll, MulticastDelegateUtilities.SafeInvoke: TestRun.LogMessages: Invoking callback 1/1 for Microsoft.VisualStudio.TestPlatform.CommandLine.TestRunResultAggregator., took 0 ms.
TpTrace Verbose: 0 : 15216, 4, 2024/01/10, 17:05:51.632, 21428438471422, vstest.console.dll, MulticastDelegateUtilities.SafeInvoke: InternalTestLoggerEvents.SendTestRunMessage: Invoking callback 1/1 for Microsoft.VisualStudio.TestPlatform.CommandLine.Internal.ConsoleLogger., took 0 ms.
TpTrace Information: 0 : 15216, 15, 2024/01/10, 17:05:51.632, 21428438471476, vstest.console.dll, TestRunRequest:SendTestRunMessage: Completed.
TpTrace Verbose: 0 : 15216, 15, 2024/01/10, 17:05:51.632, 21428438472071, vstest.console.dll, MulticastDelegateUtilities.SafeInvoke: LengthPrefixCommunicationChannel: MessageReceived: Invoking callback 1/1 for Microsoft.VisualStudio.TestPlatform.CommunicationUtilities.TestRequestSender+<>c__DisplayClass34_0., took 0 ms.
TpTrace Verbose: 0 : 15216, 15, 2024/01/10, 17:05:51.632, 21428438472288, vstest.console.dll, TcpClientExtensions.MessageLoopAsync: Polling on remoteEndPoint: 127.0.0.1:58781 localEndPoint: 127.0.0.1:58780
TpTrace Verbose: 0 : 15216, 15, 2024/01/10, 17:05:51.632, 21428438472495, vstest.console.dll, TcpClientExtensions.MessageLoopAsync: NotifyDataAvailable remoteEndPoint: 127.0.0.1:58781 localEndPoint: 127.0.0.1:58780
TpTrace Verbose: 0 : 15216, 15, 2024/01/10, 17:05:51.633, 21428438472796, vstest.console.dll, TestRequestSender.OnExecutionMessageReceived: Received message: {"Version":7,"MessageType":"TestSession.Message","Payload":{"MessageLevel":0,"Message":"[xUnit.net 00:00:01.05]            at FluentAssertions.Primitives.ReferenceTypeAssertions`2.NotBeNull(String because, Object[] becauseArgs)"}}
TpTrace Verbose: 0 : 15216, 15, 2024/01/10, 17:05:51.633, 21428438473270, vstest.console.dll, TestRunRequest:SendTestRunMessage: Starting.
TpTrace Verbose: 0 : 15216, 15, 2024/01/10, 17:05:51.633, 21428438473582, vstest.console.dll, MulticastDelegateUtilities.SafeInvoke: TestRun.LogMessages: Invoking callback 1/1 for Microsoft.VisualStudio.TestPlatform.CommandLine.TestRunResultAggregator., took 0 ms.
TpTrace Verbose: 0 : 15216, 4, 2024/01/10, 17:05:51.633, 21428438473696, vstest.console.dll, MulticastDelegateUtilities.SafeInvoke: InternalTestLoggerEvents.SendTestRunMessage: Invoking callback 1/1 for Microsoft.VisualStudio.TestPlatform.CommandLine.Internal.ConsoleLogger., took 0 ms.
TpTrace Information: 0 : 15216, 15, 2024/01/10, 17:05:51.633, 21428438473763, vstest.console.dll, TestRunRequest:SendTestRunMessage: Completed.
TpTrace Verbose: 0 : 15216, 15, 2024/01/10, 17:05:51.633, 21428438474307, vstest.console.dll, MulticastDelegateUtilities.SafeInvoke: LengthPrefixCommunicationChannel: MessageReceived: Invoking callback 1/1 for Microsoft.VisualStudio.TestPlatform.CommunicationUtilities.TestRequestSender+<>c__DisplayClass34_0., took 0 ms.
TpTrace Verbose: 0 : 15216, 15, 2024/01/10, 17:05:51.633, 21428438474521, vstest.console.dll, TcpClientExtensions.MessageLoopAsync: Polling on remoteEndPoint: 127.0.0.1:58781 localEndPoint: 127.0.0.1:58780
TpTrace Verbose: 0 : 15216, 15, 2024/01/10, 17:05:51.633, 21428438474727, vstest.console.dll, TcpClientExtensions.MessageLoopAsync: NotifyDataAvailable remoteEndPoint: 127.0.0.1:58781 localEndPoint: 127.0.0.1:58780
TpTrace Verbose: 0 : 15216, 15, 2024/01/10, 17:05:51.633, 21428438475030, vstest.console.dll, TestRequestSender.OnExecutionMessageReceived: Received message: {"Version":7,"MessageType":"TestSession.Message","Payload":{"MessageLevel":0,"Message":"[xUnit.net 00:00:01.05]         C:\\Users\\Dragos\\Desktop\\dotnet\\Real-Estate-Property-Listing-Project\\Real_estate.Domain.Tests\\PropertyTests.cs(109,0): at Real_estate.Domain.Tests.PropertyTests.Handle_ValidCommand_ShouldCreateProperty()"}}
TpTrace Verbose: 0 : 15216, 15, 2024/01/10, 17:05:51.633, 21428438475520, vstest.console.dll, TestRunRequest:SendTestRunMessage: Starting.
TpTrace Verbose: 0 : 15216, 15, 2024/01/10, 17:05:51.633, 21428438475894, vstest.console.dll, MulticastDelegateUtilities.SafeInvoke: TestRun.LogMessages: Invoking callback 1/1 for Microsoft.VisualStudio.TestPlatform.CommandLine.TestRunResultAggregator., took 0 ms.
TpTrace Information: 0 : 15216, 15, 2024/01/10, 17:05:51.633, 21428438476094, vstest.console.dll, TestRunRequest:SendTestRunMessage: Completed.
TpTrace Verbose: 0 : 15216, 4, 2024/01/10, 17:05:51.633, 21428438476084, vstest.console.dll, MulticastDelegateUtilities.SafeInvoke: InternalTestLoggerEvents.SendTestRunMessage: Invoking callback 1/1 for Microsoft.VisualStudio.TestPlatform.CommandLine.Internal.ConsoleLogger., took 0 ms.
TpTrace Verbose: 0 : 15216, 15, 2024/01/10, 17:05:51.633, 21428438476276, vstest.console.dll, MulticastDelegateUtilities.SafeInvoke: LengthPrefixCommunicationChannel: MessageReceived: Invoking callback 1/1 for Microsoft.VisualStudio.TestPlatform.CommunicationUtilities.TestRequestSender+<>c__DisplayClass34_0., took 0 ms.
TpTrace Verbose: 0 : 15216, 15, 2024/01/10, 17:05:51.633, 21428438476980, vstest.console.dll, TcpClientExtensions.MessageLoopAsync: Polling on remoteEndPoint: 127.0.0.1:58781 localEndPoint: 127.0.0.1:58780
TpTrace Verbose: 0 : 15216, 15, 2024/01/10, 17:05:51.633, 21428438477218, vstest.console.dll, TcpClientExtensions.MessageLoopAsync: NotifyDataAvailable remoteEndPoint: 127.0.0.1:58781 localEndPoint: 127.0.0.1:58780
TpTrace Verbose: 0 : 15216, 15, 2024/01/10, 17:05:51.633, 21428438477567, vstest.console.dll, TestRequestSender.OnExecutionMessageReceived: Received message: {"Version":7,"MessageType":"TestSession.Message","Payload":{"MessageLevel":0,"Message":"[xUnit.net 00:00:01.05]         --- End of stack trace from previous location ---"}}
TpTrace Verbose: 0 : 15216, 15, 2024/01/10, 17:05:51.633, 21428438477990, vstest.console.dll, TestRunRequest:SendTestRunMessage: Starting.
TpTrace Verbose: 0 : 15216, 15, 2024/01/10, 17:05:51.633, 21428438478332, vstest.console.dll, MulticastDelegateUtilities.SafeInvoke: TestRun.LogMessages: Invoking callback 1/1 for Microsoft.VisualStudio.TestPlatform.CommandLine.TestRunResultAggregator., took 0 ms.
TpTrace Information: 0 : 15216, 15, 2024/01/10, 17:05:51.633, 21428438478514, vstest.console.dll, TestRunRequest:SendTestRunMessage: Completed.
TpTrace Verbose: 0 : 15216, 4, 2024/01/10, 17:05:51.633, 21428438478471, vstest.console.dll, MulticastDelegateUtilities.SafeInvoke: InternalTestLoggerEvents.SendTestRunMessage: Invoking callback 1/1 for Microsoft.VisualStudio.TestPlatform.CommandLine.Internal.ConsoleLogger., took 0 ms.
TpTrace Verbose: 0 : 15216, 15, 2024/01/10, 17:05:51.633, 21428438478679, vstest.console.dll, MulticastDelegateUtilities.SafeInvoke: LengthPrefixCommunicationChannel: MessageReceived: Invoking callback 1/1 for Microsoft.VisualStudio.TestPlatform.CommunicationUtilities.TestRequestSender+<>c__DisplayClass34_0., took 0 ms.
TpTrace Verbose: 0 : 15216, 15, 2024/01/10, 17:05:51.633, 21428438479204, vstest.console.dll, TcpClientExtensions.MessageLoopAsync: Polling on remoteEndPoint: 127.0.0.1:58781 localEndPoint: 127.0.0.1:58780
TpTrace Verbose: 0 : 15216, 15, 2024/01/10, 17:05:51.634, 21428438489826, vstest.console.dll, TcpClientExtensions.MessageLoopAsync: NotifyDataAvailable remoteEndPoint: 127.0.0.1:58781 localEndPoint: 127.0.0.1:58780
TpTrace Verbose: 0 : 15216, 15, 2024/01/10, 17:05:51.634, 21428438490865, vstest.console.dll, TestRequestSender.OnExecutionMessageReceived: Received message: {"Version":7,"MessageType":"TestSession.Message","Payload":{"MessageLevel":0,"Message":"[xUnit.net 00:00:01.05]   Finished:    Real_estate.Domain.Tests"}}
TpTrace Verbose: 0 : 15216, 15, 2024/01/10, 17:05:51.634, 21428438491552, vstest.console.dll, TestRunRequest:SendTestRunMessage: Starting.
TpTrace Verbose: 0 : 15216, 15, 2024/01/10, 17:05:51.634, 21428438491968, vstest.console.dll, MulticastDelegateUtilities.SafeInvoke: TestRun.LogMessages: Invoking callback 1/1 for Microsoft.VisualStudio.TestPlatform.CommandLine.TestRunResultAggregator., took 0 ms.
TpTrace Verbose: 0 : 15216, 4, 2024/01/10, 17:05:51.634, 21428438492096, vstest.console.dll, MulticastDelegateUtilities.SafeInvoke: InternalTestLoggerEvents.SendTestRunMessage: Invoking callback 1/1 for Microsoft.VisualStudio.TestPlatform.CommandLine.Internal.ConsoleLogger., took 0 ms.
TpTrace Information: 0 : 15216, 15, 2024/01/10, 17:05:51.634, 21428438492336, vstest.console.dll, TestRunRequest:SendTestRunMessage: Completed.
TpTrace Verbose: 0 : 15216, 15, 2024/01/10, 17:05:51.635, 21428438493181, vstest.console.dll, MulticastDelegateUtilities.SafeInvoke: LengthPrefixCommunicationChannel: MessageReceived: Invoking callback 1/1 for Microsoft.VisualStudio.TestPlatform.CommunicationUtilities.TestRequestSender+<>c__DisplayClass34_0., took 0 ms.
TpTrace Verbose: 0 : 15216, 15, 2024/01/10, 17:05:51.635, 21428438493471, vstest.console.dll, TcpClientExtensions.MessageLoopAsync: Polling on remoteEndPoint: 127.0.0.1:58781 localEndPoint: 127.0.0.1:58780
TpTrace Verbose: 0 : 15216, 15, 2024/01/10, 17:05:51.647, 21428438617895, vstest.console.dll, TcpClientExtensions.MessageLoopAsync: NotifyDataAvailable remoteEndPoint: 127.0.0.1:58781 localEndPoint: 127.0.0.1:58780
TpTrace Verbose: 0 : 15216, 15, 2024/01/10, 17:05:51.647, 21428438619722, vstest.console.dll, TestRequestSender.OnExecutionMessageReceived: Received message: {"Version":7,"MessageType":"TestExecution.Completed","Payload":{"TestRunCompleteArgs":{"TestRunStatistics":{"ExecutedTests":28,"Stats":{"Passed":27,"Failed":1}},"IsCanceled":false,"IsAborted":false,"Error":null,"AttachmentSets":[],"InvokedDataCollectors":[],"ElapsedTimeInRunningTests":"00:00:01.0599410","Metrics":{},"DiscoveredExtensions":{"TestDiscoverers":["Xunit.Runner.VisualStudio.VsTestRunner, xunit.runner.visualstudio.dotnetcore.testadapter, Version=2.4.0.0, Culture=neutral, PublicKeyToken=8d05b1bb7a6fdb6c"],"TestExecutors":["executor://xunit/VsTestRunner2/netcoreapp"],"TestExecutors2":[],"TestSettingsProviders":[]}},"LastRunTests":{"NewTestResults":[{"TestCase":{"Id":"2801639b-bb2e-dde0-c678-b6139033a4bd","FullyQualifiedName":"Real_estate.Domain.Tests.ListingTests.WhenUpdateTitleListingIsCalled_And_TitleIsInvalid_Then_ThrowsArgumentExceptio","DisplayName":"Real_estate.Domain.Tests.ListingTests.WhenUpdateTitleListingIsCalled_And_TitleIsInvalid_Then_ThrowsArgumentExceptio","ExecutorUri":"executor://xunit/VsTestRunner2/netcoreapp","Source":"C:\\Users\\Dragos\\Desktop\\dotnet\\Real-Estate-Property-Listing-Project\\Real_estate.Domain.Tests\\bin\\Debug\\net8.0\\fine-code-coverage\\build-output\\Real_estate.Domain.Tests.dll","CodeFilePath":null,"LineNumber":0,"Properties":[]},"Attachments":[],"Outcome":1,"ErrorMessage":null,"ErrorStackTrace":null,"DisplayName":"Real_estate.Domain.Tests.ListingTests.WhenUpdateTitleListingIsCalled_And_TitleIsInvalid_Then_ThrowsArgumentExceptio","Messages":[],"ComputerName":"DESKTOP-0DQ1GM5","Duration":"00:00:00.0001799","StartTime":"2024-01-10T15:05:51.625699+00:00","EndTime":"2024-01-10T15:05:51.625699+00:00","Properties":[]},{"TestCase":{"Id":"aff950d9-f44c-9624-6dd1-8e942d4fbaa2","FullyQualifiedName":"Real_estate.Domain.Tests.ListingTests.WhenUpdateStatusListingIsCalled_And_StatusIsInvalid_Then_ThrowsArgumentException","DisplayName":"Real_estate.Domain.Tests.ListingTests.WhenUpdateStatusListingIsCalled_And_StatusIsInvalid_Then_ThrowsArgumentException","ExecutorUri":"executor://xunit/VsTestRunner2/netcoreapp","Source":"C:\\Users\\Dragos\\Desktop\\dotnet\\Real-Estate-Property-Listing-Project\\Real_estate.Domain.Tests\\bin\\Debug\\net8.0\\fine-code-coverage\\build-output\\Real_estate.Domain.Tests.dll","CodeFilePath":null,"LineNumber":0,"Properties":[]},"Attachments":[],"Outcome":1,"ErrorMessage":null,"ErrorStackTrace":null,"DisplayName":"Real_estate.Domain.Tests.ListingTests.WhenUpdateStatusListingIsCalled_And_StatusIsInvalid_Then_ThrowsArgumentException","Messages":[],"ComputerName":"DESKTOP-0DQ1GM5","Duration":"00:00:00.0001841","StartTime":"2024-01-10T15:05:51.6273257+00:00","EndTime":"2024-01-10T15:05:51.6273257+00:00","Properties":[]},{"TestCase":{"Id":"1b1227a5-f14f-b5dd-6925-7a18e626b78f","FullyQualifiedName":"Real_estate.Domain.Tests.PropertyTests.Handle_ValidCommand_ShouldCreateProperty","DisplayName":"Real_estate.Domain.Tests.PropertyTests.Handle_ValidCommand_ShouldCreateProperty","ExecutorUri":"executor://xunit/VsTestRunner2/netcoreapp","Source":"C:\\Users\\Dragos\\Desktop\\dotnet\\Real-Estate-Property-Listing-Project\\Real_estate.Domain.Tests\\bin\\Debug\\net8.0\\fine-code-coverage\\build-output\\Real_estate.Domain.Tests.dll","CodeFilePath":null,"LineNumber":0,"Properties":[]},"Attachments":[],"Outcome":2,"ErrorMessage":"Microsoft.VisualStudio.TestTools.UnitTesting.AssertFailedException : Expected result.Property not to be <null> because a property should be created.","ErrorStackTrace":"   at FluentAssertions.Execution.LateBoundTestFramework.Throw(String message)\r\n   at FluentAssertions.Execution.TestFrameworkProvider.Throw(String message)\r\n   at FluentAssertions.Execution.DefaultAssertionStrategy.HandleFailure(String message)\r\n   at FluentAssertions.Execution.AssertionScope.FailWith(Func`1 failReasonFunc)\r\n   at FluentAssertions.Execution.AssertionScope.FailWith(Func`1 failReasonFunc)\r\n   at FluentAssertions.Execution.AssertionScope.FailWith(String message)\r\n   at FluentAssertions.Primitives.ReferenceTypeAssertions`2.NotBeNull(String because, Object[] becauseArgs)\r\n   at Real_estate.Domain.Tests.PropertyTests.Handle_ValidCommand_ShouldCreateProperty() in C:\\Users\\Dragos\\Desktop\\dotnet\\Real-Estate-Property-Listing-Project\\Real_estate.Domain.Tests\\PropertyTests.cs:line 109\r\n--- End of stack trace from previous location ---","DisplayName":"Real_estate.Domain.Tests.PropertyTests.Handle_ValidCommand_ShouldCreateProperty","Messages":[],"ComputerName":"DESKTOP-0DQ1GM5","Duration":"00:00:00.0354608","StartTime":"2024-01-10T15:05:51.6328377+00:00","EndTime":"2024-01-10T15:05:51.6328378+00:00","Properties":[]}],"TestRunStatistics":{"ExecutedTests":28,"Stats":{"Passed":27,"Failed":1}},"ActiveTests":[]},"RunAttachments":[],"ExecutorUris":["executor://xunit/VsTestRunner2/netcoreapp"]}}
TpTrace Verbose: 0 : 15216, 15, 2024/01/10, 17:05:51.647, 21428438620870, vstest.console.dll, TestRequestSender.EndSession: Sending end session.
TpTrace Verbose: 0 : 15216, 15, 2024/01/10, 17:05:51.647, 21428438622225, vstest.console.dll, ProxyOperationManager.Close: waiting for test host to exit for 100 ms
TpTrace Verbose: 0 : 15216, 14, 2024/01/10, 17:05:51.665, 21428438802694, vstest.console.dll, TestHostManagerCallbacks.ctor: Experimental forwarding output is disabled.
TpTrace Warning: 0 : 15216, 14, 2024/01/10, 17:05:51.666, 21428438803704, vstest.console.dll, TestHostManagerCallbacks.ErrorReceivedCallback Test host standard error line: 
TpTrace Verbose: 0 : 15216, 14, 2024/01/10, 17:05:51.684, 21428438989465, vstest.console.dll, TestHostProvider.ExitCallBack: Host exited starting callback.
TpTrace Information: 0 : 15216, 14, 2024/01/10, 17:05:51.684, 21428438990765, vstest.console.dll, TestHostManagerCallbacks.ExitCallBack: Testhost processId: 25376 exited with exitcode: 0 error: ''
TpTrace Verbose: 0 : 15216, 14, 2024/01/10, 17:05:51.684, 21428438991106, vstest.console.dll, DotnetTestHostManager.OnHostExited: invoking OnHostExited callback
TpTrace Verbose: 0 : 15216, 14, 2024/01/10, 17:05:51.684, 21428438991512, vstest.console.dll, CrossPlatEngine.TestHostManagerHostExited: calling on client process exit callback.
TpTrace Information: 0 : 15216, 14, 2024/01/10, 17:05:51.684, 21428438991892, vstest.console.dll, TestRequestSender.OnClientProcessExit: Test host process exited. Standard error: 
TpTrace Information: 0 : 15216, 14, 2024/01/10, 17:05:51.684, 21428438992156, vstest.console.dll, SocketServer.Stop: Stop server endPoint: 127.0.0.1:58780
TpTrace Information: 0 : 15216, 15, 2024/01/10, 17:05:51.684, 21428438992197, vstest.console.dll, SocketServer.Stop: Stop server endPoint: 127.0.0.1:58780
TpTrace Information: 0 : 15216, 14, 2024/01/10, 17:05:51.684, 21428438992322, vstest.console.dll, SocketServer.Stop: Cancellation requested. Stopping message loop.
TpTrace Information: 0 : 15216, 15, 2024/01/10, 17:05:51.684, 21428438992758, vstest.console.dll, SocketServer.Stop: Cancellation requested. Stopping message loop.
TpTrace Information: 0 : 15216, 15, 2024/01/10, 17:05:51.685, 21428438993343, vstest.console.dll, Closing the connection
TpTrace Verbose: 0 : 15216, 14, 2024/01/10, 17:05:51.685, 21428438993581, vstest.console.dll, MulticastDelegateUtilities.SafeInvoke: HostProviderEvents.OnHostExited: Invoking callback 1/1 for Microsoft.VisualStudio.TestPlatform.CrossPlatEngine.Client.ProxyOperationManager., took 0 ms.
TpTrace Verbose: 0 : 15216, 15, 2024/01/10, 17:05:51.685, 21428438995414, vstest.console.dll, ProxyDataCollectionManager.InvokeDataCollectionServiceAction: Starting.
TpTrace Information: 0 : 15216, 15, 2024/01/10, 17:05:51.685, 21428438995835, vstest.console.dll, ProxyDataCollectionManager.AfterTestRunEnd: Get attachment set and invoked data collectors processId: 14492 port: 58777
TpTrace Verbose: 0 : 15216, 15, 2024/01/10, 17:05:51.685, 21428438996211, vstest.console.dll, DataCollectionRequestSender.SendAfterTestRunStartAndGetResult: Send AfterTestRunEnd message with isCancelled: False
TpTrace Verbose: 0 : 15216, 15, 2024/01/10, 17:05:51.689, 21428439042102, vstest.console.dll, DataCollectionRequestSender.SendAfterTestRunStartAndGetResult: Received message: (DataCollection.AfterTestRunEndResult) -> {"MessageType":"DataCollection.AfterTestRunEndResult","Payload":{"AttachmentSets":[],"InvokedDataCollectors":[{"Uri":"datacollector://Microsoft/TestPlatform/Extensions/Blame/v1","FriendlyName":"Blame","AssemblyQualifiedName":"Microsoft.TestPlatform.Extensions.BlameDataCollector.BlameCollector, Microsoft.TestPlatform.Extensions.BlameDataCollector, Version=15.0.0.0, Culture=neutral, PublicKeyToken=b03f5f7f11d50a3a","FilePath":"C:\\Program Files\\dotnet\\sdk\\8.0.100\\Extensions\\Microsoft.TestPlatform.Extensions.BlameDataCollector.dll","HasAttachmentProcessor":false}],"Metrics":{}}}
TpTrace Information: 0 : 15216, 15, 2024/01/10, 17:05:51.693, 21428439077319, vstest.console.dll, ProxyDataCollectionManager.InvokeDataCollectionServiceAction: Completed.
TpTrace Verbose: 0 : 15216, 15, 2024/01/10, 17:05:51.715, 21428439299934, vstest.console.dll, TestRunRequest:SendTestRunStatsChange: Starting.
TpTrace Verbose: 0 : 15216, 15, 2024/01/10, 17:05:51.715, 21428439300907, vstest.console.dll, MulticastDelegateUtilities.SafeInvoke: TestRun.RunStatsChanged: Invoking callbacks was skipped because there are no subscribers.
TpTrace Information: 0 : 15216, 15, 2024/01/10, 17:05:51.715, 21428439301122, vstest.console.dll, TestRunRequest:SendTestRunStatsChange: Completed.
TpTrace Verbose: 0 : 15216, 4, 2024/01/10, 17:05:51.715, 21428439301484, vstest.console.dll, MulticastDelegateUtilities.SafeInvoke: InternalTestLoggerEvents.SendTestResult: Invoking callback 1/1 for Microsoft.VisualStudio.TestPlatform.CommandLine.Internal.ConsoleLogger., took 0 ms.
TpTrace Verbose: 0 : 15216, 4, 2024/01/10, 17:05:51.715, 21428439302106, vstest.console.dll, MulticastDelegateUtilities.SafeInvoke: InternalTestLoggerEvents.SendTestResult: Invoking callback 1/1 for Microsoft.VisualStudio.TestPlatform.CommandLine.Internal.ConsoleLogger., took 0 ms.
TpTrace Verbose: 0 : 15216, 15, 2024/01/10, 17:05:51.716, 21428439303122, vstest.console.dll, ParallelProxyExecutionManager: HandlePartialRunComplete: Total workloads = 1, Total started clients = 1 Total completed clients = 1, Run complete = True, Run canceled: False.
TpTrace Verbose: 0 : 15216, 15, 2024/01/10, 17:05:51.716, 21428439303453, vstest.console.dll, ParallelProxyExecutionManager: HandlePartialRunComplete: All runs completed stopping all managers.
TpTrace Verbose: 0 : 15216, 15, 2024/01/10, 17:05:51.716, 21428439303684, vstest.console.dll, ParallelOperationManager.StopAllManagers: Stopping all managers.
TpTrace Verbose: 0 : 15216, 15, 2024/01/10, 17:05:51.716, 21428439303884, vstest.console.dll, ParallelOperationManager.ClearSlots: Clearing all slots. Slots should accept more work: False
TpTrace Verbose: 0 : 15216, 15, 2024/01/10, 17:05:51.716, 21428439304261, vstest.console.dll, ParallelOperationManager.SetOccupiedSlotCount: Setting slot counts AvailableSlotCount = 1, OccupiedSlotCount = 0.
TpTrace Verbose: 0 : 15216, 15, 2024/01/10, 17:05:51.716, 21428439304716, vstest.console.dll, Occupied slots:

TpTrace Verbose: 0 : 15216, 4, 2024/01/10, 17:05:51.716, 21428439305925, vstest.console.dll, MulticastDelegateUtilities.SafeInvoke: InternalTestLoggerEvents.SendTestResult: Invoking callback 1/1 for Microsoft.VisualStudio.TestPlatform.CommandLine.Internal.ConsoleLogger., took 0 ms.
TpTrace Warning: 0 : 15216, 11, 2024/01/10, 17:05:51.718, 21428439329851, vstest.console.dll, DataCollectionLauncher.ErrorReceivedCallback datacollector standard error line: 
TpTrace Verbose: 0 : 15216, 4, 2024/01/10, 17:05:51.722, 21428439362971, vstest.console.dll, MulticastDelegateUtilities.SafeInvoke: InternalTestLoggerEvents.SendTestRunComplete: Invoking callback 1/2 for Microsoft.TestPlatform.Extensions.BlameDataCollector.BlameLogger., took 0 ms.
TpTrace Information: 0 : 15216, 11, 2024/01/10, 17:05:51.722, 21428439369219, vstest.console.dll, DataCollectionLauncher.ExitCallBack: Data collector exited with exitcode: 0 error: ''
TpTrace Verbose: 0 : 15216, 4, 2024/01/10, 17:05:51.725, 21428439400778, vstest.console.dll, MulticastDelegateUtilities.SafeInvoke: InternalTestLoggerEvents.SendTestRunComplete: Invoking callback 2/2 for Microsoft.VisualStudio.TestPlatform.CommandLine.Internal.ConsoleLogger., took 3 ms.
TpTrace Verbose: 0 : 15216, 15, 2024/01/10, 17:05:51.726, 21428439402952, vstest.console.dll, TestRunRequest:TestRunComplete: Starting. IsAborted:False IsCanceled:False.
TpTrace Verbose: 0 : 15216, 15, 2024/01/10, 17:05:51.726, 21428439404316, vstest.console.dll, ParallelOperationManager.DoActionOnAllManagers: Calling an action on all managers.
TpTrace Verbose: 0 : 15216, 15, 2024/01/10, 17:05:51.726, 21428439411818, vstest.console.dll, TestLoggerManager.HandleTestRunComplete: Ignoring as the object is disposed.
TpTrace Verbose: 0 : 15216, 15, 2024/01/10, 17:05:51.727, 21428439413225, vstest.console.dll, MulticastDelegateUtilities.SafeInvoke: TestRun.TestRunComplete: Invoking callback 1/2 for Microsoft.VisualStudio.TestPlatform.CommandLine.TestRunResultAggregator., took 0 ms.
TpTrace Verbose: 0 : 15216, 15, 2024/01/10, 17:05:51.727, 21428439414164, vstest.console.dll, MulticastDelegateUtilities.SafeInvoke: TestRun.TestRunComplete: Invoking callback 2/2 for Microsoft.VisualStudio.TestPlatform.CommandLine.Processors.RunTestsArgumentExecutor+TestRunRequestEventsRegistrar., took 0 ms.
TpTrace Information: 0 : 15216, 15, 2024/01/10, 17:05:51.727, 21428439414950, vstest.console.dll, TestRunRequest:TestRunComplete: Completed.
TpTrace Verbose: 0 : 15216, 15, 2024/01/10, 17:05:51.727, 21428439415268, vstest.console.dll, TestRequestSender.SetOperationComplete: Setting operation complete.
TpTrace Verbose: 0 : 15216, 1, 2024/01/10, 17:05:51.727, 21428439415396, vstest.console.dll, TestRunRequest.Dispose: Starting.
TpTrace Information: 0 : 15216, 15, 2024/01/10, 17:05:51.727, 21428439415545, vstest.console.dll, SocketServer.Stop: Stop server endPoint: 127.0.0.1:58780
TpTrace Information: 0 : 15216, 1, 2024/01/10, 17:05:51.727, 21428439416056, vstest.console.dll, TestRunRequest.Dispose: Completed.
TpTrace Information: 0 : 15216, 15, 2024/01/10, 17:05:51.727, 21428439416436, vstest.console.dll, SocketServer.Stop: Cancellation requested. Stopping message loop.
TpTrace Information: 0 : 15216, 1, 2024/01/10, 17:05:51.727, 21428439416601, vstest.console.dll, TestRequestManager.RunTests: run tests completed.
TpTrace Verbose: 0 : 15216, 15, 2024/01/10, 17:05:51.727, 21428439416789, vstest.console.dll, MulticastDelegateUtilities.SafeInvoke: LengthPrefixCommunicationChannel: MessageReceived: Invoking callback 1/1 for Microsoft.VisualStudio.TestPlatform.CommunicationUtilities.TestRequestSender+<>c__DisplayClass34_0., took 79 ms.
TpTrace Information: 0 : 15216, 15, 2024/01/10, 17:05:51.727, 21428439417136, vstest.console.dll, SocketServer.PrivateStop: Stopping server endPoint: 127.0.0.1:58780 error: 
TpTrace Information: 0 : 15216, 1, 2024/01/10, 17:05:51.727, 21428439417513, vstest.console.dll, RunTestsArgumentProcessor:Execute: Test run is completed.
TpTrace Verbose: 0 : 15216, 1, 2024/01/10, 17:05:51.727, 21428439419956, vstest.console.dll, Executor.Execute: Exiting with exit code of 1
TpTrace Verbose: 0 : 15216, 15, 2024/01/10, 17:05:51.727, 21428439421032, vstest.console.dll, LengthPrefixCommunicationChannel.Dispose: Dispose reader and writer.
TpTrace Information: 0 : 15216, 15, 2024/01/10, 17:05:51.727, 21428439421606, vstest.console.dll, SocketServer.Stop: Raise disconnected event endPoint: 127.0.0.1:58780 error: 
TpTrace Verbose: 0 : 15216, 15, 2024/01/10, 17:05:51.727, 21428439422169, vstest.console.dll, TestRequestSender: OnTestRunAbort: Operation is already complete. Skip error message.
TpTrace Verbose: 0 : 15216, 15, 2024/01/10, 17:05:51.727, 21428439422468, vstest.console.dll, MulticastDelegateUtilities.SafeInvoke: SocketServer: ClientDisconnected: Invoking callback 1/1 for Microsoft.VisualStudio.TestPlatform.CommunicationUtilities.TestRequestSender., took 0 ms.
TpTrace Verbose: 0 : 15216, 15, 2024/01/10, 17:05:51.727, 21428439422647, vstest.console.dll, TcpClientExtensions.MessageLoopAsync: exiting MessageLoopAsync remoteEndPoint: 127.0.0.1:58781 localEndPoint: 127.0.0.1:58780
