TpTrace Verbose: 0 : 67864, 1, 2024/01/12, 16:35:13.297, 7671406490519, vstest.console.dll, Version: 17.8.0-release-23523-03 Current process architecture: X64
TpTrace Verbose: 0 : 67864, 1, 2024/01/12, 16:35:13.299, 7671406513695, vstest.console.dll, Runtime location: C:\Program Files\dotnet\shared\Microsoft.NETCore.App\8.0.0
TpTrace Verbose: 0 : 67864, 1, 2024/01/12, 16:35:13.302, 7671406537726, vstest.console.dll, ArtifactProcessingPostProcessModeProcessorExecutor.Initialize: ArtifactProcessingMode.Collect
TpTrace Verbose: 0 : 67864, 1, 2024/01/12, 16:35:13.302, 7671406538878, vstest.console.dll, TestSessionCorrelationIdProcessorModeProcessorExecutor.Initialize: TestSessionCorrelationId '47200_9690fedf-3bcd-48e7-8402-88f86abb2b87'
TpTrace Information: 0 : 67864, 1, 2024/01/12, 16:35:13.308, 7671406599345, vstest.console.dll, FilePatternParser: The given file C:\Users\carin\source\repos\Real-Estate-Property-Listing\Real_estate.API.IntegrationTests\bin\Debug\net8.0\fine-code-coverage\build-output\Real_estate.API.IntegrationTests.dll is a full path.
TpTrace Verbose: 0 : 67864, 1, 2024/01/12, 16:35:13.312, 7671406642902, vstest.console.dll, TestPluginCache.DiscoverTestExtensions: finding test extensions in assemblies ends with: RuntimeProvider.dll TPluginInfo: Microsoft.VisualStudio.TestPlatform.Common.ExtensionFramework.Utilities.TestRuntimePluginInformation TExtension: Microsoft.VisualStudio.TestPlatform.ObjectModel.Host.ITestRuntimeProvider
TpTrace Verbose: 0 : 67864, 1, 2024/01/12, 16:35:13.313, 7671406645833, vstest.console.dll, TestPluginCache.GetExtensionPaths: Filtered extension paths: 
TpTrace Verbose: 0 : 67864, 1, 2024/01/12, 16:35:13.313, 7671406646331, vstest.console.dll, TestPluginCache.GetExtensionPaths: Added default extension paths: C:\Program Files\dotnet\sdk\8.0.100\Extensions\Microsoft.Diagnostics.NETCore.Client.dll
C:\Program Files\dotnet\sdk\8.0.100\Extensions\Microsoft.TestPlatform.Extensions.BlameDataCollector.dll
C:\Program Files\dotnet\sdk\8.0.100\Extensions\Microsoft.TestPlatform.Extensions.EventLogCollector.dll
C:\Program Files\dotnet\sdk\8.0.100\Extensions\Microsoft.TestPlatform.TestHostRuntimeProvider.dll
C:\Program Files\dotnet\sdk\8.0.100\Extensions\Microsoft.VisualStudio.TestPlatform.Extensions.Html.TestLogger.dll
C:\Program Files\dotnet\sdk\8.0.100\Extensions\Microsoft.VisualStudio.TestPlatform.Extensions.Trx.TestLogger.dll
TpTrace Verbose: 0 : 67864, 1, 2024/01/12, 16:35:13.313, 7671406646500, vstest.console.dll, TestPluginCache.GetExtensionPaths: Added unfilterableExtensionPaths: 
TpTrace Information: 0 : 67864, 1, 2024/01/12, 16:35:13.313, 7671406649984, vstest.console.dll, AssemblyResolver.ctor: Creating AssemblyResolver with searchDirectories C:\Program Files\dotnet\sdk\8.0.100\Extensions,C:\Program Files\dotnet\sdk\8.0.100
TpTrace Verbose: 0 : 67864, 1, 2024/01/12, 16:35:13.314, 7671406658351, vstest.console.dll, TestPluginCache.DiscoverTestExtensions: Discovering the extensions using extension path.
TpTrace Verbose: 0 : 67864, 1, 2024/01/12, 16:35:13.314, 7671406659512, vstest.console.dll, TestPluginCache.GetExtensionPaths: Filtered extension paths: 
TpTrace Verbose: 0 : 67864, 1, 2024/01/12, 16:35:13.314, 7671406659737, vstest.console.dll, TestPluginCache.GetExtensionPaths: Added default extension paths: C:\Program Files\dotnet\sdk\8.0.100\Extensions\Microsoft.Diagnostics.NETCore.Client.dll
C:\Program Files\dotnet\sdk\8.0.100\Extensions\Microsoft.TestPlatform.Extensions.BlameDataCollector.dll
C:\Program Files\dotnet\sdk\8.0.100\Extensions\Microsoft.TestPlatform.Extensions.EventLogCollector.dll
C:\Program Files\dotnet\sdk\8.0.100\Extensions\Microsoft.TestPlatform.TestHostRuntimeProvider.dll
C:\Program Files\dotnet\sdk\8.0.100\Extensions\Microsoft.VisualStudio.TestPlatform.Extensions.Html.TestLogger.dll
C:\Program Files\dotnet\sdk\8.0.100\Extensions\Microsoft.VisualStudio.TestPlatform.Extensions.Trx.TestLogger.dll
TpTrace Verbose: 0 : 67864, 1, 2024/01/12, 16:35:13.314, 7671406659856, vstest.console.dll, TestPluginCache.GetExtensionPaths: Added unfilterableExtensionPaths: 
TpTrace Verbose: 0 : 67864, 1, 2024/01/12, 16:35:13.314, 7671406660572, vstest.console.dll, TestPluginCache.DiscoverTestExtensions: Discovering the extensions using allExtensionPaths: C:\Program Files\dotnet\sdk\8.0.100\Extensions\Microsoft.Diagnostics.NETCore.Client.dll
C:\Program Files\dotnet\sdk\8.0.100\Extensions\Microsoft.TestPlatform.Extensions.BlameDataCollector.dll
C:\Program Files\dotnet\sdk\8.0.100\Extensions\Microsoft.TestPlatform.Extensions.EventLogCollector.dll
C:\Program Files\dotnet\sdk\8.0.100\Extensions\Microsoft.TestPlatform.TestHostRuntimeProvider.dll
C:\Program Files\dotnet\sdk\8.0.100\Extensions\Microsoft.VisualStudio.TestPlatform.Extensions.Html.TestLogger.dll
C:\Program Files\dotnet\sdk\8.0.100\Extensions\Microsoft.VisualStudio.TestPlatform.Extensions.Trx.TestLogger.dll
TpTrace Information: 0 : 67864, 1, 2024/01/12, 16:35:13.314, 7671406661162, vstest.console.dll, AssemblyResolver.AddSearchDirectories: Adding more searchDirectories C:\Program Files\dotnet\sdk\8.0.100\Extensions,C:\Program Files\dotnet\sdk\8.0.100
TpTrace Information: 0 : 67864, 1, 2024/01/12, 16:35:13.314, 7671406661364, vstest.console.dll, AssemblyResolver.AddSearchDirectories: Adding more searchDirectories C:\Program Files\dotnet\sdk\8.0.100\Extensions,C:\Program Files\dotnet\sdk\8.0.100
TpTrace Information: 0 : 67864, 1, 2024/01/12, 16:35:13.314, 7671406661477, vstest.console.dll, AssemblyResolver.AddSearchDirectories: Adding more searchDirectories C:\Program Files\dotnet\sdk\8.0.100\Extensions,C:\Program Files\dotnet\sdk\8.0.100
TpTrace Information: 0 : 67864, 1, 2024/01/12, 16:35:13.314, 7671406661581, vstest.console.dll, AssemblyResolver.AddSearchDirectories: Adding more searchDirectories C:\Program Files\dotnet\sdk\8.0.100\Extensions,C:\Program Files\dotnet\sdk\8.0.100
TpTrace Information: 0 : 67864, 1, 2024/01/12, 16:35:13.314, 7671406661709, vstest.console.dll, AssemblyResolver.AddSearchDirectories: Adding more searchDirectories C:\Program Files\dotnet\sdk\8.0.100\Extensions,C:\Program Files\dotnet\sdk\8.0.100
TpTrace Information: 0 : 67864, 1, 2024/01/12, 16:35:13.314, 7671406661813, vstest.console.dll, AssemblyResolver.AddSearchDirectories: Adding more searchDirectories C:\Program Files\dotnet\sdk\8.0.100\Extensions,C:\Program Files\dotnet\sdk\8.0.100
TpTrace Information: 0 : 67864, 1, 2024/01/12, 16:35:13.315, 7671406664700, vstest.console.dll, AssemblyResolver.OnResolve: Microsoft.Diagnostics.NETCore.Client: Resolving assembly.
TpTrace Information: 0 : 67864, 1, 2024/01/12, 16:35:13.315, 7671406665154, vstest.console.dll, AssemblyResolver.OnResolve: Microsoft.Diagnostics.NETCore.Client: Searching in: 'C:\Program Files\dotnet\sdk\8.0.100\Extensions'.
TpTrace Information: 0 : 67864, 1, 2024/01/12, 16:35:13.319, 7671406708057, vstest.console.dll, AssemblyResolver.OnResolve: Microsoft.Diagnostics.NETCore.Client: Loading assembly 'C:\Program Files\dotnet\sdk\8.0.100\Extensions\Microsoft.Diagnostics.NETCore.Client.dll'.
TpTrace Information: 0 : 67864, 1, 2024/01/12, 16:35:13.320, 7671406714889, vstest.console.dll, AssemblyResolver.OnResolve: Resolved assembly: Microsoft.Diagnostics.NETCore.Client, from path: C:\Program Files\dotnet\sdk\8.0.100\Extensions\Microsoft.Diagnostics.NETCore.Client.dll
TpTrace Verbose: 0 : 67864, 1, 2024/01/12, 16:35:13.322, 7671406741833, vstest.console.dll, MetadataReaderExtensionsHelper: Discovering extensions inside assembly 'Microsoft.Diagnostics.NETCore.Client, Version=0.2.8.21101, Culture=neutral, PublicKeyToken=31bf3856ad364e35' file path 'C:\Program Files\dotnet\sdk\8.0.100\Extensions\Microsoft.Diagnostics.NETCore.Client.dll'
TpTrace Information: 0 : 67864, 1, 2024/01/12, 16:35:13.325, 7671406765822, vstest.console.dll, AssemblyResolver.OnResolve: Microsoft.Bcl.AsyncInterfaces: Resolving assembly.
TpTrace Information: 0 : 67864, 1, 2024/01/12, 16:35:13.325, 7671406766443, vstest.console.dll, AssemblyResolver.OnResolve: Microsoft.Bcl.AsyncInterfaces: Searching in: 'C:\Program Files\dotnet\sdk\8.0.100\Extensions'.
TpTrace Information: 0 : 67864, 1, 2024/01/12, 16:35:13.325, 7671406766937, vstest.console.dll, AssemblyResolver.OnResolve: Microsoft.Bcl.AsyncInterfaces: Assembly path does not exist: 'C:\Program Files\dotnet\sdk\8.0.100\Extensions\Microsoft.Bcl.AsyncInterfaces.dll', returning.
TpTrace Information: 0 : 67864, 1, 2024/01/12, 16:35:13.325, 7671406767491, vstest.console.dll, AssemblyResolver.OnResolve: Microsoft.Bcl.AsyncInterfaces: Assembly path does not exist: 'C:\Program Files\dotnet\sdk\8.0.100\Extensions\Microsoft.Bcl.AsyncInterfaces.exe', returning.
TpTrace Information: 0 : 67864, 1, 2024/01/12, 16:35:13.325, 7671406767621, vstest.console.dll, AssemblyResolver.OnResolve: Microsoft.Bcl.AsyncInterfaces: Searching in: 'C:\Program Files\dotnet\sdk\8.0.100'.
TpTrace Information: 0 : 67864, 1, 2024/01/12, 16:35:13.325, 7671406767909, vstest.console.dll, AssemblyResolver.OnResolve: Microsoft.Bcl.AsyncInterfaces: Assembly path does not exist: 'C:\Program Files\dotnet\sdk\8.0.100\Microsoft.Bcl.AsyncInterfaces.dll', returning.
TpTrace Information: 0 : 67864, 1, 2024/01/12, 16:35:13.325, 7671406768128, vstest.console.dll, AssemblyResolver.OnResolve: Microsoft.Bcl.AsyncInterfaces: Assembly path does not exist: 'C:\Program Files\dotnet\sdk\8.0.100\Microsoft.Bcl.AsyncInterfaces.exe', returning.
TpTrace Information: 0 : 67864, 1, 2024/01/12, 16:35:13.325, 7671406768236, vstest.console.dll, AssemblyResolver.OnResolve: Microsoft.Bcl.AsyncInterfaces: Failed to load assembly.
TpTrace Verbose: 0 : 67864, 1, 2024/01/12, 16:35:13.325, 7671406768505, vstest.console.dll, CurrentDomainAssemblyResolve: Resolving assembly 'Microsoft.Bcl.AsyncInterfaces'.
TpTrace Information: 0 : 67864, 1, 2024/01/12, 16:35:13.325, 7671406768868, vstest.console.dll, AssemblyResolver.OnResolve: Microsoft.Bcl.AsyncInterfaces: Resolving assembly.
TpTrace Information: 0 : 67864, 1, 2024/01/12, 16:35:13.325, 7671406769033, vstest.console.dll, AssemblyResolver.OnResolve: Microsoft.Bcl.AsyncInterfaces: Resolved from cache.
TpTrace Verbose: 0 : 67864, 1, 2024/01/12, 16:35:13.325, 7671406769129, vstest.console.dll, CurrentDomainAssemblyResolve: Resolving assembly 'Microsoft.Bcl.AsyncInterfaces'.
TpTrace Verbose: 0 : 67864, 1, 2024/01/12, 16:35:13.325, 7671406769296, vstest.console.dll, CurrentDomainAssemblyResolve: Failed to resolve assembly 'Microsoft.Bcl.AsyncInterfaces'.
TpTrace Verbose: 0 : 67864, 1, 2024/01/12, 16:35:13.325, 7671406772549, vstest.console.dll, CurrentDomainAssemblyResolve: Failed to resolve assembly 'Microsoft.Bcl.AsyncInterfaces'.
TpTrace Warning: 0 : 67864, 1, 2024/01/12, 16:35:13.331, 7671406823056, vstest.console.dll, TestPluginDiscoverer: Failed to get types from assembly 'Microsoft.Diagnostics.NETCore.Client, Version=0.2.8.21101, Culture=neutral, PublicKeyToken=31bf3856ad364e35'. Error: System.Reflection.ReflectionTypeLoadException: Unable to load one or more of the requested types.
Could not load file or assembly 'Microsoft.Bcl.AsyncInterfaces, Version=1.0.0.0, Culture=neutral, PublicKeyToken=cc7b13ffcd2ddd51'. The system cannot find the file specified.
   at System.Reflection.RuntimeModule.GetTypes(RuntimeModule module)
   at System.Reflection.RuntimeModule.GetTypes()
   at Microsoft.VisualStudio.TestPlatform.Common.ExtensionFramework.TestPluginDiscoverer.GetTestExtensionsFromAssembly[TPluginInfo,TExtension](Assembly assembly, Dictionary`2 pluginInfos, String filePath) in /_/src/Microsoft.TestPlatform.Common/ExtensionFramework/TestPluginDiscoverer.cs:line 158
System.IO.FileNotFoundException: Could not load file or assembly 'Microsoft.Bcl.AsyncInterfaces, Version=1.0.0.0, Culture=neutral, PublicKeyToken=cc7b13ffcd2ddd51'. The system cannot find the file specified.
File name: 'Microsoft.Bcl.AsyncInterfaces, Version=1.0.0.0, Culture=neutral, PublicKeyToken=cc7b13ffcd2ddd51'
 ---> System.IO.FileNotFoundException: Could not load file or assembly 'Microsoft.Bcl.AsyncInterfaces, Culture=neutral, PublicKeyToken=null'. The system cannot find the file specified.
File name: 'Microsoft.Bcl.AsyncInterfaces, Culture=neutral, PublicKeyToken=null'
   at System.Reflection.RuntimeAssembly.InternalLoad(AssemblyName assemblyName, StackCrawlMark& stackMark, AssemblyLoadContext assemblyLoadContext, RuntimeAssembly requestingAssembly, Boolean throwOnFileNotFound)
   at System.Reflection.Assembly.Load(AssemblyName assemblyRef)
   at Microsoft.VisualStudio.TestPlatform.Common.ExtensionFramework.TestPluginCache.CurrentDomainAssemblyResolve(Object sender, AssemblyResolveEventArgs args) in /_/src/Microsoft.TestPlatform.Common/ExtensionFramework/TestPluginCache.cs:line 513
   at System.Runtime.Loader.AssemblyLoadContext.GetFirstResolvedAssemblyFromResolvingEvent(AssemblyName assemblyName)
   at System.Runtime.Loader.AssemblyLoadContext.ResolveUsingEvent(AssemblyName assemblyName)
   at System.Runtime.Loader.AssemblyLoadContext.ResolveUsingResolvingEvent(IntPtr gchManagedAssemblyLoadContext, AssemblyName assemblyName)
TpTrace Warning: 0 : 67864, 1, 2024/01/12, 16:35:13.331, 7671406825489, vstest.console.dll, LoaderExceptions: System.IO.FileNotFoundException: Could not load file or assembly 'Microsoft.Bcl.AsyncInterfaces, Version=1.0.0.0, Culture=neutral, PublicKeyToken=cc7b13ffcd2ddd51'. The system cannot find the file specified.
File name: 'Microsoft.Bcl.AsyncInterfaces, Version=1.0.0.0, Culture=neutral, PublicKeyToken=cc7b13ffcd2ddd51'
 ---> System.IO.FileNotFoundException: Could not load file or assembly 'Microsoft.Bcl.AsyncInterfaces, Culture=neutral, PublicKeyToken=null'. The system cannot find the file specified.
File name: 'Microsoft.Bcl.AsyncInterfaces, Culture=neutral, PublicKeyToken=null'
   at System.Reflection.RuntimeAssembly.InternalLoad(AssemblyName assemblyName, StackCrawlMark& stackMark, AssemblyLoadContext assemblyLoadContext, RuntimeAssembly requestingAssembly, Boolean throwOnFileNotFound)
   at System.Reflection.Assembly.Load(AssemblyName assemblyRef)
   at Microsoft.VisualStudio.TestPlatform.Common.ExtensionFramework.TestPluginCache.CurrentDomainAssemblyResolve(Object sender, AssemblyResolveEventArgs args) in /_/src/Microsoft.TestPlatform.Common/ExtensionFramework/TestPluginCache.cs:line 513
   at System.Runtime.Loader.AssemblyLoadContext.GetFirstResolvedAssemblyFromResolvingEvent(AssemblyName assemblyName)
   at System.Runtime.Loader.AssemblyLoadContext.ResolveUsingEvent(AssemblyName assemblyName)
   at System.Runtime.Loader.AssemblyLoadContext.ResolveUsingResolvingEvent(IntPtr gchManagedAssemblyLoadContext, AssemblyName assemblyName)
TpTrace Information: 0 : 67864, 1, 2024/01/12, 16:35:13.331, 7671406826444, vstest.console.dll, AssemblyResolver.OnResolve: Microsoft.TestPlatform.Extensions.BlameDataCollector: Resolving assembly.
TpTrace Information: 0 : 67864, 1, 2024/01/12, 16:35:13.331, 7671406826750, vstest.console.dll, AssemblyResolver.OnResolve: Microsoft.TestPlatform.Extensions.BlameDataCollector: Searching in: 'C:\Program Files\dotnet\sdk\8.0.100\Extensions'.
TpTrace Information: 0 : 67864, 1, 2024/01/12, 16:35:13.331, 7671406831780, vstest.console.dll, AssemblyResolver.OnResolve: Microsoft.TestPlatform.Extensions.BlameDataCollector: Loading assembly 'C:\Program Files\dotnet\sdk\8.0.100\Extensions\Microsoft.TestPlatform.Extensions.BlameDataCollector.dll'.
TpTrace Information: 0 : 67864, 1, 2024/01/12, 16:35:13.332, 7671406836217, vstest.console.dll, AssemblyResolver.OnResolve: Resolved assembly: Microsoft.TestPlatform.Extensions.BlameDataCollector, from path: C:\Program Files\dotnet\sdk\8.0.100\Extensions\Microsoft.TestPlatform.Extensions.BlameDataCollector.dll
TpTrace Verbose: 0 : 67864, 1, 2024/01/12, 16:35:13.332, 7671406836761, vstest.console.dll, MetadataReaderExtensionsHelper: Discovering extensions inside assembly 'Microsoft.TestPlatform.Extensions.BlameDataCollector, Version=15.0.0.0, Culture=neutral, PublicKeyToken=b03f5f7f11d50a3a' file path 'C:\Program Files\dotnet\sdk\8.0.100\Extensions\Microsoft.TestPlatform.Extensions.BlameDataCollector.dll'
TpTrace Information: 0 : 67864, 1, 2024/01/12, 16:35:13.333, 7671406845635, vstest.console.dll, AssemblyResolver.OnResolve: Microsoft.TestPlatform.Extensions.EventLogCollector: Resolving assembly.
TpTrace Information: 0 : 67864, 1, 2024/01/12, 16:35:13.333, 7671406845986, vstest.console.dll, AssemblyResolver.OnResolve: Microsoft.TestPlatform.Extensions.EventLogCollector: Searching in: 'C:\Program Files\dotnet\sdk\8.0.100\Extensions'.
TpTrace Information: 0 : 67864, 1, 2024/01/12, 16:35:13.333, 7671406850503, vstest.console.dll, AssemblyResolver.OnResolve: Microsoft.TestPlatform.Extensions.EventLogCollector: Loading assembly 'C:\Program Files\dotnet\sdk\8.0.100\Extensions\Microsoft.TestPlatform.Extensions.EventLogCollector.dll'.
TpTrace Information: 0 : 67864, 1, 2024/01/12, 16:35:13.334, 7671406854766, vstest.console.dll, AssemblyResolver.OnResolve: Resolved assembly: Microsoft.TestPlatform.Extensions.EventLogCollector, from path: C:\Program Files\dotnet\sdk\8.0.100\Extensions\Microsoft.TestPlatform.Extensions.EventLogCollector.dll
TpTrace Verbose: 0 : 67864, 1, 2024/01/12, 16:35:13.334, 7671406855253, vstest.console.dll, MetadataReaderExtensionsHelper: Discovering extensions inside assembly 'Microsoft.TestPlatform.Extensions.EventLogCollector, Version=15.0.0.0, Culture=neutral, PublicKeyToken=b03f5f7f11d50a3a' file path 'C:\Program Files\dotnet\sdk\8.0.100\Extensions\Microsoft.TestPlatform.Extensions.EventLogCollector.dll'
TpTrace Information: 0 : 67864, 1, 2024/01/12, 16:35:13.335, 7671406871133, vstest.console.dll, AssemblyResolver.OnResolve: Microsoft.TestPlatform.TestHostRuntimeProvider: Resolving assembly.
TpTrace Information: 0 : 67864, 1, 2024/01/12, 16:35:13.335, 7671406871541, vstest.console.dll, AssemblyResolver.OnResolve: Microsoft.TestPlatform.TestHostRuntimeProvider: Searching in: 'C:\Program Files\dotnet\sdk\8.0.100\Extensions'.
TpTrace Information: 0 : 67864, 1, 2024/01/12, 16:35:13.336, 7671406875777, vstest.console.dll, AssemblyResolver.OnResolve: Microsoft.TestPlatform.TestHostRuntimeProvider: Loading assembly 'C:\Program Files\dotnet\sdk\8.0.100\Extensions\Microsoft.TestPlatform.TestHostRuntimeProvider.dll'.
TpTrace Information: 0 : 67864, 1, 2024/01/12, 16:35:13.336, 7671406882153, vstest.console.dll, AssemblyResolver.OnResolve: Resolved assembly: Microsoft.TestPlatform.TestHostRuntimeProvider, from path: C:\Program Files\dotnet\sdk\8.0.100\Extensions\Microsoft.TestPlatform.TestHostRuntimeProvider.dll
TpTrace Verbose: 0 : 67864, 1, 2024/01/12, 16:35:13.336, 7671406882652, vstest.console.dll, MetadataReaderExtensionsHelper: Discovering extensions inside assembly 'Microsoft.TestPlatform.TestHostRuntimeProvider, Version=15.0.0.0, Culture=neutral, PublicKeyToken=b03f5f7f11d50a3a' file path 'C:\Program Files\dotnet\sdk\8.0.100\Extensions\Microsoft.TestPlatform.TestHostRuntimeProvider.dll'
TpTrace Information: 0 : 67864, 1, 2024/01/12, 16:35:13.338, 7671406896573, vstest.console.dll, GetTestExtensionFromType: Register extension with identifier data 'HostProvider://DefaultTestHost' and type 'Microsoft.VisualStudio.TestPlatform.CrossPlatEngine.Hosting.DefaultTestHostManager, Microsoft.TestPlatform.TestHostRuntimeProvider, Version=15.0.0.0, Culture=neutral, PublicKeyToken=b03f5f7f11d50a3a' inside file 'C:\Program Files\dotnet\sdk\8.0.100\Extensions\Microsoft.TestPlatform.TestHostRuntimeProvider.dll'
TpTrace Information: 0 : 67864, 1, 2024/01/12, 16:35:13.338, 7671406898514, vstest.console.dll, GetTestExtensionFromType: Register extension with identifier data 'HostProvider://DotnetTestHost' and type 'Microsoft.VisualStudio.TestPlatform.CrossPlatEngine.Hosting.DotnetTestHostManager, Microsoft.TestPlatform.TestHostRuntimeProvider, Version=15.0.0.0, Culture=neutral, PublicKeyToken=b03f5f7f11d50a3a' inside file 'C:\Program Files\dotnet\sdk\8.0.100\Extensions\Microsoft.TestPlatform.TestHostRuntimeProvider.dll'
TpTrace Information: 0 : 67864, 1, 2024/01/12, 16:35:13.338, 7671406899226, vstest.console.dll, AssemblyResolver.OnResolve: Microsoft.VisualStudio.TestPlatform.Extensions.Html.TestLogger: Resolving assembly.
TpTrace Information: 0 : 67864, 1, 2024/01/12, 16:35:13.338, 7671406899381, vstest.console.dll, AssemblyResolver.OnResolve: Microsoft.VisualStudio.TestPlatform.Extensions.Html.TestLogger: Searching in: 'C:\Program Files\dotnet\sdk\8.0.100\Extensions'.
TpTrace Information: 0 : 67864, 1, 2024/01/12, 16:35:13.339, 7671406905875, vstest.console.dll, AssemblyResolver.OnResolve: Microsoft.VisualStudio.TestPlatform.Extensions.Html.TestLogger: Loading assembly 'C:\Program Files\dotnet\sdk\8.0.100\Extensions\Microsoft.VisualStudio.TestPlatform.Extensions.Html.TestLogger.dll'.
TpTrace Information: 0 : 67864, 1, 2024/01/12, 16:35:13.339, 7671406911240, vstest.console.dll, AssemblyResolver.OnResolve: Resolved assembly: Microsoft.VisualStudio.TestPlatform.Extensions.Html.TestLogger, from path: C:\Program Files\dotnet\sdk\8.0.100\Extensions\Microsoft.VisualStudio.TestPlatform.Extensions.Html.TestLogger.dll
TpTrace Verbose: 0 : 67864, 1, 2024/01/12, 16:35:13.339, 7671406911739, vstest.console.dll, MetadataReaderExtensionsHelper: Discovering extensions inside assembly 'Microsoft.VisualStudio.TestPlatform.Extensions.Html.TestLogger, Version=15.0.0.0, Culture=neutral, PublicKeyToken=b03f5f7f11d50a3a' file path 'C:\Program Files\dotnet\sdk\8.0.100\Extensions\Microsoft.VisualStudio.TestPlatform.Extensions.Html.TestLogger.dll'
TpTrace Information: 0 : 67864, 1, 2024/01/12, 16:35:13.340, 7671406919853, vstest.console.dll, AssemblyResolver.OnResolve: Microsoft.VisualStudio.TestPlatform.Extensions.Trx.TestLogger: Resolving assembly.
TpTrace Information: 0 : 67864, 1, 2024/01/12, 16:35:13.340, 7671406920286, vstest.console.dll, AssemblyResolver.OnResolve: Microsoft.VisualStudio.TestPlatform.Extensions.Trx.TestLogger: Searching in: 'C:\Program Files\dotnet\sdk\8.0.100\Extensions'.
TpTrace Information: 0 : 67864, 1, 2024/01/12, 16:35:13.341, 7671406925014, vstest.console.dll, AssemblyResolver.OnResolve: Microsoft.VisualStudio.TestPlatform.Extensions.Trx.TestLogger: Loading assembly 'C:\Program Files\dotnet\sdk\8.0.100\Extensions\Microsoft.VisualStudio.TestPlatform.Extensions.Trx.TestLogger.dll'.
TpTrace Information: 0 : 67864, 1, 2024/01/12, 16:35:13.341, 7671406929611, vstest.console.dll, AssemblyResolver.OnResolve: Resolved assembly: Microsoft.VisualStudio.TestPlatform.Extensions.Trx.TestLogger, from path: C:\Program Files\dotnet\sdk\8.0.100\Extensions\Microsoft.VisualStudio.TestPlatform.Extensions.Trx.TestLogger.dll
TpTrace Verbose: 0 : 67864, 1, 2024/01/12, 16:35:13.341, 7671406930034, vstest.console.dll, MetadataReaderExtensionsHelper: Discovering extensions inside assembly 'Microsoft.VisualStudio.TestPlatform.Extensions.Trx.TestLogger, Version=15.0.0.0, Culture=neutral, PublicKeyToken=b03f5f7f11d50a3a' file path 'C:\Program Files\dotnet\sdk\8.0.100\Extensions\Microsoft.VisualStudio.TestPlatform.Extensions.Trx.TestLogger.dll'
TpTrace Verbose: 0 : 67864, 1, 2024/01/12, 16:35:13.342, 7671406936283, vstest.console.dll, TestPluginCache: Discovered the extensions using extension path ''.
TpTrace Verbose: 0 : 67864, 1, 2024/01/12, 16:35:13.342, 7671406936682, vstest.console.dll, TestPluginCache: Discoverers are ''.
TpTrace Verbose: 0 : 67864, 1, 2024/01/12, 16:35:13.342, 7671406936804, vstest.console.dll, TestPluginCache: Executors are ''.
TpTrace Verbose: 0 : 67864, 1, 2024/01/12, 16:35:13.342, 7671406936909, vstest.console.dll, TestPluginCache: Executors2 are ''.
TpTrace Verbose: 0 : 67864, 1, 2024/01/12, 16:35:13.342, 7671406937014, vstest.console.dll, TestPluginCache: Setting providers are ''.
TpTrace Verbose: 0 : 67864, 1, 2024/01/12, 16:35:13.342, 7671406937117, vstest.console.dll, TestPluginCache: Loggers are ''.
TpTrace Verbose: 0 : 67864, 1, 2024/01/12, 16:35:13.342, 7671406938291, vstest.console.dll, TestPluginCache: TestHosts are 'HostProvider://DefaultTestHost,HostProvider://DotnetTestHost'.
TpTrace Verbose: 0 : 67864, 1, 2024/01/12, 16:35:13.342, 7671406938493, vstest.console.dll, TestPluginCache: DataCollectors are ''.
TpTrace Information: 0 : 67864, 1, 2024/01/12, 16:35:13.351, 7671407025693, vstest.console.dll, RunTestsArgumentProcessor:Execute: Test run is starting.
TpTrace Verbose: 0 : 67864, 1, 2024/01/12, 16:35:13.351, 7671407026861, vstest.console.dll, RunTestsArgumentProcessor:Execute: Queuing Test run.
TpTrace Information: 0 : 67864, 1, 2024/01/12, 16:35:13.351, 7671407030556, vstest.console.dll, TestRequestManager.RunTests: run tests started.
TpTrace Information: 0 : 67864, 1, 2024/01/12, 16:35:13.352, 7671407040120, vstest.console.dll, AssemblyMetadataProvider.GetFrameworkName: Determined framework:'.NETCoreApp,Version=v8.0' for source: 'C:\Users\carin\source\repos\Real-Estate-Property-Listing\Real_estate.API.IntegrationTests\bin\Debug\net8.0\fine-code-coverage\build-output\Real_estate.API.IntegrationTests.dll'
TpTrace Information: 0 : 67864, 1, 2024/01/12, 16:35:13.352, 7671407041062, vstest.console.dll, Determined framework for all sources: .NETCoreApp,Version=v8.0
TpTrace Verbose: 0 : 67864, 1, 2024/01/12, 16:35:13.353, 7671407043494, vstest.console.dll, TestRequestManager.UpdateRunSettingsIfRequired: Default architecture: X64 IsDefaultTargetArchitecture: True, Current process architecture: X64 OperatingSystem: Windows.
TpTrace Information: 0 : 67864, 1, 2024/01/12, 16:35:13.354, 7671407055525, vstest.console.dll, AssemblyMetadataProvider.GetArchitecture: Determined architecture:AnyCPU info for assembly: C:\Users\carin\source\repos\Real-Estate-Property-Listing\Real_estate.API.IntegrationTests\bin\Debug\net8.0\fine-code-coverage\build-output\Real_estate.API.IntegrationTests.dll
TpTrace Information: 0 : 67864, 1, 2024/01/12, 16:35:13.354, 7671407055944, vstest.console.dll, Determined platform for source 'C:\Users\carin\source\repos\Real-Estate-Property-Listing\Real_estate.API.IntegrationTests\bin\Debug\net8.0\fine-code-coverage\build-output\Real_estate.API.IntegrationTests.dll' was AnyCPU and it will use the default plaform X64.
TpTrace Information: 0 : 67864, 1, 2024/01/12, 16:35:13.354, 7671407056128, vstest.console.dll, None of the sources provided any runnable platform, using the default platform: X64
TpTrace Information: 0 : 67864, 1, 2024/01/12, 16:35:13.354, 7671407056650, vstest.console.dll, Platform was updated to 'X64'.
TpTrace Information: 0 : 67864, 1, 2024/01/12, 16:35:13.356, 7671407077393, vstest.console.dll, InferRunSettingsHelper.IsTestSettingsEnabled: Unable to navigate to RunSettings/MSTest. Current node: RunSettings
TpTrace Information: 0 : 67864, 1, 2024/01/12, 16:35:13.356, 7671407080486, vstest.console.dll, AssemblyResolver.OnResolve: Microsoft.VisualStudio.TestPlatform.Fakes: Resolving assembly.
TpTrace Information: 0 : 67864, 1, 2024/01/12, 16:35:13.356, 7671407080887, vstest.console.dll, AssemblyResolver.OnResolve: Microsoft.VisualStudio.TestPlatform.Fakes: Searching in: 'C:\Program Files\dotnet\sdk\8.0.100\Extensions'.
TpTrace Information: 0 : 67864, 1, 2024/01/12, 16:35:13.356, 7671407081467, vstest.console.dll, AssemblyResolver.OnResolve: Microsoft.VisualStudio.TestPlatform.Fakes: Assembly path does not exist: 'C:\Program Files\dotnet\sdk\8.0.100\Extensions\Microsoft.VisualStudio.TestPlatform.Fakes.dll', returning.
TpTrace Information: 0 : 67864, 1, 2024/01/12, 16:35:13.356, 7671407081747, vstest.console.dll, AssemblyResolver.OnResolve: Microsoft.VisualStudio.TestPlatform.Fakes: Assembly path does not exist: 'C:\Program Files\dotnet\sdk\8.0.100\Extensions\Microsoft.VisualStudio.TestPlatform.Fakes.exe', returning.
TpTrace Information: 0 : 67864, 1, 2024/01/12, 16:35:13.356, 7671407081863, vstest.console.dll, AssemblyResolver.OnResolve: Microsoft.VisualStudio.TestPlatform.Fakes: Searching in: 'C:\Program Files\dotnet\sdk\8.0.100'.
TpTrace Information: 0 : 67864, 1, 2024/01/12, 16:35:13.356, 7671407082150, vstest.console.dll, AssemblyResolver.OnResolve: Microsoft.VisualStudio.TestPlatform.Fakes: Assembly path does not exist: 'C:\Program Files\dotnet\sdk\8.0.100\Microsoft.VisualStudio.TestPlatform.Fakes.dll', returning.
TpTrace Information: 0 : 67864, 1, 2024/01/12, 16:35:13.356, 7671407082415, vstest.console.dll, AssemblyResolver.OnResolve: Microsoft.VisualStudio.TestPlatform.Fakes: Assembly path does not exist: 'C:\Program Files\dotnet\sdk\8.0.100\Microsoft.VisualStudio.TestPlatform.Fakes.exe', returning.
TpTrace Information: 0 : 67864, 1, 2024/01/12, 16:35:13.356, 7671407082526, vstest.console.dll, AssemblyResolver.OnResolve: Microsoft.VisualStudio.TestPlatform.Fakes: Failed to load assembly.
TpTrace Information: 0 : 67864, 1, 2024/01/12, 16:35:13.357, 7671407083983, vstest.console.dll, Failed to load assembly Microsoft.VisualStudio.TestPlatform.Fakes, Version=17.0.0.0, Culture=neutral. Reason:System.IO.FileNotFoundException: Could not load file or assembly 'Microsoft.VisualStudio.TestPlatform.Fakes, Version=17.0.0.0, Culture=neutral, PublicKeyToken=null'. The system cannot find the file specified.
File name: 'Microsoft.VisualStudio.TestPlatform.Fakes, Version=17.0.0.0, Culture=neutral, PublicKeyToken=null'
   at System.Reflection.RuntimeAssembly.InternalLoad(AssemblyName assemblyName, StackCrawlMark& stackMark, AssemblyLoadContext assemblyLoadContext, RuntimeAssembly requestingAssembly, Boolean throwOnFileNotFound)
   at System.Reflection.Assembly.Load(AssemblyName assemblyRef)
   at Microsoft.VisualStudio.TestPlatform.Common.Utilities.FakesUtilities.LoadTestPlatformAssembly() in /_/src/Microsoft.TestPlatform.Common/Utilities/FakesUtilities.cs:line 272
TpTrace Verbose: 0 : 67864, 1, 2024/01/12, 16:35:13.358, 7671407102749, vstest.console.dll, TestPluginCache.DiscoverTestExtensions: finding test extensions in assemblies ends with: TestLogger.dll TPluginInfo: Microsoft.VisualStudio.TestPlatform.Common.ExtensionFramework.Utilities.TestLoggerPluginInformation TExtension: Microsoft.VisualStudio.TestPlatform.ObjectModel.Client.ITestLogger
TpTrace Verbose: 0 : 67864, 1, 2024/01/12, 16:35:13.359, 7671407103183, vstest.console.dll, TestPluginCache.GetExtensionPaths: Filtered extension paths: 
TpTrace Verbose: 0 : 67864, 1, 2024/01/12, 16:35:13.359, 7671407103328, vstest.console.dll, TestPluginCache.GetExtensionPaths: Added default extension paths: C:\Program Files\dotnet\sdk\8.0.100\Extensions\Microsoft.Diagnostics.NETCore.Client.dll
C:\Program Files\dotnet\sdk\8.0.100\Extensions\Microsoft.TestPlatform.Extensions.BlameDataCollector.dll
C:\Program Files\dotnet\sdk\8.0.100\Extensions\Microsoft.TestPlatform.Extensions.EventLogCollector.dll
C:\Program Files\dotnet\sdk\8.0.100\Extensions\Microsoft.TestPlatform.TestHostRuntimeProvider.dll
C:\Program Files\dotnet\sdk\8.0.100\Extensions\Microsoft.VisualStudio.TestPlatform.Extensions.Html.TestLogger.dll
C:\Program Files\dotnet\sdk\8.0.100\Extensions\Microsoft.VisualStudio.TestPlatform.Extensions.Trx.TestLogger.dll
TpTrace Verbose: 0 : 67864, 1, 2024/01/12, 16:35:13.359, 7671407103437, vstest.console.dll, TestPluginCache.GetExtensionPaths: Added unfilterableExtensionPaths: 
TpTrace Information: 0 : 67864, 1, 2024/01/12, 16:35:13.359, 7671407104261, vstest.console.dll, AssemblyResolver.AddSearchDirectories: Adding more searchDirectories C:\Program Files\dotnet\sdk\8.0.100\Extensions,C:\Program Files\dotnet\sdk\8.0.100
TpTrace Verbose: 0 : 67864, 1, 2024/01/12, 16:35:13.359, 7671407104451, vstest.console.dll, TestPluginCache.DiscoverTestExtensions: Discovering the extensions using extension path.
TpTrace Verbose: 0 : 67864, 1, 2024/01/12, 16:35:13.359, 7671407104577, vstest.console.dll, TestPluginCache.GetExtensionPaths: Filtered extension paths: 
TpTrace Verbose: 0 : 67864, 1, 2024/01/12, 16:35:13.359, 7671407104713, vstest.console.dll, TestPluginCache.GetExtensionPaths: Added default extension paths: C:\Program Files\dotnet\sdk\8.0.100\Extensions\Microsoft.Diagnostics.NETCore.Client.dll
C:\Program Files\dotnet\sdk\8.0.100\Extensions\Microsoft.TestPlatform.Extensions.BlameDataCollector.dll
C:\Program Files\dotnet\sdk\8.0.100\Extensions\Microsoft.TestPlatform.Extensions.EventLogCollector.dll
C:\Program Files\dotnet\sdk\8.0.100\Extensions\Microsoft.TestPlatform.TestHostRuntimeProvider.dll
C:\Program Files\dotnet\sdk\8.0.100\Extensions\Microsoft.VisualStudio.TestPlatform.Extensions.Html.TestLogger.dll
C:\Program Files\dotnet\sdk\8.0.100\Extensions\Microsoft.VisualStudio.TestPlatform.Extensions.Trx.TestLogger.dll
TpTrace Verbose: 0 : 67864, 1, 2024/01/12, 16:35:13.359, 7671407104816, vstest.console.dll, TestPluginCache.GetExtensionPaths: Added unfilterableExtensionPaths: 
TpTrace Verbose: 0 : 67864, 1, 2024/01/12, 16:35:13.359, 7671407104965, vstest.console.dll, TestPluginCache.DiscoverTestExtensions: Discovering the extensions using allExtensionPaths: C:\Program Files\dotnet\sdk\8.0.100\Extensions\Microsoft.Diagnostics.NETCore.Client.dll
C:\Program Files\dotnet\sdk\8.0.100\Extensions\Microsoft.TestPlatform.Extensions.BlameDataCollector.dll
C:\Program Files\dotnet\sdk\8.0.100\Extensions\Microsoft.TestPlatform.Extensions.EventLogCollector.dll
C:\Program Files\dotnet\sdk\8.0.100\Extensions\Microsoft.TestPlatform.TestHostRuntimeProvider.dll
C:\Program Files\dotnet\sdk\8.0.100\Extensions\Microsoft.VisualStudio.TestPlatform.Extensions.Html.TestLogger.dll
C:\Program Files\dotnet\sdk\8.0.100\Extensions\Microsoft.VisualStudio.TestPlatform.Extensions.Trx.TestLogger.dll
TpTrace Information: 0 : 67864, 1, 2024/01/12, 16:35:13.359, 7671407105313, vstest.console.dll, AssemblyResolver.AddSearchDirectories: Adding more searchDirectories C:\Program Files\dotnet\sdk\8.0.100\Extensions,C:\Program Files\dotnet\sdk\8.0.100
TpTrace Information: 0 : 67864, 1, 2024/01/12, 16:35:13.359, 7671407105487, vstest.console.dll, AssemblyResolver.AddSearchDirectories: Adding more searchDirectories C:\Program Files\dotnet\sdk\8.0.100\Extensions,C:\Program Files\dotnet\sdk\8.0.100
TpTrace Information: 0 : 67864, 1, 2024/01/12, 16:35:13.359, 7671407105614, vstest.console.dll, AssemblyResolver.AddSearchDirectories: Adding more searchDirectories C:\Program Files\dotnet\sdk\8.0.100\Extensions,C:\Program Files\dotnet\sdk\8.0.100
TpTrace Information: 0 : 67864, 1, 2024/01/12, 16:35:13.359, 7671407105714, vstest.console.dll, AssemblyResolver.AddSearchDirectories: Adding more searchDirectories C:\Program Files\dotnet\sdk\8.0.100\Extensions,C:\Program Files\dotnet\sdk\8.0.100
TpTrace Information: 0 : 67864, 1, 2024/01/12, 16:35:13.359, 7671407105814, vstest.console.dll, AssemblyResolver.AddSearchDirectories: Adding more searchDirectories C:\Program Files\dotnet\sdk\8.0.100\Extensions,C:\Program Files\dotnet\sdk\8.0.100
TpTrace Information: 0 : 67864, 1, 2024/01/12, 16:35:13.359, 7671407105938, vstest.console.dll, AssemblyResolver.AddSearchDirectories: Adding more searchDirectories C:\Program Files\dotnet\sdk\8.0.100\Extensions,C:\Program Files\dotnet\sdk\8.0.100
TpTrace Verbose: 0 : 67864, 1, 2024/01/12, 16:35:13.359, 7671407106465, vstest.console.dll, MetadataReaderExtensionsHelper: Discovering extensions inside assembly 'Microsoft.Diagnostics.NETCore.Client, Version=0.2.8.21101, Culture=neutral, PublicKeyToken=31bf3856ad364e35' file path 'C:\Program Files\dotnet\sdk\8.0.100\Extensions\Microsoft.Diagnostics.NETCore.Client.dll'
TpTrace Information: 0 : 67864, 1, 2024/01/12, 16:35:13.359, 7671407112330, vstest.console.dll, AssemblyResolver.OnResolve: Microsoft.Bcl.AsyncInterfaces: Resolving assembly.
TpTrace Information: 0 : 67864, 1, 2024/01/12, 16:35:13.359, 7671407112744, vstest.console.dll, AssemblyResolver.OnResolve: Microsoft.Bcl.AsyncInterfaces: Resolved from cache.
TpTrace Verbose: 0 : 67864, 1, 2024/01/12, 16:35:13.359, 7671407112861, vstest.console.dll, CurrentDomainAssemblyResolve: Resolving assembly 'Microsoft.Bcl.AsyncInterfaces'.
TpTrace Information: 0 : 67864, 1, 2024/01/12, 16:35:13.360, 7671407113083, vstest.console.dll, AssemblyResolver.OnResolve: Microsoft.Bcl.AsyncInterfaces: Resolving assembly.
TpTrace Information: 0 : 67864, 1, 2024/01/12, 16:35:13.360, 7671407113179, vstest.console.dll, AssemblyResolver.OnResolve: Microsoft.Bcl.AsyncInterfaces: Resolved from cache.
TpTrace Verbose: 0 : 67864, 1, 2024/01/12, 16:35:13.360, 7671407113271, vstest.console.dll, CurrentDomainAssemblyResolve: Resolving assembly 'Microsoft.Bcl.AsyncInterfaces'.
TpTrace Verbose: 0 : 67864, 1, 2024/01/12, 16:35:13.360, 7671407113364, vstest.console.dll, CurrentDomainAssemblyResolve: Failed to resolve assembly 'Microsoft.Bcl.AsyncInterfaces'.
TpTrace Verbose: 0 : 67864, 1, 2024/01/12, 16:35:13.360, 7671407114147, vstest.console.dll, CurrentDomainAssemblyResolve: Failed to resolve assembly 'Microsoft.Bcl.AsyncInterfaces'.
TpTrace Warning: 0 : 67864, 1, 2024/01/12, 16:35:13.360, 7671407115848, vstest.console.dll, TestPluginDiscoverer: Failed to get types from assembly 'Microsoft.Diagnostics.NETCore.Client, Version=0.2.8.21101, Culture=neutral, PublicKeyToken=31bf3856ad364e35'. Error: System.Reflection.ReflectionTypeLoadException: Unable to load one or more of the requested types.
Could not load file or assembly 'Microsoft.Bcl.AsyncInterfaces, Version=1.0.0.0, Culture=neutral, PublicKeyToken=cc7b13ffcd2ddd51'. The system cannot find the file specified.
   at System.Reflection.RuntimeModule.GetTypes(RuntimeModule module)
   at System.Reflection.RuntimeModule.GetTypes()
   at Microsoft.VisualStudio.TestPlatform.Common.ExtensionFramework.TestPluginDiscoverer.GetTestExtensionsFromAssembly[TPluginInfo,TExtension](Assembly assembly, Dictionary`2 pluginInfos, String filePath) in /_/src/Microsoft.TestPlatform.Common/ExtensionFramework/TestPluginDiscoverer.cs:line 158
System.IO.FileNotFoundException: Could not load file or assembly 'Microsoft.Bcl.AsyncInterfaces, Version=1.0.0.0, Culture=neutral, PublicKeyToken=cc7b13ffcd2ddd51'. The system cannot find the file specified.
File name: 'Microsoft.Bcl.AsyncInterfaces, Version=1.0.0.0, Culture=neutral, PublicKeyToken=cc7b13ffcd2ddd51'
 ---> System.IO.FileNotFoundException: Could not load file or assembly 'Microsoft.Bcl.AsyncInterfaces, Culture=neutral, PublicKeyToken=null'. The system cannot find the file specified.
File name: 'Microsoft.Bcl.AsyncInterfaces, Culture=neutral, PublicKeyToken=null'
   at System.Reflection.RuntimeAssembly.InternalLoad(AssemblyName assemblyName, StackCrawlMark& stackMark, AssemblyLoadContext assemblyLoadContext, RuntimeAssembly requestingAssembly, Boolean throwOnFileNotFound)
   at System.Reflection.Assembly.Load(AssemblyName assemblyRef)
   at Microsoft.VisualStudio.TestPlatform.Common.ExtensionFramework.TestPluginCache.CurrentDomainAssemblyResolve(Object sender, AssemblyResolveEventArgs args) in /_/src/Microsoft.TestPlatform.Common/ExtensionFramework/TestPluginCache.cs:line 513
   at System.Runtime.Loader.AssemblyLoadContext.GetFirstResolvedAssemblyFromResolvingEvent(AssemblyName assemblyName)
   at System.Runtime.Loader.AssemblyLoadContext.ResolveUsingEvent(AssemblyName assemblyName)
   at System.Runtime.Loader.AssemblyLoadContext.ResolveUsingResolvingEvent(IntPtr gchManagedAssemblyLoadContext, AssemblyName assemblyName)
TpTrace Warning: 0 : 67864, 1, 2024/01/12, 16:35:13.360, 7671407116532, vstest.console.dll, LoaderExceptions: System.IO.FileNotFoundException: Could not load file or assembly 'Microsoft.Bcl.AsyncInterfaces, Version=1.0.0.0, Culture=neutral, PublicKeyToken=cc7b13ffcd2ddd51'. The system cannot find the file specified.
File name: 'Microsoft.Bcl.AsyncInterfaces, Version=1.0.0.0, Culture=neutral, PublicKeyToken=cc7b13ffcd2ddd51'
 ---> System.IO.FileNotFoundException: Could not load file or assembly 'Microsoft.Bcl.AsyncInterfaces, Culture=neutral, PublicKeyToken=null'. The system cannot find the file specified.
File name: 'Microsoft.Bcl.AsyncInterfaces, Culture=neutral, PublicKeyToken=null'
   at System.Reflection.RuntimeAssembly.InternalLoad(AssemblyName assemblyName, StackCrawlMark& stackMark, AssemblyLoadContext assemblyLoadContext, RuntimeAssembly requestingAssembly, Boolean throwOnFileNotFound)
   at System.Reflection.Assembly.Load(AssemblyName assemblyRef)
   at Microsoft.VisualStudio.TestPlatform.Common.ExtensionFramework.TestPluginCache.CurrentDomainAssemblyResolve(Object sender, AssemblyResolveEventArgs args) in /_/src/Microsoft.TestPlatform.Common/ExtensionFramework/TestPluginCache.cs:line 513
   at System.Runtime.Loader.AssemblyLoadContext.GetFirstResolvedAssemblyFromResolvingEvent(AssemblyName assemblyName)
   at System.Runtime.Loader.AssemblyLoadContext.ResolveUsingEvent(AssemblyName assemblyName)
   at System.Runtime.Loader.AssemblyLoadContext.ResolveUsingResolvingEvent(IntPtr gchManagedAssemblyLoadContext, AssemblyName assemblyName)
TpTrace Verbose: 0 : 67864, 1, 2024/01/12, 16:35:13.360, 7671407116850, vstest.console.dll, MetadataReaderExtensionsHelper: Discovering extensions inside assembly 'Microsoft.TestPlatform.Extensions.BlameDataCollector, Version=15.0.0.0, Culture=neutral, PublicKeyToken=b03f5f7f11d50a3a' file path 'C:\Program Files\dotnet\sdk\8.0.100\Extensions\Microsoft.TestPlatform.Extensions.BlameDataCollector.dll'
TpTrace Information: 0 : 67864, 1, 2024/01/12, 16:35:13.360, 7671407122395, vstest.console.dll, GetTestExtensionFromType: Register extension with identifier data 'logger://Microsoft/TestPlatform/Extensions/Blame/v1' and type 'Microsoft.TestPlatform.Extensions.BlameDataCollector.BlameLogger, Microsoft.TestPlatform.Extensions.BlameDataCollector, Version=15.0.0.0, Culture=neutral, PublicKeyToken=b03f5f7f11d50a3a' inside file 'C:\Program Files\dotnet\sdk\8.0.100\Extensions\Microsoft.TestPlatform.Extensions.BlameDataCollector.dll'
TpTrace Verbose: 0 : 67864, 1, 2024/01/12, 16:35:13.360, 7671407122857, vstest.console.dll, MetadataReaderExtensionsHelper: Discovering extensions inside assembly 'Microsoft.TestPlatform.Extensions.EventLogCollector, Version=15.0.0.0, Culture=neutral, PublicKeyToken=b03f5f7f11d50a3a' file path 'C:\Program Files\dotnet\sdk\8.0.100\Extensions\Microsoft.TestPlatform.Extensions.EventLogCollector.dll'
TpTrace Verbose: 0 : 67864, 1, 2024/01/12, 16:35:13.361, 7671407126187, vstest.console.dll, MetadataReaderExtensionsHelper: Discovering extensions inside assembly 'Microsoft.TestPlatform.TestHostRuntimeProvider, Version=15.0.0.0, Culture=neutral, PublicKeyToken=b03f5f7f11d50a3a' file path 'C:\Program Files\dotnet\sdk\8.0.100\Extensions\Microsoft.TestPlatform.TestHostRuntimeProvider.dll'
TpTrace Verbose: 0 : 67864, 1, 2024/01/12, 16:35:13.361, 7671407131502, vstest.console.dll, MetadataReaderExtensionsHelper: Discovering extensions inside assembly 'Microsoft.VisualStudio.TestPlatform.Extensions.Html.TestLogger, Version=15.0.0.0, Culture=neutral, PublicKeyToken=b03f5f7f11d50a3a' file path 'C:\Program Files\dotnet\sdk\8.0.100\Extensions\Microsoft.VisualStudio.TestPlatform.Extensions.Html.TestLogger.dll'
TpTrace Information: 0 : 67864, 1, 2024/01/12, 16:35:13.362, 7671407136163, vstest.console.dll, GetTestExtensionFromType: Register extension with identifier data 'logger://Microsoft/TestPlatform/HtmlLogger/v1' and type 'Microsoft.VisualStudio.TestPlatform.Extensions.HtmlLogger.HtmlLogger, Microsoft.VisualStudio.TestPlatform.Extensions.Html.TestLogger, Version=15.0.0.0, Culture=neutral, PublicKeyToken=b03f5f7f11d50a3a' inside file 'C:\Program Files\dotnet\sdk\8.0.100\Extensions\Microsoft.VisualStudio.TestPlatform.Extensions.Html.TestLogger.dll'
TpTrace Verbose: 0 : 67864, 1, 2024/01/12, 16:35:13.362, 7671407136745, vstest.console.dll, MetadataReaderExtensionsHelper: Discovering extensions inside assembly 'Microsoft.VisualStudio.TestPlatform.Extensions.Trx.TestLogger, Version=15.0.0.0, Culture=neutral, PublicKeyToken=b03f5f7f11d50a3a' file path 'C:\Program Files\dotnet\sdk\8.0.100\Extensions\Microsoft.VisualStudio.TestPlatform.Extensions.Trx.TestLogger.dll'
TpTrace Information: 0 : 67864, 1, 2024/01/12, 16:35:13.362, 7671407141726, vstest.console.dll, GetTestExtensionFromType: Register extension with identifier data 'logger://Microsoft/TestPlatform/TrxLogger/v1' and type 'Microsoft.VisualStudio.TestPlatform.Extensions.TrxLogger.TrxLogger, Microsoft.VisualStudio.TestPlatform.Extensions.Trx.TestLogger, Version=15.0.0.0, Culture=neutral, PublicKeyToken=b03f5f7f11d50a3a' inside file 'C:\Program Files\dotnet\sdk\8.0.100\Extensions\Microsoft.VisualStudio.TestPlatform.Extensions.Trx.TestLogger.dll'
TpTrace Verbose: 0 : 67864, 1, 2024/01/12, 16:35:13.362, 7671407142441, vstest.console.dll, TestPluginCache: Discovered the extensions using extension path ''.
TpTrace Verbose: 0 : 67864, 1, 2024/01/12, 16:35:13.362, 7671407142608, vstest.console.dll, TestPluginCache: Discoverers are ''.
TpTrace Verbose: 0 : 67864, 1, 2024/01/12, 16:35:13.362, 7671407142730, vstest.console.dll, TestPluginCache: Executors are ''.
TpTrace Verbose: 0 : 67864, 1, 2024/01/12, 16:35:13.362, 7671407142822, vstest.console.dll, TestPluginCache: Executors2 are ''.
TpTrace Verbose: 0 : 67864, 1, 2024/01/12, 16:35:13.363, 7671407142924, vstest.console.dll, TestPluginCache: Setting providers are ''.
TpTrace Verbose: 0 : 67864, 1, 2024/01/12, 16:35:13.363, 7671407143261, vstest.console.dll, TestPluginCache: Loggers are 'logger://Microsoft/TestPlatform/Extensions/Blame/v1,logger://Microsoft/TestPlatform/HtmlLogger/v1,logger://Microsoft/TestPlatform/TrxLogger/v1'.
TpTrace Verbose: 0 : 67864, 1, 2024/01/12, 16:35:13.363, 7671407143443, vstest.console.dll, TestPluginCache: TestHosts are 'HostProvider://DefaultTestHost,HostProvider://DotnetTestHost'.
TpTrace Verbose: 0 : 67864, 1, 2024/01/12, 16:35:13.363, 7671407143541, vstest.console.dll, TestPluginCache: DataCollectors are ''.
TpTrace Information: 0 : 67864, 1, 2024/01/12, 16:35:13.363, 7671407148411, vstest.console.dll, TestPluginManager.CreateTestExtension: Attempting to load test extension: Microsoft.TestPlatform.Extensions.BlameDataCollector.BlameLogger
TpTrace Verbose: 0 : 67864, 1, 2024/01/12, 16:35:13.367, 7671407190491, vstest.console.dll, TestEngine: Initializing Parallel Execution as MaxCpuCount is set to: 1
TpTrace Information: 0 : 67864, 1, 2024/01/12, 16:35:13.368, 7671407199976, vstest.console.dll, TestPluginManager.CreateTestExtension: Attempting to load test extension: Microsoft.VisualStudio.TestPlatform.CrossPlatEngine.Hosting.DefaultTestHostManager
TpTrace Information: 0 : 67864, 1, 2024/01/12, 16:35:13.369, 7671407205444, vstest.console.dll, TestPluginManager.CreateTestExtension: Attempting to load test extension: Microsoft.VisualStudio.TestPlatform.CrossPlatEngine.Hosting.DotnetTestHostManager
TpTrace Information: 0 : 67864, 1, 2024/01/12, 16:35:13.369, 7671407209174, vstest.console.dll, InferRunSettingsHelper.IsTestSettingsEnabled: Unable to navigate to RunSettings/MSTest. Current node: RunSettings
TpTrace Verbose: 0 : 67864, 1, 2024/01/12, 16:35:13.369, 7671407212906, vstest.console.dll, ParallelOperationManager.ClearSlots: Clearing all slots. Slots should accept more work: True
TpTrace Verbose: 0 : 67864, 1, 2024/01/12, 16:35:13.370, 7671407216715, vstest.console.dll, ParallelOperationManager.SetOccupiedSlotCount: Setting slot counts AvailableSlotCount = 1, OccupiedSlotCount = 0.
TpTrace Verbose: 0 : 67864, 1, 2024/01/12, 16:35:13.370, 7671407218423, vstest.console.dll, Occupied slots:

TpTrace Verbose: 0 : 67864, 1, 2024/01/12, 16:35:13.372, 7671407238525, vstest.console.dll, TestEngine.GetExecutionManager: Chosen execution manager 'Microsoft.VisualStudio.TestPlatform.CrossPlatEngine.Client.Parallel.ParallelProxyExecutionManager, Microsoft.TestPlatform.CrossPlatEngine, Version=15.0.0.0, Culture=neutral, PublicKeyToken=b03f5f7f11d50a3a' ParallelLevel '1'.
TpTrace Verbose: 0 : 67864, 1, 2024/01/12, 16:35:13.372, 7671407239269, vstest.console.dll, TestRunRequest.ExecuteAsync: Creating test run request.
TpTrace Verbose: 0 : 67864, 1, 2024/01/12, 16:35:13.372, 7671407240487, vstest.console.dll, TestRunRequest.ExecuteAsync: Starting.
TpTrace Information: 0 : 67864, 1, 2024/01/12, 16:35:13.373, 7671407246680, vstest.console.dll, TestRunRequest.ExecuteAsync: Starting run with settings:TestRunCriteria:
   KeepAlive=False,FrequencyOfRunStatsChangeEvent=10,RunStatsChangeEventTimeout=00:00:01.5000000,TestCaseFilter=,TestExecutorLauncher=
   Settingsxml=<RunSettings>
  <RunConfiguration>
    <ResultsDirectory>C:\Users\carin\source\repos\Real-Estate-Property-Listing\Real_estate.API.IntegrationTests\bin\Debug\net8.0\fine-code-coverage\coverage-tool-output</ResultsDirectory>
    <TargetPlatform>X64</TargetPlatform>
    <TargetFrameworkVersion>.NETCoreApp,Version=v8.0</TargetFrameworkVersion>
    <DesignMode>False</DesignMode>
    <CollectSourceInformation>False</CollectSourceInformation>
  </RunConfiguration>
  <LoggerRunSettings>
    <Loggers>
      <Logger friendlyName="blame" enabled="True" />
      <Logger friendlyName="Console" uri="logger://microsoft/TestPlatform/ConsoleLogger/v1" assemblyQualifiedName="Microsoft.VisualStudio.TestPlatform.CommandLine.Internal.ConsoleLogger, vstest.console, Version=15.0.0.0, Culture=neutral, PublicKeyToken=b03f5f7f11d50a3a" codeBase="C:\Program Files\dotnet\sdk\8.0.100\vstest.console.dll" enabled="True" />
    </Loggers>
  </LoggerRunSettings>
  <DataCollectionRunSettings>
    <DataCollectors>
      <DataCollector friendlyName="blame" enabled="True">
        <Configuration>
          <ResultsDirectory>C:\Users\carin\source\repos\Real-Estate-Property-Listing\Real_estate.API.IntegrationTests\bin\Debug\net8.0\fine-code-coverage\coverage-tool-output</ResultsDirectory>
        </Configuration>
      </DataCollector>
    </DataCollectors>
  </DataCollectionRunSettings>
</RunSettings>

TpTrace Verbose: 0 : 67864, 1, 2024/01/12, 16:35:13.373, 7671407247014, vstest.console.dll, TestRunRequest.ExecuteAsync: Wait for the first run request is over.
TpTrace Verbose: 0 : 67864, 1, 2024/01/12, 16:35:13.373, 7671407248702, vstest.console.dll, MulticastDelegateUtilities.SafeInvoke: TestRun.TestRunStart: Invoking callbacks was skipped because there are no subscribers.
TpTrace Verbose: 0 : 67864, 4, 2024/01/12, 16:35:13.373, 7671407249966, vstest.console.dll, MulticastDelegateUtilities.SafeInvoke: InternalTestLoggerEvents.SendTestRunStart: Invoking callback 1/1 for Microsoft.VisualStudio.TestPlatform.CommandLine.Internal.ConsoleLogger., took 0 ms.
TpTrace Verbose: 0 : 67864, 1, 2024/01/12, 16:35:13.374, 7671407254788, vstest.console.dll, ParallelProxyExecutionManager: Start execution. Total sources: 1
TpTrace Verbose: 0 : 67864, 1, 2024/01/12, 16:35:13.374, 7671407256993, vstest.console.dll, ParallelOperationManager.StartWork: Starting adding 1 workloads.
TpTrace Verbose: 0 : 67864, 1, 2024/01/12, 16:35:13.374, 7671407257330, vstest.console.dll, ParallelOperationManager.ClearSlots: Clearing all slots. Slots should accept more work: True
TpTrace Verbose: 0 : 67864, 1, 2024/01/12, 16:35:13.374, 7671407257696, vstest.console.dll, ParallelOperationManager.SetOccupiedSlotCount: Setting slot counts AvailableSlotCount = 1, OccupiedSlotCount = 0.
TpTrace Verbose: 0 : 67864, 1, 2024/01/12, 16:35:13.374, 7671407257841, vstest.console.dll, Occupied slots:

TpTrace Verbose: 0 : 67864, 1, 2024/01/12, 16:35:13.375, 7671407265478, vstest.console.dll, TestRequestSender is acting as server.
TpTrace Verbose: 0 : 67864, 1, 2024/01/12, 16:35:13.375, 7671407271089, vstest.console.dll, ParallelOperationManager.RunWorkInParallel: Adding 1 workload to slot, remaining workloads 0.
TpTrace Verbose: 0 : 67864, 1, 2024/01/12, 16:35:13.375, 7671407271462, vstest.console.dll, ParallelOperationManager.SetOccupiedSlotCount: Setting slot counts AvailableSlotCount = 0, OccupiedSlotCount = 1.
TpTrace Verbose: 0 : 67864, 1, 2024/01/12, 16:35:13.375, 7671407272020, vstest.console.dll, Occupied slots:
0: C:\Users\carin\source\repos\Real-Estate-Property-Listing\Real_estate.API.IntegrationTests\bin\Debug\net8.0\fine-code-coverage\build-output\Real_estate.API.IntegrationTests.dll
TpTrace Verbose: 0 : 67864, 1, 2024/01/12, 16:35:13.376, 7671407277443, vstest.console.dll, ParallelOperationManager.RunWorkInParallel: Started host in slot number 0 for work (source): C:\Users\carin\source\repos\Real-Estate-Property-Listing\Real_estate.API.IntegrationTests\bin\Debug\net8.0\fine-code-coverage\build-output\Real_estate.API.IntegrationTests.dll.
TpTrace Verbose: 0 : 67864, 1, 2024/01/12, 16:35:13.376, 7671407282832, vstest.console.dll, ParallelOperationManager.RunWorkInParallel: We started 1 work items, which is the max parallel level. Won't start more work.
TpTrace Verbose: 0 : 67864, 1, 2024/01/12, 16:35:13.377, 7671407283164, vstest.console.dll, ParallelOperationManager.RunWorkInParallel: We started 1 work items in here, returning True.
TpTrace Information: 0 : 67864, 1, 2024/01/12, 16:35:13.377, 7671407283306, vstest.console.dll, TestRunRequest.ExecuteAsync: Started.
TpTrace Verbose: 0 : 67864, 1, 2024/01/12, 16:35:13.377, 7671407286251, vstest.console.dll, TestRunRequest.WaitForCompletion: Waiting with timeout -1.
TpTrace Verbose: 0 : 67864, 5, 2024/01/12, 16:35:13.377, 7671407286682, vstest.console.dll, ParallelProxyExecutionManager.StartTestRunOnConcurrentManager: Initializing uninitialized client. Started clients: 0
TpTrace Verbose: 0 : 67864, 5, 2024/01/12, 16:35:13.377, 7671407287534, vstest.console.dll, DataCollectionRequestSender.InitializeCommunication : Initialize communication. 
TpTrace Information: 0 : 67864, 5, 2024/01/12, 16:35:13.381, 7671407328235, vstest.console.dll, Listening on Endpoint : 127.0.0.1:50245
TpTrace Verbose: 0 : 67864, 5, 2024/01/12, 16:35:13.384, 7671407361469, vstest.console.dll, DotnetDataCollectionLauncher: Adding  --runtimeconfig "C:\Program Files\dotnet\sdk\8.0.100\datacollector.runtimeconfig.json" in args
TpTrace Verbose: 0 : 67864, 5, 2024/01/12, 16:35:13.384, 7671407362218, vstest.console.dll, DotnetDataCollectionLauncher: Adding  --depsfile "C:\Program Files\dotnet\sdk\8.0.100\datacollector.deps.json" in args
TpTrace Verbose: 0 : 67864, 5, 2024/01/12, 16:35:13.385, 7671407363105, vstest.console.dll, DotnetDataCollectionLauncher: Full path of dotnet.exe is C:\Program Files\dotnet\dotnet.exe
TpTrace Information: 0 : 67864, 5, 2024/01/12, 16:35:13.389, 7671407407916, vstest.console.dll, ProxyDataCollectionManager.Initialize: Launched datacollector processId: 42380 port: 50245
TpTrace Information: 0 : 67864, 5, 2024/01/12, 16:35:13.389, 7671407408828, vstest.console.dll, ProxyDataCollectionManager.Initialize: waiting for connection with timeout: 90 seconds
TpTrace Verbose: 0 : 67864, 5, 2024/01/12, 16:35:13.389, 7671407409053, vstest.console.dll, DataCollectionRequestSender.WaitForRequestHandlerConnection : Waiting for connection with timeout: 90000
TpTrace Information: 0 : 67864, 7, 2024/01/12, 16:35:13.477, 7671408288153, vstest.console.dll, Using the buffer size of 16384 bytes
TpTrace Information: 0 : 67864, 7, 2024/01/12, 16:35:13.477, 7671408288986, vstest.console.dll, Accepted Client request and set the flag
TpTrace Verbose: 0 : 67864, 5, 2024/01/12, 16:35:13.477, 7671408288259, vstest.console.dll, SocketCommunicationManager.WaitForClientConnection took: 87 ms, with 90000 ms timeout, and finished with True.
TpTrace Verbose: 0 : 67864, 5, 2024/01/12, 16:35:13.477, 7671408291024, vstest.console.dll, ProxyDataCollectionManager.InvokeDataCollectionServiceAction: Starting.
TpTrace Information: 0 : 67864, 5, 2024/01/12, 16:35:13.477, 7671408291618, vstest.console.dll, ProxyDataCollectionManager.BeforeTestRunStart: Get environment variable and port for datacollector processId: 42380 port: 50245
TpTrace Verbose: 0 : 67864, 5, 2024/01/12, 16:35:13.477, 7671408292156, vstest.console.dll, DataCollectionRequestSender.SendBeforeTestRunStartAndGetResult: Send BeforeTestRunStart message with settingsXml <RunSettings><RunConfiguration><ResultsDirectory>C:\Users\carin\source\repos\Real-Estate-Property-Listing\Real_estate.API.IntegrationTests\bin\Debug\net8.0\fine-code-coverage\coverage-tool-output</ResultsDirectory><TargetPlatform>X64</TargetPlatform><TargetFrameworkVersion>.NETCoreApp,Version=v8.0</TargetFrameworkVersion><DesignMode>False</DesignMode><CollectSourceInformation>False</CollectSourceInformation><TestAdaptersPaths>C:\Program Files\dotnet\sdk\8.0.100\Extensions</TestAdaptersPaths></RunConfiguration><LoggerRunSettings><Loggers><Logger friendlyName="blame" enabled="True" /><Logger friendlyName="Console" uri="logger://microsoft/TestPlatform/ConsoleLogger/v1" assemblyQualifiedName="Microsoft.VisualStudio.TestPlatform.CommandLine.Internal.ConsoleLogger, vstest.console, Version=15.0.0.0, Culture=neutral, PublicKeyToken=b03f5f7f11d50a3a" codeBase="C:\Program Files\dotnet\sdk\8.0.100\vstest.console.dll" enabled="True" /></Loggers></LoggerRunSettings><DataCollectionRunSettings><DataCollectors><DataCollector friendlyName="blame" enabled="True"><Configuration><ResultsDirectory>C:\Users\carin\source\repos\Real-Estate-Property-Listing\Real_estate.API.IntegrationTests\bin\Debug\net8.0\fine-code-coverage\coverage-tool-output</ResultsDirectory></Configuration></DataCollector></DataCollectors></DataCollectionRunSettings></RunSettings> and sources System.Collections.Generic.List`1[System.String]: 
TpTrace Verbose: 0 : 67864, 5, 2024/01/12, 16:35:13.505, 7671408563700, vstest.console.dll, DataCollectionRequestSender.SendBeforeTestRunStartAndGetResult: Received message: (DataCollection.SendMessage) -> {"MessageType":"DataCollection.SendMessage","Payload":{"FriendlyName":null,"Uri":null,"TestCaseId":"00000000-0000-0000-0000-000000000000","Message":"Logging DataCollector Diagnostics in file: C:\\Users\\carin\\source\\repos\\Real-Estate-Property-Listing\\Real_estate.API.IntegrationTests\\bin\\Debug\\net8.0\\fine-code-coverage\\coverage-tool-output\\diagnostics.datacollector.24-01-12_16-35-13_38468_5.log","Level":0}}
TpTrace Verbose: 0 : 67864, 5, 2024/01/12, 16:35:13.552, 7671409042382, vstest.console.dll, DataCollectionRequestSender.SendBeforeTestRunStartAndGetResult: Received message: (DataCollection.BeforeTestRunStartResult) -> {"MessageType":"DataCollection.BeforeTestRunStartResult","Payload":{"EnvironmentVariables":{},"DataCollectionEventsPort":50247}}
TpTrace Information: 0 : 67864, 5, 2024/01/12, 16:35:13.555, 7671409070477, vstest.console.dll, ProxyDataCollectionManager.BeforeTestRunStart: SendBeforeTestRunStartAndGetResult successful, env variable from datacollector:   and testhost port: 50247
TpTrace Information: 0 : 67864, 5, 2024/01/12, 16:35:13.555, 7671409070992, vstest.console.dll, ProxyDataCollectionManager.InvokeDataCollectionServiceAction: Completed.
TpTrace Verbose: 0 : 67864, 5, 2024/01/12, 16:35:13.555, 7671409071139, vstest.console.dll, ParallelProxyExecutionManager.StartTestRunOnConcurrentManager: Initializing test run. Started clients: 0
TpTrace Verbose: 0 : 67864, 5, 2024/01/12, 16:35:13.555, 7671409071572, vstest.console.dll, ProxyExecutionManager: Test host is always Lazy initialize.
TpTrace Verbose: 0 : 67864, 5, 2024/01/12, 16:35:13.556, 7671409072950, vstest.console.dll, TestRequestSender.InitializeCommunication: initialize communication. 
TpTrace Information: 0 : 67864, 5, 2024/01/12, 16:35:13.556, 7671409075969, vstest.console.dll, SocketServer.Start: Listening on endpoint : 127.0.0.1:50248
TpTrace Verbose: 0 : 67864, 5, 2024/01/12, 16:35:13.556, 7671409081184, vstest.console.dll, DotnetTestHostmanager.GetTestHostProcessStartInfo: Platform environment 'X64' target architecture 'X64' framework '.NETCoreApp,Version=v8.0' OS 'Windows'
TpTrace Verbose: 0 : 67864, 5, 2024/01/12, 16:35:13.557, 7671409085546, vstest.console.dll, DotnetTestHostmanager: Adding  --runtimeconfig "C:\Users\carin\source\repos\Real-Estate-Property-Listing\Real_estate.API.IntegrationTests\bin\Debug\net8.0\fine-code-coverage\build-output\Real_estate.API.IntegrationTests.runtimeconfig.json" in args
TpTrace Verbose: 0 : 67864, 5, 2024/01/12, 16:35:13.557, 7671409086142, vstest.console.dll, DotnetTestHostmanager: Adding  --depsfile "C:\Users\carin\source\repos\Real-Estate-Property-Listing\Real_estate.API.IntegrationTests\bin\Debug\net8.0\fine-code-coverage\build-output\Real_estate.API.IntegrationTests.deps.json" in args
TpTrace Verbose: 0 : 67864, 5, 2024/01/12, 16:35:13.557, 7671409088951, vstest.console.dll, DotnetTestHostmanager.IsWinOnArm: Current PROCESSOR_ARCHITECTURE from environment variable 'AMD64'
TpTrace Verbose: 0 : 67864, 5, 2024/01/12, 16:35:13.557, 7671409089443, vstest.console.dll, DotnetTestHostmanager.IsWinOnArm: Is Windows on ARM 'False'
TpTrace Verbose: 0 : 67864, 5, 2024/01/12, 16:35:13.557, 7671409090239, vstest.console.dll, DotnetTestHostManager: testhost.exe found at path: C:\Users\carin\source\repos\Real-Estate-Property-Listing\Real_estate.API.IntegrationTests\bin\Debug\net8.0\fine-code-coverage\build-output\testhost.exe
TpTrace Verbose: 0 : 67864, 5, 2024/01/12, 16:35:13.557, 7671409090498, vstest.console.dll, DotnetTestHostmanager: Full path of host exe is C:\Users\carin\source\repos\Real-Estate-Property-Listing\Real_estate.API.IntegrationTests\bin\Debug\net8.0\fine-code-coverage\build-output\testhost.exe
TpTrace Verbose: 0 : 67864, 5, 2024/01/12, 16:35:13.557, 7671409091133, vstest.console.dll, DotnetTestHostmanager.LaunchTestHostAsync: Found 'VSTEST_WINAPPHOST_DOTNET_ROOT' in env variables, value 'C:\Program Files\dotnet', forwarding to 'DOTNET_ROOT'
TpTrace Verbose: 0 : 67864, 5, 2024/01/12, 16:35:13.557, 7671409091776, vstest.console.dll, DotnetTestHostManager: Starting process 'C:\Users\carin\source\repos\Real-Estate-Property-Listing\Real_estate.API.IntegrationTests\bin\Debug\net8.0\fine-code-coverage\build-output\testhost.exe' with command line ' --runtimeconfig "C:\Users\carin\source\repos\Real-Estate-Property-Listing\Real_estate.API.IntegrationTests\bin\Debug\net8.0\fine-code-coverage\build-output\Real_estate.API.IntegrationTests.runtimeconfig.json" --depsfile "C:\Users\carin\source\repos\Real-Estate-Property-Listing\Real_estate.API.IntegrationTests\bin\Debug\net8.0\fine-code-coverage\build-output\Real_estate.API.IntegrationTests.deps.json" --port 50248 --endpoint 127.0.0.1:050248 --role client --parentprocessid 67864 --diag "C:\Users\carin\source\repos\Real-Estate-Property-Listing\Real_estate.API.IntegrationTests\bin\Debug\net8.0\fine-code-coverage\coverage-tool-output\diagnostics.host.24-01-12_16-35-13_55657_5.log" --tracelevel 4 --datacollectionport 50247 --telemetryoptedin false'
TpTrace Verbose: 0 : 67864, 5, 2024/01/12, 16:35:13.562, 7671409134177, vstest.console.dll, MulticastDelegateUtilities.SafeInvoke: HostProviderEvents.OnHostLaunched: Invoking callback 1/2 for Microsoft.VisualStudio.TestPlatform.CrossPlatEngine.Client.ProxyExecutionManagerWithDataCollection., took 0 ms.
TpTrace Verbose: 0 : 67864, 5, 2024/01/12, 16:35:13.562, 7671409136068, vstest.console.dll, Test Runtime launched
TpTrace Verbose: 0 : 67864, 5, 2024/01/12, 16:35:13.562, 7671409136430, vstest.console.dll, MulticastDelegateUtilities.SafeInvoke: HostProviderEvents.OnHostLaunched: Invoking callback 2/2 for Microsoft.VisualStudio.TestPlatform.CrossPlatEngine.Client.ProxyOperationManager., took 0 ms.
TpTrace Verbose: 0 : 67864, 5, 2024/01/12, 16:35:13.562, 7671409137170, vstest.console.dll, TestRequestSender.WaitForRequestHandlerConnection: waiting for connection with timeout: 90000.
TpTrace Verbose: 0 : 67864, 5, 2024/01/12, 16:35:13.668, 7671410196965, vstest.console.dll, TestRequestSender.WaitForRequestHandlerConnection: waiting took 105 ms, with timeout 90000 ms, and result 0, which is success.
TpTrace Verbose: 0 : 67864, 13, 2024/01/12, 16:35:13.668, 7671410197419, vstest.console.dll, MulticastDelegateUtilities.SafeInvoke: SocketServer: ClientConnected: Invoking callback 1/1 for Microsoft.VisualStudio.TestPlatform.CommunicationUtilities.TestRequestSender., took 0 ms.
TpTrace Verbose: 0 : 67864, 13, 2024/01/12, 16:35:13.668, 7671410198183, vstest.console.dll, SocketServer.OnClientConnected: Client connected for endPoint: 127.0.0.1:50248, starting MessageLoopAsync:
TpTrace Verbose: 0 : 67864, 13, 2024/01/12, 16:35:13.668, 7671410200682, vstest.console.dll, TcpClientExtensions.MessageLoopAsync: Polling on remoteEndPoint: 127.0.0.1:50249 localEndPoint: 127.0.0.1:50248
TpTrace Verbose: 0 : 67864, 5, 2024/01/12, 16:35:13.669, 7671410204418, vstest.console.dll, TestRequestSender.CheckVersionWithTestHost: Sending check version message: {"MessageType":"ProtocolVersion","Payload":7}
TpTrace Verbose: 0 : 67864, 13, 2024/01/12, 16:35:13.732, 7671410837842, vstest.console.dll, TcpClientExtensions.MessageLoopAsync: NotifyDataAvailable remoteEndPoint: 127.0.0.1:50249 localEndPoint: 127.0.0.1:50248
TpTrace Verbose: 0 : 67864, 13, 2024/01/12, 16:35:13.732, 7671410839366, vstest.console.dll, TestRequestSender.CheckVersionWithTestHost: onMessageReceived received message: (ProtocolVersion) -> {"MessageType":"ProtocolVersion","Payload":7}
TpTrace Verbose: 0 : 67864, 13, 2024/01/12, 16:35:13.732, 7671410842625, vstest.console.dll, MulticastDelegateUtilities.SafeInvoke: LengthPrefixCommunicationChannel: MessageReceived: Invoking callback 1/1 for Microsoft.VisualStudio.TestPlatform.CommunicationUtilities.TestRequestSender+<>c__DisplayClass29_0., took 0 ms.
TpTrace Verbose: 0 : 67864, 13, 2024/01/12, 16:35:13.733, 7671410843150, vstest.console.dll, TcpClientExtensions.MessageLoopAsync: Polling on remoteEndPoint: 127.0.0.1:50249 localEndPoint: 127.0.0.1:50248
TpTrace Verbose: 0 : 67864, 5, 2024/01/12, 16:35:13.733, 7671410844079, vstest.console.dll, TestPluginCache.GetExtensionPaths: Filtered extension paths: 
TpTrace Verbose: 0 : 67864, 5, 2024/01/12, 16:35:13.733, 7671410844619, vstest.console.dll, TestPluginCache.GetExtensionPaths: Added default extension paths: C:\Program Files\dotnet\sdk\8.0.100\Extensions\Microsoft.Diagnostics.NETCore.Client.dll
C:\Program Files\dotnet\sdk\8.0.100\Extensions\Microsoft.TestPlatform.Extensions.BlameDataCollector.dll
C:\Program Files\dotnet\sdk\8.0.100\Extensions\Microsoft.TestPlatform.Extensions.EventLogCollector.dll
C:\Program Files\dotnet\sdk\8.0.100\Extensions\Microsoft.TestPlatform.TestHostRuntimeProvider.dll
C:\Program Files\dotnet\sdk\8.0.100\Extensions\Microsoft.VisualStudio.TestPlatform.Extensions.Html.TestLogger.dll
C:\Program Files\dotnet\sdk\8.0.100\Extensions\Microsoft.VisualStudio.TestPlatform.Extensions.Trx.TestLogger.dll
TpTrace Verbose: 0 : 67864, 5, 2024/01/12, 16:35:13.733, 7671410844744, vstest.console.dll, TestPluginCache.GetExtensionPaths: Added unfilterableExtensionPaths: 
TpTrace Verbose: 0 : 67864, 5, 2024/01/12, 16:35:13.734, 7671410859953, vstest.console.dll, TestRequestSender.InitializeExecution: Sending initialize execution with message: {"Version":7,"MessageType":"TestExecution.Initialize","Payload":["C:\\Users\\carin\\source\\repos\\Real-Estate-Property-Listing\\Real_estate.API.IntegrationTests\\bin\\Debug\\net8.0\\fine-code-coverage\\build-output\\xunit.runner.visualstudio.dotnetcore.testadapter.dll"]}
TpTrace Verbose: 0 : 67864, 5, 2024/01/12, 16:35:13.734, 7671410860988, vstest.console.dll, ParallelProxyExecutionManager.StartTestRunOnConcurrentManager: Execution starting. Started clients: 1
TpTrace Verbose: 0 : 67864, 5, 2024/01/12, 16:35:13.734, 7671410862572, vstest.console.dll, TestRunRequest:SendTestRunMessage: Starting.
TpTrace Verbose: 0 : 67864, 5, 2024/01/12, 16:35:13.735, 7671410863396, vstest.console.dll, MulticastDelegateUtilities.SafeInvoke: TestRun.LogMessages: Invoking callback 1/1 for Microsoft.VisualStudio.TestPlatform.CommandLine.TestRunResultAggregator., took 0 ms.
TpTrace Information: 0 : 67864, 5, 2024/01/12, 16:35:13.735, 7671410863583, vstest.console.dll, TestRunRequest:SendTestRunMessage: Completed.
TpTrace Verbose: 0 : 67864, 4, 2024/01/12, 16:35:13.735, 7671410864960, vstest.console.dll, MulticastDelegateUtilities.SafeInvoke: InternalTestLoggerEvents.SendTestRunMessage: Invoking callback 1/1 for Microsoft.VisualStudio.TestPlatform.CommandLine.Internal.ConsoleLogger., took 0 ms.
TpTrace Warning: 0 : 67864, 5, 2024/01/12, 16:35:13.735, 7671410865812, vstest.console.dll, InferRunSettingsHelper.MakeRunsettingsCompatible: Removing the following settings: TargetPlatform from RunSettings file. To use those settings please move to latest version of Microsoft.NET.Test.Sdk
TpTrace Verbose: 0 : 67864, 13, 2024/01/12, 16:35:13.735, 7671410870459, vstest.console.dll, TcpClientExtensions.MessageLoopAsync: NotifyDataAvailable remoteEndPoint: 127.0.0.1:50249 localEndPoint: 127.0.0.1:50248
TpTrace Verbose: 0 : 67864, 13, 2024/01/12, 16:35:13.735, 7671410872416, vstest.console.dll, TestRequestSender.OnExecutionMessageReceived: Received message: {"Version":7,"MessageType":"TestSession.Message","Payload":{"MessageLevel":0,"Message":"Logging TestHost Diagnostics in file: C:\\Users\\carin\\source\\repos\\Real-Estate-Property-Listing\\Real_estate.API.IntegrationTests\\bin\\Debug\\net8.0\\fine-code-coverage\\coverage-tool-output\\diagnostics.host.24-01-12_16-35-13_55657_5.log"}}
TpTrace Verbose: 0 : 67864, 13, 2024/01/12, 16:35:13.737, 7671410887176, vstest.console.dll, TestRunRequest:SendTestRunMessage: Starting.
TpTrace Verbose: 0 : 67864, 13, 2024/01/12, 16:35:13.737, 7671410887979, vstest.console.dll, MulticastDelegateUtilities.SafeInvoke: TestRun.LogMessages: Invoking callback 1/1 for Microsoft.VisualStudio.TestPlatform.CommandLine.TestRunResultAggregator., took 0 ms.
TpTrace Information: 0 : 67864, 13, 2024/01/12, 16:35:13.737, 7671410888173, vstest.console.dll, TestRunRequest:SendTestRunMessage: Completed.
TpTrace Verbose: 0 : 67864, 13, 2024/01/12, 16:35:13.737, 7671410888366, vstest.console.dll, MulticastDelegateUtilities.SafeInvoke: LengthPrefixCommunicationChannel: MessageReceived: Invoking callback 1/1 for Microsoft.VisualStudio.TestPlatform.CommunicationUtilities.TestRequestSender+<>c__DisplayClass34_0., took 1 ms.
TpTrace Verbose: 0 : 67864, 13, 2024/01/12, 16:35:13.737, 7671410888496, vstest.console.dll, TcpClientExtensions.MessageLoopAsync: Polling on remoteEndPoint: 127.0.0.1:50249 localEndPoint: 127.0.0.1:50248
TpTrace Verbose: 0 : 67864, 4, 2024/01/12, 16:35:13.737, 7671410888600, vstest.console.dll, MulticastDelegateUtilities.SafeInvoke: InternalTestLoggerEvents.SendTestRunMessage: Invoking callback 1/1 for Microsoft.VisualStudio.TestPlatform.CommandLine.Internal.ConsoleLogger., took 0 ms.
TpTrace Verbose: 0 : 67864, 5, 2024/01/12, 16:35:13.738, 7671410895515, vstest.console.dll, TestRequestSender.StartTestRun: Sending test run with message: {"Version":7,"MessageType":"TestExecution.StartWithSources","Payload":{"AdapterSourceMap":{"_none_":["C:\\Users\\carin\\source\\repos\\Real-Estate-Property-Listing\\Real_estate.API.IntegrationTests\\bin\\Debug\\net8.0\\fine-code-coverage\\build-output\\Real_estate.API.IntegrationTests.dll"]},"RunSettings":"<RunSettings>\r\n  <RunConfiguration>\r\n    <ResultsDirectory>C:\\Users\\carin\\source\\repos\\Real-Estate-Property-Listing\\Real_estate.API.IntegrationTests\\bin\\Debug\\net8.0\\fine-code-coverage\\coverage-tool-output</ResultsDirectory>\r\n    <TargetFrameworkVersion>.NETCoreApp,Version=v8.0</TargetFrameworkVersion>\r\n    <DesignMode>False</DesignMode>\r\n    <CollectSourceInformation>False</CollectSourceInformation>\r\n  </RunConfiguration>\r\n  <LoggerRunSettings>\r\n    <Loggers>\r\n      <Logger friendlyName=\"blame\" enabled=\"True\" />\r\n      <Logger friendlyName=\"Console\" uri=\"logger://microsoft/TestPlatform/ConsoleLogger/v1\" assemblyQualifiedName=\"Microsoft.VisualStudio.TestPlatform.CommandLine.Internal.ConsoleLogger, vstest.console, Version=15.0.0.0, Culture=neutral, PublicKeyToken=b03f5f7f11d50a3a\" codeBase=\"C:\\Program Files\\dotnet\\sdk\\8.0.100\\vstest.console.dll\" enabled=\"True\" />\r\n    </Loggers>\r\n  </LoggerRunSettings>\r\n  <DataCollectionRunSettings>\r\n    <DataCollectors>\r\n      <DataCollector friendlyName=\"blame\" enabled=\"True\">\r\n        <Configuration>\r\n          <ResultsDirectory>C:\\Users\\carin\\source\\repos\\Real-Estate-Property-Listing\\Real_estate.API.IntegrationTests\\bin\\Debug\\net8.0\\fine-code-coverage\\coverage-tool-output</ResultsDirectory>\r\n        </Configuration>\r\n      </DataCollector>\r\n    </DataCollectors>\r\n  </DataCollectionRunSettings>\r\n</RunSettings>","TestExecutionContext":{"FrequencyOfRunStatsChangeEvent":10,"RunStatsChangeEventTimeout":"00:00:01.5000000","InIsolation":false,"KeepAlive":false,"AreTestCaseLevelEventsRequired":false,"IsDebug":false,"TestCaseFilter":null,"FilterOptions":null},"Package":null}}
TpTrace Verbose: 0 : 67864, 5, 2024/01/12, 16:35:13.738, 7671410896430, vstest.console.dll, ParallelProxyExecutionManager.StartTestRunOnConcurrentManager: Execution started. Started clients: 1
TpTrace Verbose: 0 : 67864, 13, 2024/01/12, 16:35:13.812, 7671411640360, vstest.console.dll, TcpClientExtensions.MessageLoopAsync: NotifyDataAvailable remoteEndPoint: 127.0.0.1:50249 localEndPoint: 127.0.0.1:50248
TpTrace Verbose: 0 : 67864, 13, 2024/01/12, 16:35:13.812, 7671411641470, vstest.console.dll, TestRequestSender.OnExecutionMessageReceived: Received message: {"Version":7,"MessageType":"TestSession.Message","Payload":{"MessageLevel":0,"Message":"[xUnit.net 00:00:00.00] xUnit.net VSTest Adapter v2.4.5+1caef2f33e (64-bit .NET 8.0.0)"}}
TpTrace Verbose: 0 : 67864, 13, 2024/01/12, 16:35:13.812, 7671411642623, vstest.console.dll, TestRunRequest:SendTestRunMessage: Starting.
TpTrace Verbose: 0 : 67864, 13, 2024/01/12, 16:35:13.813, 7671411642956, vstest.console.dll, MulticastDelegateUtilities.SafeInvoke: TestRun.LogMessages: Invoking callback 1/1 for Microsoft.VisualStudio.TestPlatform.CommandLine.TestRunResultAggregator., took 0 ms.
TpTrace Information: 0 : 67864, 13, 2024/01/12, 16:35:13.813, 7671411643126, vstest.console.dll, TestRunRequest:SendTestRunMessage: Completed.
TpTrace Verbose: 0 : 67864, 4, 2024/01/12, 16:35:13.813, 7671411643217, vstest.console.dll, MulticastDelegateUtilities.SafeInvoke: InternalTestLoggerEvents.SendTestRunMessage: Invoking callback 1/1 for Microsoft.VisualStudio.TestPlatform.CommandLine.Internal.ConsoleLogger., took 0 ms.
TpTrace Verbose: 0 : 67864, 13, 2024/01/12, 16:35:13.813, 7671411643276, vstest.console.dll, MulticastDelegateUtilities.SafeInvoke: LengthPrefixCommunicationChannel: MessageReceived: Invoking callback 1/1 for Microsoft.VisualStudio.TestPlatform.CommunicationUtilities.TestRequestSender+<>c__DisplayClass34_0., took 0 ms.
TpTrace Verbose: 0 : 67864, 13, 2024/01/12, 16:35:13.813, 7671411643852, vstest.console.dll, TcpClientExtensions.MessageLoopAsync: Polling on remoteEndPoint: 127.0.0.1:50249 localEndPoint: 127.0.0.1:50248
TpTrace Verbose: 0 : 67864, 13, 2024/01/12, 16:35:14.517, 7671418689610, vstest.console.dll, TcpClientExtensions.MessageLoopAsync: NotifyDataAvailable remoteEndPoint: 127.0.0.1:50249 localEndPoint: 127.0.0.1:50248
TpTrace Verbose: 0 : 67864, 13, 2024/01/12, 16:35:14.517, 7671418691387, vstest.console.dll, TestRequestSender.OnExecutionMessageReceived: Received message: {"Version":7,"MessageType":"TestSession.Message","Payload":{"MessageLevel":0,"Message":"[xUnit.net 00:00:00.70]   Discovering: Real_estate.API.IntegrationTests"}}
TpTrace Verbose: 0 : 67864, 13, 2024/01/12, 16:35:14.517, 7671418692473, vstest.console.dll, TestRunRequest:SendTestRunMessage: Starting.
TpTrace Verbose: 0 : 67864, 13, 2024/01/12, 16:35:14.518, 7671418692904, vstest.console.dll, MulticastDelegateUtilities.SafeInvoke: TestRun.LogMessages: Invoking callback 1/1 for Microsoft.VisualStudio.TestPlatform.CommandLine.TestRunResultAggregator., took 0 ms.
TpTrace Information: 0 : 67864, 13, 2024/01/12, 16:35:14.518, 7671418693072, vstest.console.dll, TestRunRequest:SendTestRunMessage: Completed.
TpTrace Verbose: 0 : 67864, 13, 2024/01/12, 16:35:14.518, 7671418693231, vstest.console.dll, MulticastDelegateUtilities.SafeInvoke: LengthPrefixCommunicationChannel: MessageReceived: Invoking callback 1/1 for Microsoft.VisualStudio.TestPlatform.CommunicationUtilities.TestRequestSender+<>c__DisplayClass34_0., took 0 ms.
TpTrace Verbose: 0 : 67864, 13, 2024/01/12, 16:35:14.518, 7671418693370, vstest.console.dll, TcpClientExtensions.MessageLoopAsync: Polling on remoteEndPoint: 127.0.0.1:50249 localEndPoint: 127.0.0.1:50248
TpTrace Verbose: 0 : 67864, 4, 2024/01/12, 16:35:14.518, 7671418693791, vstest.console.dll, MulticastDelegateUtilities.SafeInvoke: InternalTestLoggerEvents.SendTestRunMessage: Invoking callback 1/1 for Microsoft.VisualStudio.TestPlatform.CommandLine.Internal.ConsoleLogger., took 0 ms.
TpTrace Verbose: 0 : 67864, 13, 2024/01/12, 16:35:14.534, 7671418856270, vstest.console.dll, TcpClientExtensions.MessageLoopAsync: NotifyDataAvailable remoteEndPoint: 127.0.0.1:50249 localEndPoint: 127.0.0.1:50248
TpTrace Verbose: 0 : 67864, 13, 2024/01/12, 16:35:14.534, 7671418857554, vstest.console.dll, TestRequestSender.OnExecutionMessageReceived: Received message: {"Version":7,"MessageType":"TestSession.Message","Payload":{"MessageLevel":0,"Message":"[xUnit.net 00:00:00.72]   Discovered:  Real_estate.API.IntegrationTests"}}
TpTrace Verbose: 0 : 67864, 13, 2024/01/12, 16:35:14.534, 7671418858362, vstest.console.dll, TestRunRequest:SendTestRunMessage: Starting.
TpTrace Verbose: 0 : 67864, 13, 2024/01/12, 16:35:14.534, 7671418858785, vstest.console.dll, MulticastDelegateUtilities.SafeInvoke: TestRun.LogMessages: Invoking callback 1/1 for Microsoft.VisualStudio.TestPlatform.CommandLine.TestRunResultAggregator., took 0 ms.
TpTrace Information: 0 : 67864, 13, 2024/01/12, 16:35:14.534, 7671418859075, vstest.console.dll, TestRunRequest:SendTestRunMessage: Completed.
TpTrace Verbose: 0 : 67864, 13, 2024/01/12, 16:35:14.534, 7671418859272, vstest.console.dll, MulticastDelegateUtilities.SafeInvoke: LengthPrefixCommunicationChannel: MessageReceived: Invoking callback 1/1 for Microsoft.VisualStudio.TestPlatform.CommunicationUtilities.TestRequestSender+<>c__DisplayClass34_0., took 0 ms.
TpTrace Verbose: 0 : 67864, 13, 2024/01/12, 16:35:14.534, 7671418859465, vstest.console.dll, TcpClientExtensions.MessageLoopAsync: Polling on remoteEndPoint: 127.0.0.1:50249 localEndPoint: 127.0.0.1:50248
TpTrace Verbose: 0 : 67864, 4, 2024/01/12, 16:35:14.534, 7671418859703, vstest.console.dll, MulticastDelegateUtilities.SafeInvoke: InternalTestLoggerEvents.SendTestRunMessage: Invoking callback 1/1 for Microsoft.VisualStudio.TestPlatform.CommandLine.Internal.ConsoleLogger., took 0 ms.
TpTrace Verbose: 0 : 67864, 13, 2024/01/12, 16:35:14.535, 7671418868309, vstest.console.dll, TcpClientExtensions.MessageLoopAsync: NotifyDataAvailable remoteEndPoint: 127.0.0.1:50249 localEndPoint: 127.0.0.1:50248
TpTrace Verbose: 0 : 67864, 13, 2024/01/12, 16:35:14.535, 7671418868900, vstest.console.dll, TestRequestSender.OnExecutionMessageReceived: Received message: {"Version":7,"MessageType":"TestSession.Message","Payload":{"MessageLevel":0,"Message":"[xUnit.net 00:00:00.72]   Starting:    Real_estate.API.IntegrationTests"}}
TpTrace Verbose: 0 : 67864, 13, 2024/01/12, 16:35:14.535, 7671418869309, vstest.console.dll, TestRunRequest:SendTestRunMessage: Starting.
TpTrace Verbose: 0 : 67864, 13, 2024/01/12, 16:35:14.535, 7671418869554, vstest.console.dll, MulticastDelegateUtilities.SafeInvoke: TestRun.LogMessages: Invoking callback 1/1 for Microsoft.VisualStudio.TestPlatform.CommandLine.TestRunResultAggregator., took 0 ms.
TpTrace Information: 0 : 67864, 13, 2024/01/12, 16:35:14.535, 7671418869732, vstest.console.dll, TestRunRequest:SendTestRunMessage: Completed.
TpTrace Verbose: 0 : 67864, 13, 2024/01/12, 16:35:14.535, 7671418869852, vstest.console.dll, MulticastDelegateUtilities.SafeInvoke: LengthPrefixCommunicationChannel: MessageReceived: Invoking callback 1/1 for Microsoft.VisualStudio.TestPlatform.CommunicationUtilities.TestRequestSender+<>c__DisplayClass34_0., took 0 ms.
TpTrace Verbose: 0 : 67864, 13, 2024/01/12, 16:35:14.535, 7671418869979, vstest.console.dll, TcpClientExtensions.MessageLoopAsync: Polling on remoteEndPoint: 127.0.0.1:50249 localEndPoint: 127.0.0.1:50248
TpTrace Verbose: 0 : 67864, 4, 2024/01/12, 16:35:14.535, 7671418870589, vstest.console.dll, MulticastDelegateUtilities.SafeInvoke: InternalTestLoggerEvents.SendTestRunMessage: Invoking callback 1/1 for Microsoft.VisualStudio.TestPlatform.CommandLine.Internal.ConsoleLogger., took 0 ms.
TpTrace Verbose: 0 : 67864, 13, 2024/01/12, 16:35:15.213, 7671425650047, vstest.console.dll, TcpClientExtensions.MessageLoopAsync: NotifyDataAvailable remoteEndPoint: 127.0.0.1:50249 localEndPoint: 127.0.0.1:50248
TpTrace Verbose: 0 : 67864, 13, 2024/01/12, 16:35:15.214, 7671425654062, vstest.console.dll, TestRequestSender.OnExecutionMessageReceived: Received message: {"Version":7,"MessageType":"TestExecution.StatsChange","Payload":{"NewTestResults":[{"TestCase":{"Id":"cdcd43a7-2e07-4e63-8ec0-a7c963a725dc","FullyQualifiedName":"Real_estate.API.IntegrationTests.Controllers.AuthenticationControllerTests.Logout_ReturnsOk","DisplayName":"Real_estate.API.IntegrationTests.Controllers.AuthenticationControllerTests.Logout_ReturnsOk","ExecutorUri":"executor://xunit/VsTestRunner2/netcoreapp","Source":"C:\\Users\\carin\\source\\repos\\Real-Estate-Property-Listing\\Real_estate.API.IntegrationTests\\bin\\Debug\\net8.0\\fine-code-coverage\\build-output\\Real_estate.API.IntegrationTests.dll","CodeFilePath":null,"LineNumber":0,"Properties":[]},"Attachments":[],"Outcome":1,"ErrorMessage":null,"ErrorStackTrace":null,"DisplayName":"Real_estate.API.IntegrationTests.Controllers.AuthenticationControllerTests.Logout_ReturnsOk","Messages":[],"ComputerName":"CARINASLAPTOP","Duration":"00:00:00.5165985","StartTime":"2024-01-12T14:35:15.0815423+00:00","EndTime":"2024-01-12T14:35:15.0815532+00:00","Properties":[]},{"TestCase":{"Id":"58308d86-9be6-56b2-a9a0-775f7e846675","FullyQualifiedName":"Real_estate.API.IntegrationTests.Controllers.AuthenticationControllerTests.Register_WithIncorrectData_ReturnsBadRequest","DisplayName":"Real_estate.API.IntegrationTests.Controllers.AuthenticationControllerTests.Register_WithIncorrectData_ReturnsBadRequest","ExecutorUri":"executor://xunit/VsTestRunner2/netcoreapp","Source":"C:\\Users\\carin\\source\\repos\\Real-Estate-Property-Listing\\Real_estate.API.IntegrationTests\\bin\\Debug\\net8.0\\fine-code-coverage\\build-output\\Real_estate.API.IntegrationTests.dll","CodeFilePath":null,"LineNumber":0,"Properties":[]},"Attachments":[],"Outcome":1,"ErrorMessage":null,"ErrorStackTrace":null,"DisplayName":"Real_estate.API.IntegrationTests.Controllers.AuthenticationControllerTests.Register_WithIncorrectData_ReturnsBadRequest","Messages":[],"ComputerName":"CARINASLAPTOP","Duration":"00:00:00.0598080","StartTime":"2024-01-12T14:35:15.1417307+00:00","EndTime":"2024-01-12T14:35:15.1417308+00:00","Properties":[]},{"TestCase":{"Id":"daab257f-ee55-6ee5-53ba-6e0cd103c841","FullyQualifiedName":"Real_estate.API.IntegrationTests.Controllers.ListingsControllerByTitleIntegrationTests+ListingsControllerIntegrationTests.DeleteNonexistentListing_ReturnsNotFoundStatus","DisplayName":"Real_estate.API.IntegrationTests.Controllers.ListingsControllerByTitleIntegrationTests+ListingsControllerIntegrationTests.DeleteNonexistentListing_ReturnsNotFoundStatus","ExecutorUri":"executor://xunit/VsTestRunner2/netcoreapp","Source":"C:\\Users\\carin\\source\\repos\\Real-Estate-Property-Listing\\Real_estate.API.IntegrationTests\\bin\\Debug\\net8.0\\fine-code-coverage\\build-output\\Real_estate.API.IntegrationTests.dll","CodeFilePath":null,"LineNumber":0,"Properties":[]},"Attachments":[],"Outcome":1,"ErrorMessage":null,"ErrorStackTrace":null,"DisplayName":"Real_estate.API.IntegrationTests.Controllers.ListingsControllerByTitleIntegrationTests+ListingsControllerIntegrationTests.DeleteNonexistentListing_ReturnsNotFoundStatus","Messages":[],"ComputerName":"CARINASLAPTOP","Duration":"00:00:00.6165711","StartTime":"2024-01-12T14:35:15.1790544+00:00","EndTime":"2024-01-12T14:35:15.1790546+00:00","Properties":[]},{"TestCase":{"Id":"9272054a-98e7-fdbd-e107-7db9e8b92084","FullyQualifiedName":"Real_estate.API.IntegrationTests.Controllers.PropertiesControllerTests.When_GetPropertyByNameWithValidName_Then_Success","DisplayName":"Real_estate.API.IntegrationTests.Controllers.PropertiesControllerTests.When_GetPropertyByNameWithValidName_Then_Success","ExecutorUri":"executor://xunit/VsTestRunner2/netcoreapp","Source":"C:\\Users\\carin\\source\\repos\\Real-Estate-Property-Listing\\Real_estate.API.IntegrationTests\\bin\\Debug\\net8.0\\fine-code-coverage\\build-output\\Real_estate.API.IntegrationTests.dll","CodeFilePath":null,"LineNumber":0,"Properties":[]},"Attachments":[],"Outcome":1,"ErrorMessage":null,"ErrorStackTrace":null,"DisplayName":"Real_estate.API.IntegrationTests.Controllers.PropertiesControllerTests.When_GetPropertyByNameWithValidName_Then_Success","Messages":[],"ComputerName":"CARINASLAPTOP","Duration":"00:00:00.6211419","StartTime":"2024-01-12T14:35:15.1836614+00:00","EndTime":"2024-01-12T14:35:15.1836615+00:00","Properties":[]}],"TestRunStatistics":{"ExecutedTests":4,"Stats":{"Passed":4}},"ActiveTests":[{"Id":"5101b8a4-0eec-8bd4-bd5e-50d55d466ecc","FullyQualifiedName":"Real_estate.API.IntegrationTests.Controllers.ListingControllerTests.When_PostCategoryCommandHandlerIsCalledWithRightParameters_Then_TheEntityCreatedShouldBeReturned","DisplayName":"Real_estate.API.IntegrationTests.Controllers.ListingControllerTests.When_PostCategoryCommandHandlerIsCalledWithRightParameters_Then_TheEntityCreatedShouldBeReturned","ExecutorUri":"executor://xunit/VsTestRunner2/netcoreapp","Source":"C:\\Users\\carin\\source\\repos\\Real-Estate-Property-Listing\\Real_estate.API.IntegrationTests\\bin\\Debug\\net8.0\\fine-code-coverage\\build-output\\Real_estate.API.IntegrationTests.dll","CodeFilePath":null,"LineNumber":0,"Properties":[]},{"Id":"52fd12e9-5604-e0e6-9f47-68f29f3286d5","FullyQualifiedName":"Real_estate.API.IntegrationTests.Controllers.ListingsControllerByTitleIntegrationTests.GetListingByTitle_ReturnsOkStatusAndCorrectResult","DisplayName":"Real_estate.API.IntegrationTests.Controllers.ListingsControllerByTitleIntegrationTests.GetListingByTitle_ReturnsOkStatusAndCorrectResult","ExecutorUri":"executor://xunit/VsTestRunner2/netcoreapp","Source":"C:\\Users\\carin\\source\\repos\\Real-Estate-Property-Listing\\Real_estate.API.IntegrationTests\\bin\\Debug\\net8.0\\fine-code-coverage\\build-output\\Real_estate.API.IntegrationTests.dll","CodeFilePath":null,"LineNumber":0,"Properties":[]},{"Id":"67b88473-fda7-bb34-76cc-2992b90cf218","FullyQualifiedName":"Real_estate.API.IntegrationTests.Controllers.ListingControllerTests+ListingsControllerIntegrationTests.UpdateListing_ReturnsOkStatus","DisplayName":"Real_estate.API.IntegrationTests.Controllers.ListingControllerTests+ListingsControllerIntegrationTests.UpdateListing_ReturnsOkStatus","ExecutorUri":"executor://xunit/VsTestRunner2/netcoreapp","Source":"C:\\Users\\carin\\source\\repos\\Real-Estate-Property-Listing\\Real_estate.API.IntegrationTests\\bin\\Debug\\net8.0\\fine-code-coverage\\build-output\\Real_estate.API.IntegrationTests.dll","CodeFilePath":null,"LineNumber":0,"Properties":[]},{"Id":"4aad5b26-8790-d65f-f784-8f8547a647cb","FullyQualifiedName":"Real_estate.API.IntegrationTests.Controllers.AuthenticationControllerTests.Login_WithCorrectCredentials_ReturnsOk","DisplayName":"Real_estate.API.IntegrationTests.Controllers.AuthenticationControllerTests.Login_WithCorrectCredentials_ReturnsOk","ExecutorUri":"executor://xunit/VsTestRunner2/netcoreapp","Source":"C:\\Users\\carin\\source\\repos\\Real-Estate-Property-Listing\\Real_estate.API.IntegrationTests\\bin\\Debug\\net8.0\\fine-code-coverage\\build-output\\Real_estate.API.IntegrationTests.dll","CodeFilePath":null,"LineNumber":0,"Properties":[]},{"Id":"ac8e7169-b389-4e9c-136c-cc33d042363b","FullyQualifiedName":"Real_estate.API.IntegrationTests.Controllers.ListingsControllerByTitleIntegrationTests+ListingsControllerIntegrationTests.DeleteListing_ReturnsOkStatus","DisplayName":"Real_estate.API.IntegrationTests.Controllers.ListingsControllerByTitleIntegrationTests+ListingsControllerIntegrationTests.DeleteListing_ReturnsOkStatus","ExecutorUri":"executor://xunit/VsTestRunner2/netcoreapp","Source":"C:\\Users\\carin\\source\\repos\\Real-Estate-Property-Listing\\Real_estate.API.IntegrationTests\\bin\\Debug\\net8.0\\fine-code-coverage\\build-output\\Real_estate.API.IntegrationTests.dll","CodeFilePath":null,"LineNumber":0,"Properties":[]},{"Id":"be2164c5-7ecb-0686-540c-5415c1e77a1b","FullyQualifiedName":"Real_estate.API.IntegrationTests.Controllers.PropertiesControllerTests.When_DeletePropertyWithInvalidId_Then_Failure","DisplayName":"Real_estate.API.IntegrationTests.Controllers.PropertiesControllerTests.When_DeletePropertyWithInvalidId_Then_Failure","ExecutorUri":"executor://xunit/VsTestRunner2/netcoreapp","Source":"C:\\Users\\carin\\source\\repos\\Real-Estate-Property-Listing\\Real_estate.API.IntegrationTests\\bin\\Debug\\net8.0\\fine-code-coverage\\build-output\\Real_estate.API.IntegrationTests.dll","CodeFilePath":null,"LineNumber":0,"Properties":[]}]}}
TpTrace Verbose: 0 : 67864, 13, 2024/01/12, 16:35:15.227, 7671425785397, vstest.console.dll, TestRunRequest:SendTestRunStatsChange: Starting.
TpTrace Verbose: 0 : 67864, 13, 2024/01/12, 16:35:15.227, 7671425786585, vstest.console.dll, InProgress is Real_estate.API.IntegrationTests.Controllers.ListingControllerTests.When_PostCategoryCommandHandlerIsCalledWithRightParameters_Then_TheEntityCreatedShouldBeReturned
TpTrace Verbose: 0 : 67864, 13, 2024/01/12, 16:35:15.227, 7671425786776, vstest.console.dll, InProgress is Real_estate.API.IntegrationTests.Controllers.ListingsControllerByTitleIntegrationTests.GetListingByTitle_ReturnsOkStatusAndCorrectResult
TpTrace Verbose: 0 : 67864, 13, 2024/01/12, 16:35:15.227, 7671425786946, vstest.console.dll, InProgress is Real_estate.API.IntegrationTests.Controllers.ListingControllerTests+ListingsControllerIntegrationTests.UpdateListing_ReturnsOkStatus
TpTrace Verbose: 0 : 67864, 13, 2024/01/12, 16:35:15.227, 7671425787223, vstest.console.dll, InProgress is Real_estate.API.IntegrationTests.Controllers.AuthenticationControllerTests.Login_WithCorrectCredentials_ReturnsOk
TpTrace Verbose: 0 : 67864, 13, 2024/01/12, 16:35:15.227, 7671425787515, vstest.console.dll, InProgress is Real_estate.API.IntegrationTests.Controllers.ListingsControllerByTitleIntegrationTests+ListingsControllerIntegrationTests.DeleteListing_ReturnsOkStatus
TpTrace Verbose: 0 : 67864, 13, 2024/01/12, 16:35:15.227, 7671425787654, vstest.console.dll, InProgress is Real_estate.API.IntegrationTests.Controllers.PropertiesControllerTests.When_DeletePropertyWithInvalidId_Then_Failure
TpTrace Verbose: 0 : 67864, 13, 2024/01/12, 16:35:15.227, 7671425789206, vstest.console.dll, MulticastDelegateUtilities.SafeInvoke: TestRun.RunStatsChanged: Invoking callbacks was skipped because there are no subscribers.
TpTrace Information: 0 : 67864, 13, 2024/01/12, 16:35:15.227, 7671425789524, vstest.console.dll, TestRunRequest:SendTestRunStatsChange: Completed.
TpTrace Verbose: 0 : 67864, 13, 2024/01/12, 16:35:15.227, 7671425789688, vstest.console.dll, MulticastDelegateUtilities.SafeInvoke: LengthPrefixCommunicationChannel: MessageReceived: Invoking callback 1/1 for Microsoft.VisualStudio.TestPlatform.CommunicationUtilities.TestRequestSender+<>c__DisplayClass34_0., took 13 ms.
TpTrace Verbose: 0 : 67864, 13, 2024/01/12, 16:35:15.227, 7671425789919, vstest.console.dll, TcpClientExtensions.MessageLoopAsync: Polling on remoteEndPoint: 127.0.0.1:50249 localEndPoint: 127.0.0.1:50248
TpTrace Verbose: 0 : 67864, 13, 2024/01/12, 16:35:15.227, 7671425790226, vstest.console.dll, TcpClientExtensions.MessageLoopAsync: NotifyDataAvailable remoteEndPoint: 127.0.0.1:50249 localEndPoint: 127.0.0.1:50248
TpTrace Verbose: 0 : 67864, 13, 2024/01/12, 16:35:15.227, 7671425790720, vstest.console.dll, TestRequestSender.OnExecutionMessageReceived: Received message: {"Version":7,"MessageType":"TestSession.Message","Payload":{"MessageLevel":2,"Message":"[xUnit.net 00:00:01.40]     Real_estate.API.IntegrationTests.Controllers.ListingControllerTests+ListingsControllerIntegrationTests.UpdateListing_ReturnsOkStatus [FAIL]"}}
TpTrace Verbose: 0 : 67864, 13, 2024/01/12, 16:35:15.227, 7671425791524, vstest.console.dll, TestRunRequest:SendTestRunMessage: Starting.
TpTrace Verbose: 0 : 67864, 13, 2024/01/12, 16:35:15.227, 7671425792288, vstest.console.dll, MulticastDelegateUtilities.SafeInvoke: TestRun.LogMessages: Invoking callback 1/1 for Microsoft.VisualStudio.TestPlatform.CommandLine.TestRunResultAggregator., took 0 ms.
TpTrace Information: 0 : 67864, 13, 2024/01/12, 16:35:15.227, 7671425792538, vstest.console.dll, TestRunRequest:SendTestRunMessage: Completed.
TpTrace Verbose: 0 : 67864, 13, 2024/01/12, 16:35:15.227, 7671425792676, vstest.console.dll, MulticastDelegateUtilities.SafeInvoke: LengthPrefixCommunicationChannel: MessageReceived: Invoking callback 1/1 for Microsoft.VisualStudio.TestPlatform.CommunicationUtilities.TestRequestSender+<>c__DisplayClass34_0., took 0 ms.
TpTrace Verbose: 0 : 67864, 13, 2024/01/12, 16:35:15.227, 7671425792874, vstest.console.dll, TcpClientExtensions.MessageLoopAsync: Polling on remoteEndPoint: 127.0.0.1:50249 localEndPoint: 127.0.0.1:50248
TpTrace Verbose: 0 : 67864, 13, 2024/01/12, 16:35:15.228, 7671425793081, vstest.console.dll, TcpClientExtensions.MessageLoopAsync: NotifyDataAvailable remoteEndPoint: 127.0.0.1:50249 localEndPoint: 127.0.0.1:50248
TpTrace Verbose: 0 : 67864, 13, 2024/01/12, 16:35:15.228, 7671425793349, vstest.console.dll, TestRequestSender.OnExecutionMessageReceived: Received message: {"Version":7,"MessageType":"TestSession.Message","Payload":{"MessageLevel":0,"Message":"[xUnit.net 00:00:01.40]       System.Net.Http.HttpRequestException : Response status code does not indicate success: 500 (Internal Server Error)."}}
TpTrace Verbose: 0 : 67864, 13, 2024/01/12, 16:35:15.228, 7671425793932, vstest.console.dll, TestRunRequest:SendTestRunMessage: Starting.
TpTrace Verbose: 0 : 67864, 13, 2024/01/12, 16:35:15.228, 7671425794101, vstest.console.dll, MulticastDelegateUtilities.SafeInvoke: TestRun.LogMessages: Invoking callback 1/1 for Microsoft.VisualStudio.TestPlatform.CommandLine.TestRunResultAggregator., took 0 ms.
TpTrace Information: 0 : 67864, 13, 2024/01/12, 16:35:15.228, 7671425794217, vstest.console.dll, TestRunRequest:SendTestRunMessage: Completed.
TpTrace Verbose: 0 : 67864, 13, 2024/01/12, 16:35:15.228, 7671425794336, vstest.console.dll, MulticastDelegateUtilities.SafeInvoke: LengthPrefixCommunicationChannel: MessageReceived: Invoking callback 1/1 for Microsoft.VisualStudio.TestPlatform.CommunicationUtilities.TestRequestSender+<>c__DisplayClass34_0., took 0 ms.
TpTrace Verbose: 0 : 67864, 13, 2024/01/12, 16:35:15.228, 7671425794504, vstest.console.dll, TcpClientExtensions.MessageLoopAsync: Polling on remoteEndPoint: 127.0.0.1:50249 localEndPoint: 127.0.0.1:50248
TpTrace Verbose: 0 : 67864, 13, 2024/01/12, 16:35:15.228, 7671425794636, vstest.console.dll, TcpClientExtensions.MessageLoopAsync: NotifyDataAvailable remoteEndPoint: 127.0.0.1:50249 localEndPoint: 127.0.0.1:50248
TpTrace Verbose: 0 : 67864, 13, 2024/01/12, 16:35:15.228, 7671425794793, vstest.console.dll, TestRequestSender.OnExecutionMessageReceived: Received message: {"Version":7,"MessageType":"TestSession.Message","Payload":{"MessageLevel":0,"Message":"[xUnit.net 00:00:01.40]       Stack Trace:"}}
TpTrace Verbose: 0 : 67864, 13, 2024/01/12, 16:35:15.228, 7671425795210, vstest.console.dll, TestRunRequest:SendTestRunMessage: Starting.
TpTrace Verbose: 0 : 67864, 13, 2024/01/12, 16:35:15.228, 7671425795447, vstest.console.dll, MulticastDelegateUtilities.SafeInvoke: TestRun.LogMessages: Invoking callback 1/1 for Microsoft.VisualStudio.TestPlatform.CommandLine.TestRunResultAggregator., took 0 ms.
TpTrace Information: 0 : 67864, 13, 2024/01/12, 16:35:15.228, 7671425795566, vstest.console.dll, TestRunRequest:SendTestRunMessage: Completed.
TpTrace Verbose: 0 : 67864, 13, 2024/01/12, 16:35:15.228, 7671425795679, vstest.console.dll, MulticastDelegateUtilities.SafeInvoke: LengthPrefixCommunicationChannel: MessageReceived: Invoking callback 1/1 for Microsoft.VisualStudio.TestPlatform.CommunicationUtilities.TestRequestSender+<>c__DisplayClass34_0., took 0 ms.
TpTrace Verbose: 0 : 67864, 13, 2024/01/12, 16:35:15.228, 7671425795819, vstest.console.dll, TcpClientExtensions.MessageLoopAsync: Polling on remoteEndPoint: 127.0.0.1:50249 localEndPoint: 127.0.0.1:50248
TpTrace Verbose: 0 : 67864, 13, 2024/01/12, 16:35:15.228, 7671425795957, vstest.console.dll, TcpClientExtensions.MessageLoopAsync: NotifyDataAvailable remoteEndPoint: 127.0.0.1:50249 localEndPoint: 127.0.0.1:50248
TpTrace Verbose: 0 : 67864, 13, 2024/01/12, 16:35:15.228, 7671425796157, vstest.console.dll, TestRequestSender.OnExecutionMessageReceived: Received message: {"Version":7,"MessageType":"TestSession.Message","Payload":{"MessageLevel":0,"Message":"[xUnit.net 00:00:01.40]            at System.Net.Http.HttpResponseMessage.EnsureSuccessStatusCode()"}}
TpTrace Verbose: 0 : 67864, 13, 2024/01/12, 16:35:15.228, 7671425796421, vstest.console.dll, TestRunRequest:SendTestRunMessage: Starting.
TpTrace Verbose: 0 : 67864, 13, 2024/01/12, 16:35:15.228, 7671425796556, vstest.console.dll, MulticastDelegateUtilities.SafeInvoke: TestRun.LogMessages: Invoking callback 1/1 for Microsoft.VisualStudio.TestPlatform.CommandLine.TestRunResultAggregator., took 0 ms.
TpTrace Information: 0 : 67864, 13, 2024/01/12, 16:35:15.228, 7671425796664, vstest.console.dll, TestRunRequest:SendTestRunMessage: Completed.
TpTrace Verbose: 0 : 67864, 13, 2024/01/12, 16:35:15.228, 7671425796778, vstest.console.dll, MulticastDelegateUtilities.SafeInvoke: LengthPrefixCommunicationChannel: MessageReceived: Invoking callback 1/1 for Microsoft.VisualStudio.TestPlatform.CommunicationUtilities.TestRequestSender+<>c__DisplayClass34_0., took 0 ms.
TpTrace Verbose: 0 : 67864, 13, 2024/01/12, 16:35:15.228, 7671425796928, vstest.console.dll, TcpClientExtensions.MessageLoopAsync: Polling on remoteEndPoint: 127.0.0.1:50249 localEndPoint: 127.0.0.1:50248
TpTrace Verbose: 0 : 67864, 13, 2024/01/12, 16:35:15.228, 7671425797100, vstest.console.dll, TcpClientExtensions.MessageLoopAsync: NotifyDataAvailable remoteEndPoint: 127.0.0.1:50249 localEndPoint: 127.0.0.1:50248
TpTrace Verbose: 0 : 67864, 13, 2024/01/12, 16:35:15.228, 7671425797363, vstest.console.dll, TestRequestSender.OnExecutionMessageReceived: Received message: {"Version":7,"MessageType":"TestSession.Message","Payload":{"MessageLevel":0,"Message":"[xUnit.net 00:00:01.40]         C:\\Users\\carin\\source\\repos\\Real-Estate-Property-Listing\\Real_estate.API.IntegrationTests\\Controllers\\ListingControllerTests.cs(98,0): at Real_estate.API.IntegrationTests.Controllers.ListingControllerTests.ListingsControllerIntegrationTests.UpdateListing_ReturnsOkStatus()"}}
TpTrace Verbose: 0 : 67864, 13, 2024/01/12, 16:35:15.228, 7671425797721, vstest.console.dll, TestRunRequest:SendTestRunMessage: Starting.
TpTrace Verbose: 0 : 67864, 13, 2024/01/12, 16:35:15.228, 7671425797923, vstest.console.dll, MulticastDelegateUtilities.SafeInvoke: TestRun.LogMessages: Invoking callback 1/1 for Microsoft.VisualStudio.TestPlatform.CommandLine.TestRunResultAggregator., took 0 ms.
TpTrace Information: 0 : 67864, 13, 2024/01/12, 16:35:15.228, 7671425798035, vstest.console.dll, TestRunRequest:SendTestRunMessage: Completed.
TpTrace Verbose: 0 : 67864, 13, 2024/01/12, 16:35:15.228, 7671425798146, vstest.console.dll, MulticastDelegateUtilities.SafeInvoke: LengthPrefixCommunicationChannel: MessageReceived: Invoking callback 1/1 for Microsoft.VisualStudio.TestPlatform.CommunicationUtilities.TestRequestSender+<>c__DisplayClass34_0., took 0 ms.
TpTrace Verbose: 0 : 67864, 13, 2024/01/12, 16:35:15.228, 7671425798261, vstest.console.dll, TcpClientExtensions.MessageLoopAsync: Polling on remoteEndPoint: 127.0.0.1:50249 localEndPoint: 127.0.0.1:50248
TpTrace Verbose: 0 : 67864, 13, 2024/01/12, 16:35:15.228, 7671425798447, vstest.console.dll, TcpClientExtensions.MessageLoopAsync: NotifyDataAvailable remoteEndPoint: 127.0.0.1:50249 localEndPoint: 127.0.0.1:50248
TpTrace Verbose: 0 : 67864, 13, 2024/01/12, 16:35:15.228, 7671425798624, vstest.console.dll, TestRequestSender.OnExecutionMessageReceived: Received message: {"Version":7,"MessageType":"TestSession.Message","Payload":{"MessageLevel":0,"Message":"[xUnit.net 00:00:01.40]         --- End of stack trace from previous location ---"}}
TpTrace Verbose: 0 : 67864, 13, 2024/01/12, 16:35:15.228, 7671425798847, vstest.console.dll, TestRunRequest:SendTestRunMessage: Starting.
TpTrace Verbose: 0 : 67864, 13, 2024/01/12, 16:35:15.228, 7671425798990, vstest.console.dll, MulticastDelegateUtilities.SafeInvoke: TestRun.LogMessages: Invoking callback 1/1 for Microsoft.VisualStudio.TestPlatform.CommandLine.TestRunResultAggregator., took 0 ms.
TpTrace Information: 0 : 67864, 13, 2024/01/12, 16:35:15.228, 7671425799099, vstest.console.dll, TestRunRequest:SendTestRunMessage: Completed.
TpTrace Verbose: 0 : 67864, 13, 2024/01/12, 16:35:15.228, 7671425799216, vstest.console.dll, MulticastDelegateUtilities.SafeInvoke: LengthPrefixCommunicationChannel: MessageReceived: Invoking callback 1/1 for Microsoft.VisualStudio.TestPlatform.CommunicationUtilities.TestRequestSender+<>c__DisplayClass34_0., took 0 ms.
TpTrace Verbose: 0 : 67864, 13, 2024/01/12, 16:35:15.228, 7671425799332, vstest.console.dll, TcpClientExtensions.MessageLoopAsync: Polling on remoteEndPoint: 127.0.0.1:50249 localEndPoint: 127.0.0.1:50248
TpTrace Verbose: 0 : 67864, 4, 2024/01/12, 16:35:15.229, 7671425807983, vstest.console.dll, MulticastDelegateUtilities.SafeInvoke: InternalTestLoggerEvents.SendTestResult: Invoking callback 1/1 for Microsoft.VisualStudio.TestPlatform.CommandLine.Internal.ConsoleLogger., took 1 ms.
TpTrace Verbose: 0 : 67864, 4, 2024/01/12, 16:35:15.229, 7671425810306, vstest.console.dll, MulticastDelegateUtilities.SafeInvoke: InternalTestLoggerEvents.SendTestResult: Invoking callback 1/1 for Microsoft.VisualStudio.TestPlatform.CommandLine.Internal.ConsoleLogger., took 0 ms.
TpTrace Verbose: 0 : 67864, 4, 2024/01/12, 16:35:15.229, 7671425810834, vstest.console.dll, MulticastDelegateUtilities.SafeInvoke: InternalTestLoggerEvents.SendTestResult: Invoking callback 1/1 for Microsoft.VisualStudio.TestPlatform.CommandLine.Internal.ConsoleLogger., took 0 ms.
TpTrace Verbose: 0 : 67864, 4, 2024/01/12, 16:35:15.230, 7671425816068, vstest.console.dll, MulticastDelegateUtilities.SafeInvoke: InternalTestLoggerEvents.SendTestResult: Invoking callback 1/1 for Microsoft.VisualStudio.TestPlatform.CommandLine.Internal.ConsoleLogger., took 0 ms.
TpTrace Verbose: 0 : 67864, 4, 2024/01/12, 16:35:15.230, 7671425817246, vstest.console.dll, MulticastDelegateUtilities.SafeInvoke: InternalTestLoggerEvents.SendTestRunMessage: Invoking callback 1/1 for Microsoft.VisualStudio.TestPlatform.CommandLine.Internal.ConsoleLogger., took 0 ms.
TpTrace Verbose: 0 : 67864, 4, 2024/01/12, 16:35:15.230, 7671425817564, vstest.console.dll, MulticastDelegateUtilities.SafeInvoke: InternalTestLoggerEvents.SendTestRunMessage: Invoking callback 1/1 for Microsoft.VisualStudio.TestPlatform.CommandLine.Internal.ConsoleLogger., took 0 ms.
TpTrace Verbose: 0 : 67864, 4, 2024/01/12, 16:35:15.230, 7671425817780, vstest.console.dll, MulticastDelegateUtilities.SafeInvoke: InternalTestLoggerEvents.SendTestRunMessage: Invoking callback 1/1 for Microsoft.VisualStudio.TestPlatform.CommandLine.Internal.ConsoleLogger., took 0 ms.
TpTrace Verbose: 0 : 67864, 4, 2024/01/12, 16:35:15.230, 7671425817946, vstest.console.dll, MulticastDelegateUtilities.SafeInvoke: InternalTestLoggerEvents.SendTestRunMessage: Invoking callback 1/1 for Microsoft.VisualStudio.TestPlatform.CommandLine.Internal.ConsoleLogger., took 0 ms.
TpTrace Verbose: 0 : 67864, 4, 2024/01/12, 16:35:15.230, 7671425818065, vstest.console.dll, MulticastDelegateUtilities.SafeInvoke: InternalTestLoggerEvents.SendTestRunMessage: Invoking callback 1/1 for Microsoft.VisualStudio.TestPlatform.CommandLine.Internal.ConsoleLogger., took 0 ms.
TpTrace Verbose: 0 : 67864, 4, 2024/01/12, 16:35:15.230, 7671425818182, vstest.console.dll, MulticastDelegateUtilities.SafeInvoke: InternalTestLoggerEvents.SendTestRunMessage: Invoking callback 1/1 for Microsoft.VisualStudio.TestPlatform.CommandLine.Internal.ConsoleLogger., took 0 ms.
TpTrace Verbose: 0 : 67864, 13, 2024/01/12, 16:35:15.391, 7671427427979, vstest.console.dll, TcpClientExtensions.MessageLoopAsync: NotifyDataAvailable remoteEndPoint: 127.0.0.1:50249 localEndPoint: 127.0.0.1:50248
TpTrace Verbose: 0 : 67864, 13, 2024/01/12, 16:35:15.391, 7671427430283, vstest.console.dll, TestRequestSender.OnExecutionMessageReceived: Received message: {"Version":7,"MessageType":"TestExecution.StatsChange","Payload":{"NewTestResults":[{"TestCase":{"Id":"52fd12e9-5604-e0e6-9f47-68f29f3286d5","FullyQualifiedName":"Real_estate.API.IntegrationTests.Controllers.ListingsControllerByTitleIntegrationTests.GetListingByTitle_ReturnsOkStatusAndCorrectResult","DisplayName":"Real_estate.API.IntegrationTests.Controllers.ListingsControllerByTitleIntegrationTests.GetListingByTitle_ReturnsOkStatusAndCorrectResult","ExecutorUri":"executor://xunit/VsTestRunner2/netcoreapp","Source":"C:\\Users\\carin\\source\\repos\\Real-Estate-Property-Listing\\Real_estate.API.IntegrationTests\\bin\\Debug\\net8.0\\fine-code-coverage\\build-output\\Real_estate.API.IntegrationTests.dll","CodeFilePath":null,"LineNumber":0,"Properties":[]},"Attachments":[],"Outcome":1,"ErrorMessage":null,"ErrorStackTrace":null,"DisplayName":"Real_estate.API.IntegrationTests.Controllers.ListingsControllerByTitleIntegrationTests.GetListingByTitle_ReturnsOkStatusAndCorrectResult","Messages":[],"ComputerName":"CARINASLAPTOP","Duration":"00:00:00.6248456","StartTime":"2024-01-12T14:35:15.2146144+00:00","EndTime":"2024-01-12T14:35:15.2146145+00:00","Properties":[]},{"TestCase":{"Id":"67b88473-fda7-bb34-76cc-2992b90cf218","FullyQualifiedName":"Real_estate.API.IntegrationTests.Controllers.ListingControllerTests+ListingsControllerIntegrationTests.UpdateListing_ReturnsOkStatus","DisplayName":"Real_estate.API.IntegrationTests.Controllers.ListingControllerTests+ListingsControllerIntegrationTests.UpdateListing_ReturnsOkStatus","ExecutorUri":"executor://xunit/VsTestRunner2/netcoreapp","Source":"C:\\Users\\carin\\source\\repos\\Real-Estate-Property-Listing\\Real_estate.API.IntegrationTests\\bin\\Debug\\net8.0\\fine-code-coverage\\build-output\\Real_estate.API.IntegrationTests.dll","CodeFilePath":null,"LineNumber":0,"Properties":[]},"Attachments":[],"Outcome":2,"ErrorMessage":"System.Net.Http.HttpRequestException : Response status code does not indicate success: 500 (Internal Server Error).","ErrorStackTrace":"   at System.Net.Http.HttpResponseMessage.EnsureSuccessStatusCode()\r\n   at Real_estate.API.IntegrationTests.Controllers.ListingControllerTests.ListingsControllerIntegrationTests.UpdateListing_ReturnsOkStatus() in C:\\Users\\carin\\source\\repos\\Real-Estate-Property-Listing\\Real_estate.API.IntegrationTests\\Controllers\\ListingControllerTests.cs:line 98\r\n--- End of stack trace from previous location ---","DisplayName":"Real_estate.API.IntegrationTests.Controllers.ListingControllerTests+ListingsControllerIntegrationTests.UpdateListing_ReturnsOkStatus","Messages":[],"ComputerName":"CARINASLAPTOP","Duration":"00:00:00.6333250","StartTime":"2024-01-12T14:35:15.2203357+00:00","EndTime":"2024-01-12T14:35:15.2203358+00:00","Properties":[]},{"TestCase":{"Id":"ac8e7169-b389-4e9c-136c-cc33d042363b","FullyQualifiedName":"Real_estate.API.IntegrationTests.Controllers.ListingsControllerByTitleIntegrationTests+ListingsControllerIntegrationTests.DeleteListing_ReturnsOkStatus","DisplayName":"Real_estate.API.IntegrationTests.Controllers.ListingsControllerByTitleIntegrationTests+ListingsControllerIntegrationTests.DeleteListing_ReturnsOkStatus","ExecutorUri":"executor://xunit/VsTestRunner2/netcoreapp","Source":"C:\\Users\\carin\\source\\repos\\Real-Estate-Property-Listing\\Real_estate.API.IntegrationTests\\bin\\Debug\\net8.0\\fine-code-coverage\\build-output\\Real_estate.API.IntegrationTests.dll","CodeFilePath":null,"LineNumber":0,"Properties":[]},"Attachments":[],"Outcome":1,"ErrorMessage":null,"ErrorStackTrace":null,"DisplayName":"Real_estate.API.IntegrationTests.Controllers.ListingsControllerByTitleIntegrationTests+ListingsControllerIntegrationTests.DeleteListing_ReturnsOkStatus","Messages":[],"ComputerName":"CARINASLAPTOP","Duration":"00:00:00.0482593","StartTime":"2024-01-12T14:35:15.2274282+00:00","EndTime":"2024-01-12T14:35:15.2274283+00:00","Properties":[]},{"TestCase":{"Id":"ff71e6b1-d018-b97f-6041-031685ed6fd4","FullyQualifiedName":"Real_estate.API.IntegrationTests.Controllers.ListingsControllerByTitleIntegrationTests.GetListingByNonexistentTitle_ReturnsNotFoundStatus","DisplayName":"Real_estate.API.IntegrationTests.Controllers.ListingsControllerByTitleIntegrationTests.GetListingByNonexistentTitle_ReturnsNotFoundStatus","ExecutorUri":"executor://xunit/VsTestRunner2/netcoreapp","Source":"C:\\Users\\carin\\source\\repos\\Real-Estate-Property-Listing\\Real_estate.API.IntegrationTests\\bin\\Debug\\net8.0\\fine-code-coverage\\build-output\\Real_estate.API.IntegrationTests.dll","CodeFilePath":null,"LineNumber":0,"Properties":[]},"Attachments":[],"Outcome":1,"ErrorMessage":null,"ErrorStackTrace":null,"DisplayName":"Real_estate.API.IntegrationTests.Controllers.ListingsControllerByTitleIntegrationTests.GetListingByNonexistentTitle_ReturnsNotFoundStatus","Messages":[],"ComputerName":"CARINASLAPTOP","Duration":"00:00:00.0426561","StartTime":"2024-01-12T14:35:15.2301365+00:00","EndTime":"2024-01-12T14:35:15.2301365+00:00","Properties":[]},{"TestCase":{"Id":"be2164c5-7ecb-0686-540c-5415c1e77a1b","FullyQualifiedName":"Real_estate.API.IntegrationTests.Controllers.PropertiesControllerTests.When_DeletePropertyWithInvalidId_Then_Failure","DisplayName":"Real_estate.API.IntegrationTests.Controllers.PropertiesControllerTests.When_DeletePropertyWithInvalidId_Then_Failure","ExecutorUri":"executor://xunit/VsTestRunner2/netcoreapp","Source":"C:\\Users\\carin\\source\\repos\\Real-Estate-Property-Listing\\Real_estate.API.IntegrationTests\\bin\\Debug\\net8.0\\fine-code-coverage\\build-output\\Real_estate.API.IntegrationTests.dll","CodeFilePath":null,"LineNumber":0,"Properties":[]},"Attachments":[],"Outcome":1,"ErrorMessage":null,"ErrorStackTrace":null,"DisplayName":"Real_estate.API.IntegrationTests.Controllers.PropertiesControllerTests.When_DeletePropertyWithInvalidId_Then_Failure","Messages":[],"ComputerName":"CARINASLAPTOP","Duration":"00:00:00.0499693","StartTime":"2024-01-12T14:35:15.2337756+00:00","EndTime":"2024-01-12T14:35:15.2337757+00:00","Properties":[]},{"TestCase":{"Id":"26eb3481-e3af-0ef5-e1a1-7c49ae2c29cc","FullyQualifiedName":"Real_estate.API.IntegrationTests.Controllers.ListingControllerTests+ListingsControllerIntegrationTests.UpdateListing_ReturnsBadRequestWhenIdMismatch","DisplayName":"Real_estate.API.IntegrationTests.Controllers.ListingControllerTests+ListingsControllerIntegrationTests.UpdateListing_ReturnsBadRequestWhenIdMismatch","ExecutorUri":"executor://xunit/VsTestRunner2/netcoreapp","Source":"C:\\Users\\carin\\source\\repos\\Real-Estate-Property-Listing\\Real_estate.API.IntegrationTests\\bin\\Debug\\net8.0\\fine-code-coverage\\build-output\\Real_estate.API.IntegrationTests.dll","CodeFilePath":null,"LineNumber":0,"Properties":[]},"Attachments":[],"Outcome":1,"ErrorMessage":null,"ErrorStackTrace":null,"DisplayName":"Real_estate.API.IntegrationTests.Controllers.ListingControllerTests+ListingsControllerIntegrationTests.UpdateListing_ReturnsBadRequestWhenIdMismatch","Messages":[],"ComputerName":"CARINASLAPTOP","Duration":"00:00:00.0270455","StartTime":"2024-01-12T14:35:15.2386025+00:00","EndTime":"2024-01-12T14:35:15.2386027+00:00","Properties":[]},{"TestCase":{"Id":"021772df-9232-3a26-e2f0-21260ab176bd","FullyQualifiedName":"Real_estate.API.IntegrationTests.Controllers.PropertiesControllerTests.When_GetAllCategoriesQueryHandlerIsCalled_Then_Success","DisplayName":"Real_estate.API.IntegrationTests.Controllers.PropertiesControllerTests.When_GetAllCategoriesQueryHandlerIsCalled_Then_Success","ExecutorUri":"executor://xunit/VsTestRunner2/netcoreapp","Source":"C:\\Users\\carin\\source\\repos\\Real-Estate-Property-Listing\\Real_estate.API.IntegrationTests\\bin\\Debug\\net8.0\\fine-code-coverage\\build-output\\Real_estate.API.IntegrationTests.dll","CodeFilePath":null,"LineNumber":0,"Properties":[]},"Attachments":[],"Outcome":1,"ErrorMessage":null,"ErrorStackTrace":null,"DisplayName":"Real_estate.API.IntegrationTests.Controllers.PropertiesControllerTests.When_GetAllCategoriesQueryHandlerIsCalled_Then_Success","Messages":[],"ComputerName":"CARINASLAPTOP","Duration":"00:00:00.0604572","StartTime":"2024-01-12T14:35:15.2945084+00:00","EndTime":"2024-01-12T14:35:15.2945086+00:00","Properties":[]},{"TestCase":{"Id":"3a157207-7ab2-c166-99a3-fec7380ade81","FullyQualifiedName":"Real_estate.API.IntegrationTests.Controllers.PropertiesControllerTests.When_UpdatePropertyWithValidData_Then_Success","DisplayName":"Real_estate.API.IntegrationTests.Controllers.PropertiesControllerTests.When_UpdatePropertyWithValidData_Then_Success","ExecutorUri":"executor://xunit/VsTestRunner2/netcoreapp","Source":"C:\\Users\\carin\\source\\repos\\Real-Estate-Property-Listing\\Real_estate.API.IntegrationTests\\bin\\Debug\\net8.0\\fine-code-coverage\\build-output\\Real_estate.API.IntegrationTests.dll","CodeFilePath":null,"LineNumber":0,"Properties":[]},"Attachments":[],"Outcome":1,"ErrorMessage":null,"ErrorStackTrace":null,"DisplayName":"Real_estate.API.IntegrationTests.Controllers.PropertiesControllerTests.When_UpdatePropertyWithValidData_Then_Success","Messages":[],"ComputerName":"CARINASLAPTOP","Duration":"00:00:00.0624559","StartTime":"2024-01-12T14:35:15.3570702+00:00","EndTime":"2024-01-12T14:35:15.3570704+00:00","Properties":[]},{"TestCase":{"Id":"81641f51-cc7a-66e0-56f8-29992ef3fa43","FullyQualifiedName":"Real_estate.API.IntegrationTests.Controllers.PropertiesControllerTests.When_GetPropertiesByCurrentUserWithValidUsername_Then_Success","DisplayName":"Real_estate.API.IntegrationTests.Controllers.PropertiesControllerTests.When_GetPropertiesByCurrentUserWithValidUsername_Then_Success","ExecutorUri":"executor://xunit/VsTestRunner2/netcoreapp","Source":"C:\\Users\\carin\\source\\repos\\Real-Estate-Property-Listing\\Real_estate.API.IntegrationTests\\bin\\Debug\\net8.0\\fine-code-coverage\\build-output\\Real_estate.API.IntegrationTests.dll","CodeFilePath":null,"LineNumber":0,"Properties":[]},"Attachments":[],"Outcome":1,"ErrorMessage":null,"ErrorStackTrace":null,"DisplayName":"Real_estate.API.IntegrationTests.Controllers.PropertiesControllerTests.When_GetPropertiesByCurrentUserWithValidUsername_Then_Success","Messages":[],"ComputerName":"CARINASLAPTOP","Duration":"00:00:00.0313734","StartTime":"2024-01-12T14:35:15.3886828+00:00","EndTime":"2024-01-12T14:35:15.3886829+00:00","Properties":[]}],"TestRunStatistics":{"ExecutedTests":13,"Stats":{"Passed":12,"Failed":1}},"ActiveTests":[{"Id":"2703a5be-2871-4dee-0f62-c1b41417b656","FullyQualifiedName":"Real_estate.API.IntegrationTests.Controllers.PropertiesControllerTests.When_GetPropertyByNameWithInvalidName_Then_Failure","DisplayName":"Real_estate.API.IntegrationTests.Controllers.PropertiesControllerTests.When_GetPropertyByNameWithInvalidName_Then_Failure","ExecutorUri":"executor://xunit/VsTestRunner2/netcoreapp","Source":"C:\\Users\\carin\\source\\repos\\Real-Estate-Property-Listing\\Real_estate.API.IntegrationTests\\bin\\Debug\\net8.0\\fine-code-coverage\\build-output\\Real_estate.API.IntegrationTests.dll","CodeFilePath":null,"LineNumber":0,"Properties":[]}]}}
TpTrace Verbose: 0 : 67864, 13, 2024/01/12, 16:35:15.392, 7671427439177, vstest.console.dll, TestRunRequest:SendTestRunStatsChange: Starting.
TpTrace Verbose: 0 : 67864, 13, 2024/01/12, 16:35:15.392, 7671427439715, vstest.console.dll, InProgress is Real_estate.API.IntegrationTests.Controllers.PropertiesControllerTests.When_GetPropertyByNameWithInvalidName_Then_Failure
TpTrace Verbose: 0 : 67864, 13, 2024/01/12, 16:35:15.392, 7671427440172, vstest.console.dll, MulticastDelegateUtilities.SafeInvoke: TestRun.RunStatsChanged: Invoking callbacks was skipped because there are no subscribers.
TpTrace Information: 0 : 67864, 13, 2024/01/12, 16:35:15.392, 7671427440328, vstest.console.dll, TestRunRequest:SendTestRunStatsChange: Completed.
TpTrace Verbose: 0 : 67864, 13, 2024/01/12, 16:35:15.392, 7671427440639, vstest.console.dll, MulticastDelegateUtilities.SafeInvoke: LengthPrefixCommunicationChannel: MessageReceived: Invoking callback 1/1 for Microsoft.VisualStudio.TestPlatform.CommunicationUtilities.TestRequestSender+<>c__DisplayClass34_0., took 1 ms.
TpTrace Verbose: 0 : 67864, 13, 2024/01/12, 16:35:15.392, 7671427440805, vstest.console.dll, TcpClientExtensions.MessageLoopAsync: Polling on remoteEndPoint: 127.0.0.1:50249 localEndPoint: 127.0.0.1:50248
TpTrace Verbose: 0 : 67864, 4, 2024/01/12, 16:35:15.392, 7671427441410, vstest.console.dll, MulticastDelegateUtilities.SafeInvoke: InternalTestLoggerEvents.SendTestResult: Invoking callback 1/1 for Microsoft.VisualStudio.TestPlatform.CommandLine.Internal.ConsoleLogger., took 0 ms.
TpTrace Verbose: 0 : 67864, 4, 2024/01/12, 16:35:15.393, 7671427444839, vstest.console.dll, MulticastDelegateUtilities.SafeInvoke: InternalTestLoggerEvents.SendTestResult: Invoking callback 1/1 for Microsoft.VisualStudio.TestPlatform.CommandLine.Internal.ConsoleLogger., took 0 ms.
TpTrace Verbose: 0 : 67864, 4, 2024/01/12, 16:35:15.393, 7671427445493, vstest.console.dll, MulticastDelegateUtilities.SafeInvoke: InternalTestLoggerEvents.SendTestResult: Invoking callback 1/1 for Microsoft.VisualStudio.TestPlatform.CommandLine.Internal.ConsoleLogger., took 0 ms.
TpTrace Verbose: 0 : 67864, 4, 2024/01/12, 16:35:15.393, 7671427445689, vstest.console.dll, MulticastDelegateUtilities.SafeInvoke: InternalTestLoggerEvents.SendTestResult: Invoking callback 1/1 for Microsoft.VisualStudio.TestPlatform.CommandLine.Internal.ConsoleLogger., took 0 ms.
TpTrace Verbose: 0 : 67864, 4, 2024/01/12, 16:35:15.393, 7671427445876, vstest.console.dll, MulticastDelegateUtilities.SafeInvoke: InternalTestLoggerEvents.SendTestResult: Invoking callback 1/1 for Microsoft.VisualStudio.TestPlatform.CommandLine.Internal.ConsoleLogger., took 0 ms.
TpTrace Verbose: 0 : 67864, 4, 2024/01/12, 16:35:15.393, 7671427446213, vstest.console.dll, MulticastDelegateUtilities.SafeInvoke: InternalTestLoggerEvents.SendTestResult: Invoking callback 1/1 for Microsoft.VisualStudio.TestPlatform.CommandLine.Internal.ConsoleLogger., took 0 ms.
TpTrace Verbose: 0 : 67864, 4, 2024/01/12, 16:35:15.393, 7671427446390, vstest.console.dll, MulticastDelegateUtilities.SafeInvoke: InternalTestLoggerEvents.SendTestResult: Invoking callback 1/1 for Microsoft.VisualStudio.TestPlatform.CommandLine.Internal.ConsoleLogger., took 0 ms.
TpTrace Verbose: 0 : 67864, 4, 2024/01/12, 16:35:15.393, 7671427446568, vstest.console.dll, MulticastDelegateUtilities.SafeInvoke: InternalTestLoggerEvents.SendTestResult: Invoking callback 1/1 for Microsoft.VisualStudio.TestPlatform.CommandLine.Internal.ConsoleLogger., took 0 ms.
TpTrace Verbose: 0 : 67864, 4, 2024/01/12, 16:35:15.393, 7671427446706, vstest.console.dll, MulticastDelegateUtilities.SafeInvoke: InternalTestLoggerEvents.SendTestResult: Invoking callback 1/1 for Microsoft.VisualStudio.TestPlatform.CommandLine.Internal.ConsoleLogger., took 0 ms.
TpTrace Verbose: 0 : 67864, 13, 2024/01/12, 16:35:15.512, 7671428641426, vstest.console.dll, TcpClientExtensions.MessageLoopAsync: NotifyDataAvailable remoteEndPoint: 127.0.0.1:50249 localEndPoint: 127.0.0.1:50248
TpTrace Verbose: 0 : 67864, 13, 2024/01/12, 16:35:15.512, 7671428642594, vstest.console.dll, TestRequestSender.OnExecutionMessageReceived: Received message: {"Version":7,"MessageType":"TestSession.Message","Payload":{"MessageLevel":2,"Message":"[xUnit.net 00:00:01.70]     Real_estate.API.IntegrationTests.Controllers.AuthenticationControllerTests.Login_WithCorrectCredentials_ReturnsOk [FAIL]"}}
TpTrace Verbose: 0 : 67864, 13, 2024/01/12, 16:35:15.513, 7671428643666, vstest.console.dll, TestRunRequest:SendTestRunMessage: Starting.
TpTrace Verbose: 0 : 67864, 13, 2024/01/12, 16:35:15.513, 7671428644089, vstest.console.dll, MulticastDelegateUtilities.SafeInvoke: TestRun.LogMessages: Invoking callback 1/1 for Microsoft.VisualStudio.TestPlatform.CommandLine.TestRunResultAggregator., took 0 ms.
TpTrace Information: 0 : 67864, 13, 2024/01/12, 16:35:15.513, 7671428644220, vstest.console.dll, TestRunRequest:SendTestRunMessage: Completed.
TpTrace Verbose: 0 : 67864, 13, 2024/01/12, 16:35:15.513, 7671428644393, vstest.console.dll, MulticastDelegateUtilities.SafeInvoke: LengthPrefixCommunicationChannel: MessageReceived: Invoking callback 1/1 for Microsoft.VisualStudio.TestPlatform.CommunicationUtilities.TestRequestSender+<>c__DisplayClass34_0., took 0 ms.
TpTrace Verbose: 0 : 67864, 13, 2024/01/12, 16:35:15.513, 7671428644539, vstest.console.dll, TcpClientExtensions.MessageLoopAsync: Polling on remoteEndPoint: 127.0.0.1:50249 localEndPoint: 127.0.0.1:50248
TpTrace Verbose: 0 : 67864, 13, 2024/01/12, 16:35:15.513, 7671428644740, vstest.console.dll, TcpClientExtensions.MessageLoopAsync: NotifyDataAvailable remoteEndPoint: 127.0.0.1:50249 localEndPoint: 127.0.0.1:50248
TpTrace Verbose: 0 : 67864, 13, 2024/01/12, 16:35:15.513, 7671428644953, vstest.console.dll, TestRequestSender.OnExecutionMessageReceived: Received message: {"Version":7,"MessageType":"TestSession.Message","Payload":{"MessageLevel":0,"Message":"[xUnit.net 00:00:01.70]       System.Exception : API responded with BadRequest: Invalid username"}}
TpTrace Verbose: 0 : 67864, 13, 2024/01/12, 16:35:15.513, 7671428645212, vstest.console.dll, TestRunRequest:SendTestRunMessage: Starting.
TpTrace Verbose: 0 : 67864, 13, 2024/01/12, 16:35:15.513, 7671428645350, vstest.console.dll, MulticastDelegateUtilities.SafeInvoke: TestRun.LogMessages: Invoking callback 1/1 for Microsoft.VisualStudio.TestPlatform.CommandLine.TestRunResultAggregator., took 0 ms.
TpTrace Information: 0 : 67864, 13, 2024/01/12, 16:35:15.513, 7671428645457, vstest.console.dll, TestRunRequest:SendTestRunMessage: Completed.
TpTrace Verbose: 0 : 67864, 13, 2024/01/12, 16:35:15.513, 7671428645598, vstest.console.dll, MulticastDelegateUtilities.SafeInvoke: LengthPrefixCommunicationChannel: MessageReceived: Invoking callback 1/1 for Microsoft.VisualStudio.TestPlatform.CommunicationUtilities.TestRequestSender+<>c__DisplayClass34_0., took 0 ms.
TpTrace Verbose: 0 : 67864, 4, 2024/01/12, 16:35:15.513, 7671428645405, vstest.console.dll, MulticastDelegateUtilities.SafeInvoke: InternalTestLoggerEvents.SendTestRunMessage: Invoking callback 1/1 for Microsoft.VisualStudio.TestPlatform.CommandLine.Internal.ConsoleLogger., took 0 ms.
TpTrace Verbose: 0 : 67864, 4, 2024/01/12, 16:35:15.513, 7671428646743, vstest.console.dll, MulticastDelegateUtilities.SafeInvoke: InternalTestLoggerEvents.SendTestRunMessage: Invoking callback 1/1 for Microsoft.VisualStudio.TestPlatform.CommandLine.Internal.ConsoleLogger., took 0 ms.
TpTrace Verbose: 0 : 67864, 13, 2024/01/12, 16:35:15.513, 7671428645731, vstest.console.dll, TcpClientExtensions.MessageLoopAsync: Polling on remoteEndPoint: 127.0.0.1:50249 localEndPoint: 127.0.0.1:50248
TpTrace Verbose: 0 : 67864, 13, 2024/01/12, 16:35:15.513, 7671428647681, vstest.console.dll, TcpClientExtensions.MessageLoopAsync: NotifyDataAvailable remoteEndPoint: 127.0.0.1:50249 localEndPoint: 127.0.0.1:50248
TpTrace Verbose: 0 : 67864, 13, 2024/01/12, 16:35:15.513, 7671428648037, vstest.console.dll, TestRequestSender.OnExecutionMessageReceived: Received message: {"Version":7,"MessageType":"TestSession.Message","Payload":{"MessageLevel":0,"Message":"[xUnit.net 00:00:01.70]       Stack Trace:"}}
TpTrace Verbose: 0 : 67864, 13, 2024/01/12, 16:35:15.513, 7671428648581, vstest.console.dll, TestRunRequest:SendTestRunMessage: Starting.
TpTrace Verbose: 0 : 67864, 13, 2024/01/12, 16:35:15.513, 7671428648837, vstest.console.dll, MulticastDelegateUtilities.SafeInvoke: TestRun.LogMessages: Invoking callback 1/1 for Microsoft.VisualStudio.TestPlatform.CommandLine.TestRunResultAggregator., took 0 ms.
TpTrace Information: 0 : 67864, 13, 2024/01/12, 16:35:15.513, 7671428648991, vstest.console.dll, TestRunRequest:SendTestRunMessage: Completed.
TpTrace Verbose: 0 : 67864, 4, 2024/01/12, 16:35:15.513, 7671428649002, vstest.console.dll, MulticastDelegateUtilities.SafeInvoke: InternalTestLoggerEvents.SendTestRunMessage: Invoking callback 1/1 for Microsoft.VisualStudio.TestPlatform.CommandLine.Internal.ConsoleLogger., took 0 ms.
TpTrace Verbose: 0 : 67864, 13, 2024/01/12, 16:35:15.513, 7671428649123, vstest.console.dll, MulticastDelegateUtilities.SafeInvoke: LengthPrefixCommunicationChannel: MessageReceived: Invoking callback 1/1 for Microsoft.VisualStudio.TestPlatform.CommunicationUtilities.TestRequestSender+<>c__DisplayClass34_0., took 0 ms.
TpTrace Verbose: 0 : 67864, 13, 2024/01/12, 16:35:15.513, 7671428649645, vstest.console.dll, TcpClientExtensions.MessageLoopAsync: Polling on remoteEndPoint: 127.0.0.1:50249 localEndPoint: 127.0.0.1:50248
TpTrace Verbose: 0 : 67864, 13, 2024/01/12, 16:35:15.513, 7671428649812, vstest.console.dll, TcpClientExtensions.MessageLoopAsync: NotifyDataAvailable remoteEndPoint: 127.0.0.1:50249 localEndPoint: 127.0.0.1:50248
TpTrace Verbose: 0 : 67864, 13, 2024/01/12, 16:35:15.513, 7671428650084, vstest.console.dll, TestRequestSender.OnExecutionMessageReceived: Received message: {"Version":7,"MessageType":"TestSession.Message","Payload":{"MessageLevel":0,"Message":"[xUnit.net 00:00:01.70]         C:\\Users\\carin\\source\\repos\\Real-Estate-Property-Listing\\Real_estate.API.IntegrationTests\\Controllers\\AuthenticationControllerTests.cs(38,0): at Real_estate.API.IntegrationTests.Controllers.AuthenticationControllerTests.Login_WithCorrectCredentials_ReturnsOk()"}}
TpTrace Verbose: 0 : 67864, 13, 2024/01/12, 16:35:15.513, 7671428651380, vstest.console.dll, TestRunRequest:SendTestRunMessage: Starting.
TpTrace Verbose: 0 : 67864, 13, 2024/01/12, 16:35:15.513, 7671428651755, vstest.console.dll, MulticastDelegateUtilities.SafeInvoke: TestRun.LogMessages: Invoking callback 1/1 for Microsoft.VisualStudio.TestPlatform.CommandLine.TestRunResultAggregator., took 0 ms.
TpTrace Information: 0 : 67864, 13, 2024/01/12, 16:35:15.513, 7671428651924, vstest.console.dll, TestRunRequest:SendTestRunMessage: Completed.
TpTrace Verbose: 0 : 67864, 13, 2024/01/12, 16:35:15.513, 7671428652063, vstest.console.dll, MulticastDelegateUtilities.SafeInvoke: LengthPrefixCommunicationChannel: MessageReceived: Invoking callback 1/1 for Microsoft.VisualStudio.TestPlatform.CommunicationUtilities.TestRequestSender+<>c__DisplayClass34_0., took 0 ms.
TpTrace Verbose: 0 : 67864, 13, 2024/01/12, 16:35:15.513, 7671428652198, vstest.console.dll, TcpClientExtensions.MessageLoopAsync: Polling on remoteEndPoint: 127.0.0.1:50249 localEndPoint: 127.0.0.1:50248
TpTrace Verbose: 0 : 67864, 13, 2024/01/12, 16:35:15.513, 7671428652409, vstest.console.dll, TcpClientExtensions.MessageLoopAsync: NotifyDataAvailable remoteEndPoint: 127.0.0.1:50249 localEndPoint: 127.0.0.1:50248
TpTrace Verbose: 0 : 67864, 4, 2024/01/12, 16:35:15.513, 7671428652415, vstest.console.dll, MulticastDelegateUtilities.SafeInvoke: InternalTestLoggerEvents.SendTestRunMessage: Invoking callback 1/1 for Microsoft.VisualStudio.TestPlatform.CommandLine.Internal.ConsoleLogger., took 0 ms.
TpTrace Verbose: 0 : 67864, 13, 2024/01/12, 16:35:15.513, 7671428652621, vstest.console.dll, TestRequestSender.OnExecutionMessageReceived: Received message: {"Version":7,"MessageType":"TestSession.Message","Payload":{"MessageLevel":0,"Message":"[xUnit.net 00:00:01.70]         --- End of stack trace from previous location ---"}}
TpTrace Verbose: 0 : 67864, 13, 2024/01/12, 16:35:15.514, 7671428653543, vstest.console.dll, TestRunRequest:SendTestRunMessage: Starting.
TpTrace Verbose: 0 : 67864, 13, 2024/01/12, 16:35:15.514, 7671428653922, vstest.console.dll, MulticastDelegateUtilities.SafeInvoke: TestRun.LogMessages: Invoking callback 1/1 for Microsoft.VisualStudio.TestPlatform.CommandLine.TestRunResultAggregator., took 0 ms.
TpTrace Verbose: 0 : 67864, 4, 2024/01/12, 16:35:15.514, 7671428654048, vstest.console.dll, MulticastDelegateUtilities.SafeInvoke: InternalTestLoggerEvents.SendTestRunMessage: Invoking callback 1/1 for Microsoft.VisualStudio.TestPlatform.CommandLine.Internal.ConsoleLogger., took 0 ms.
TpTrace Information: 0 : 67864, 13, 2024/01/12, 16:35:15.514, 7671428654952, vstest.console.dll, TestRunRequest:SendTestRunMessage: Completed.
TpTrace Verbose: 0 : 67864, 13, 2024/01/12, 16:35:15.514, 7671428655260, vstest.console.dll, MulticastDelegateUtilities.SafeInvoke: LengthPrefixCommunicationChannel: MessageReceived: Invoking callback 1/1 for Microsoft.VisualStudio.TestPlatform.CommunicationUtilities.TestRequestSender+<>c__DisplayClass34_0., took 0 ms.
TpTrace Verbose: 0 : 67864, 13, 2024/01/12, 16:35:15.514, 7671428655399, vstest.console.dll, TcpClientExtensions.MessageLoopAsync: Polling on remoteEndPoint: 127.0.0.1:50249 localEndPoint: 127.0.0.1:50248
TpTrace Verbose: 0 : 67864, 13, 2024/01/12, 16:35:15.630, 7671429816706, vstest.console.dll, TcpClientExtensions.MessageLoopAsync: NotifyDataAvailable remoteEndPoint: 127.0.0.1:50249 localEndPoint: 127.0.0.1:50248
TpTrace Verbose: 0 : 67864, 13, 2024/01/12, 16:35:15.630, 7671429817931, vstest.console.dll, TestRequestSender.OnExecutionMessageReceived: Received message: {"Version":7,"MessageType":"TestSession.Message","Payload":{"MessageLevel":2,"Message":"[xUnit.net 00:00:01.81]     Real_estate.API.IntegrationTests.Controllers.AuthenticationControllerTests.CurrentUserInfo_WhenUserIsAuthenticated_ReturnsUserInfo [FAIL]"}}
TpTrace Verbose: 0 : 67864, 13, 2024/01/12, 16:35:15.630, 7671429818859, vstest.console.dll, TestRunRequest:SendTestRunMessage: Starting.
TpTrace Verbose: 0 : 67864, 13, 2024/01/12, 16:35:15.630, 7671429819213, vstest.console.dll, MulticastDelegateUtilities.SafeInvoke: TestRun.LogMessages: Invoking callback 1/1 for Microsoft.VisualStudio.TestPlatform.CommandLine.TestRunResultAggregator., took 0 ms.
TpTrace Information: 0 : 67864, 13, 2024/01/12, 16:35:15.630, 7671429819366, vstest.console.dll, TestRunRequest:SendTestRunMessage: Completed.
TpTrace Verbose: 0 : 67864, 13, 2024/01/12, 16:35:15.630, 7671429819498, vstest.console.dll, MulticastDelegateUtilities.SafeInvoke: LengthPrefixCommunicationChannel: MessageReceived: Invoking callback 1/1 for Microsoft.VisualStudio.TestPlatform.CommunicationUtilities.TestRequestSender+<>c__DisplayClass34_0., took 0 ms.
TpTrace Verbose: 0 : 67864, 13, 2024/01/12, 16:35:15.630, 7671429820093, vstest.console.dll, TcpClientExtensions.MessageLoopAsync: Polling on remoteEndPoint: 127.0.0.1:50249 localEndPoint: 127.0.0.1:50248
TpTrace Verbose: 0 : 67864, 13, 2024/01/12, 16:35:15.630, 7671429820388, vstest.console.dll, TcpClientExtensions.MessageLoopAsync: NotifyDataAvailable remoteEndPoint: 127.0.0.1:50249 localEndPoint: 127.0.0.1:50248
TpTrace Verbose: 0 : 67864, 4, 2024/01/12, 16:35:15.630, 7671429820318, vstest.console.dll, MulticastDelegateUtilities.SafeInvoke: InternalTestLoggerEvents.SendTestRunMessage: Invoking callback 1/1 for Microsoft.VisualStudio.TestPlatform.CommandLine.Internal.ConsoleLogger., took 0 ms.
TpTrace Verbose: 0 : 67864, 13, 2024/01/12, 16:35:15.630, 7671429820791, vstest.console.dll, TestRequestSender.OnExecutionMessageReceived: Received message: {"Version":7,"MessageType":"TestSession.Message","Payload":{"MessageLevel":0,"Message":"[xUnit.net 00:00:01.82]       Expected result.IsAuthenticated to be true, but found False."}}
TpTrace Verbose: 0 : 67864, 13, 2024/01/12, 16:35:15.630, 7671429822011, vstest.console.dll, TestRunRequest:SendTestRunMessage: Starting.
TpTrace Verbose: 0 : 67864, 13, 2024/01/12, 16:35:15.630, 7671429822349, vstest.console.dll, MulticastDelegateUtilities.SafeInvoke: TestRun.LogMessages: Invoking callback 1/1 for Microsoft.VisualStudio.TestPlatform.CommandLine.TestRunResultAggregator., took 0 ms.
TpTrace Information: 0 : 67864, 13, 2024/01/12, 16:35:15.630, 7671429822500, vstest.console.dll, TestRunRequest:SendTestRunMessage: Completed.
TpTrace Verbose: 0 : 67864, 13, 2024/01/12, 16:35:15.630, 7671429822627, vstest.console.dll, MulticastDelegateUtilities.SafeInvoke: LengthPrefixCommunicationChannel: MessageReceived: Invoking callback 1/1 for Microsoft.VisualStudio.TestPlatform.CommunicationUtilities.TestRequestSender+<>c__DisplayClass34_0., took 0 ms.
TpTrace Verbose: 0 : 67864, 4, 2024/01/12, 16:35:15.630, 7671429822641, vstest.console.dll, MulticastDelegateUtilities.SafeInvoke: InternalTestLoggerEvents.SendTestRunMessage: Invoking callback 1/1 for Microsoft.VisualStudio.TestPlatform.CommandLine.Internal.ConsoleLogger., took 0 ms.
TpTrace Verbose: 0 : 67864, 13, 2024/01/12, 16:35:15.630, 7671429822760, vstest.console.dll, TcpClientExtensions.MessageLoopAsync: Polling on remoteEndPoint: 127.0.0.1:50249 localEndPoint: 127.0.0.1:50248
TpTrace Verbose: 0 : 67864, 13, 2024/01/12, 16:35:15.631, 7671429823721, vstest.console.dll, TcpClientExtensions.MessageLoopAsync: NotifyDataAvailable remoteEndPoint: 127.0.0.1:50249 localEndPoint: 127.0.0.1:50248
TpTrace Verbose: 0 : 67864, 13, 2024/01/12, 16:35:15.631, 7671429824022, vstest.console.dll, TestRequestSender.OnExecutionMessageReceived: Received message: {"Version":7,"MessageType":"TestSession.Message","Payload":{"MessageLevel":0,"Message":"[xUnit.net 00:00:01.82]       Stack Trace:"}}
TpTrace Verbose: 0 : 67864, 13, 2024/01/12, 16:35:15.631, 7671429824390, vstest.console.dll, TestRunRequest:SendTestRunMessage: Starting.
TpTrace Verbose: 0 : 67864, 13, 2024/01/12, 16:35:15.631, 7671429824662, vstest.console.dll, MulticastDelegateUtilities.SafeInvoke: TestRun.LogMessages: Invoking callback 1/1 for Microsoft.VisualStudio.TestPlatform.CommandLine.TestRunResultAggregator., took 0 ms.
TpTrace Verbose: 0 : 67864, 4, 2024/01/12, 16:35:15.631, 7671429824927, vstest.console.dll, MulticastDelegateUtilities.SafeInvoke: InternalTestLoggerEvents.SendTestRunMessage: Invoking callback 1/1 for Microsoft.VisualStudio.TestPlatform.CommandLine.Internal.ConsoleLogger., took 0 ms.
TpTrace Information: 0 : 67864, 13, 2024/01/12, 16:35:15.631, 7671429826613, vstest.console.dll, TestRunRequest:SendTestRunMessage: Completed.
TpTrace Verbose: 0 : 67864, 13, 2024/01/12, 16:35:15.631, 7671429827193, vstest.console.dll, MulticastDelegateUtilities.SafeInvoke: LengthPrefixCommunicationChannel: MessageReceived: Invoking callback 1/1 for Microsoft.VisualStudio.TestPlatform.CommunicationUtilities.TestRequestSender+<>c__DisplayClass34_0., took 0 ms.
TpTrace Verbose: 0 : 67864, 13, 2024/01/12, 16:35:15.631, 7671429827479, vstest.console.dll, TcpClientExtensions.MessageLoopAsync: Polling on remoteEndPoint: 127.0.0.1:50249 localEndPoint: 127.0.0.1:50248
TpTrace Verbose: 0 : 67864, 13, 2024/01/12, 16:35:15.631, 7671429827686, vstest.console.dll, TcpClientExtensions.MessageLoopAsync: NotifyDataAvailable remoteEndPoint: 127.0.0.1:50249 localEndPoint: 127.0.0.1:50248
TpTrace Verbose: 0 : 67864, 13, 2024/01/12, 16:35:15.631, 7671429827971, vstest.console.dll, TestRequestSender.OnExecutionMessageReceived: Received message: {"Version":7,"MessageType":"TestSession.Message","Payload":{"MessageLevel":0,"Message":"[xUnit.net 00:00:01.82]            at FluentAssertions.Execution.XUnit2TestFramework.Throw(String message)"}}
TpTrace Verbose: 0 : 67864, 13, 2024/01/12, 16:35:15.631, 7671429828539, vstest.console.dll, TestRunRequest:SendTestRunMessage: Starting.
TpTrace Verbose: 0 : 67864, 13, 2024/01/12, 16:35:15.631, 7671429828814, vstest.console.dll, MulticastDelegateUtilities.SafeInvoke: TestRun.LogMessages: Invoking callback 1/1 for Microsoft.VisualStudio.TestPlatform.CommandLine.TestRunResultAggregator., took 0 ms.
TpTrace Information: 0 : 67864, 13, 2024/01/12, 16:35:15.631, 7671429828968, vstest.console.dll, TestRunRequest:SendTestRunMessage: Completed.
TpTrace Verbose: 0 : 67864, 4, 2024/01/12, 16:35:15.631, 7671429828944, vstest.console.dll, MulticastDelegateUtilities.SafeInvoke: InternalTestLoggerEvents.SendTestRunMessage: Invoking callback 1/1 for Microsoft.VisualStudio.TestPlatform.CommandLine.Internal.ConsoleLogger., took 0 ms.
TpTrace Verbose: 0 : 67864, 13, 2024/01/12, 16:35:15.631, 7671429829088, vstest.console.dll, MulticastDelegateUtilities.SafeInvoke: LengthPrefixCommunicationChannel: MessageReceived: Invoking callback 1/1 for Microsoft.VisualStudio.TestPlatform.CommunicationUtilities.TestRequestSender+<>c__DisplayClass34_0., took 0 ms.
TpTrace Verbose: 0 : 67864, 13, 2024/01/12, 16:35:15.631, 7671429829843, vstest.console.dll, TcpClientExtensions.MessageLoopAsync: Polling on remoteEndPoint: 127.0.0.1:50249 localEndPoint: 127.0.0.1:50248
TpTrace Verbose: 0 : 67864, 13, 2024/01/12, 16:35:15.631, 7671429830065, vstest.console.dll, TcpClientExtensions.MessageLoopAsync: NotifyDataAvailable remoteEndPoint: 127.0.0.1:50249 localEndPoint: 127.0.0.1:50248
TpTrace Verbose: 0 : 67864, 13, 2024/01/12, 16:35:15.631, 7671429830381, vstest.console.dll, TestRequestSender.OnExecutionMessageReceived: Received message: {"Version":7,"MessageType":"TestSession.Message","Payload":{"MessageLevel":0,"Message":"[xUnit.net 00:00:01.82]            at FluentAssertions.Execution.TestFrameworkProvider.Throw(String message)"}}
TpTrace Verbose: 0 : 67864, 13, 2024/01/12, 16:35:15.631, 7671429830878, vstest.console.dll, TestRunRequest:SendTestRunMessage: Starting.
TpTrace Verbose: 0 : 67864, 13, 2024/01/12, 16:35:15.631, 7671429832513, vstest.console.dll, MulticastDelegateUtilities.SafeInvoke: TestRun.LogMessages: Invoking callback 1/1 for Microsoft.VisualStudio.TestPlatform.CommandLine.TestRunResultAggregator., took 0 ms.
TpTrace Verbose: 0 : 67864, 4, 2024/01/12, 16:35:15.631, 7671429832587, vstest.console.dll, MulticastDelegateUtilities.SafeInvoke: InternalTestLoggerEvents.SendTestRunMessage: Invoking callback 1/1 for Microsoft.VisualStudio.TestPlatform.CommandLine.Internal.ConsoleLogger., took 0 ms.
TpTrace Information: 0 : 67864, 13, 2024/01/12, 16:35:15.631, 7671429832724, vstest.console.dll, TestRunRequest:SendTestRunMessage: Completed.
TpTrace Verbose: 0 : 67864, 13, 2024/01/12, 16:35:15.632, 7671429834203, vstest.console.dll, MulticastDelegateUtilities.SafeInvoke: LengthPrefixCommunicationChannel: MessageReceived: Invoking callback 1/1 for Microsoft.VisualStudio.TestPlatform.CommunicationUtilities.TestRequestSender+<>c__DisplayClass34_0., took 0 ms.
TpTrace Verbose: 0 : 67864, 13, 2024/01/12, 16:35:15.632, 7671429834404, vstest.console.dll, TcpClientExtensions.MessageLoopAsync: Polling on remoteEndPoint: 127.0.0.1:50249 localEndPoint: 127.0.0.1:50248
TpTrace Verbose: 0 : 67864, 13, 2024/01/12, 16:35:15.632, 7671429834581, vstest.console.dll, TcpClientExtensions.MessageLoopAsync: NotifyDataAvailable remoteEndPoint: 127.0.0.1:50249 localEndPoint: 127.0.0.1:50248
TpTrace Verbose: 0 : 67864, 13, 2024/01/12, 16:35:15.632, 7671429834844, vstest.console.dll, TestRequestSender.OnExecutionMessageReceived: Received message: {"Version":7,"MessageType":"TestSession.Message","Payload":{"MessageLevel":0,"Message":"[xUnit.net 00:00:01.82]            at FluentAssertions.Execution.DefaultAssertionStrategy.HandleFailure(String message)"}}
TpTrace Verbose: 0 : 67864, 13, 2024/01/12, 16:35:15.632, 7671429835353, vstest.console.dll, TestRunRequest:SendTestRunMessage: Starting.
TpTrace Verbose: 0 : 67864, 13, 2024/01/12, 16:35:15.632, 7671429835626, vstest.console.dll, MulticastDelegateUtilities.SafeInvoke: TestRun.LogMessages: Invoking callback 1/1 for Microsoft.VisualStudio.TestPlatform.CommandLine.TestRunResultAggregator., took 0 ms.
TpTrace Information: 0 : 67864, 13, 2024/01/12, 16:35:15.632, 7671429835763, vstest.console.dll, TestRunRequest:SendTestRunMessage: Completed.
TpTrace Verbose: 0 : 67864, 13, 2024/01/12, 16:35:15.632, 7671429835879, vstest.console.dll, MulticastDelegateUtilities.SafeInvoke: LengthPrefixCommunicationChannel: MessageReceived: Invoking callback 1/1 for Microsoft.VisualStudio.TestPlatform.CommunicationUtilities.TestRequestSender+<>c__DisplayClass34_0., took 0 ms.
TpTrace Verbose: 0 : 67864, 13, 2024/01/12, 16:35:15.632, 7671429835991, vstest.console.dll, TcpClientExtensions.MessageLoopAsync: Polling on remoteEndPoint: 127.0.0.1:50249 localEndPoint: 127.0.0.1:50248
TpTrace Verbose: 0 : 67864, 13, 2024/01/12, 16:35:15.632, 7671429836125, vstest.console.dll, TcpClientExtensions.MessageLoopAsync: NotifyDataAvailable remoteEndPoint: 127.0.0.1:50249 localEndPoint: 127.0.0.1:50248
TpTrace Verbose: 0 : 67864, 4, 2024/01/12, 16:35:15.632, 7671429836352, vstest.console.dll, MulticastDelegateUtilities.SafeInvoke: InternalTestLoggerEvents.SendTestRunMessage: Invoking callback 1/1 for Microsoft.VisualStudio.TestPlatform.CommandLine.Internal.ConsoleLogger., took 0 ms.
TpTrace Verbose: 0 : 67864, 13, 2024/01/12, 16:35:15.632, 7671429836718, vstest.console.dll, TestRequestSender.OnExecutionMessageReceived: Received message: {"Version":7,"MessageType":"TestSession.Message","Payload":{"MessageLevel":0,"Message":"[xUnit.net 00:00:01.82]            at FluentAssertions.Execution.AssertionScope.FailWith(Func`1 failReasonFunc)"}}
TpTrace Verbose: 0 : 67864, 13, 2024/01/12, 16:35:15.632, 7671429837284, vstest.console.dll, TestRunRequest:SendTestRunMessage: Starting.
TpTrace Verbose: 0 : 67864, 13, 2024/01/12, 16:35:15.632, 7671429837557, vstest.console.dll, MulticastDelegateUtilities.SafeInvoke: TestRun.LogMessages: Invoking callback 1/1 for Microsoft.VisualStudio.TestPlatform.CommandLine.TestRunResultAggregator., took 0 ms.
TpTrace Information: 0 : 67864, 13, 2024/01/12, 16:35:15.632, 7671429837701, vstest.console.dll, TestRunRequest:SendTestRunMessage: Completed.
TpTrace Verbose: 0 : 67864, 13, 2024/01/12, 16:35:15.632, 7671429837823, vstest.console.dll, MulticastDelegateUtilities.SafeInvoke: LengthPrefixCommunicationChannel: MessageReceived: Invoking callback 1/1 for Microsoft.VisualStudio.TestPlatform.CommunicationUtilities.TestRequestSender+<>c__DisplayClass34_0., took 0 ms.
TpTrace Verbose: 0 : 67864, 13, 2024/01/12, 16:35:15.632, 7671429837941, vstest.console.dll, TcpClientExtensions.MessageLoopAsync: Polling on remoteEndPoint: 127.0.0.1:50249 localEndPoint: 127.0.0.1:50248
TpTrace Verbose: 0 : 67864, 13, 2024/01/12, 16:35:15.632, 7671429838124, vstest.console.dll, TcpClientExtensions.MessageLoopAsync: NotifyDataAvailable remoteEndPoint: 127.0.0.1:50249 localEndPoint: 127.0.0.1:50248
TpTrace Verbose: 0 : 67864, 13, 2024/01/12, 16:35:15.632, 7671429838486, vstest.console.dll, TestRequestSender.OnExecutionMessageReceived: Received message: {"Version":7,"MessageType":"TestSession.Message","Payload":{"MessageLevel":0,"Message":"[xUnit.net 00:00:01.82]            at FluentAssertions.Execution.AssertionScope.FailWith(Func`1 failReasonFunc)"}}
TpTrace Verbose: 0 : 67864, 13, 2024/01/12, 16:35:15.632, 7671429838771, vstest.console.dll, TestRunRequest:SendTestRunMessage: Starting.
TpTrace Verbose: 0 : 67864, 4, 2024/01/12, 16:35:15.632, 7671429838809, vstest.console.dll, MulticastDelegateUtilities.SafeInvoke: InternalTestLoggerEvents.SendTestRunMessage: Invoking callback 1/1 for Microsoft.VisualStudio.TestPlatform.CommandLine.Internal.ConsoleLogger., took 0 ms.
TpTrace Verbose: 0 : 67864, 13, 2024/01/12, 16:35:15.632, 7671429838961, vstest.console.dll, MulticastDelegateUtilities.SafeInvoke: TestRun.LogMessages: Invoking callback 1/1 for Microsoft.VisualStudio.TestPlatform.CommandLine.TestRunResultAggregator., took 0 ms.
TpTrace Information: 0 : 67864, 13, 2024/01/12, 16:35:15.632, 7671429839566, vstest.console.dll, TestRunRequest:SendTestRunMessage: Completed.
TpTrace Verbose: 0 : 67864, 13, 2024/01/12, 16:35:15.632, 7671429839780, vstest.console.dll, MulticastDelegateUtilities.SafeInvoke: LengthPrefixCommunicationChannel: MessageReceived: Invoking callback 1/1 for Microsoft.VisualStudio.TestPlatform.CommunicationUtilities.TestRequestSender+<>c__DisplayClass34_0., took 0 ms.
TpTrace Verbose: 0 : 67864, 4, 2024/01/12, 16:35:15.632, 7671429839448, vstest.console.dll, MulticastDelegateUtilities.SafeInvoke: InternalTestLoggerEvents.SendTestRunMessage: Invoking callback 1/1 for Microsoft.VisualStudio.TestPlatform.CommandLine.Internal.ConsoleLogger., took 0 ms.
TpTrace Verbose: 0 : 67864, 13, 2024/01/12, 16:35:15.632, 7671429839925, vstest.console.dll, TcpClientExtensions.MessageLoopAsync: Polling on remoteEndPoint: 127.0.0.1:50249 localEndPoint: 127.0.0.1:50248
TpTrace Verbose: 0 : 67864, 13, 2024/01/12, 16:35:15.632, 7671429842455, vstest.console.dll, TcpClientExtensions.MessageLoopAsync: NotifyDataAvailable remoteEndPoint: 127.0.0.1:50249 localEndPoint: 127.0.0.1:50248
TpTrace Verbose: 0 : 67864, 13, 2024/01/12, 16:35:15.633, 7671429843846, vstest.console.dll, TestRequestSender.OnExecutionMessageReceived: Received message: {"Version":7,"MessageType":"TestSession.Message","Payload":{"MessageLevel":0,"Message":"[xUnit.net 00:00:01.82]            at FluentAssertions.Execution.AssertionScope.FailWith(String message, Object[] args)"}}
TpTrace Verbose: 0 : 67864, 13, 2024/01/12, 16:35:15.633, 7671429844904, vstest.console.dll, TestRunRequest:SendTestRunMessage: Starting.
TpTrace Verbose: 0 : 67864, 13, 2024/01/12, 16:35:15.633, 7671429845203, vstest.console.dll, MulticastDelegateUtilities.SafeInvoke: TestRun.LogMessages: Invoking callback 1/1 for Microsoft.VisualStudio.TestPlatform.CommandLine.TestRunResultAggregator., took 0 ms.
TpTrace Information: 0 : 67864, 13, 2024/01/12, 16:35:15.633, 7671429845369, vstest.console.dll, TestRunRequest:SendTestRunMessage: Completed.
TpTrace Verbose: 0 : 67864, 4, 2024/01/12, 16:35:15.633, 7671429845805, vstest.console.dll, MulticastDelegateUtilities.SafeInvoke: InternalTestLoggerEvents.SendTestRunMessage: Invoking callback 1/1 for Microsoft.VisualStudio.TestPlatform.CommandLine.Internal.ConsoleLogger., took 0 ms.
TpTrace Verbose: 0 : 67864, 13, 2024/01/12, 16:35:15.633, 7671429845830, vstest.console.dll, MulticastDelegateUtilities.SafeInvoke: LengthPrefixCommunicationChannel: MessageReceived: Invoking callback 1/1 for Microsoft.VisualStudio.TestPlatform.CommunicationUtilities.TestRequestSender+<>c__DisplayClass34_0., took 0 ms.
TpTrace Verbose: 0 : 67864, 13, 2024/01/12, 16:35:15.633, 7671429847602, vstest.console.dll, TcpClientExtensions.MessageLoopAsync: Polling on remoteEndPoint: 127.0.0.1:50249 localEndPoint: 127.0.0.1:50248
TpTrace Verbose: 0 : 67864, 13, 2024/01/12, 16:35:15.633, 7671429847815, vstest.console.dll, TcpClientExtensions.MessageLoopAsync: NotifyDataAvailable remoteEndPoint: 127.0.0.1:50249 localEndPoint: 127.0.0.1:50248
TpTrace Verbose: 0 : 67864, 13, 2024/01/12, 16:35:15.633, 7671429848277, vstest.console.dll, TestRequestSender.OnExecutionMessageReceived: Received message: {"Version":7,"MessageType":"TestSession.Message","Payload":{"MessageLevel":0,"Message":"[xUnit.net 00:00:01.82]            at FluentAssertions.Primitives.BooleanAssertions`1.BeTrue(String because, Object[] becauseArgs)"}}
TpTrace Verbose: 0 : 67864, 13, 2024/01/12, 16:35:15.633, 7671429848789, vstest.console.dll, TestRunRequest:SendTestRunMessage: Starting.
TpTrace Verbose: 0 : 67864, 13, 2024/01/12, 16:35:15.633, 7671429849065, vstest.console.dll, MulticastDelegateUtilities.SafeInvoke: TestRun.LogMessages: Invoking callback 1/1 for Microsoft.VisualStudio.TestPlatform.CommandLine.TestRunResultAggregator., took 0 ms.
TpTrace Information: 0 : 67864, 13, 2024/01/12, 16:35:15.633, 7671429849221, vstest.console.dll, TestRunRequest:SendTestRunMessage: Completed.
TpTrace Verbose: 0 : 67864, 13, 2024/01/12, 16:35:15.633, 7671429849360, vstest.console.dll, MulticastDelegateUtilities.SafeInvoke: LengthPrefixCommunicationChannel: MessageReceived: Invoking callback 1/1 for Microsoft.VisualStudio.TestPlatform.CommunicationUtilities.TestRequestSender+<>c__DisplayClass34_0., took 0 ms.
TpTrace Verbose: 0 : 67864, 13, 2024/01/12, 16:35:15.633, 7671429849504, vstest.console.dll, TcpClientExtensions.MessageLoopAsync: Polling on remoteEndPoint: 127.0.0.1:50249 localEndPoint: 127.0.0.1:50248
TpTrace Verbose: 0 : 67864, 13, 2024/01/12, 16:35:15.633, 7671429849633, vstest.console.dll, TcpClientExtensions.MessageLoopAsync: NotifyDataAvailable remoteEndPoint: 127.0.0.1:50249 localEndPoint: 127.0.0.1:50248
TpTrace Verbose: 0 : 67864, 13, 2024/01/12, 16:35:15.633, 7671429849909, vstest.console.dll, TestRequestSender.OnExecutionMessageReceived: Received message: {"Version":7,"MessageType":"TestSession.Message","Payload":{"MessageLevel":0,"Message":"[xUnit.net 00:00:01.82]         C:\\Users\\carin\\source\\repos\\Real-Estate-Property-Listing\\Real_estate.API.IntegrationTests\\Controllers\\AuthenticationControllerTests.cs(122,0): at Real_estate.API.IntegrationTests.Controllers.AuthenticationControllerTests.CurrentUserInfo_WhenUserIsAuthenticated_ReturnsUserInfo()"}}
TpTrace Verbose: 0 : 67864, 13, 2024/01/12, 16:35:15.633, 7671429850254, vstest.console.dll, TestRunRequest:SendTestRunMessage: Starting.
TpTrace Verbose: 0 : 67864, 13, 2024/01/12, 16:35:15.633, 7671429850389, vstest.console.dll, MulticastDelegateUtilities.SafeInvoke: TestRun.LogMessages: Invoking callback 1/1 for Microsoft.VisualStudio.TestPlatform.CommandLine.TestRunResultAggregator., took 0 ms.
TpTrace Verbose: 0 : 67864, 4, 2024/01/12, 16:35:15.633, 7671429850425, vstest.console.dll, MulticastDelegateUtilities.SafeInvoke: InternalTestLoggerEvents.SendTestRunMessage: Invoking callback 1/1 for Microsoft.VisualStudio.TestPlatform.CommandLine.Internal.ConsoleLogger., took 0 ms.
TpTrace Information: 0 : 67864, 13, 2024/01/12, 16:35:15.633, 7671429850492, vstest.console.dll, TestRunRequest:SendTestRunMessage: Completed.
TpTrace Verbose: 0 : 67864, 4, 2024/01/12, 16:35:15.633, 7671429851013, vstest.console.dll, MulticastDelegateUtilities.SafeInvoke: InternalTestLoggerEvents.SendTestRunMessage: Invoking callback 1/1 for Microsoft.VisualStudio.TestPlatform.CommandLine.Internal.ConsoleLogger., took 0 ms.
TpTrace Verbose: 0 : 67864, 13, 2024/01/12, 16:35:15.633, 7671429851307, vstest.console.dll, MulticastDelegateUtilities.SafeInvoke: LengthPrefixCommunicationChannel: MessageReceived: Invoking callback 1/1 for Microsoft.VisualStudio.TestPlatform.CommunicationUtilities.TestRequestSender+<>c__DisplayClass34_0., took 0 ms.
TpTrace Verbose: 0 : 67864, 13, 2024/01/12, 16:35:15.633, 7671429851475, vstest.console.dll, TcpClientExtensions.MessageLoopAsync: Polling on remoteEndPoint: 127.0.0.1:50249 localEndPoint: 127.0.0.1:50248
TpTrace Verbose: 0 : 67864, 13, 2024/01/12, 16:35:15.633, 7671429851621, vstest.console.dll, TcpClientExtensions.MessageLoopAsync: NotifyDataAvailable remoteEndPoint: 127.0.0.1:50249 localEndPoint: 127.0.0.1:50248
TpTrace Verbose: 0 : 67864, 13, 2024/01/12, 16:35:15.633, 7671429851841, vstest.console.dll, TestRequestSender.OnExecutionMessageReceived: Received message: {"Version":7,"MessageType":"TestSession.Message","Payload":{"MessageLevel":0,"Message":"[xUnit.net 00:00:01.82]         --- End of stack trace from previous location ---"}}
TpTrace Verbose: 0 : 67864, 13, 2024/01/12, 16:35:15.633, 7671429852336, vstest.console.dll, TestRunRequest:SendTestRunMessage: Starting.
TpTrace Verbose: 0 : 67864, 13, 2024/01/12, 16:35:15.633, 7671429852651, vstest.console.dll, MulticastDelegateUtilities.SafeInvoke: TestRun.LogMessages: Invoking callback 1/1 for Microsoft.VisualStudio.TestPlatform.CommandLine.TestRunResultAggregator., took 0 ms.
TpTrace Information: 0 : 67864, 13, 2024/01/12, 16:35:15.633, 7671429852780, vstest.console.dll, TestRunRequest:SendTestRunMessage: Completed.
TpTrace Verbose: 0 : 67864, 13, 2024/01/12, 16:35:15.634, 7671429852902, vstest.console.dll, MulticastDelegateUtilities.SafeInvoke: LengthPrefixCommunicationChannel: MessageReceived: Invoking callback 1/1 for Microsoft.VisualStudio.TestPlatform.CommunicationUtilities.TestRequestSender+<>c__DisplayClass34_0., took 0 ms.
TpTrace Verbose: 0 : 67864, 13, 2024/01/12, 16:35:15.634, 7671429853011, vstest.console.dll, TcpClientExtensions.MessageLoopAsync: Polling on remoteEndPoint: 127.0.0.1:50249 localEndPoint: 127.0.0.1:50248
TpTrace Verbose: 0 : 67864, 13, 2024/01/12, 16:35:15.634, 7671429853136, vstest.console.dll, TcpClientExtensions.MessageLoopAsync: NotifyDataAvailable remoteEndPoint: 127.0.0.1:50249 localEndPoint: 127.0.0.1:50248
TpTrace Verbose: 0 : 67864, 4, 2024/01/12, 16:35:15.634, 7671429853413, vstest.console.dll, MulticastDelegateUtilities.SafeInvoke: InternalTestLoggerEvents.SendTestRunMessage: Invoking callback 1/1 for Microsoft.VisualStudio.TestPlatform.CommandLine.Internal.ConsoleLogger., took 0 ms.
TpTrace Verbose: 0 : 67864, 13, 2024/01/12, 16:35:15.634, 7671429854166, vstest.console.dll, TestRequestSender.OnExecutionMessageReceived: Received message: {"Version":7,"MessageType":"TestExecution.StatsChange","Payload":{"NewTestResults":[{"TestCase":{"Id":"2703a5be-2871-4dee-0f62-c1b41417b656","FullyQualifiedName":"Real_estate.API.IntegrationTests.Controllers.PropertiesControllerTests.When_GetPropertyByNameWithInvalidName_Then_Failure","DisplayName":"Real_estate.API.IntegrationTests.Controllers.PropertiesControllerTests.When_GetPropertyByNameWithInvalidName_Then_Failure","ExecutorUri":"executor://xunit/VsTestRunner2/netcoreapp","Source":"C:\\Users\\carin\\source\\repos\\Real-Estate-Property-Listing\\Real_estate.API.IntegrationTests\\bin\\Debug\\net8.0\\fine-code-coverage\\build-output\\Real_estate.API.IntegrationTests.dll","CodeFilePath":null,"LineNumber":0,"Properties":[]},"Attachments":[],"Outcome":1,"ErrorMessage":null,"ErrorStackTrace":null,"DisplayName":"Real_estate.API.IntegrationTests.Controllers.PropertiesControllerTests.When_GetPropertyByNameWithInvalidName_Then_Failure","Messages":[],"ComputerName":"CARINASLAPTOP","Duration":"00:00:00.0262883","StartTime":"2024-01-12T14:35:15.4151042+00:00","EndTime":"2024-01-12T14:35:15.4151043+00:00","Properties":[]},{"TestCase":{"Id":"2204b65f-01a9-bb66-f372-2eae72a495b8","FullyQualifiedName":"Real_estate.API.IntegrationTests.Controllers.PropertiesControllerTests.When_DeletePropertyWithValidId_Then_Success","DisplayName":"Real_estate.API.IntegrationTests.Controllers.PropertiesControllerTests.When_DeletePropertyWithValidId_Then_Success","ExecutorUri":"executor://xunit/VsTestRunner2/netcoreapp","Source":"C:\\Users\\carin\\source\\repos\\Real-Estate-Property-Listing\\Real_estate.API.IntegrationTests\\bin\\Debug\\net8.0\\fine-code-coverage\\build-output\\Real_estate.API.IntegrationTests.dll","CodeFilePath":null,"LineNumber":0,"Properties":[]},"Attachments":[],"Outcome":1,"ErrorMessage":null,"ErrorStackTrace":null,"DisplayName":"Real_estate.API.IntegrationTests.Controllers.PropertiesControllerTests.When_DeletePropertyWithValidId_Then_Success","Messages":[],"ComputerName":"CARINASLAPTOP","Duration":"00:00:00.0439989","StartTime":"2024-01-12T14:35:15.4592295+00:00","EndTime":"2024-01-12T14:35:15.4592296+00:00","Properties":[]},{"TestCase":{"Id":"c86a37f6-2dde-051f-73bd-a08c5352899a","FullyQualifiedName":"Real_estate.API.IntegrationTests.Controllers.PropertiesControllerTests.When_UpdatePropertyWithInvalidData_Then_Failure","DisplayName":"Real_estate.API.IntegrationTests.Controllers.PropertiesControllerTests.When_UpdatePropertyWithInvalidData_Then_Failure","ExecutorUri":"executor://xunit/VsTestRunner2/netcoreapp","Source":"C:\\Users\\carin\\source\\repos\\Real-Estate-Property-Listing\\Real_estate.API.IntegrationTests\\bin\\Debug\\net8.0\\fine-code-coverage\\build-output\\Real_estate.API.IntegrationTests.dll","CodeFilePath":null,"LineNumber":0,"Properties":[]},"Attachments":[],"Outcome":1,"ErrorMessage":null,"ErrorStackTrace":null,"DisplayName":"Real_estate.API.IntegrationTests.Controllers.PropertiesControllerTests.When_UpdatePropertyWithInvalidData_Then_Failure","Messages":[],"ComputerName":"CARINASLAPTOP","Duration":"00:00:00.0238676","StartTime":"2024-01-12T14:35:15.4832354+00:00","EndTime":"2024-01-12T14:35:15.4832355+00:00","Properties":[]},{"TestCase":{"Id":"4aad5b26-8790-d65f-f784-8f8547a647cb","FullyQualifiedName":"Real_estate.API.IntegrationTests.Controllers.AuthenticationControllerTests.Login_WithCorrectCredentials_ReturnsOk","DisplayName":"Real_estate.API.IntegrationTests.Controllers.AuthenticationControllerTests.Login_WithCorrectCredentials_ReturnsOk","ExecutorUri":"executor://xunit/VsTestRunner2/netcoreapp","Source":"C:\\Users\\carin\\source\\repos\\Real-Estate-Property-Listing\\Real_estate.API.IntegrationTests\\bin\\Debug\\net8.0\\fine-code-coverage\\build-output\\Real_estate.API.IntegrationTests.dll","CodeFilePath":null,"LineNumber":0,"Properties":[]},"Attachments":[],"Outcome":2,"ErrorMessage":"System.Exception : API responded with BadRequest: Invalid username","ErrorStackTrace":"   at Real_estate.API.IntegrationTests.Controllers.AuthenticationControllerTests.Login_WithCorrectCredentials_ReturnsOk() in C:\\Users\\carin\\source\\repos\\Real-Estate-Property-Listing\\Real_estate.API.IntegrationTests\\Controllers\\AuthenticationControllerTests.cs:line 38\r\n--- End of stack trace from previous location ---","DisplayName":"Real_estate.API.IntegrationTests.Controllers.AuthenticationControllerTests.Login_WithCorrectCredentials_ReturnsOk","Messages":[],"ComputerName":"CARINASLAPTOP","Duration":"00:00:00.3704168","StartTime":"2024-01-12T14:35:15.5134214+00:00","EndTime":"2024-01-12T14:35:15.5134214+00:00","Properties":[]},{"TestCase":{"Id":"5101b8a4-0eec-8bd4-bd5e-50d55d466ecc","FullyQualifiedName":"Real_estate.API.IntegrationTests.Controllers.ListingControllerTests.When_PostCategoryCommandHandlerIsCalledWithRightParameters_Then_TheEntityCreatedShouldBeReturned","DisplayName":"Real_estate.API.IntegrationTests.Controllers.ListingControllerTests.When_PostCategoryCommandHandlerIsCalledWithRightParameters_Then_TheEntityCreatedShouldBeReturned","ExecutorUri":"executor://xunit/VsTestRunner2/netcoreapp","Source":"C:\\Users\\carin\\source\\repos\\Real-Estate-Property-Listing\\Real_estate.API.IntegrationTests\\bin\\Debug\\net8.0\\fine-code-coverage\\build-output\\Real_estate.API.IntegrationTests.dll","CodeFilePath":null,"LineNumber":0,"Properties":[]},"Attachments":[],"Outcome":1,"ErrorMessage":null,"ErrorStackTrace":null,"DisplayName":"Real_estate.API.IntegrationTests.Controllers.ListingControllerTests.When_PostCategoryCommandHandlerIsCalledWithRightParameters_Then_TheEntityCreatedShouldBeReturned","Messages":[],"ComputerName":"CARINASLAPTOP","Duration":"00:00:00.9554549","StartTime":"2024-01-12T14:35:15.5181067+00:00","EndTime":"2024-01-12T14:35:15.5181068+00:00","Properties":[]},{"TestCase":{"Id":"b2b090f6-e033-6fa3-7bb6-2e91f8dac3df","FullyQualifiedName":"Real_estate.API.IntegrationTests.Controllers.AuthenticationControllerTests.CurrentUserInfo_WhenUserIsNotAuthenticated_ReturnsNotAuthenticatedUserInfo","DisplayName":"Real_estate.API.IntegrationTests.Controllers.AuthenticationControllerTests.CurrentUserInfo_WhenUserIsNotAuthenticated_ReturnsNotAuthenticatedUserInfo","ExecutorUri":"executor://xunit/VsTestRunner2/netcoreapp","Source":"C:\\Users\\carin\\source\\repos\\Real-Estate-Property-Listing\\Real_estate.API.IntegrationTests\\bin\\Debug\\net8.0\\fine-code-coverage\\build-output\\Real_estate.API.IntegrationTests.dll","CodeFilePath":null,"LineNumber":0,"Properties":[]},"Attachments":[],"Outcome":1,"ErrorMessage":null,"ErrorStackTrace":null,"DisplayName":"Real_estate.API.IntegrationTests.Controllers.AuthenticationControllerTests.CurrentUserInfo_WhenUserIsNotAuthenticated_ReturnsNotAuthenticatedUserInfo","Messages":[],"ComputerName":"CARINASLAPTOP","Duration":"00:00:00.0507043","StartTime":"2024-01-12T14:35:15.5633187+00:00","EndTime":"2024-01-12T14:35:15.5633189+00:00","Properties":[]},{"TestCase":{"Id":"5f0a98cb-f545-4256-5576-127ecc9692b5","FullyQualifiedName":"Real_estate.API.IntegrationTests.Controllers.ListingControllerTests.When_GetAllCategoriesQueryHandlerIsCalled_Then_Success","DisplayName":"Real_estate.API.IntegrationTests.Controllers.ListingControllerTests.When_GetAllCategoriesQueryHandlerIsCalled_Then_Success","ExecutorUri":"executor://xunit/VsTestRunner2/netcoreapp","Source":"C:\\Users\\carin\\source\\repos\\Real-Estate-Property-Listing\\Real_estate.API.IntegrationTests\\bin\\Debug\\net8.0\\fine-code-coverage\\build-output\\Real_estate.API.IntegrationTests.dll","CodeFilePath":null,"LineNumber":0,"Properties":[]},"Attachments":[],"Outcome":1,"ErrorMessage":null,"ErrorStackTrace":null,"DisplayName":"Real_estate.API.IntegrationTests.Controllers.ListingControllerTests.When_GetAllCategoriesQueryHandlerIsCalled_Then_Success","Messages":[],"ComputerName":"CARINASLAPTOP","Duration":"00:00:00.0526195","StartTime":"2024-01-12T14:35:15.570943+00:00","EndTime":"2024-01-12T14:35:15.5709432+00:00","Properties":[]},{"TestCase":{"Id":"7ffb903d-fb2c-7a3c-8041-1563acdc79a7","FullyQualifiedName":"Real_estate.API.IntegrationTests.Controllers.PropertiesControllerTests.When_ValidCreatePropertyCommandIsSent_Then_PropertyIsCreated","DisplayName":"Real_estate.API.IntegrationTests.Controllers.PropertiesControllerTests.When_ValidCreatePropertyCommandIsSent_Then_PropertyIsCreated","ExecutorUri":"executor://xunit/VsTestRunner2/netcoreapp","Source":"C:\\Users\\carin\\source\\repos\\Real-Estate-Property-Listing\\Real_estate.API.IntegrationTests\\bin\\Debug\\net8.0\\fine-code-coverage\\build-output\\Real_estate.API.IntegrationTests.dll","CodeFilePath":null,"LineNumber":0,"Properties":[]},"Attachments":[],"Outcome":1,"ErrorMessage":null,"ErrorStackTrace":null,"DisplayName":"Real_estate.API.IntegrationTests.Controllers.PropertiesControllerTests.When_ValidCreatePropertyCommandIsSent_Then_PropertyIsCreated","Messages":[],"ComputerName":"CARINASLAPTOP","Duration":"00:00:00.1046619","StartTime":"2024-01-12T14:35:15.5880615+00:00","EndTime":"2024-01-12T14:35:15.5880619+00:00","Properties":[]},{"TestCase":{"Id":"6f4fd453-4151-d13c-a1b5-9b5cd616b8af","FullyQualifiedName":"Real_estate.API.IntegrationTests.Controllers.AuthenticationControllerTests.CurrentUserInfo_WhenUserIsAuthenticated_ReturnsUserInfo","DisplayName":"Real_estate.API.IntegrationTests.Controllers.AuthenticationControllerTests.CurrentUserInfo_WhenUserIsAuthenticated_ReturnsUserInfo","ExecutorUri":"executor://xunit/VsTestRunner2/netcoreapp","Source":"C:\\Users\\carin\\source\\repos\\Real-Estate-Property-Listing\\Real_estate.API.IntegrationTests\\bin\\Debug\\net8.0\\fine-code-coverage\\build-output\\Real_estate.API.IntegrationTests.dll","CodeFilePath":null,"LineNumber":0,"Properties":[]},"Attachments":[],"Outcome":2,"ErrorMessage":"Expected result.IsAuthenticated to be true, but found False.","ErrorStackTrace":"   at FluentAssertions.Execution.XUnit2TestFramework.Throw(String message)\r\n   at FluentAssertions.Execution.TestFrameworkProvider.Throw(String message)\r\n   at FluentAssertions.Execution.DefaultAssertionStrategy.HandleFailure(String message)\r\n   at FluentAssertions.Execution.AssertionScope.FailWith(Func`1 failReasonFunc)\r\n   at FluentAssertions.Execution.AssertionScope.FailWith(Func`1 failReasonFunc)\r\n   at FluentAssertions.Execution.AssertionScope.FailWith(String message, Object[] args)\r\n   at FluentAssertions.Primitives.BooleanAssertions`1.BeTrue(String because, Object[] becauseArgs)\r\n   at Real_estate.API.IntegrationTests.Controllers.AuthenticationControllerTests.CurrentUserInfo_WhenUserIsAuthenticated_ReturnsUserInfo() in C:\\Users\\carin\\source\\repos\\Real-Estate-Property-Listing\\Real_estate.API.IntegrationTests\\Controllers\\AuthenticationControllerTests.cs:line 122\r\n--- End of stack trace from previous location ---","DisplayName":"Real_estate.API.IntegrationTests.Controllers.AuthenticationControllerTests.CurrentUserInfo_WhenUserIsAuthenticated_ReturnsUserInfo","Messages":[],"ComputerName":"CARINASLAPTOP","Duration":"00:00:00.0661037","StartTime":"2024-01-12T14:35:15.6320146+00:00","EndTime":"2024-01-12T14:35:15.6320147+00:00","Properties":[]}],"TestRunStatistics":{"ExecutedTests":22,"Stats":{"Passed":19,"Failed":3}},"ActiveTests":[{"Id":"31181f35-777f-0f24-94ea-748d41418223","FullyQualifiedName":"Real_estate.API.IntegrationTests.Controllers.AuthenticationControllerTests.Login_WithIncorrectCredentials_ReturnsBadRequest","DisplayName":"Real_estate.API.IntegrationTests.Controllers.AuthenticationControllerTests.Login_WithIncorrectCredentials_ReturnsBadRequest","ExecutorUri":"executor://xunit/VsTestRunner2/netcoreapp","Source":"C:\\Users\\carin\\source\\repos\\Real-Estate-Property-Listing\\Real_estate.API.IntegrationTests\\bin\\Debug\\net8.0\\fine-code-coverage\\build-output\\Real_estate.API.IntegrationTests.dll","CodeFilePath":null,"LineNumber":0,"Properties":[]}]}}
TpTrace Verbose: 0 : 67864, 13, 2024/01/12, 16:35:15.634, 7671429859961, vstest.console.dll, TestRunRequest:SendTestRunStatsChange: Starting.
TpTrace Verbose: 0 : 67864, 13, 2024/01/12, 16:35:15.634, 7671429860338, vstest.console.dll, InProgress is Real_estate.API.IntegrationTests.Controllers.AuthenticationControllerTests.Login_WithIncorrectCredentials_ReturnsBadRequest
TpTrace Verbose: 0 : 67864, 13, 2024/01/12, 16:35:15.634, 7671429860748, vstest.console.dll, MulticastDelegateUtilities.SafeInvoke: TestRun.RunStatsChanged: Invoking callbacks was skipped because there are no subscribers.
TpTrace Information: 0 : 67864, 13, 2024/01/12, 16:35:15.634, 7671429860887, vstest.console.dll, TestRunRequest:SendTestRunStatsChange: Completed.
TpTrace Verbose: 0 : 67864, 13, 2024/01/12, 16:35:15.634, 7671429861013, vstest.console.dll, MulticastDelegateUtilities.SafeInvoke: LengthPrefixCommunicationChannel: MessageReceived: Invoking callback 1/1 for Microsoft.VisualStudio.TestPlatform.CommunicationUtilities.TestRequestSender+<>c__DisplayClass34_0., took 0 ms.
TpTrace Verbose: 0 : 67864, 13, 2024/01/12, 16:35:15.634, 7671429861133, vstest.console.dll, TcpClientExtensions.MessageLoopAsync: Polling on remoteEndPoint: 127.0.0.1:50249 localEndPoint: 127.0.0.1:50248
TpTrace Verbose: 0 : 67864, 4, 2024/01/12, 16:35:15.634, 7671429861140, vstest.console.dll, MulticastDelegateUtilities.SafeInvoke: InternalTestLoggerEvents.SendTestResult: Invoking callback 1/1 for Microsoft.VisualStudio.TestPlatform.CommandLine.Internal.ConsoleLogger., took 0 ms.
TpTrace Verbose: 0 : 67864, 4, 2024/01/12, 16:35:15.634, 7671429861578, vstest.console.dll, MulticastDelegateUtilities.SafeInvoke: InternalTestLoggerEvents.SendTestResult: Invoking callback 1/1 for Microsoft.VisualStudio.TestPlatform.CommandLine.Internal.ConsoleLogger., took 0 ms.
TpTrace Verbose: 0 : 67864, 4, 2024/01/12, 16:35:15.634, 7671429861737, vstest.console.dll, MulticastDelegateUtilities.SafeInvoke: InternalTestLoggerEvents.SendTestResult: Invoking callback 1/1 for Microsoft.VisualStudio.TestPlatform.CommandLine.Internal.ConsoleLogger., took 0 ms.
TpTrace Verbose: 0 : 67864, 4, 2024/01/12, 16:35:15.635, 7671429863004, vstest.console.dll, MulticastDelegateUtilities.SafeInvoke: InternalTestLoggerEvents.SendTestResult: Invoking callback 1/1 for Microsoft.VisualStudio.TestPlatform.CommandLine.Internal.ConsoleLogger., took 0 ms.
TpTrace Verbose: 0 : 67864, 4, 2024/01/12, 16:35:15.635, 7671429863253, vstest.console.dll, MulticastDelegateUtilities.SafeInvoke: InternalTestLoggerEvents.SendTestResult: Invoking callback 1/1 for Microsoft.VisualStudio.TestPlatform.CommandLine.Internal.ConsoleLogger., took 0 ms.
TpTrace Verbose: 0 : 67864, 4, 2024/01/12, 16:35:15.635, 7671429863497, vstest.console.dll, MulticastDelegateUtilities.SafeInvoke: InternalTestLoggerEvents.SendTestResult: Invoking callback 1/1 for Microsoft.VisualStudio.TestPlatform.CommandLine.Internal.ConsoleLogger., took 0 ms.
TpTrace Verbose: 0 : 67864, 4, 2024/01/12, 16:35:15.635, 7671429863645, vstest.console.dll, MulticastDelegateUtilities.SafeInvoke: InternalTestLoggerEvents.SendTestResult: Invoking callback 1/1 for Microsoft.VisualStudio.TestPlatform.CommandLine.Internal.ConsoleLogger., took 0 ms.
TpTrace Verbose: 0 : 67864, 4, 2024/01/12, 16:35:15.635, 7671429863813, vstest.console.dll, MulticastDelegateUtilities.SafeInvoke: InternalTestLoggerEvents.SendTestResult: Invoking callback 1/1 for Microsoft.VisualStudio.TestPlatform.CommandLine.Internal.ConsoleLogger., took 0 ms.
TpTrace Verbose: 0 : 67864, 4, 2024/01/12, 16:35:15.635, 7671429864533, vstest.console.dll, MulticastDelegateUtilities.SafeInvoke: InternalTestLoggerEvents.SendTestResult: Invoking callback 1/1 for Microsoft.VisualStudio.TestPlatform.CommandLine.Internal.ConsoleLogger., took 0 ms.
TpTrace Verbose: 0 : 67864, 13, 2024/01/12, 16:35:15.720, 7671430722649, vstest.console.dll, TcpClientExtensions.MessageLoopAsync: NotifyDataAvailable remoteEndPoint: 127.0.0.1:50249 localEndPoint: 127.0.0.1:50248
TpTrace Verbose: 0 : 67864, 13, 2024/01/12, 16:35:15.721, 7671430723790, vstest.console.dll, TestRequestSender.OnExecutionMessageReceived: Received message: {"Version":7,"MessageType":"TestSession.Message","Payload":{"MessageLevel":2,"Message":"[xUnit.net 00:00:01.91]     Real_estate.API.IntegrationTests.Controllers.AuthenticationControllerTests.Register_WithCorrectData_ReturnsCreatedAtAction [FAIL]"}}
TpTrace Verbose: 0 : 67864, 13, 2024/01/12, 16:35:15.721, 7671430724925, vstest.console.dll, TestRunRequest:SendTestRunMessage: Starting.
TpTrace Verbose: 0 : 67864, 13, 2024/01/12, 16:35:15.721, 7671430725431, vstest.console.dll, MulticastDelegateUtilities.SafeInvoke: TestRun.LogMessages: Invoking callback 1/1 for Microsoft.VisualStudio.TestPlatform.CommandLine.TestRunResultAggregator., took 0 ms.
TpTrace Information: 0 : 67864, 13, 2024/01/12, 16:35:15.721, 7671430725601, vstest.console.dll, TestRunRequest:SendTestRunMessage: Completed.
TpTrace Verbose: 0 : 67864, 13, 2024/01/12, 16:35:15.721, 7671430725847, vstest.console.dll, MulticastDelegateUtilities.SafeInvoke: LengthPrefixCommunicationChannel: MessageReceived: Invoking callback 1/1 for Microsoft.VisualStudio.TestPlatform.CommunicationUtilities.TestRequestSender+<>c__DisplayClass34_0., took 0 ms.
TpTrace Verbose: 0 : 67864, 13, 2024/01/12, 16:35:15.721, 7671430725993, vstest.console.dll, TcpClientExtensions.MessageLoopAsync: Polling on remoteEndPoint: 127.0.0.1:50249 localEndPoint: 127.0.0.1:50248
TpTrace Verbose: 0 : 67864, 13, 2024/01/12, 16:35:15.721, 7671430726246, vstest.console.dll, TcpClientExtensions.MessageLoopAsync: NotifyDataAvailable remoteEndPoint: 127.0.0.1:50249 localEndPoint: 127.0.0.1:50248
TpTrace Verbose: 0 : 67864, 13, 2024/01/12, 16:35:15.721, 7671430726461, vstest.console.dll, TestRequestSender.OnExecutionMessageReceived: Received message: {"Version":7,"MessageType":"TestSession.Message","Payload":{"MessageLevel":0,"Message":"[xUnit.net 00:00:01.91]       System.Net.Http.HttpRequestException : Response status code does not indicate success: 400 (Bad Request)."}}
TpTrace Verbose: 0 : 67864, 13, 2024/01/12, 16:35:15.721, 7671430726811, vstest.console.dll, TestRunRequest:SendTestRunMessage: Starting.
TpTrace Verbose: 0 : 67864, 13, 2024/01/12, 16:35:15.721, 7671430726966, vstest.console.dll, MulticastDelegateUtilities.SafeInvoke: TestRun.LogMessages: Invoking callback 1/1 for Microsoft.VisualStudio.TestPlatform.CommandLine.TestRunResultAggregator., took 0 ms.
TpTrace Information: 0 : 67864, 13, 2024/01/12, 16:35:15.721, 7671430727073, vstest.console.dll, TestRunRequest:SendTestRunMessage: Completed.
TpTrace Verbose: 0 : 67864, 13, 2024/01/12, 16:35:15.721, 7671430727203, vstest.console.dll, MulticastDelegateUtilities.SafeInvoke: LengthPrefixCommunicationChannel: MessageReceived: Invoking callback 1/1 for Microsoft.VisualStudio.TestPlatform.CommunicationUtilities.TestRequestSender+<>c__DisplayClass34_0., took 0 ms.
TpTrace Verbose: 0 : 67864, 13, 2024/01/12, 16:35:15.721, 7671430727329, vstest.console.dll, TcpClientExtensions.MessageLoopAsync: Polling on remoteEndPoint: 127.0.0.1:50249 localEndPoint: 127.0.0.1:50248
TpTrace Verbose: 0 : 67864, 13, 2024/01/12, 16:35:15.721, 7671430727489, vstest.console.dll, TcpClientExtensions.MessageLoopAsync: NotifyDataAvailable remoteEndPoint: 127.0.0.1:50249 localEndPoint: 127.0.0.1:50248
TpTrace Verbose: 0 : 67864, 4, 2024/01/12, 16:35:15.721, 7671430727472, vstest.console.dll, MulticastDelegateUtilities.SafeInvoke: InternalTestLoggerEvents.SendTestRunMessage: Invoking callback 1/1 for Microsoft.VisualStudio.TestPlatform.CommandLine.Internal.ConsoleLogger., took 0 ms.
TpTrace Verbose: 0 : 67864, 13, 2024/01/12, 16:35:15.721, 7671430727639, vstest.console.dll, TestRequestSender.OnExecutionMessageReceived: Received message: {"Version":7,"MessageType":"TestSession.Message","Payload":{"MessageLevel":0,"Message":"[xUnit.net 00:00:01.91]       Stack Trace:"}}
TpTrace Verbose: 0 : 67864, 13, 2024/01/12, 16:35:15.721, 7671430729003, vstest.console.dll, TestRunRequest:SendTestRunMessage: Starting.
TpTrace Verbose: 0 : 67864, 13, 2024/01/12, 16:35:15.721, 7671430729425, vstest.console.dll, MulticastDelegateUtilities.SafeInvoke: TestRun.LogMessages: Invoking callback 1/1 for Microsoft.VisualStudio.TestPlatform.CommandLine.TestRunResultAggregator., took 0 ms.
TpTrace Verbose: 0 : 67864, 4, 2024/01/12, 16:35:15.721, 7671430729078, vstest.console.dll, MulticastDelegateUtilities.SafeInvoke: InternalTestLoggerEvents.SendTestRunMessage: Invoking callback 1/1 for Microsoft.VisualStudio.TestPlatform.CommandLine.Internal.ConsoleLogger., took 0 ms.
TpTrace Information: 0 : 67864, 13, 2024/01/12, 16:35:15.721, 7671430729547, vstest.console.dll, TestRunRequest:SendTestRunMessage: Completed.
TpTrace Verbose: 0 : 67864, 4, 2024/01/12, 16:35:15.721, 7671430729854, vstest.console.dll, MulticastDelegateUtilities.SafeInvoke: InternalTestLoggerEvents.SendTestRunMessage: Invoking callback 1/1 for Microsoft.VisualStudio.TestPlatform.CommandLine.Internal.ConsoleLogger., took 0 ms.
TpTrace Verbose: 0 : 67864, 13, 2024/01/12, 16:35:15.721, 7671430729951, vstest.console.dll, MulticastDelegateUtilities.SafeInvoke: LengthPrefixCommunicationChannel: MessageReceived: Invoking callback 1/1 for Microsoft.VisualStudio.TestPlatform.CommunicationUtilities.TestRequestSender+<>c__DisplayClass34_0., took 0 ms.
TpTrace Verbose: 0 : 67864, 13, 2024/01/12, 16:35:15.721, 7671430730456, vstest.console.dll, TcpClientExtensions.MessageLoopAsync: Polling on remoteEndPoint: 127.0.0.1:50249 localEndPoint: 127.0.0.1:50248
TpTrace Verbose: 0 : 67864, 13, 2024/01/12, 16:35:15.721, 7671430730654, vstest.console.dll, TcpClientExtensions.MessageLoopAsync: NotifyDataAvailable remoteEndPoint: 127.0.0.1:50249 localEndPoint: 127.0.0.1:50248
TpTrace Verbose: 0 : 67864, 13, 2024/01/12, 16:35:15.721, 7671430731048, vstest.console.dll, TestRequestSender.OnExecutionMessageReceived: Received message: {"Version":7,"MessageType":"TestSession.Message","Payload":{"MessageLevel":0,"Message":"[xUnit.net 00:00:01.91]            at System.Net.Http.HttpResponseMessage.EnsureSuccessStatusCode()"}}
TpTrace Verbose: 0 : 67864, 13, 2024/01/12, 16:35:15.721, 7671430731389, vstest.console.dll, TestRunRequest:SendTestRunMessage: Starting.
TpTrace Verbose: 0 : 67864, 13, 2024/01/12, 16:35:15.721, 7671430731634, vstest.console.dll, MulticastDelegateUtilities.SafeInvoke: TestRun.LogMessages: Invoking callback 1/1 for Microsoft.VisualStudio.TestPlatform.CommandLine.TestRunResultAggregator., took 0 ms.
TpTrace Information: 0 : 67864, 13, 2024/01/12, 16:35:15.721, 7671430731738, vstest.console.dll, TestRunRequest:SendTestRunMessage: Completed.
TpTrace Verbose: 0 : 67864, 13, 2024/01/12, 16:35:15.721, 7671430731868, vstest.console.dll, MulticastDelegateUtilities.SafeInvoke: LengthPrefixCommunicationChannel: MessageReceived: Invoking callback 1/1 for Microsoft.VisualStudio.TestPlatform.CommunicationUtilities.TestRequestSender+<>c__DisplayClass34_0., took 0 ms.
TpTrace Verbose: 0 : 67864, 13, 2024/01/12, 16:35:15.721, 7671430731983, vstest.console.dll, TcpClientExtensions.MessageLoopAsync: Polling on remoteEndPoint: 127.0.0.1:50249 localEndPoint: 127.0.0.1:50248
TpTrace Verbose: 0 : 67864, 13, 2024/01/12, 16:35:15.721, 7671430732105, vstest.console.dll, TcpClientExtensions.MessageLoopAsync: NotifyDataAvailable remoteEndPoint: 127.0.0.1:50249 localEndPoint: 127.0.0.1:50248
TpTrace Verbose: 0 : 67864, 4, 2024/01/12, 16:35:15.721, 7671430732250, vstest.console.dll, MulticastDelegateUtilities.SafeInvoke: InternalTestLoggerEvents.SendTestRunMessage: Invoking callback 1/1 for Microsoft.VisualStudio.TestPlatform.CommandLine.Internal.ConsoleLogger., took 0 ms.
TpTrace Verbose: 0 : 67864, 13, 2024/01/12, 16:35:15.721, 7671430732296, vstest.console.dll, TestRequestSender.OnExecutionMessageReceived: Received message: {"Version":7,"MessageType":"TestSession.Message","Payload":{"MessageLevel":0,"Message":"[xUnit.net 00:00:01.91]         C:\\Users\\carin\\source\\repos\\Real-Estate-Property-Listing\\Real_estate.API.IntegrationTests\\Controllers\\AuthenticationControllerTests.cs(75,0): at Real_estate.API.IntegrationTests.Controllers.AuthenticationControllerTests.Register_WithCorrectData_ReturnsCreatedAtAction()"}}
TpTrace Verbose: 0 : 67864, 13, 2024/01/12, 16:35:15.722, 7671430734197, vstest.console.dll, TestRunRequest:SendTestRunMessage: Starting.
TpTrace Verbose: 0 : 67864, 13, 2024/01/12, 16:35:15.722, 7671430734597, vstest.console.dll, MulticastDelegateUtilities.SafeInvoke: TestRun.LogMessages: Invoking callback 1/1 for Microsoft.VisualStudio.TestPlatform.CommandLine.TestRunResultAggregator., took 0 ms.
TpTrace Verbose: 0 : 67864, 4, 2024/01/12, 16:35:15.722, 7671430734757, vstest.console.dll, MulticastDelegateUtilities.SafeInvoke: InternalTestLoggerEvents.SendTestRunMessage: Invoking callback 1/1 for Microsoft.VisualStudio.TestPlatform.CommandLine.Internal.ConsoleLogger., took 0 ms.
TpTrace Information: 0 : 67864, 13, 2024/01/12, 16:35:15.722, 7671430734796, vstest.console.dll, TestRunRequest:SendTestRunMessage: Completed.
TpTrace Verbose: 0 : 67864, 13, 2024/01/12, 16:35:15.722, 7671430735229, vstest.console.dll, MulticastDelegateUtilities.SafeInvoke: LengthPrefixCommunicationChannel: MessageReceived: Invoking callback 1/1 for Microsoft.VisualStudio.TestPlatform.CommunicationUtilities.TestRequestSender+<>c__DisplayClass34_0., took 0 ms.
TpTrace Verbose: 0 : 67864, 13, 2024/01/12, 16:35:15.722, 7671430735374, vstest.console.dll, TcpClientExtensions.MessageLoopAsync: Polling on remoteEndPoint: 127.0.0.1:50249 localEndPoint: 127.0.0.1:50248
TpTrace Verbose: 0 : 67864, 13, 2024/01/12, 16:35:15.722, 7671430735534, vstest.console.dll, TcpClientExtensions.MessageLoopAsync: NotifyDataAvailable remoteEndPoint: 127.0.0.1:50249 localEndPoint: 127.0.0.1:50248
TpTrace Verbose: 0 : 67864, 13, 2024/01/12, 16:35:15.722, 7671430735741, vstest.console.dll, TestRequestSender.OnExecutionMessageReceived: Received message: {"Version":7,"MessageType":"TestSession.Message","Payload":{"MessageLevel":0,"Message":"[xUnit.net 00:00:01.91]         --- End of stack trace from previous location ---"}}
TpTrace Verbose: 0 : 67864, 13, 2024/01/12, 16:35:15.722, 7671430736154, vstest.console.dll, TestRunRequest:SendTestRunMessage: Starting.
TpTrace Verbose: 0 : 67864, 13, 2024/01/12, 16:35:15.722, 7671430736382, vstest.console.dll, MulticastDelegateUtilities.SafeInvoke: TestRun.LogMessages: Invoking callback 1/1 for Microsoft.VisualStudio.TestPlatform.CommandLine.TestRunResultAggregator., took 0 ms.
TpTrace Information: 0 : 67864, 13, 2024/01/12, 16:35:15.722, 7671430736518, vstest.console.dll, TestRunRequest:SendTestRunMessage: Completed.
TpTrace Verbose: 0 : 67864, 4, 2024/01/12, 16:35:15.722, 7671430736496, vstest.console.dll, MulticastDelegateUtilities.SafeInvoke: InternalTestLoggerEvents.SendTestRunMessage: Invoking callback 1/1 for Microsoft.VisualStudio.TestPlatform.CommandLine.Internal.ConsoleLogger., took 0 ms.
TpTrace Verbose: 0 : 67864, 13, 2024/01/12, 16:35:15.722, 7671430736688, vstest.console.dll, MulticastDelegateUtilities.SafeInvoke: LengthPrefixCommunicationChannel: MessageReceived: Invoking callback 1/1 for Microsoft.VisualStudio.TestPlatform.CommunicationUtilities.TestRequestSender+<>c__DisplayClass34_0., took 0 ms.
TpTrace Verbose: 0 : 67864, 13, 2024/01/12, 16:35:15.722, 7671430737021, vstest.console.dll, TcpClientExtensions.MessageLoopAsync: Polling on remoteEndPoint: 127.0.0.1:50249 localEndPoint: 127.0.0.1:50248
TpTrace Verbose: 0 : 67864, 13, 2024/01/12, 16:35:15.723, 7671430746802, vstest.console.dll, TcpClientExtensions.MessageLoopAsync: NotifyDataAvailable remoteEndPoint: 127.0.0.1:50249 localEndPoint: 127.0.0.1:50248
TpTrace Verbose: 0 : 67864, 13, 2024/01/12, 16:35:15.723, 7671430747333, vstest.console.dll, TestRequestSender.OnExecutionMessageReceived: Received message: {"Version":7,"MessageType":"TestSession.Message","Payload":{"MessageLevel":0,"Message":"[xUnit.net 00:00:01.91]   Finished:    Real_estate.API.IntegrationTests"}}
TpTrace Verbose: 0 : 67864, 13, 2024/01/12, 16:35:15.723, 7671430747801, vstest.console.dll, TestRunRequest:SendTestRunMessage: Starting.
TpTrace Verbose: 0 : 67864, 13, 2024/01/12, 16:35:15.723, 7671430748183, vstest.console.dll, MulticastDelegateUtilities.SafeInvoke: TestRun.LogMessages: Invoking callback 1/1 for Microsoft.VisualStudio.TestPlatform.CommandLine.TestRunResultAggregator., took 0 ms.
TpTrace Information: 0 : 67864, 13, 2024/01/12, 16:35:15.723, 7671430748325, vstest.console.dll, TestRunRequest:SendTestRunMessage: Completed.
TpTrace Verbose: 0 : 67864, 4, 2024/01/12, 16:35:15.723, 7671430748492, vstest.console.dll, MulticastDelegateUtilities.SafeInvoke: InternalTestLoggerEvents.SendTestRunMessage: Invoking callback 1/1 for Microsoft.VisualStudio.TestPlatform.CommandLine.Internal.ConsoleLogger., took 0 ms.
TpTrace Verbose: 0 : 67864, 13, 2024/01/12, 16:35:15.723, 7671430748576, vstest.console.dll, MulticastDelegateUtilities.SafeInvoke: LengthPrefixCommunicationChannel: MessageReceived: Invoking callback 1/1 for Microsoft.VisualStudio.TestPlatform.CommunicationUtilities.TestRequestSender+<>c__DisplayClass34_0., took 0 ms.
TpTrace Verbose: 0 : 67864, 13, 2024/01/12, 16:35:15.723, 7671430749255, vstest.console.dll, TcpClientExtensions.MessageLoopAsync: Polling on remoteEndPoint: 127.0.0.1:50249 localEndPoint: 127.0.0.1:50248
TpTrace Verbose: 0 : 67864, 13, 2024/01/12, 16:35:15.733, 7671430852372, vstest.console.dll, TcpClientExtensions.MessageLoopAsync: NotifyDataAvailable remoteEndPoint: 127.0.0.1:50249 localEndPoint: 127.0.0.1:50248
TpTrace Verbose: 0 : 67864, 13, 2024/01/12, 16:35:15.734, 7671430853808, vstest.console.dll, TestRequestSender.OnExecutionMessageReceived: Received message: {"Version":7,"MessageType":"TestExecution.Completed","Payload":{"TestRunCompleteArgs":{"TestRunStatistics":{"ExecutedTests":24,"Stats":{"Passed":20,"Failed":4}},"IsCanceled":false,"IsAborted":false,"Error":null,"AttachmentSets":[],"InvokedDataCollectors":[],"ElapsedTimeInRunningTests":"00:00:01.9185538","Metrics":{},"DiscoveredExtensions":{"TestDiscoverers":["Xunit.Runner.VisualStudio.VsTestRunner, xunit.runner.visualstudio.dotnetcore.testadapter, Version=2.4.0.0, Culture=neutral, PublicKeyToken=8d05b1bb7a6fdb6c"],"TestExecutors":["executor://xunit/VsTestRunner2/netcoreapp"],"TestExecutors2":[],"TestSettingsProviders":[]}},"LastRunTests":{"NewTestResults":[{"TestCase":{"Id":"31181f35-777f-0f24-94ea-748d41418223","FullyQualifiedName":"Real_estate.API.IntegrationTests.Controllers.AuthenticationControllerTests.Login_WithIncorrectCredentials_ReturnsBadRequest","DisplayName":"Real_estate.API.IntegrationTests.Controllers.AuthenticationControllerTests.Login_WithIncorrectCredentials_ReturnsBadRequest","ExecutorUri":"executor://xunit/VsTestRunner2/netcoreapp","Source":"C:\\Users\\carin\\source\\repos\\Real-Estate-Property-Listing\\Real_estate.API.IntegrationTests\\bin\\Debug\\net8.0\\fine-code-coverage\\build-output\\Real_estate.API.IntegrationTests.dll","CodeFilePath":null,"LineNumber":0,"Properties":[]},"Attachments":[],"Outcome":1,"ErrorMessage":null,"ErrorStackTrace":null,"DisplayName":"Real_estate.API.IntegrationTests.Controllers.AuthenticationControllerTests.Login_WithIncorrectCredentials_ReturnsBadRequest","Messages":[],"ComputerName":"CARINASLAPTOP","Duration":"00:00:00.0260542","StartTime":"2024-01-12T14:35:15.6561684+00:00","EndTime":"2024-01-12T14:35:15.6561684+00:00","Properties":[]},{"TestCase":{"Id":"03ef826c-0ac2-a563-7f5e-a166893b3d68","FullyQualifiedName":"Real_estate.API.IntegrationTests.Controllers.AuthenticationControllerTests.Register_WithCorrectData_ReturnsCreatedAtAction","DisplayName":"Real_estate.API.IntegrationTests.Controllers.AuthenticationControllerTests.Register_WithCorrectData_ReturnsCreatedAtAction","ExecutorUri":"executor://xunit/VsTestRunner2/netcoreapp","Source":"C:\\Users\\carin\\source\\repos\\Real-Estate-Property-Listing\\Real_estate.API.IntegrationTests\\bin\\Debug\\net8.0\\fine-code-coverage\\build-output\\Real_estate.API.IntegrationTests.dll","CodeFilePath":null,"LineNumber":0,"Properties":[]},"Attachments":[],"Outcome":2,"ErrorMessage":"System.Net.Http.HttpRequestException : Response status code does not indicate success: 400 (Bad Request).","ErrorStackTrace":"   at System.Net.Http.HttpResponseMessage.EnsureSuccessStatusCode()\r\n   at Real_estate.API.IntegrationTests.Controllers.AuthenticationControllerTests.Register_WithCorrectData_ReturnsCreatedAtAction() in C:\\Users\\carin\\source\\repos\\Real-Estate-Property-Listing\\Real_estate.API.IntegrationTests\\Controllers\\AuthenticationControllerTests.cs:line 75\r\n--- End of stack trace from previous location ---","DisplayName":"Real_estate.API.IntegrationTests.Controllers.AuthenticationControllerTests.Register_WithCorrectData_ReturnsCreatedAtAction","Messages":[],"ComputerName":"CARINASLAPTOP","Duration":"00:00:00.0639912","StartTime":"2024-01-12T14:35:15.7216946+00:00","EndTime":"2024-01-12T14:35:15.7216946+00:00","Properties":[]}],"TestRunStatistics":{"ExecutedTests":24,"Stats":{"Passed":20,"Failed":4}},"ActiveTests":[]},"RunAttachments":[],"ExecutorUris":["executor://xunit/VsTestRunner2/netcoreapp"]}}
TpTrace Verbose: 0 : 67864, 13, 2024/01/12, 16:35:15.734, 7671430854348, vstest.console.dll, TestRequestSender.EndSession: Sending end session.
TpTrace Verbose: 0 : 67864, 13, 2024/01/12, 16:35:15.734, 7671430855416, vstest.console.dll, ProxyOperationManager.Close: waiting for test host to exit for 100 ms
TpTrace Verbose: 0 : 67864, 7, 2024/01/12, 16:35:15.766, 7671431178726, vstest.console.dll, TestHostManagerCallbacks.ctor: Experimental forwarding output is disabled.
TpTrace Warning: 0 : 67864, 7, 2024/01/12, 16:35:15.766, 7671431179561, vstest.console.dll, TestHostManagerCallbacks.ErrorReceivedCallback Test host standard error line: 
TpTrace Verbose: 0 : 67864, 7, 2024/01/12, 16:35:15.796, 7671431475182, vstest.console.dll, TestHostProvider.ExitCallBack: Host exited starting callback.
TpTrace Information: 0 : 67864, 7, 2024/01/12, 16:35:15.796, 7671431476321, vstest.console.dll, TestHostManagerCallbacks.ExitCallBack: Testhost processId: 28108 exited with exitcode: 0 error: ''
TpTrace Verbose: 0 : 67864, 7, 2024/01/12, 16:35:15.796, 7671431476561, vstest.console.dll, DotnetTestHostManager.OnHostExited: invoking OnHostExited callback
TpTrace Verbose: 0 : 67864, 7, 2024/01/12, 16:35:15.796, 7671431476953, vstest.console.dll, CrossPlatEngine.TestHostManagerHostExited: calling on client process exit callback.
TpTrace Information: 0 : 67864, 7, 2024/01/12, 16:35:15.796, 7671431477229, vstest.console.dll, TestRequestSender.OnClientProcessExit: Test host process exited. Standard error: 
TpTrace Information: 0 : 67864, 7, 2024/01/12, 16:35:15.796, 7671431477415, vstest.console.dll, SocketServer.Stop: Stop server endPoint: 127.0.0.1:50248
TpTrace Information: 0 : 67864, 7, 2024/01/12, 16:35:15.796, 7671431477537, vstest.console.dll, SocketServer.Stop: Cancellation requested. Stopping message loop.
TpTrace Verbose: 0 : 67864, 7, 2024/01/12, 16:35:15.796, 7671431477991, vstest.console.dll, MulticastDelegateUtilities.SafeInvoke: HostProviderEvents.OnHostExited: Invoking callback 1/1 for Microsoft.VisualStudio.TestPlatform.CrossPlatEngine.Client.ProxyOperationManager., took 0 ms.
TpTrace Information: 0 : 67864, 13, 2024/01/12, 16:35:15.796, 7671431478217, vstest.console.dll, SocketServer.Stop: Stop server endPoint: 127.0.0.1:50248
TpTrace Information: 0 : 67864, 13, 2024/01/12, 16:35:15.796, 7671431478667, vstest.console.dll, SocketServer.Stop: Cancellation requested. Stopping message loop.
TpTrace Information: 0 : 67864, 13, 2024/01/12, 16:35:15.796, 7671431478863, vstest.console.dll, Closing the connection
TpTrace Verbose: 0 : 67864, 13, 2024/01/12, 16:35:15.796, 7671431479948, vstest.console.dll, ProxyDataCollectionManager.InvokeDataCollectionServiceAction: Starting.
TpTrace Information: 0 : 67864, 13, 2024/01/12, 16:35:15.796, 7671431480088, vstest.console.dll, ProxyDataCollectionManager.AfterTestRunEnd: Get attachment set and invoked data collectors processId: 42380 port: 50245
TpTrace Verbose: 0 : 67864, 13, 2024/01/12, 16:35:15.796, 7671431480376, vstest.console.dll, DataCollectionRequestSender.SendAfterTestRunStartAndGetResult: Send AfterTestRunEnd message with isCancelled: False
TpTrace Verbose: 0 : 67864, 13, 2024/01/12, 16:35:15.800, 7671431516830, vstest.console.dll, DataCollectionRequestSender.SendAfterTestRunStartAndGetResult: Received message: (DataCollection.AfterTestRunEndResult) -> {"MessageType":"DataCollection.AfterTestRunEndResult","Payload":{"AttachmentSets":[],"InvokedDataCollectors":[{"Uri":"datacollector://Microsoft/TestPlatform/Extensions/Blame/v1","FriendlyName":"Blame","AssemblyQualifiedName":"Microsoft.TestPlatform.Extensions.BlameDataCollector.BlameCollector, Microsoft.TestPlatform.Extensions.BlameDataCollector, Version=15.0.0.0, Culture=neutral, PublicKeyToken=b03f5f7f11d50a3a","FilePath":"C:\\Program Files\\dotnet\\sdk\\8.0.100\\Extensions\\Microsoft.TestPlatform.Extensions.BlameDataCollector.dll","HasAttachmentProcessor":false}],"Metrics":{}}}
TpTrace Warning: 0 : 67864, 11, 2024/01/12, 16:35:15.803, 7671431546342, vstest.console.dll, DataCollectionLauncher.ErrorReceivedCallback datacollector standard error line: 
TpTrace Information: 0 : 67864, 13, 2024/01/12, 16:35:15.803, 7671431551925, vstest.console.dll, ProxyDataCollectionManager.InvokeDataCollectionServiceAction: Completed.
TpTrace Information: 0 : 67864, 11, 2024/01/12, 16:35:15.808, 7671431595059, vstest.console.dll, DataCollectionLauncher.ExitCallBack: Data collector exited with exitcode: 0 error: ''
TpTrace Verbose: 0 : 67864, 13, 2024/01/12, 16:35:15.822, 7671431733960, vstest.console.dll, TestRunRequest:SendTestRunStatsChange: Starting.
TpTrace Verbose: 0 : 67864, 13, 2024/01/12, 16:35:15.822, 7671431734905, vstest.console.dll, MulticastDelegateUtilities.SafeInvoke: TestRun.RunStatsChanged: Invoking callbacks was skipped because there are no subscribers.
TpTrace Information: 0 : 67864, 13, 2024/01/12, 16:35:15.822, 7671431735083, vstest.console.dll, TestRunRequest:SendTestRunStatsChange: Completed.
TpTrace Verbose: 0 : 67864, 4, 2024/01/12, 16:35:15.822, 7671431735425, vstest.console.dll, MulticastDelegateUtilities.SafeInvoke: InternalTestLoggerEvents.SendTestResult: Invoking callback 1/1 for Microsoft.VisualStudio.TestPlatform.CommandLine.Internal.ConsoleLogger., took 0 ms.
TpTrace Verbose: 0 : 67864, 4, 2024/01/12, 16:35:15.822, 7671431736825, vstest.console.dll, MulticastDelegateUtilities.SafeInvoke: InternalTestLoggerEvents.SendTestResult: Invoking callback 1/1 for Microsoft.VisualStudio.TestPlatform.CommandLine.Internal.ConsoleLogger., took 0 ms.
TpTrace Verbose: 0 : 67864, 13, 2024/01/12, 16:35:15.822, 7671431736864, vstest.console.dll, ParallelProxyExecutionManager: HandlePartialRunComplete: Total workloads = 1, Total started clients = 1 Total completed clients = 1, Run complete = True, Run canceled: False.
TpTrace Verbose: 0 : 67864, 13, 2024/01/12, 16:35:15.822, 7671431737498, vstest.console.dll, ParallelProxyExecutionManager: HandlePartialRunComplete: All runs completed stopping all managers.
TpTrace Verbose: 0 : 67864, 13, 2024/01/12, 16:35:15.822, 7671431737785, vstest.console.dll, ParallelOperationManager.StopAllManagers: Stopping all managers.
TpTrace Verbose: 0 : 67864, 13, 2024/01/12, 16:35:15.822, 7671431738059, vstest.console.dll, ParallelOperationManager.ClearSlots: Clearing all slots. Slots should accept more work: False
TpTrace Verbose: 0 : 67864, 13, 2024/01/12, 16:35:15.822, 7671431738284, vstest.console.dll, ParallelOperationManager.SetOccupiedSlotCount: Setting slot counts AvailableSlotCount = 1, OccupiedSlotCount = 0.
TpTrace Verbose: 0 : 67864, 13, 2024/01/12, 16:35:15.822, 7671431738520, vstest.console.dll, Occupied slots:

TpTrace Verbose: 0 : 67864, 4, 2024/01/12, 16:35:15.826, 7671431781369, vstest.console.dll, MulticastDelegateUtilities.SafeInvoke: InternalTestLoggerEvents.SendTestRunComplete: Invoking callback 1/2 for Microsoft.TestPlatform.Extensions.BlameDataCollector.BlameLogger., took 0 ms.
TpTrace Verbose: 0 : 67864, 4, 2024/01/12, 16:35:15.829, 7671431811146, vstest.console.dll, MulticastDelegateUtilities.SafeInvoke: InternalTestLoggerEvents.SendTestRunComplete: Invoking callback 2/2 for Microsoft.VisualStudio.TestPlatform.CommandLine.Internal.ConsoleLogger., took 2 ms.
TpTrace Verbose: 0 : 67864, 13, 2024/01/12, 16:35:15.830, 7671431813442, vstest.console.dll, TestRunRequest:TestRunComplete: Starting. IsAborted:False IsCanceled:False.
TpTrace Verbose: 0 : 67864, 13, 2024/01/12, 16:35:15.830, 7671431814845, vstest.console.dll, ParallelOperationManager.DoActionOnAllManagers: Calling an action on all managers.
TpTrace Verbose: 0 : 67864, 13, 2024/01/12, 16:35:15.830, 7671431819112, vstest.console.dll, TestLoggerManager.HandleTestRunComplete: Ignoring as the object is disposed.
TpTrace Verbose: 0 : 67864, 13, 2024/01/12, 16:35:15.830, 7671431820202, vstest.console.dll, MulticastDelegateUtilities.SafeInvoke: TestRun.TestRunComplete: Invoking callback 1/2 for Microsoft.VisualStudio.TestPlatform.CommandLine.TestRunResultAggregator., took 0 ms.
TpTrace Verbose: 0 : 67864, 13, 2024/01/12, 16:35:15.830, 7671431820943, vstest.console.dll, MulticastDelegateUtilities.SafeInvoke: TestRun.TestRunComplete: Invoking callback 2/2 for Microsoft.VisualStudio.TestPlatform.CommandLine.Processors.RunTestsArgumentExecutor+TestRunRequestEventsRegistrar., took 0 ms.
TpTrace Information: 0 : 67864, 13, 2024/01/12, 16:35:15.830, 7671431821401, vstest.console.dll, TestRunRequest:TestRunComplete: Completed.
TpTrace Verbose: 0 : 67864, 13, 2024/01/12, 16:35:15.830, 7671431821591, vstest.console.dll, TestRequestSender.SetOperationComplete: Setting operation complete.
TpTrace Information: 0 : 67864, 13, 2024/01/12, 16:35:15.830, 7671431821702, vstest.console.dll, SocketServer.Stop: Stop server endPoint: 127.0.0.1:50248
TpTrace Information: 0 : 67864, 13, 2024/01/12, 16:35:15.830, 7671431821798, vstest.console.dll, SocketServer.Stop: Cancellation requested. Stopping message loop.
TpTrace Verbose: 0 : 67864, 13, 2024/01/12, 16:35:15.830, 7671431821919, vstest.console.dll, MulticastDelegateUtilities.SafeInvoke: LengthPrefixCommunicationChannel: MessageReceived: Invoking callback 1/1 for Microsoft.VisualStudio.TestPlatform.CommunicationUtilities.TestRequestSender+<>c__DisplayClass34_0., took 96 ms.
TpTrace Information: 0 : 67864, 13, 2024/01/12, 16:35:15.830, 7671431822145, vstest.console.dll, SocketServer.PrivateStop: Stopping server endPoint: 127.0.0.1:50248 error: 
TpTrace Verbose: 0 : 67864, 1, 2024/01/12, 16:35:15.831, 7671431823012, vstest.console.dll, TestRunRequest.Dispose: Starting.
TpTrace Information: 0 : 67864, 1, 2024/01/12, 16:35:15.831, 7671431823483, vstest.console.dll, TestRunRequest.Dispose: Completed.
TpTrace Information: 0 : 67864, 1, 2024/01/12, 16:35:15.831, 7671431823845, vstest.console.dll, TestRequestManager.RunTests: run tests completed.
TpTrace Information: 0 : 67864, 1, 2024/01/12, 16:35:15.831, 7671431824556, vstest.console.dll, RunTestsArgumentProcessor:Execute: Test run is completed.
TpTrace Verbose: 0 : 67864, 13, 2024/01/12, 16:35:15.831, 7671431825014, vstest.console.dll, LengthPrefixCommunicationChannel.Dispose: Dispose reader and writer.
TpTrace Information: 0 : 67864, 13, 2024/01/12, 16:35:15.831, 7671431825448, vstest.console.dll, SocketServer.Stop: Raise disconnected event endPoint: 127.0.0.1:50248 error: 
TpTrace Verbose: 0 : 67864, 13, 2024/01/12, 16:35:15.831, 7671431825829, vstest.console.dll, TestRequestSender: OnTestRunAbort: Operation is already complete. Skip error message.
TpTrace Verbose: 0 : 67864, 1, 2024/01/12, 16:35:15.831, 7671431825900, vstest.console.dll, Executor.Execute: Exiting with exit code of 1
TpTrace Verbose: 0 : 67864, 13, 2024/01/12, 16:35:15.831, 7671431825963, vstest.console.dll, MulticastDelegateUtilities.SafeInvoke: SocketServer: ClientDisconnected: Invoking callback 1/1 for Microsoft.VisualStudio.TestPlatform.CommunicationUtilities.TestRequestSender., took 0 ms.
TpTrace Verbose: 0 : 67864, 13, 2024/01/12, 16:35:15.831, 7671431827319, vstest.console.dll, TcpClientExtensions.MessageLoopAsync: exiting MessageLoopAsync remoteEndPoint: 127.0.0.1:50249 localEndPoint: 127.0.0.1:50248
